[2.382s] Invoking command in '/home/neo/rover_sim/sim/fake_rover_state_controller': DEBUGINFOD_URLS=https://debuginfod.ubuntu.com PYTHONPATH=/home/neo/rover_sim/build/fake_rover_state_controller/prefix_override:/usr/lib/python3/dist-packages/colcon_core/task/python/colcon_distutils_commands:/home/neo/rover_sim/install/fake_rover_state_controller/lib/python3.12/site-packages:${PYTHONPATH} /usr/bin/python3 -W ignore:setup.py install is deprecated setup.py egg_info --egg-base ../../build/fake_rover_state_controller build --build-base /home/neo/rover_sim/build/fake_rover_state_controller/build install --record /home/neo/rover_sim/build/fake_rover_state_controller/install.log --single-version-externally-managed install_data
[3.013s] running egg_info
[3.106s] writing ../../build/fake_rover_state_controller/fake_rover_state_controller.egg-info/PKG-INFO
[3.106s] writing dependency_links to ../../build/fake_rover_state_controller/fake_rover_state_controller.egg-info/dependency_links.txt
[3.106s] writing entry points to ../../build/fake_rover_state_controller/fake_rover_state_controller.egg-info/entry_points.txt
[3.106s] writing requirements to ../../build/fake_rover_state_controller/fake_rover_state_controller.egg-info/requires.txt
[3.106s] writing top-level names to ../../build/fake_rover_state_controller/fake_rover_state_controller.egg-info/top_level.txt
[3.269s] reading manifest file '../../build/fake_rover_state_controller/fake_rover_state_controller.egg-info/SOURCES.txt'
[3.271s] writing manifest file '../../build/fake_rover_state_controller/fake_rover_state_controller.egg-info/SOURCES.txt'
[3.272s] running build
[3.272s] running build_py
[3.273s] copying fake_rover_state_controller/teleop2jointstate.py -> /home/neo/rover_sim/build/fake_rover_state_controller/build/lib/fake_rover_state_controller
[3.274s] running install
[3.290s] running install_lib
[3.367s] copying /home/neo/rover_sim/build/fake_rover_state_controller/build/lib/fake_rover_state_controller/teleop2jointstate.py -> /home/neo/rover_sim/install/fake_rover_state_controller/lib/python3.12/site-packages/fake_rover_state_controller
[3.371s] byte-compiling /home/neo/rover_sim/install/fake_rover_state_controller/lib/python3.12/site-packages/fake_rover_state_controller/teleop2jointstate.py to teleop2jointstate.cpython-312.pyc
[3.372s] running install_data
[3.376s] running install_egg_info
[3.465s] removing '/home/neo/rover_sim/install/fake_rover_state_controller/lib/python3.12/site-packages/fake_rover_state_controller-0.0.0-py3.12.egg-info' (and everything under it)
[3.465s] Copying ../../build/fake_rover_state_controller/fake_rover_state_controller.egg-info to /home/neo/rover_sim/install/fake_rover_state_controller/lib/python3.12/site-packages/fake_rover_state_controller-0.0.0-py3.12.egg-info
[3.470s] running install_scripts
[3.830s] Installing teleop2js script to /home/neo/rover_sim/install/fake_rover_state_controller/lib/fake_rover_state_controller
[3.831s] writing list of installed files to '/home/neo/rover_sim/build/fake_rover_state_controller/install.log'
[3.916s] Invoked command in '/home/neo/rover_sim/sim/fake_rover_state_controller' returned '0': DEBUGINFOD_URLS=https://debuginfod.ubuntu.com PYTHONPATH=/home/neo/rover_sim/build/fake_rover_state_controller/prefix_override:/usr/lib/python3/dist-packages/colcon_core/task/python/colcon_distutils_commands:/home/neo/rover_sim/install/fake_rover_state_controller/lib/python3.12/site-packages:${PYTHONPATH} /usr/bin/python3 -W ignore:setup.py install is deprecated setup.py egg_info --egg-base ../../build/fake_rover_state_controller build --build-base /home/neo/rover_sim/build/fake_rover_state_controller/build install --record /home/neo/rover_sim/build/fake_rover_state_controller/install.log --single-version-externally-managed install_data
