[2.137s] Invoking command in '/home/neo/sim_ws/sim/teleop_core': DEBUGINFOD_URLS=https://debuginfod.ubuntu.com PYTHONPATH=/home/neo/sim_ws/build/teleop_core/prefix_override:/usr/lib/python3/dist-packages/colcon_core/task/python/colcon_distutils_commands:/home/neo/sim_ws/install/teleop_core/lib/python3.12/site-packages:${PYTHONPATH} /usr/bin/python3 -W ignore:setup.py install is deprecated -W ignore:easy_install command is deprecated setup.py egg_info --egg-base ../../build/teleop_core build --build-base /home/neo/sim_ws/build/teleop_core/build install --record /home/neo/sim_ws/build/teleop_core/install.log --single-version-externally-managed install_data
[2.701s] running egg_info
[2.701s] creating ../../build/teleop_core/teleop_core.egg-info
[2.741s] writing ../../build/teleop_core/teleop_core.egg-info/PKG-INFO
[2.742s] writing dependency_links to ../../build/teleop_core/teleop_core.egg-info/dependency_links.txt
[2.742s] writing entry points to ../../build/teleop_core/teleop_core.egg-info/entry_points.txt
[2.742s] writing requirements to ../../build/teleop_core/teleop_core.egg-info/requires.txt
[2.742s] writing top-level names to ../../build/teleop_core/teleop_core.egg-info/top_level.txt
[2.742s] writing manifest file '../../build/teleop_core/teleop_core.egg-info/SOURCES.txt'
[2.828s] reading manifest file '../../build/teleop_core/teleop_core.egg-info/SOURCES.txt'
[2.830s] writing manifest file '../../build/teleop_core/teleop_core.egg-info/SOURCES.txt'
[2.830s] running build
[2.830s] running build_py
[2.830s] creating /home/neo/sim_ws/build/teleop_core/build
[2.831s] creating /home/neo/sim_ws/build/teleop_core/build/lib
[2.831s] creating /home/neo/sim_ws/build/teleop_core/build/lib/teleop_core
[2.832s] copying teleop_core/run_joy.py -> /home/neo/sim_ws/build/teleop_core/build/lib/teleop_core
[2.832s] copying teleop_core/__init__.py -> /home/neo/sim_ws/build/teleop_core/build/lib/teleop_core
[2.832s] running install
[2.845s] running install_lib
[2.888s] creating /home/neo/sim_ws/install/teleop_core/lib/python3.12/site-packages/teleop_core
[2.888s] copying /home/neo/sim_ws/build/teleop_core/build/lib/teleop_core/run_joy.py -> /home/neo/sim_ws/install/teleop_core/lib/python3.12/site-packages/teleop_core
[2.888s] copying /home/neo/sim_ws/build/teleop_core/build/lib/teleop_core/__init__.py -> /home/neo/sim_ws/install/teleop_core/lib/python3.12/site-packages/teleop_core
[2.890s] byte-compiling /home/neo/sim_ws/install/teleop_core/lib/python3.12/site-packages/teleop_core/run_joy.py to run_joy.cpython-312.pyc
[2.891s] byte-compiling /home/neo/sim_ws/install/teleop_core/lib/python3.12/site-packages/teleop_core/__init__.py to __init__.cpython-312.pyc
[2.891s] running install_data
[2.892s] creating /home/neo/sim_ws/install/teleop_core/share/ament_index
[2.892s] creating /home/neo/sim_ws/install/teleop_core/share/ament_index/resource_index
[2.893s] creating /home/neo/sim_ws/install/teleop_core/share/ament_index/resource_index/packages
[2.893s] copying resource/teleop_core -> /home/neo/sim_ws/install/teleop_core/share/ament_index/resource_index/packages
[2.893s] copying package.xml -> /home/neo/sim_ws/install/teleop_core/share/teleop_core
[2.893s] copying launch/teleop_node.launch.py -> /home/neo/sim_ws/install/teleop_core/share/teleop_core
[2.893s] running install_egg_info
[2.939s] Copying ../../build/teleop_core/teleop_core.egg-info to /home/neo/sim_ws/install/teleop_core/lib/python3.12/site-packages/teleop_core-0.0.0-py3.12.egg-info
[2.941s] running install_scripts
[3.225s] Installing rover2_joy script to /home/neo/sim_ws/install/teleop_core/lib/teleop_core
[3.225s] writing list of installed files to '/home/neo/sim_ws/build/teleop_core/install.log'
[3.296s] Invoked command in '/home/neo/sim_ws/sim/teleop_core' returned '0': DEBUGINFOD_URLS=https://debuginfod.ubuntu.com PYTHONPATH=/home/neo/sim_ws/build/teleop_core/prefix_override:/usr/lib/python3/dist-packages/colcon_core/task/python/colcon_distutils_commands:/home/neo/sim_ws/install/teleop_core/lib/python3.12/site-packages:${PYTHONPATH} /usr/bin/python3 -W ignore:setup.py install is deprecated -W ignore:easy_install command is deprecated setup.py egg_info --egg-base ../../build/teleop_core build --build-base /home/neo/sim_ws/build/teleop_core/build install --record /home/neo/sim_ws/build/teleop_core/install.log --single-version-externally-managed install_data
