[0.010s] Invoking command in '/home/neo/sim_ws/build/rover_description': CMAKE_PREFIX_PATH=${CMAKE_PREFIX_PATH}:/home/neo/sim_ws/install/virtual_joy:/home/neo/sim_ws/install/teleop_core:/home/neo/sim_ws/install/locomotion_core:/home/neo/sim_ws/install/fake_rover_state_controller:/opt/ros/jazzy DEBUGINFOD_URLS=https://debuginfod.ubuntu.com /usr/bin/cmake --build /home/neo/sim_ws/build/rover_description -- -j16 -l16
[0.042s] Invoked command in '/home/neo/sim_ws/build/rover_description' returned '0': CMAKE_PREFIX_PATH=${CMAKE_PREFIX_PATH}:/home/neo/sim_ws/install/virtual_joy:/home/neo/sim_ws/install/teleop_core:/home/neo/sim_ws/install/locomotion_core:/home/neo/sim_ws/install/fake_rover_state_controller:/opt/ros/jazzy DEBUGINFOD_URLS=https://debuginfod.ubuntu.com /usr/bin/cmake --build /home/neo/sim_ws/build/rover_description -- -j16 -l16
[0.050s] Invoking command in '/home/neo/sim_ws/build/rover_description': CMAKE_PREFIX_PATH=${CMAKE_PREFIX_PATH}:/home/neo/sim_ws/install/virtual_joy:/home/neo/sim_ws/install/teleop_core:/home/neo/sim_ws/install/locomotion_core:/home/neo/sim_ws/install/fake_rover_state_controller:/opt/ros/jazzy DEBUGINFOD_URLS=https://debuginfod.ubuntu.com /usr/bin/cmake --install /home/neo/sim_ws/build/rover_description
[0.056s] -- Install configuration: ""
[0.056s] -- Up-to-date: /home/neo/sim_ws/install/rover_description/share/rover_description/src
[0.057s] -- Up-to-date: /home/neo/sim_ws/install/rover_description/share/rover_description/src/description
[0.057s] -- Installing: /home/neo/sim_ws/install/rover_description/share/rover_description/src/description/pioneer_robot.xacro
[0.057s] -- Up-to-date: /home/neo/sim_ws/install/rover_description/share/rover_description/src/description/pioneer_base.urdf
[0.057s] -- Up-to-date: /home/neo/sim_ws/install/rover_description/share/rover_description/src/description/pioneer_multi_robot.xacro
[0.057s] -- Up-to-date: /home/neo/sim_ws/install/rover_description/share/rover_description/src/description/pioneer_base-2.urdf
[0.057s] -- Up-to-date: /home/neo/sim_ws/install/rover_description/share/rover_description/src/description/pioneer_multi_robot - コピー.xacro:Zone.Identifier
[0.057s] -- Up-to-date: /home/neo/sim_ws/install/rover_description/share/rover_description/src/description/base.urdf
[0.058s] -- Up-to-date: /home/neo/sim_ws/install/rover_description/share/rover_description/launch
[0.058s] -- Installing: /home/neo/sim_ws/install/rover_description/share/rover_description/launch/pioneer.launch.py
[0.058s] -- Up-to-date: /home/neo/sim_ws/install/rover_description/share/rover_description/launch/display.launch.py
[0.058s] -- Up-to-date: /home/neo/sim_ws/install/rover_description/share/rover_description/launch/multi_robot.launch.py
[0.058s] -- Up-to-date: /home/neo/sim_ws/install/rover_description/share/rover_description/launch/pioneer_display.launch.py
[0.058s] -- Up-to-date: /home/neo/sim_ws/install/rover_description/share/rover_description/launch/display_field.launch.py
[0.058s] -- Up-to-date: /home/neo/sim_ws/install/rover_description/share/rover_description/launch/pioneer_display-2.launch.py
[0.058s] -- Up-to-date: /home/neo/sim_ws/install/rover_description/share/rover_description/launch/multi_robot.launch - コピー.py:Zone.Identifier
[0.058s] -- Up-to-date: /home/neo/sim_ws/install/rover_description/share/rover_description/launch/pioneer_display.launch - コピー.py:Zone.Identifier
[0.059s] -- Up-to-date: /home/neo/sim_ws/install/rover_description/share/rover_description/rviz
[0.059s] -- Up-to-date: /home/neo/sim_ws/install/rover_description/share/rover_description/rviz/urdf_config.rviz
[0.059s] -- Up-to-date: /home/neo/sim_ws/install/rover_description/share/rover_description/config
[0.059s] -- Up-to-date: /home/neo/sim_ws/install/rover_description/share/rover_description/config/nav2_params.yaml
[0.060s] -- Up-to-date: /home/neo/sim_ws/install/rover_description/share/rover_description/config/ekf.yaml
[0.060s] -- Up-to-date: /home/neo/sim_ws/install/rover_description/share/rover_description/world
[0.061s] -- Up-to-date: /home/neo/sim_ws/install/rover_description/share/rover_description/world/my_world.sdf
[0.061s] -- Up-to-date: /home/neo/sim_ws/install/rover_description/share/rover_description//launch
[0.061s] -- Up-to-date: /home/neo/sim_ws/install/rover_description/share/rover_description//launch/pioneer.launch.py
[0.061s] -- Up-to-date: /home/neo/sim_ws/install/rover_description/share/rover_description//launch/display.launch.py
[0.062s] -- Up-to-date: /home/neo/sim_ws/install/rover_description/share/rover_description//launch/multi_robot.launch.py
[0.062s] -- Up-to-date: /home/neo/sim_ws/install/rover_description/share/rover_description//launch/pioneer_display.launch.py
[0.062s] -- Up-to-date: /home/neo/sim_ws/install/rover_description/share/rover_description//launch/display_field.launch.py
[0.062s] -- Up-to-date: /home/neo/sim_ws/install/rover_description/share/rover_description//launch/pioneer_display-2.launch.py
[0.062s] -- Up-to-date: /home/neo/sim_ws/install/rover_description/share/rover_description//launch/multi_robot.launch - コピー.py:Zone.Identifier
[0.062s] -- Up-to-date: /home/neo/sim_ws/install/rover_description/share/rover_description//launch/pioneer_display.launch - コピー.py:Zone.Identifier
[0.062s] -- Up-to-date: /home/neo/sim_ws/install/rover_description/share/rover_description//meshes
[0.063s] -- Up-to-date: /home/neo/sim_ws/install/rover_description/share/rover_description//meshes/pioneer_3dx.stl
[0.063s] -- Up-to-date: /home/neo/sim_ws/install/rover_description/share/rover_description//meshes/mesh.py
[0.063s] -- Up-to-date: /home/neo/sim_ws/install/rover_description/share/rover_description//meshes/wheel_wcm.dae
[0.063s] -- Up-to-date: /home/neo/sim_ws/install/rover_description/share/rover_description//meshes/rover_base.dae
[0.063s] -- Up-to-date: /home/neo/sim_ws/install/rover_description/share/ament_index/resource_index/package_run_dependencies/rover_description
[0.064s] -- Up-to-date: /home/neo/sim_ws/install/rover_description/share/ament_index/resource_index/parent_prefix_path/rover_description
[0.064s] -- Up-to-date: /home/neo/sim_ws/install/rover_description/share/rover_description/environment/ament_prefix_path.sh
[0.064s] -- Up-to-date: /home/neo/sim_ws/install/rover_description/share/rover_description/environment/ament_prefix_path.dsv
[0.064s] -- Up-to-date: /home/neo/sim_ws/install/rover_description/share/rover_description/environment/path.sh
[0.064s] -- Up-to-date: /home/neo/sim_ws/install/rover_description/share/rover_description/environment/path.dsv
[0.064s] -- Up-to-date: /home/neo/sim_ws/install/rover_description/share/rover_description/local_setup.bash
[0.065s] -- Up-to-date: /home/neo/sim_ws/install/rover_description/share/rover_description/local_setup.sh
[0.065s] -- Up-to-date: /home/neo/sim_ws/install/rover_description/share/rover_description/local_setup.zsh
[0.065s] -- Up-to-date: /home/neo/sim_ws/install/rover_description/share/rover_description/local_setup.dsv
[0.065s] -- Installing: /home/neo/sim_ws/install/rover_description/share/rover_description/package.dsv
[0.065s] -- Up-to-date: /home/neo/sim_ws/install/rover_description/share/ament_index/resource_index/packages/rover_description
[0.065s] -- Up-to-date: /home/neo/sim_ws/install/rover_description/share/rover_description/cmake/rover_descriptionConfig.cmake
[0.065s] -- Up-to-date: /home/neo/sim_ws/install/rover_description/share/rover_description/cmake/rover_descriptionConfig-version.cmake
[0.066s] -- Up-to-date: /home/neo/sim_ws/install/rover_description/share/rover_description/package.xml
[0.066s] Invoked command in '/home/neo/sim_ws/build/rover_description' returned '0': CMAKE_PREFIX_PATH=${CMAKE_PREFIX_PATH}:/home/neo/sim_ws/install/virtual_joy:/home/neo/sim_ws/install/teleop_core:/home/neo/sim_ws/install/locomotion_core:/home/neo/sim_ws/install/fake_rover_state_controller:/opt/ros/jazzy DEBUGINFOD_URLS=https://debuginfod.ubuntu.com /usr/bin/cmake --install /home/neo/sim_ws/build/rover_description
