[0.393s] Invoking command in '/home/neo/sim_ws/build/rover_description': CMAKE_PREFIX_PATH=${CMAKE_PREFIX_PATH}:/opt/ros/jazzy DEBUGINFOD_URLS=https://debuginfod.ubuntu.com /usr/bin/cmake --build /home/neo/sim_ws/build/rover_description -- -j16 -l16
[0.843s] Invoked command in '/home/neo/sim_ws/build/rover_description' returned '0': CMAKE_PREFIX_PATH=${CMAKE_PREFIX_PATH}:/opt/ros/jazzy DEBUGINFOD_URLS=https://debuginfod.ubuntu.com /usr/bin/cmake --build /home/neo/sim_ws/build/rover_description -- -j16 -l16
[0.855s] Invoking command in '/home/neo/sim_ws/build/rover_description': CMAKE_PREFIX_PATH=${CMAKE_PREFIX_PATH}:/opt/ros/jazzy DEBUGINFOD_URLS=https://debuginfod.ubuntu.com /usr/bin/cmake --install /home/neo/sim_ws/build/rover_description
[0.862s] -- Install configuration: ""
[0.864s] -- Up-to-date: /home/neo/sim_ws/install/rover_description/share/rover_description/src
[0.865s] -- Up-to-date: /home/neo/sim_ws/install/rover_description/share/rover_description/src/description
[0.866s] -- Up-to-date: /home/neo/sim_ws/install/rover_description/share/rover_description/src/description/base (copy).urdf
[0.866s] -- Up-to-date: /home/neo/sim_ws/install/rover_description/share/rover_description/src/description/base.urdf
[0.867s] -- Up-to-date: /home/neo/sim_ws/install/rover_description/share/rover_description/launch
[0.867s] -- Up-to-date: /home/neo/sim_ws/install/rover_description/share/rover_description/launch/display.launch.py
[0.867s] -- Up-to-date: /home/neo/sim_ws/install/rover_description/share/rover_description/rviz
[0.868s] -- Up-to-date: /home/neo/sim_ws/install/rover_description/share/rover_description/rviz/urdf_config.rviz
[0.868s] -- Up-to-date: /home/neo/sim_ws/install/rover_description/share/rover_description/config
[0.869s] -- Up-to-date: /home/neo/sim_ws/install/rover_description/share/rover_description/config/nav2_params.yaml
[0.870s] -- Up-to-date: /home/neo/sim_ws/install/rover_description/share/rover_description/config/ekf.yaml
[0.870s] -- Up-to-date: /home/neo/sim_ws/install/rover_description/share/rover_description/world
[0.870s] -- Up-to-date: /home/neo/sim_ws/install/rover_description/share/rover_description/world/my_world.sdf
[0.870s] -- Up-to-date: /home/neo/sim_ws/install/rover_description/share/rover_description//launch
[0.872s] -- Up-to-date: /home/neo/sim_ws/install/rover_description/share/rover_description//launch/display.launch.py
[0.872s] -- Up-to-date: /home/neo/sim_ws/install/rover_description/share/rover_description//meshes
[0.873s] -- Up-to-date: /home/neo/sim_ws/install/rover_description/share/rover_description//meshes/wheel_wcm.dae
[0.873s] -- Up-to-date: /home/neo/sim_ws/install/rover_description/share/rover_description//meshes/rover_base.dae
[0.873s] -- Up-to-date: /home/neo/sim_ws/install/rover_description/share/ament_index/resource_index/package_run_dependencies/rover_description
[0.873s] -- Up-to-date: /home/neo/sim_ws/install/rover_description/share/ament_index/resource_index/parent_prefix_path/rover_description
[0.873s] -- Installing: /home/neo/sim_ws/install/rover_description/share/rover_description/environment/ament_prefix_path.sh
[0.875s] -- Up-to-date: /home/neo/sim_ws/install/rover_description/share/rover_description/environment/ament_prefix_path.dsv
[0.877s] -- Installing: /home/neo/sim_ws/install/rover_description/share/rover_description/environment/path.sh
[0.877s] -- Up-to-date: /home/neo/sim_ws/install/rover_description/share/rover_description/environment/path.dsv
[0.879s] -- Up-to-date: /home/neo/sim_ws/install/rover_description/share/rover_description/local_setup.bash
[0.880s] -- Up-to-date: /home/neo/sim_ws/install/rover_description/share/rover_description/local_setup.sh
[0.880s] -- Up-to-date: /home/neo/sim_ws/install/rover_description/share/rover_description/local_setup.zsh
[0.880s] -- Up-to-date: /home/neo/sim_ws/install/rover_description/share/rover_description/local_setup.dsv
[0.881s] -- Up-to-date: /home/neo/sim_ws/install/rover_description/share/rover_description/package.dsv
[0.881s] -- Up-to-date: /home/neo/sim_ws/install/rover_description/share/ament_index/resource_index/packages/rover_description
[0.882s] -- Up-to-date: /home/neo/sim_ws/install/rover_description/share/rover_description/cmake/rover_descriptionConfig.cmake
[0.883s] -- Up-to-date: /home/neo/sim_ws/install/rover_description/share/rover_description/cmake/rover_descriptionConfig-version.cmake
[0.884s] -- Up-to-date: /home/neo/sim_ws/install/rover_description/share/rover_description/package.xml
[0.886s] Invoked command in '/home/neo/sim_ws/build/rover_description' returned '0': CMAKE_PREFIX_PATH=${CMAKE_PREFIX_PATH}:/opt/ros/jazzy DEBUGINFOD_URLS=https://debuginfod.ubuntu.com /usr/bin/cmake --install /home/neo/sim_ws/build/rover_description
