[0.221s] DEBUG:colcon:Command line arguments: ['/usr/bin/colcon', 'build']
[0.221s] DEBUG:colcon:Parsed command line arguments: Namespace(log_base=None, log_level=None, verb_name='build', build_base='build', install_base='install', merge_install=False, symlink_install=False, test_result_base=None, continue_on_error=False, executor='parallel', parallel_workers=16, event_handlers=None, ignore_user_meta=False, metas=['./colcon.meta'], base_paths=['.'], packages_ignore=None, packages_ignore_regex=None, paths=None, packages_up_to=None, packages_up_to_regex=None, packages_above=None, packages_above_and_dependencies=None, packages_above_depth=None, packages_select_by_dep=None, packages_skip_by_dep=None, packages_skip_up_to=None, packages_select_build_failed=False, packages_skip_build_finished=False, packages_select_test_failures=False, packages_skip_test_passed=False, packages_select=None, packages_skip=None, packages_select_regex=None, packages_skip_regex=None, packages_start=None, packages_end=None, allow_overriding=[], cmake_args=None, cmake_target=None, cmake_target_skip_unavailable=False, cmake_clean_cache=False, cmake_clean_first=False, cmake_force_configure=False, ament_cmake_args=None, catkin_cmake_args=None, catkin_skip_building_tests=False, mixin_files=None, mixin=None, verb_parser=<colcon_mixin.mixin.mixin_argument.MixinArgumentDecorator object at 0x7f30588b1670>, verb_extension=<colcon_core.verb.build.BuildVerb object at 0x7f30588b1340>, main=<bound method BuildVerb.main of <colcon_core.verb.build.BuildVerb object at 0x7f30588b1340>>, mixin_verb=('build',))
[0.257s] Level 1:colcon.colcon_core.package_discovery:discover_packages(colcon_meta) check parameters
[0.258s] Level 1:colcon.colcon_core.package_discovery:discover_packages(recursive) check parameters
[0.258s] Level 1:colcon.colcon_core.package_discovery:discover_packages(ignore) check parameters
[0.258s] Level 1:colcon.colcon_core.package_discovery:discover_packages(path) check parameters
[0.258s] Level 1:colcon.colcon_core.package_discovery:discover_packages(colcon_meta) discover
[0.258s] Level 1:colcon.colcon_core.package_discovery:discover_packages(recursive) discover
[0.258s] INFO:colcon.colcon_core.package_discovery:Crawling recursively for packages in '/home/neo/sim_ws'
[0.258s] Level 1:colcon.colcon_core.package_identification:_identify(.) by extensions ['ignore', 'ignore_ament_install']
[0.258s] Level 1:colcon.colcon_core.package_identification:_identify(.) by extension 'ignore'
[0.258s] Level 1:colcon.colcon_core.package_identification:_identify(.) by extension 'ignore_ament_install'
[0.258s] Level 1:colcon.colcon_core.package_identification:_identify(.) by extensions ['colcon_pkg']
[0.258s] Level 1:colcon.colcon_core.package_identification:_identify(.) by extension 'colcon_pkg'
[0.258s] Level 1:colcon.colcon_core.package_identification:_identify(.) by extensions ['colcon_meta']
[0.258s] Level 1:colcon.colcon_core.package_identification:_identify(.) by extension 'colcon_meta'
[0.258s] Level 1:colcon.colcon_core.package_identification:_identify(.) by extensions ['ros']
[0.258s] Level 1:colcon.colcon_core.package_identification:_identify(.) by extension 'ros'
[0.284s] Level 1:colcon.colcon_core.package_identification:_identify(.) by extensions ['cmake', 'python']
[0.284s] Level 1:colcon.colcon_core.package_identification:_identify(.) by extension 'cmake'
[0.284s] Level 1:colcon.colcon_core.package_identification:_identify(.) by extension 'python'
[0.284s] Level 1:colcon.colcon_core.package_identification:_identify(.) by extensions ['python_setup_py']
[0.284s] Level 1:colcon.colcon_core.package_identification:_identify(.) by extension 'python_setup_py'
[0.284s] Level 1:colcon.colcon_core.package_identification:_identify(build) by extensions ['ignore', 'ignore_ament_install']
[0.284s] Level 1:colcon.colcon_core.package_identification:_identify(build) by extension 'ignore'
[0.284s] Level 1:colcon.colcon_core.package_identification:_identify(build) ignored
[0.284s] Level 1:colcon.colcon_core.package_identification:_identify(install) by extensions ['ignore', 'ignore_ament_install']
[0.285s] Level 1:colcon.colcon_core.package_identification:_identify(install) by extension 'ignore'
[0.285s] Level 1:colcon.colcon_core.package_identification:_identify(install) ignored
[0.285s] Level 1:colcon.colcon_core.package_identification:_identify(log) by extensions ['ignore', 'ignore_ament_install']
[0.285s] Level 1:colcon.colcon_core.package_identification:_identify(log) by extension 'ignore'
[0.285s] Level 1:colcon.colcon_core.package_identification:_identify(log) ignored
[0.285s] Level 1:colcon.colcon_core.package_identification:_identify(sim) by extensions ['ignore', 'ignore_ament_install']
[0.285s] Level 1:colcon.colcon_core.package_identification:_identify(sim) by extension 'ignore'
[0.285s] Level 1:colcon.colcon_core.package_identification:_identify(sim) by extension 'ignore_ament_install'
[0.285s] Level 1:colcon.colcon_core.package_identification:_identify(sim) by extensions ['colcon_pkg']
[0.285s] Level 1:colcon.colcon_core.package_identification:_identify(sim) by extension 'colcon_pkg'
[0.285s] Level 1:colcon.colcon_core.package_identification:_identify(sim) by extensions ['colcon_meta']
[0.285s] Level 1:colcon.colcon_core.package_identification:_identify(sim) by extension 'colcon_meta'
[0.285s] Level 1:colcon.colcon_core.package_identification:_identify(sim) by extensions ['ros']
[0.285s] Level 1:colcon.colcon_core.package_identification:_identify(sim) by extension 'ros'
[0.285s] Level 1:colcon.colcon_core.package_identification:_identify(sim) by extensions ['cmake', 'python']
[0.285s] Level 1:colcon.colcon_core.package_identification:_identify(sim) by extension 'cmake'
[0.285s] Level 1:colcon.colcon_core.package_identification:_identify(sim) by extension 'python'
[0.285s] Level 1:colcon.colcon_core.package_identification:_identify(sim) by extensions ['python_setup_py']
[0.285s] Level 1:colcon.colcon_core.package_identification:_identify(sim) by extension 'python_setup_py'
[0.285s] Level 1:colcon.colcon_core.package_identification:_identify(sim/fake_rover_state_controller) by extensions ['ignore', 'ignore_ament_install']
[0.285s] Level 1:colcon.colcon_core.package_identification:_identify(sim/fake_rover_state_controller) by extension 'ignore'
[0.285s] Level 1:colcon.colcon_core.package_identification:_identify(sim/fake_rover_state_controller) by extension 'ignore_ament_install'
[0.285s] Level 1:colcon.colcon_core.package_identification:_identify(sim/fake_rover_state_controller) by extensions ['colcon_pkg']
[0.285s] Level 1:colcon.colcon_core.package_identification:_identify(sim/fake_rover_state_controller) by extension 'colcon_pkg'
[0.285s] Level 1:colcon.colcon_core.package_identification:_identify(sim/fake_rover_state_controller) by extensions ['colcon_meta']
[0.285s] Level 1:colcon.colcon_core.package_identification:_identify(sim/fake_rover_state_controller) by extension 'colcon_meta'
[0.285s] Level 1:colcon.colcon_core.package_identification:_identify(sim/fake_rover_state_controller) by extensions ['ros']
[0.286s] Level 1:colcon.colcon_core.package_identification:_identify(sim/fake_rover_state_controller) by extension 'ros'
[0.288s] DEBUG:colcon.colcon_core.package_identification:Package 'sim/fake_rover_state_controller' with type 'ros.ament_python' and name 'fake_rover_state_controller'
[0.288s] Level 1:colcon.colcon_core.package_identification:_identify(sim/locomotion_core) by extensions ['ignore', 'ignore_ament_install']
[0.288s] Level 1:colcon.colcon_core.package_identification:_identify(sim/locomotion_core) by extension 'ignore'
[0.288s] Level 1:colcon.colcon_core.package_identification:_identify(sim/locomotion_core) by extension 'ignore_ament_install'
[0.288s] Level 1:colcon.colcon_core.package_identification:_identify(sim/locomotion_core) by extensions ['colcon_pkg']
[0.288s] Level 1:colcon.colcon_core.package_identification:_identify(sim/locomotion_core) by extension 'colcon_pkg'
[0.288s] Level 1:colcon.colcon_core.package_identification:_identify(sim/locomotion_core) by extensions ['colcon_meta']
[0.288s] Level 1:colcon.colcon_core.package_identification:_identify(sim/locomotion_core) by extension 'colcon_meta'
[0.288s] Level 1:colcon.colcon_core.package_identification:_identify(sim/locomotion_core) by extensions ['ros']
[0.288s] Level 1:colcon.colcon_core.package_identification:_identify(sim/locomotion_core) by extension 'ros'
[0.288s] DEBUG:colcon.colcon_core.package_identification:Package 'sim/locomotion_core' with type 'ros.ament_python' and name 'locomotion_core'
[0.289s] Level 1:colcon.colcon_core.package_identification:_identify(sim/rover_description) by extensions ['ignore', 'ignore_ament_install']
[0.289s] Level 1:colcon.colcon_core.package_identification:_identify(sim/rover_description) by extension 'ignore'
[0.289s] Level 1:colcon.colcon_core.package_identification:_identify(sim/rover_description) by extension 'ignore_ament_install'
[0.289s] Level 1:colcon.colcon_core.package_identification:_identify(sim/rover_description) by extensions ['colcon_pkg']
[0.289s] Level 1:colcon.colcon_core.package_identification:_identify(sim/rover_description) by extension 'colcon_pkg'
[0.289s] Level 1:colcon.colcon_core.package_identification:_identify(sim/rover_description) by extensions ['colcon_meta']
[0.289s] Level 1:colcon.colcon_core.package_identification:_identify(sim/rover_description) by extension 'colcon_meta'
[0.289s] Level 1:colcon.colcon_core.package_identification:_identify(sim/rover_description) by extensions ['ros']
[0.289s] Level 1:colcon.colcon_core.package_identification:_identify(sim/rover_description) by extension 'ros'
[0.289s] DEBUG:colcon.colcon_core.package_identification:Package 'sim/rover_description' with type 'ros.ament_cmake' and name 'rover_description'
[0.289s] Level 1:colcon.colcon_core.package_identification:_identify(sim/teleop_core) by extensions ['ignore', 'ignore_ament_install']
[0.289s] Level 1:colcon.colcon_core.package_identification:_identify(sim/teleop_core) by extension 'ignore'
[0.289s] Level 1:colcon.colcon_core.package_identification:_identify(sim/teleop_core) by extension 'ignore_ament_install'
[0.289s] Level 1:colcon.colcon_core.package_identification:_identify(sim/teleop_core) by extensions ['colcon_pkg']
[0.289s] Level 1:colcon.colcon_core.package_identification:_identify(sim/teleop_core) by extension 'colcon_pkg'
[0.289s] Level 1:colcon.colcon_core.package_identification:_identify(sim/teleop_core) by extensions ['colcon_meta']
[0.289s] Level 1:colcon.colcon_core.package_identification:_identify(sim/teleop_core) by extension 'colcon_meta'
[0.289s] Level 1:colcon.colcon_core.package_identification:_identify(sim/teleop_core) by extensions ['ros']
[0.289s] Level 1:colcon.colcon_core.package_identification:_identify(sim/teleop_core) by extension 'ros'
[0.290s] DEBUG:colcon.colcon_core.package_identification:Package 'sim/teleop_core' with type 'ros.ament_python' and name 'teleop_core'
[0.290s] Level 1:colcon.colcon_core.package_identification:_identify(sim/virtual_joy) by extensions ['ignore', 'ignore_ament_install']
[0.290s] Level 1:colcon.colcon_core.package_identification:_identify(sim/virtual_joy) by extension 'ignore'
[0.290s] Level 1:colcon.colcon_core.package_identification:_identify(sim/virtual_joy) by extension 'ignore_ament_install'
[0.290s] Level 1:colcon.colcon_core.package_identification:_identify(sim/virtual_joy) by extensions ['colcon_pkg']
[0.290s] Level 1:colcon.colcon_core.package_identification:_identify(sim/virtual_joy) by extension 'colcon_pkg'
[0.290s] Level 1:colcon.colcon_core.package_identification:_identify(sim/virtual_joy) by extensions ['colcon_meta']
[0.290s] Level 1:colcon.colcon_core.package_identification:_identify(sim/virtual_joy) by extension 'colcon_meta'
[0.290s] Level 1:colcon.colcon_core.package_identification:_identify(sim/virtual_joy) by extensions ['ros']
[0.290s] Level 1:colcon.colcon_core.package_identification:_identify(sim/virtual_joy) by extension 'ros'
[0.290s] DEBUG:colcon.colcon_core.package_identification:Package 'sim/virtual_joy' with type 'ros.ament_python' and name 'virtual_joy'
[0.290s] Level 1:colcon.colcon_core.package_discovery:discover_packages(recursive) using defaults
[0.290s] Level 1:colcon.colcon_core.package_discovery:discover_packages(ignore) discover
[0.291s] Level 1:colcon.colcon_core.package_discovery:discover_packages(ignore) using defaults
[0.291s] Level 1:colcon.colcon_core.package_discovery:discover_packages(path) discover
[0.291s] Level 1:colcon.colcon_core.package_discovery:discover_packages(path) using defaults
[0.307s] Level 1:colcon.colcon_core.package_discovery:discover_packages(prefix_path) check parameters
[0.307s] Level 1:colcon.colcon_core.package_discovery:discover_packages(prefix_path) discover
[0.309s] DEBUG:colcon.colcon_installed_package_information.package_discovery:Found 5 installed packages in /home/neo/sim_ws/install
[0.310s] DEBUG:colcon.colcon_installed_package_information.package_discovery:Found 287 installed packages in /opt/ros/jazzy
[0.312s] Level 1:colcon.colcon_core.package_discovery:discover_packages(prefix_path) using defaults
[0.343s] Level 5:colcon.colcon_core.verb:set package 'fake_rover_state_controller' build argument 'cmake_args' from command line to 'None'
[0.343s] Level 5:colcon.colcon_core.verb:set package 'fake_rover_state_controller' build argument 'cmake_target' from command line to 'None'
[0.343s] Level 5:colcon.colcon_core.verb:set package 'fake_rover_state_controller' build argument 'cmake_target_skip_unavailable' from command line to 'False'
[0.343s] Level 5:colcon.colcon_core.verb:set package 'fake_rover_state_controller' build argument 'cmake_clean_cache' from command line to 'False'
[0.343s] Level 5:colcon.colcon_core.verb:set package 'fake_rover_state_controller' build argument 'cmake_clean_first' from command line to 'False'
[0.343s] Level 5:colcon.colcon_core.verb:set package 'fake_rover_state_controller' build argument 'cmake_force_configure' from command line to 'False'
[0.343s] Level 5:colcon.colcon_core.verb:set package 'fake_rover_state_controller' build argument 'ament_cmake_args' from command line to 'None'
[0.343s] Level 5:colcon.colcon_core.verb:set package 'fake_rover_state_controller' build argument 'catkin_cmake_args' from command line to 'None'
[0.344s] Level 5:colcon.colcon_core.verb:set package 'fake_rover_state_controller' build argument 'catkin_skip_building_tests' from command line to 'False'
[0.344s] DEBUG:colcon.colcon_core.verb:Building package 'fake_rover_state_controller' with the following arguments: {'ament_cmake_args': None, 'build_base': '/home/neo/sim_ws/build/fake_rover_state_controller', 'catkin_cmake_args': None, 'catkin_skip_building_tests': False, 'cmake_args': None, 'cmake_clean_cache': False, 'cmake_clean_first': False, 'cmake_force_configure': False, 'cmake_target': None, 'cmake_target_skip_unavailable': False, 'install_base': '/home/neo/sim_ws/install/fake_rover_state_controller', 'merge_install': False, 'path': '/home/neo/sim_ws/sim/fake_rover_state_controller', 'symlink_install': False, 'test_result_base': None}
[0.344s] Level 5:colcon.colcon_core.verb:set package 'locomotion_core' build argument 'cmake_args' from command line to 'None'
[0.344s] Level 5:colcon.colcon_core.verb:set package 'locomotion_core' build argument 'cmake_target' from command line to 'None'
[0.344s] Level 5:colcon.colcon_core.verb:set package 'locomotion_core' build argument 'cmake_target_skip_unavailable' from command line to 'False'
[0.344s] Level 5:colcon.colcon_core.verb:set package 'locomotion_core' build argument 'cmake_clean_cache' from command line to 'False'
[0.344s] Level 5:colcon.colcon_core.verb:set package 'locomotion_core' build argument 'cmake_clean_first' from command line to 'False'
[0.344s] Level 5:colcon.colcon_core.verb:set package 'locomotion_core' build argument 'cmake_force_configure' from command line to 'False'
[0.344s] Level 5:colcon.colcon_core.verb:set package 'locomotion_core' build argument 'ament_cmake_args' from command line to 'None'
[0.344s] Level 5:colcon.colcon_core.verb:set package 'locomotion_core' build argument 'catkin_cmake_args' from command line to 'None'
[0.344s] Level 5:colcon.colcon_core.verb:set package 'locomotion_core' build argument 'catkin_skip_building_tests' from command line to 'False'
[0.344s] DEBUG:colcon.colcon_core.verb:Building package 'locomotion_core' with the following arguments: {'ament_cmake_args': None, 'build_base': '/home/neo/sim_ws/build/locomotion_core', 'catkin_cmake_args': None, 'catkin_skip_building_tests': False, 'cmake_args': None, 'cmake_clean_cache': False, 'cmake_clean_first': False, 'cmake_force_configure': False, 'cmake_target': None, 'cmake_target_skip_unavailable': False, 'install_base': '/home/neo/sim_ws/install/locomotion_core', 'merge_install': False, 'path': '/home/neo/sim_ws/sim/locomotion_core', 'symlink_install': False, 'test_result_base': None}
[0.344s] Level 5:colcon.colcon_core.verb:set package 'rover_description' build argument 'cmake_args' from command line to 'None'
[0.344s] Level 5:colcon.colcon_core.verb:set package 'rover_description' build argument 'cmake_target' from command line to 'None'
[0.344s] Level 5:colcon.colcon_core.verb:set package 'rover_description' build argument 'cmake_target_skip_unavailable' from command line to 'False'
[0.344s] Level 5:colcon.colcon_core.verb:set package 'rover_description' build argument 'cmake_clean_cache' from command line to 'False'
[0.344s] Level 5:colcon.colcon_core.verb:set package 'rover_description' build argument 'cmake_clean_first' from command line to 'False'
[0.344s] Level 5:colcon.colcon_core.verb:set package 'rover_description' build argument 'cmake_force_configure' from command line to 'False'
[0.344s] Level 5:colcon.colcon_core.verb:set package 'rover_description' build argument 'ament_cmake_args' from command line to 'None'
[0.344s] Level 5:colcon.colcon_core.verb:set package 'rover_description' build argument 'catkin_cmake_args' from command line to 'None'
[0.344s] Level 5:colcon.colcon_core.verb:set package 'rover_description' build argument 'catkin_skip_building_tests' from command line to 'False'
[0.344s] DEBUG:colcon.colcon_core.verb:Building package 'rover_description' with the following arguments: {'ament_cmake_args': None, 'build_base': '/home/neo/sim_ws/build/rover_description', 'catkin_cmake_args': None, 'catkin_skip_building_tests': False, 'cmake_args': None, 'cmake_clean_cache': False, 'cmake_clean_first': False, 'cmake_force_configure': False, 'cmake_target': None, 'cmake_target_skip_unavailable': False, 'install_base': '/home/neo/sim_ws/install/rover_description', 'merge_install': False, 'path': '/home/neo/sim_ws/sim/rover_description', 'symlink_install': False, 'test_result_base': None}
[0.345s] Level 5:colcon.colcon_core.verb:set package 'teleop_core' build argument 'cmake_args' from command line to 'None'
[0.345s] Level 5:colcon.colcon_core.verb:set package 'teleop_core' build argument 'cmake_target' from command line to 'None'
[0.345s] Level 5:colcon.colcon_core.verb:set package 'teleop_core' build argument 'cmake_target_skip_unavailable' from command line to 'False'
[0.345s] Level 5:colcon.colcon_core.verb:set package 'teleop_core' build argument 'cmake_clean_cache' from command line to 'False'
[0.345s] Level 5:colcon.colcon_core.verb:set package 'teleop_core' build argument 'cmake_clean_first' from command line to 'False'
[0.345s] Level 5:colcon.colcon_core.verb:set package 'teleop_core' build argument 'cmake_force_configure' from command line to 'False'
[0.345s] Level 5:colcon.colcon_core.verb:set package 'teleop_core' build argument 'ament_cmake_args' from command line to 'None'
[0.345s] Level 5:colcon.colcon_core.verb:set package 'teleop_core' build argument 'catkin_cmake_args' from command line to 'None'
[0.345s] Level 5:colcon.colcon_core.verb:set package 'teleop_core' build argument 'catkin_skip_building_tests' from command line to 'False'
[0.345s] DEBUG:colcon.colcon_core.verb:Building package 'teleop_core' with the following arguments: {'ament_cmake_args': None, 'build_base': '/home/neo/sim_ws/build/teleop_core', 'catkin_cmake_args': None, 'catkin_skip_building_tests': False, 'cmake_args': None, 'cmake_clean_cache': False, 'cmake_clean_first': False, 'cmake_force_configure': False, 'cmake_target': None, 'cmake_target_skip_unavailable': False, 'install_base': '/home/neo/sim_ws/install/teleop_core', 'merge_install': False, 'path': '/home/neo/sim_ws/sim/teleop_core', 'symlink_install': False, 'test_result_base': None}
[0.345s] Level 5:colcon.colcon_core.verb:set package 'virtual_joy' build argument 'cmake_args' from command line to 'None'
[0.345s] Level 5:colcon.colcon_core.verb:set package 'virtual_joy' build argument 'cmake_target' from command line to 'None'
[0.345s] Level 5:colcon.colcon_core.verb:set package 'virtual_joy' build argument 'cmake_target_skip_unavailable' from command line to 'False'
[0.345s] Level 5:colcon.colcon_core.verb:set package 'virtual_joy' build argument 'cmake_clean_cache' from command line to 'False'
[0.345s] Level 5:colcon.colcon_core.verb:set package 'virtual_joy' build argument 'cmake_clean_first' from command line to 'False'
[0.345s] Level 5:colcon.colcon_core.verb:set package 'virtual_joy' build argument 'cmake_force_configure' from command line to 'False'
[0.345s] Level 5:colcon.colcon_core.verb:set package 'virtual_joy' build argument 'ament_cmake_args' from command line to 'None'
[0.345s] Level 5:colcon.colcon_core.verb:set package 'virtual_joy' build argument 'catkin_cmake_args' from command line to 'None'
[0.345s] Level 5:colcon.colcon_core.verb:set package 'virtual_joy' build argument 'catkin_skip_building_tests' from command line to 'False'
[0.345s] DEBUG:colcon.colcon_core.verb:Building package 'virtual_joy' with the following arguments: {'ament_cmake_args': None, 'build_base': '/home/neo/sim_ws/build/virtual_joy', 'catkin_cmake_args': None, 'catkin_skip_building_tests': False, 'cmake_args': None, 'cmake_clean_cache': False, 'cmake_clean_first': False, 'cmake_force_configure': False, 'cmake_target': None, 'cmake_target_skip_unavailable': False, 'install_base': '/home/neo/sim_ws/install/virtual_joy', 'merge_install': False, 'path': '/home/neo/sim_ws/sim/virtual_joy', 'symlink_install': False, 'test_result_base': None}
[0.345s] INFO:colcon.colcon_core.executor:Executing jobs using 'parallel' executor
[0.347s] DEBUG:colcon.colcon_parallel_executor.executor.parallel:run_until_complete
[0.347s] INFO:colcon.colcon_ros.task.ament_python.build:Building ROS package in '/home/neo/sim_ws/sim/fake_rover_state_controller' with build type 'ament_python'
[0.347s] Level 1:colcon.colcon_core.shell:create_environment_hook('fake_rover_state_controller', 'ament_prefix_path')
[0.350s] INFO:colcon.colcon_core.plugin_system:Skipping extension 'colcon_core.shell.bat': Not used on non-Windows systems
[0.350s] INFO:colcon.colcon_core.shell:Creating environment hook '/home/neo/sim_ws/install/fake_rover_state_controller/share/fake_rover_state_controller/hook/ament_prefix_path.ps1'
[0.351s] INFO:colcon.colcon_core.shell:Creating environment descriptor '/home/neo/sim_ws/install/fake_rover_state_controller/share/fake_rover_state_controller/hook/ament_prefix_path.dsv'
[0.351s] INFO:colcon.colcon_core.shell:Creating environment hook '/home/neo/sim_ws/install/fake_rover_state_controller/share/fake_rover_state_controller/hook/ament_prefix_path.sh'
[0.351s] INFO:colcon.colcon_core.shell:Skip shell extension 'powershell' for command environment: Not usable outside of PowerShell
[0.351s] DEBUG:colcon.colcon_core.shell:Skip shell extension 'dsv' for command environment
[0.354s] INFO:colcon.colcon_ros.task.ament_python.build:Building ROS package in '/home/neo/sim_ws/sim/locomotion_core' with build type 'ament_python'
[0.354s] Level 1:colcon.colcon_core.shell:create_environment_hook('locomotion_core', 'ament_prefix_path')
[0.355s] INFO:colcon.colcon_core.shell:Creating environment hook '/home/neo/sim_ws/install/locomotion_core/share/locomotion_core/hook/ament_prefix_path.ps1'
[0.355s] INFO:colcon.colcon_core.shell:Creating environment descriptor '/home/neo/sim_ws/install/locomotion_core/share/locomotion_core/hook/ament_prefix_path.dsv'
[0.356s] INFO:colcon.colcon_core.shell:Creating environment hook '/home/neo/sim_ws/install/locomotion_core/share/locomotion_core/hook/ament_prefix_path.sh'
[0.356s] INFO:colcon.colcon_core.shell:Skip shell extension 'powershell' for command environment: Not usable outside of PowerShell
[0.356s] DEBUG:colcon.colcon_core.shell:Skip shell extension 'dsv' for command environment
[0.359s] INFO:colcon.colcon_ros.task.ament_cmake.build:Building ROS package in '/home/neo/sim_ws/sim/rover_description' with build type 'ament_cmake'
[0.359s] INFO:colcon.colcon_cmake.task.cmake.build:Building CMake package in '/home/neo/sim_ws/sim/rover_description'
[0.359s] INFO:colcon.colcon_core.shell:Skip shell extension 'powershell' for command environment: Not usable outside of PowerShell
[0.359s] DEBUG:colcon.colcon_core.shell:Skip shell extension 'dsv' for command environment
[0.363s] INFO:colcon.colcon_ros.task.ament_python.build:Building ROS package in '/home/neo/sim_ws/sim/teleop_core' with build type 'ament_python'
[0.363s] Level 1:colcon.colcon_core.shell:create_environment_hook('teleop_core', 'ament_prefix_path')
[0.363s] INFO:colcon.colcon_core.shell:Creating environment hook '/home/neo/sim_ws/install/teleop_core/share/teleop_core/hook/ament_prefix_path.ps1'
[0.364s] INFO:colcon.colcon_core.shell:Creating environment descriptor '/home/neo/sim_ws/install/teleop_core/share/teleop_core/hook/ament_prefix_path.dsv'
[0.364s] INFO:colcon.colcon_core.shell:Creating environment hook '/home/neo/sim_ws/install/teleop_core/share/teleop_core/hook/ament_prefix_path.sh'
[0.364s] INFO:colcon.colcon_core.shell:Skip shell extension 'powershell' for command environment: Not usable outside of PowerShell
[0.364s] DEBUG:colcon.colcon_core.shell:Skip shell extension 'dsv' for command environment
[0.367s] INFO:colcon.colcon_ros.task.ament_python.build:Building ROS package in '/home/neo/sim_ws/sim/virtual_joy' with build type 'ament_python'
[0.367s] Level 1:colcon.colcon_core.shell:create_environment_hook('virtual_joy', 'ament_prefix_path')
[0.367s] INFO:colcon.colcon_core.shell:Creating environment hook '/home/neo/sim_ws/install/virtual_joy/share/virtual_joy/hook/ament_prefix_path.ps1'
[0.368s] INFO:colcon.colcon_core.shell:Creating environment descriptor '/home/neo/sim_ws/install/virtual_joy/share/virtual_joy/hook/ament_prefix_path.dsv'
[0.368s] INFO:colcon.colcon_core.shell:Creating environment hook '/home/neo/sim_ws/install/virtual_joy/share/virtual_joy/hook/ament_prefix_path.sh'
[0.369s] INFO:colcon.colcon_core.shell:Skip shell extension 'powershell' for command environment: Not usable outside of PowerShell
[0.369s] DEBUG:colcon.colcon_core.shell:Skip shell extension 'dsv' for command environment
[0.609s] INFO:colcon.colcon_core.task.python.build:Building Python package in '/home/neo/sim_ws/sim/fake_rover_state_controller'
[0.609s] INFO:colcon.colcon_core.shell:Skip shell extension 'powershell' for command environment: Not usable outside of PowerShell
[0.609s] DEBUG:colcon.colcon_core.shell:Skip shell extension 'dsv' for command environment
[0.870s] INFO:colcon.colcon_core.task.python.build:Building Python package in '/home/neo/sim_ws/sim/locomotion_core'
[0.871s] INFO:colcon.colcon_core.shell:Skip shell extension 'powershell' for command environment: Not usable outside of PowerShell
[0.871s] DEBUG:colcon.colcon_core.shell:Skip shell extension 'dsv' for command environment
[0.879s] DEBUG:colcon.colcon_core.event_handler.log_command:Invoking command in '/home/neo/sim_ws/build/rover_description': CMAKE_PREFIX_PATH=${CMAKE_PREFIX_PATH}:/home/neo/sim_ws/install/virtual_joy:/home/neo/sim_ws/install/teleop_core:/home/neo/sim_ws/install/locomotion_core:/home/neo/sim_ws/install/fake_rover_state_controller:/opt/ros/jazzy DEBUGINFOD_URLS=https://debuginfod.ubuntu.com /usr/bin/cmake --build /home/neo/sim_ws/build/rover_description -- -j16 -l16
[1.152s] INFO:colcon.colcon_core.task.python.build:Building Python package in '/home/neo/sim_ws/sim/teleop_core'
[1.152s] INFO:colcon.colcon_core.shell:Skip shell extension 'powershell' for command environment: Not usable outside of PowerShell
[1.152s] DEBUG:colcon.colcon_core.shell:Skip shell extension 'dsv' for command environment
[1.418s] INFO:colcon.colcon_core.task.python.build:Building Python package in '/home/neo/sim_ws/sim/virtual_joy'
[1.419s] INFO:colcon.colcon_core.shell:Skip shell extension 'powershell' for command environment: Not usable outside of PowerShell
[1.419s] DEBUG:colcon.colcon_core.shell:Skip shell extension 'dsv' for command environment
[1.424s] DEBUG:colcon.colcon_core.event_handler.log_command:Invoked command in '/home/neo/sim_ws/build/rover_description' returned '0': CMAKE_PREFIX_PATH=${CMAKE_PREFIX_PATH}:/home/neo/sim_ws/install/virtual_joy:/home/neo/sim_ws/install/teleop_core:/home/neo/sim_ws/install/locomotion_core:/home/neo/sim_ws/install/fake_rover_state_controller:/opt/ros/jazzy DEBUGINFOD_URLS=https://debuginfod.ubuntu.com /usr/bin/cmake --build /home/neo/sim_ws/build/rover_description -- -j16 -l16
[1.433s] DEBUG:colcon.colcon_core.event_handler.log_command:Invoking command in '/home/neo/sim_ws/build/rover_description': CMAKE_PREFIX_PATH=${CMAKE_PREFIX_PATH}:/home/neo/sim_ws/install/virtual_joy:/home/neo/sim_ws/install/teleop_core:/home/neo/sim_ws/install/locomotion_core:/home/neo/sim_ws/install/fake_rover_state_controller:/opt/ros/jazzy DEBUGINFOD_URLS=https://debuginfod.ubuntu.com /usr/bin/cmake --install /home/neo/sim_ws/build/rover_description
[1.459s] Level 1:colcon.colcon_core.environment:create_environment_scripts_only(rover_description)
[1.460s] DEBUG:colcon.colcon_core.event_handler.log_command:Invoked command in '/home/neo/sim_ws/build/rover_description' returned '0': CMAKE_PREFIX_PATH=${CMAKE_PREFIX_PATH}:/home/neo/sim_ws/install/virtual_joy:/home/neo/sim_ws/install/teleop_core:/home/neo/sim_ws/install/locomotion_core:/home/neo/sim_ws/install/fake_rover_state_controller:/opt/ros/jazzy DEBUGINFOD_URLS=https://debuginfod.ubuntu.com /usr/bin/cmake --install /home/neo/sim_ws/build/rover_description
[1.464s] Level 1:colcon.colcon_core.environment:checking '/home/neo/sim_ws/install/rover_description' for CMake module files
[1.465s] Level 1:colcon.colcon_core.environment:checking '/home/neo/sim_ws/install/rover_description' for CMake config files
[1.465s] Level 1:colcon.colcon_core.shell:create_environment_hook('rover_description', 'cmake_prefix_path')
[1.465s] INFO:colcon.colcon_core.shell:Creating environment hook '/home/neo/sim_ws/install/rover_description/share/rover_description/hook/cmake_prefix_path.ps1'
[1.466s] INFO:colcon.colcon_core.shell:Creating environment descriptor '/home/neo/sim_ws/install/rover_description/share/rover_description/hook/cmake_prefix_path.dsv'
[1.466s] INFO:colcon.colcon_core.shell:Creating environment hook '/home/neo/sim_ws/install/rover_description/share/rover_description/hook/cmake_prefix_path.sh'
[1.467s] Level 1:colcon.colcon_core.environment:checking '/home/neo/sim_ws/install/rover_description/bin'
[1.467s] Level 1:colcon.colcon_core.environment:checking '/home/neo/sim_ws/install/rover_description/lib/pkgconfig/rover_description.pc'
[1.468s] Level 1:colcon.colcon_core.environment:checking '/home/neo/sim_ws/install/rover_description/lib/python3.12/site-packages'
[1.468s] Level 1:colcon.colcon_core.environment:checking '/home/neo/sim_ws/install/rover_description/bin'
[1.468s] INFO:colcon.colcon_core.shell:Creating package script '/home/neo/sim_ws/install/rover_description/share/rover_description/package.ps1'
[1.469s] INFO:colcon.colcon_core.shell:Creating package descriptor '/home/neo/sim_ws/install/rover_description/share/rover_description/package.dsv'
[1.470s] INFO:colcon.colcon_core.shell:Creating package script '/home/neo/sim_ws/install/rover_description/share/rover_description/package.sh'
[1.472s] INFO:colcon.colcon_core.shell:Creating package script '/home/neo/sim_ws/install/rover_description/share/rover_description/package.bash'
[1.473s] INFO:colcon.colcon_core.shell:Creating package script '/home/neo/sim_ws/install/rover_description/share/rover_description/package.zsh'
[1.475s] Level 1:colcon.colcon_core.environment:create_file_with_runtime_dependencies(/home/neo/sim_ws/install/rover_description/share/colcon-core/packages/rover_description)
[1.476s] Level 1:colcon.colcon_core.environment:create_environment_scripts_only(rover_description)
[1.476s] Level 1:colcon.colcon_core.environment:checking '/home/neo/sim_ws/install/rover_description' for CMake module files
[1.478s] Level 1:colcon.colcon_core.environment:checking '/home/neo/sim_ws/install/rover_description' for CMake config files
[1.478s] Level 1:colcon.colcon_core.shell:create_environment_hook('rover_description', 'cmake_prefix_path')
[1.479s] INFO:colcon.colcon_core.shell:Creating environment hook '/home/neo/sim_ws/install/rover_description/share/rover_description/hook/cmake_prefix_path.ps1'
[1.480s] INFO:colcon.colcon_core.shell:Creating environment descriptor '/home/neo/sim_ws/install/rover_description/share/rover_description/hook/cmake_prefix_path.dsv'
[1.480s] INFO:colcon.colcon_core.shell:Creating environment hook '/home/neo/sim_ws/install/rover_description/share/rover_description/hook/cmake_prefix_path.sh'
[1.482s] Level 1:colcon.colcon_core.environment:checking '/home/neo/sim_ws/install/rover_description/bin'
[1.482s] Level 1:colcon.colcon_core.environment:checking '/home/neo/sim_ws/install/rover_description/lib/pkgconfig/rover_description.pc'
[1.483s] Level 1:colcon.colcon_core.environment:checking '/home/neo/sim_ws/install/rover_description/lib/python3.12/site-packages'
[1.483s] Level 1:colcon.colcon_core.environment:checking '/home/neo/sim_ws/install/rover_description/bin'
[1.484s] INFO:colcon.colcon_core.shell:Creating package script '/home/neo/sim_ws/install/rover_description/share/rover_description/package.ps1'
[1.485s] INFO:colcon.colcon_core.shell:Creating package descriptor '/home/neo/sim_ws/install/rover_description/share/rover_description/package.dsv'
[1.486s] INFO:colcon.colcon_core.shell:Creating package script '/home/neo/sim_ws/install/rover_description/share/rover_description/package.sh'
[1.487s] INFO:colcon.colcon_core.shell:Creating package script '/home/neo/sim_ws/install/rover_description/share/rover_description/package.bash'
[1.488s] INFO:colcon.colcon_core.shell:Creating package script '/home/neo/sim_ws/install/rover_description/share/rover_description/package.zsh'
[1.489s] Level 1:colcon.colcon_core.environment:create_file_with_runtime_dependencies(/home/neo/sim_ws/install/rover_description/share/colcon-core/packages/rover_description)
[2.949s] DEBUG:colcon.colcon_core.event_handler.log_command:Invoking command in '/home/neo/sim_ws/sim/locomotion_core': DEBUGINFOD_URLS=https://debuginfod.ubuntu.com PYTHONPATH=/home/neo/sim_ws/build/locomotion_core/prefix_override:/usr/lib/python3/dist-packages/colcon_core/task/python/colcon_distutils_commands:/home/neo/sim_ws/install/locomotion_core/lib/python3.12/site-packages:${PYTHONPATH} /usr/bin/python3 -W ignore:setup.py install is deprecated -W ignore:easy_install command is deprecated setup.py egg_info --egg-base ../../build/locomotion_core build --build-base /home/neo/sim_ws/build/locomotion_core/build install --record /home/neo/sim_ws/build/locomotion_core/install.log --single-version-externally-managed install_data
[2.995s] DEBUG:colcon.colcon_core.event_handler.log_command:Invoking command in '/home/neo/sim_ws/sim/virtual_joy': DEBUGINFOD_URLS=https://debuginfod.ubuntu.com PYTHONPATH=/home/neo/sim_ws/build/virtual_joy/prefix_override:/usr/lib/python3/dist-packages/colcon_core/task/python/colcon_distutils_commands:/home/neo/sim_ws/install/virtual_joy/lib/python3.12/site-packages:${PYTHONPATH} /usr/bin/python3 -W ignore:setup.py install is deprecated -W ignore:easy_install command is deprecated setup.py egg_info --egg-base ../../build/virtual_joy build --build-base /home/neo/sim_ws/build/virtual_joy/build install --record /home/neo/sim_ws/build/virtual_joy/install.log --single-version-externally-managed install_data
[3.035s] DEBUG:colcon.colcon_core.event_handler.log_command:Invoking command in '/home/neo/sim_ws/sim/fake_rover_state_controller': DEBUGINFOD_URLS=https://debuginfod.ubuntu.com PYTHONPATH=/home/neo/sim_ws/build/fake_rover_state_controller/prefix_override:/usr/lib/python3/dist-packages/colcon_core/task/python/colcon_distutils_commands:/home/neo/sim_ws/install/fake_rover_state_controller/lib/python3.12/site-packages:${PYTHONPATH} /usr/bin/python3 -W ignore:setup.py install is deprecated -W ignore:easy_install command is deprecated setup.py egg_info --egg-base ../../build/fake_rover_state_controller build --build-base /home/neo/sim_ws/build/fake_rover_state_controller/build install --record /home/neo/sim_ws/build/fake_rover_state_controller/install.log --single-version-externally-managed install_data
[3.126s] DEBUG:colcon.colcon_core.event_handler.log_command:Invoking command in '/home/neo/sim_ws/sim/teleop_core': DEBUGINFOD_URLS=https://debuginfod.ubuntu.com PYTHONPATH=/home/neo/sim_ws/build/teleop_core/prefix_override:/usr/lib/python3/dist-packages/colcon_core/task/python/colcon_distutils_commands:/home/neo/sim_ws/install/teleop_core/lib/python3.12/site-packages:${PYTHONPATH} /usr/bin/python3 -W ignore:setup.py install is deprecated -W ignore:easy_install command is deprecated setup.py egg_info --egg-base ../../build/teleop_core build --build-base /home/neo/sim_ws/build/teleop_core/build install --record /home/neo/sim_ws/build/teleop_core/install.log --single-version-externally-managed install_data
[4.266s] Level 1:colcon.colcon_core.environment:checking '/home/neo/sim_ws/install/virtual_joy' for CMake module files
[4.268s] DEBUG:colcon.colcon_core.event_handler.log_command:Invoked command in '/home/neo/sim_ws/sim/virtual_joy' returned '0': DEBUGINFOD_URLS=https://debuginfod.ubuntu.com PYTHONPATH=/home/neo/sim_ws/build/virtual_joy/prefix_override:/usr/lib/python3/dist-packages/colcon_core/task/python/colcon_distutils_commands:/home/neo/sim_ws/install/virtual_joy/lib/python3.12/site-packages:${PYTHONPATH} /usr/bin/python3 -W ignore:setup.py install is deprecated -W ignore:easy_install command is deprecated setup.py egg_info --egg-base ../../build/virtual_joy build --build-base /home/neo/sim_ws/build/virtual_joy/build install --record /home/neo/sim_ws/build/virtual_joy/install.log --single-version-externally-managed install_data
[4.269s] Level 1:colcon.colcon_core.environment:checking '/home/neo/sim_ws/install/virtual_joy' for CMake config files
[4.270s] Level 1:colcon.colcon_core.environment:checking '/home/neo/sim_ws/install/virtual_joy/lib'
[4.271s] Level 1:colcon.colcon_core.environment:checking '/home/neo/sim_ws/install/virtual_joy/bin'
[4.271s] Level 1:colcon.colcon_core.environment:checking '/home/neo/sim_ws/install/virtual_joy/lib/pkgconfig/virtual_joy.pc'
[4.271s] Level 1:colcon.colcon_core.environment:checking '/home/neo/sim_ws/install/virtual_joy/lib/python3.12/site-packages'
[4.272s] Level 1:colcon.colcon_core.shell:create_environment_hook('virtual_joy', 'pythonpath')
[4.272s] INFO:colcon.colcon_core.shell:Creating environment hook '/home/neo/sim_ws/install/virtual_joy/share/virtual_joy/hook/pythonpath.ps1'
[4.273s] INFO:colcon.colcon_core.shell:Creating environment descriptor '/home/neo/sim_ws/install/virtual_joy/share/virtual_joy/hook/pythonpath.dsv'
[4.274s] INFO:colcon.colcon_core.shell:Creating environment hook '/home/neo/sim_ws/install/virtual_joy/share/virtual_joy/hook/pythonpath.sh'
[4.275s] Level 1:colcon.colcon_core.environment:checking '/home/neo/sim_ws/install/virtual_joy/bin'
[4.275s] Level 1:colcon.colcon_core.environment:create_environment_scripts_only(virtual_joy)
[4.275s] INFO:colcon.colcon_core.shell:Creating package script '/home/neo/sim_ws/install/virtual_joy/share/virtual_joy/package.ps1'
[4.277s] INFO:colcon.colcon_core.shell:Creating package descriptor '/home/neo/sim_ws/install/virtual_joy/share/virtual_joy/package.dsv'
[4.277s] INFO:colcon.colcon_core.shell:Creating package script '/home/neo/sim_ws/install/virtual_joy/share/virtual_joy/package.sh'
[4.278s] INFO:colcon.colcon_core.shell:Creating package script '/home/neo/sim_ws/install/virtual_joy/share/virtual_joy/package.bash'
[4.279s] INFO:colcon.colcon_core.shell:Creating package script '/home/neo/sim_ws/install/virtual_joy/share/virtual_joy/package.zsh'
[4.280s] Level 1:colcon.colcon_core.environment:create_file_with_runtime_dependencies(/home/neo/sim_ws/install/virtual_joy/share/colcon-core/packages/virtual_joy)
[4.321s] Level 1:colcon.colcon_core.environment:checking '/home/neo/sim_ws/install/fake_rover_state_controller' for CMake module files
[4.324s] DEBUG:colcon.colcon_core.event_handler.log_command:Invoked command in '/home/neo/sim_ws/sim/fake_rover_state_controller' returned '0': DEBUGINFOD_URLS=https://debuginfod.ubuntu.com PYTHONPATH=/home/neo/sim_ws/build/fake_rover_state_controller/prefix_override:/usr/lib/python3/dist-packages/colcon_core/task/python/colcon_distutils_commands:/home/neo/sim_ws/install/fake_rover_state_controller/lib/python3.12/site-packages:${PYTHONPATH} /usr/bin/python3 -W ignore:setup.py install is deprecated -W ignore:easy_install command is deprecated setup.py egg_info --egg-base ../../build/fake_rover_state_controller build --build-base /home/neo/sim_ws/build/fake_rover_state_controller/build install --record /home/neo/sim_ws/build/fake_rover_state_controller/install.log --single-version-externally-managed install_data
[4.324s] Level 1:colcon.colcon_core.environment:checking '/home/neo/sim_ws/install/fake_rover_state_controller' for CMake config files
[4.325s] Level 1:colcon.colcon_core.environment:checking '/home/neo/sim_ws/install/fake_rover_state_controller/lib'
[4.325s] Level 1:colcon.colcon_core.environment:checking '/home/neo/sim_ws/install/fake_rover_state_controller/bin'
[4.326s] Level 1:colcon.colcon_core.environment:checking '/home/neo/sim_ws/install/fake_rover_state_controller/lib/pkgconfig/fake_rover_state_controller.pc'
[4.326s] Level 1:colcon.colcon_core.environment:checking '/home/neo/sim_ws/install/fake_rover_state_controller/lib/python3.12/site-packages'
[4.326s] Level 1:colcon.colcon_core.shell:create_environment_hook('fake_rover_state_controller', 'pythonpath')
[4.327s] INFO:colcon.colcon_core.shell:Creating environment hook '/home/neo/sim_ws/install/fake_rover_state_controller/share/fake_rover_state_controller/hook/pythonpath.ps1'
[4.327s] INFO:colcon.colcon_core.shell:Creating environment descriptor '/home/neo/sim_ws/install/fake_rover_state_controller/share/fake_rover_state_controller/hook/pythonpath.dsv'
[4.328s] INFO:colcon.colcon_core.shell:Creating environment hook '/home/neo/sim_ws/install/fake_rover_state_controller/share/fake_rover_state_controller/hook/pythonpath.sh'
[4.329s] Level 1:colcon.colcon_core.environment:checking '/home/neo/sim_ws/install/fake_rover_state_controller/bin'
[4.329s] Level 1:colcon.colcon_core.environment:create_environment_scripts_only(fake_rover_state_controller)
[4.330s] INFO:colcon.colcon_core.shell:Creating package script '/home/neo/sim_ws/install/fake_rover_state_controller/share/fake_rover_state_controller/package.ps1'
[4.331s] INFO:colcon.colcon_core.shell:Creating package descriptor '/home/neo/sim_ws/install/fake_rover_state_controller/share/fake_rover_state_controller/package.dsv'
[4.331s] INFO:colcon.colcon_core.shell:Creating package script '/home/neo/sim_ws/install/fake_rover_state_controller/share/fake_rover_state_controller/package.sh'
[4.332s] INFO:colcon.colcon_core.shell:Creating package script '/home/neo/sim_ws/install/fake_rover_state_controller/share/fake_rover_state_controller/package.bash'
[4.333s] INFO:colcon.colcon_core.shell:Creating package script '/home/neo/sim_ws/install/fake_rover_state_controller/share/fake_rover_state_controller/package.zsh'
[4.333s] Level 1:colcon.colcon_core.environment:create_file_with_runtime_dependencies(/home/neo/sim_ws/install/fake_rover_state_controller/share/colcon-core/packages/fake_rover_state_controller)
[4.434s] Level 1:colcon.colcon_core.environment:checking '/home/neo/sim_ws/install/locomotion_core' for CMake module files
[4.436s] DEBUG:colcon.colcon_core.event_handler.log_command:Invoked command in '/home/neo/sim_ws/sim/locomotion_core' returned '0': DEBUGINFOD_URLS=https://debuginfod.ubuntu.com PYTHONPATH=/home/neo/sim_ws/build/locomotion_core/prefix_override:/usr/lib/python3/dist-packages/colcon_core/task/python/colcon_distutils_commands:/home/neo/sim_ws/install/locomotion_core/lib/python3.12/site-packages:${PYTHONPATH} /usr/bin/python3 -W ignore:setup.py install is deprecated -W ignore:easy_install command is deprecated setup.py egg_info --egg-base ../../build/locomotion_core build --build-base /home/neo/sim_ws/build/locomotion_core/build install --record /home/neo/sim_ws/build/locomotion_core/install.log --single-version-externally-managed install_data
[4.436s] Level 1:colcon.colcon_core.environment:checking '/home/neo/sim_ws/install/locomotion_core' for CMake config files
[4.437s] Level 1:colcon.colcon_core.environment:checking '/home/neo/sim_ws/install/locomotion_core/lib'
[4.438s] Level 1:colcon.colcon_core.environment:checking '/home/neo/sim_ws/install/locomotion_core/bin'
[4.438s] Level 1:colcon.colcon_core.environment:checking '/home/neo/sim_ws/install/locomotion_core/lib/pkgconfig/locomotion_core.pc'
[4.438s] Level 1:colcon.colcon_core.environment:checking '/home/neo/sim_ws/install/locomotion_core/lib/python3.12/site-packages'
[4.438s] Level 1:colcon.colcon_core.shell:create_environment_hook('locomotion_core', 'pythonpath')
[4.439s] INFO:colcon.colcon_core.shell:Creating environment hook '/home/neo/sim_ws/install/locomotion_core/share/locomotion_core/hook/pythonpath.ps1'
[4.440s] INFO:colcon.colcon_core.shell:Creating environment descriptor '/home/neo/sim_ws/install/locomotion_core/share/locomotion_core/hook/pythonpath.dsv'
[4.440s] INFO:colcon.colcon_core.shell:Creating environment hook '/home/neo/sim_ws/install/locomotion_core/share/locomotion_core/hook/pythonpath.sh'
[4.441s] Level 1:colcon.colcon_core.environment:checking '/home/neo/sim_ws/install/locomotion_core/bin'
[4.441s] Level 1:colcon.colcon_core.environment:create_environment_scripts_only(locomotion_core)
[4.442s] INFO:colcon.colcon_core.shell:Creating package script '/home/neo/sim_ws/install/locomotion_core/share/locomotion_core/package.ps1'
[4.443s] INFO:colcon.colcon_core.shell:Creating package descriptor '/home/neo/sim_ws/install/locomotion_core/share/locomotion_core/package.dsv'
[4.444s] INFO:colcon.colcon_core.shell:Creating package script '/home/neo/sim_ws/install/locomotion_core/share/locomotion_core/package.sh'
[4.444s] INFO:colcon.colcon_core.shell:Creating package script '/home/neo/sim_ws/install/locomotion_core/share/locomotion_core/package.bash'
[4.445s] INFO:colcon.colcon_core.shell:Creating package script '/home/neo/sim_ws/install/locomotion_core/share/locomotion_core/package.zsh'
[4.445s] Level 1:colcon.colcon_core.environment:create_file_with_runtime_dependencies(/home/neo/sim_ws/install/locomotion_core/share/colcon-core/packages/locomotion_core)
[4.509s] Level 1:colcon.colcon_core.environment:checking '/home/neo/sim_ws/install/teleop_core' for CMake module files
[4.510s] DEBUG:colcon.colcon_core.event_handler.log_command:Invoked command in '/home/neo/sim_ws/sim/teleop_core' returned '0': DEBUGINFOD_URLS=https://debuginfod.ubuntu.com PYTHONPATH=/home/neo/sim_ws/build/teleop_core/prefix_override:/usr/lib/python3/dist-packages/colcon_core/task/python/colcon_distutils_commands:/home/neo/sim_ws/install/teleop_core/lib/python3.12/site-packages:${PYTHONPATH} /usr/bin/python3 -W ignore:setup.py install is deprecated -W ignore:easy_install command is deprecated setup.py egg_info --egg-base ../../build/teleop_core build --build-base /home/neo/sim_ws/build/teleop_core/build install --record /home/neo/sim_ws/build/teleop_core/install.log --single-version-externally-managed install_data
[4.511s] Level 1:colcon.colcon_core.environment:checking '/home/neo/sim_ws/install/teleop_core' for CMake config files
[4.512s] Level 1:colcon.colcon_core.environment:checking '/home/neo/sim_ws/install/teleop_core/lib'
[4.512s] Level 1:colcon.colcon_core.environment:checking '/home/neo/sim_ws/install/teleop_core/bin'
[4.512s] Level 1:colcon.colcon_core.environment:checking '/home/neo/sim_ws/install/teleop_core/lib/pkgconfig/teleop_core.pc'
[4.512s] Level 1:colcon.colcon_core.environment:checking '/home/neo/sim_ws/install/teleop_core/lib/python3.12/site-packages'
[4.513s] Level 1:colcon.colcon_core.shell:create_environment_hook('teleop_core', 'pythonpath')
[4.513s] INFO:colcon.colcon_core.shell:Creating environment hook '/home/neo/sim_ws/install/teleop_core/share/teleop_core/hook/pythonpath.ps1'
[4.514s] INFO:colcon.colcon_core.shell:Creating environment descriptor '/home/neo/sim_ws/install/teleop_core/share/teleop_core/hook/pythonpath.dsv'
[4.514s] INFO:colcon.colcon_core.shell:Creating environment hook '/home/neo/sim_ws/install/teleop_core/share/teleop_core/hook/pythonpath.sh'
[4.515s] Level 1:colcon.colcon_core.environment:checking '/home/neo/sim_ws/install/teleop_core/bin'
[4.515s] Level 1:colcon.colcon_core.environment:create_environment_scripts_only(teleop_core)
[4.515s] INFO:colcon.colcon_core.shell:Creating package script '/home/neo/sim_ws/install/teleop_core/share/teleop_core/package.ps1'
[4.516s] INFO:colcon.colcon_core.shell:Creating package descriptor '/home/neo/sim_ws/install/teleop_core/share/teleop_core/package.dsv'
[4.517s] INFO:colcon.colcon_core.shell:Creating package script '/home/neo/sim_ws/install/teleop_core/share/teleop_core/package.sh'
[4.517s] INFO:colcon.colcon_core.shell:Creating package script '/home/neo/sim_ws/install/teleop_core/share/teleop_core/package.bash'
[4.518s] INFO:colcon.colcon_core.shell:Creating package script '/home/neo/sim_ws/install/teleop_core/share/teleop_core/package.zsh'
[4.518s] Level 1:colcon.colcon_core.environment:create_file_with_runtime_dependencies(/home/neo/sim_ws/install/teleop_core/share/colcon-core/packages/teleop_core)
[4.519s] DEBUG:colcon.colcon_parallel_executor.executor.parallel:closing loop
[4.519s] DEBUG:colcon.colcon_parallel_executor.executor.parallel:loop closed
[4.520s] DEBUG:colcon.colcon_parallel_executor.executor.parallel:run_until_complete finished with '0'
[4.521s] DEBUG:colcon.colcon_core.event_reactor:joining thread
[4.618s] INFO:colcon.colcon_core.plugin_system:Skipping extension 'colcon_notification.desktop_notification.notify_send': Could not find 'notify-send'
[4.618s] INFO:colcon.colcon_core.plugin_system:Skipping extension 'colcon_notification.desktop_notification.terminal_notifier': Not used on non-Darwin systems
[4.618s] INFO:colcon.colcon_core.plugin_system:Skipping extension 'colcon_notification.desktop_notification.win32': Not used on non-Windows systems
[4.619s] INFO:colcon.colcon_notification.desktop_notification:Sending desktop notification using 'notify2'
[4.621s] DEBUG:colcon.colcon_notification.desktop_notification.notify2:Failed to initialize notify2: org.freedesktop.DBus.Error.ServiceUnknown: The name org.freedesktop.Notifications was not provided by any .service files
[4.621s] DEBUG:colcon.colcon_core.event_reactor:joined thread
[4.621s] INFO:colcon.colcon_core.shell:Creating prefix script '/home/neo/sim_ws/install/local_setup.ps1'
[4.623s] INFO:colcon.colcon_core.shell:Creating prefix util module '/home/neo/sim_ws/install/_local_setup_util_ps1.py'
[4.625s] INFO:colcon.colcon_core.shell:Creating prefix chain script '/home/neo/sim_ws/install/setup.ps1'
[4.627s] INFO:colcon.colcon_core.shell:Creating prefix script '/home/neo/sim_ws/install/local_setup.sh'
[4.628s] INFO:colcon.colcon_core.shell:Creating prefix util module '/home/neo/sim_ws/install/_local_setup_util_sh.py'
[4.629s] INFO:colcon.colcon_core.shell:Creating prefix chain script '/home/neo/sim_ws/install/setup.sh'
[4.631s] INFO:colcon.colcon_core.shell:Creating prefix script '/home/neo/sim_ws/install/local_setup.bash'
[4.632s] INFO:colcon.colcon_core.shell:Creating prefix chain script '/home/neo/sim_ws/install/setup.bash'
[4.634s] INFO:colcon.colcon_core.shell:Creating prefix script '/home/neo/sim_ws/install/local_setup.zsh'
[4.635s] INFO:colcon.colcon_core.shell:Creating prefix chain script '/home/neo/sim_ws/install/setup.zsh'
