[0.645s] Invoking command in '/home/neo/sim_ws/build/rover_description': CMAKE_PREFIX_PATH=${CMAKE_PREFIX_PATH}:/opt/ros/jazzy DEBUGINFOD_URLS=https://debuginfod.ubuntu.com /usr/bin/cmake --build /home/neo/sim_ws/build/rover_description -- -j4 -l4
[0.965s] Invoked command in '/home/neo/sim_ws/build/rover_description' returned '0': CMAKE_PREFIX_PATH=${CMAKE_PREFIX_PATH}:/opt/ros/jazzy DEBUGINFOD_URLS=https://debuginfod.ubuntu.com /usr/bin/cmake --build /home/neo/sim_ws/build/rover_description -- -j4 -l4
[0.987s] Invoking command in '/home/neo/sim_ws/build/rover_description': CMAKE_PREFIX_PATH=${CMAKE_PREFIX_PATH}:/opt/ros/jazzy DEBUGINFOD_URLS=https://debuginfod.ubuntu.com /usr/bin/cmake --install /home/neo/sim_ws/build/rover_description
[1.006s] -- Install configuration: ""
[1.006s] -- Up-to-date: /home/neo/sim_ws/install/rover_description/share/rover_description/src
[1.006s] -- Up-to-date: /home/neo/sim_ws/install/rover_description/share/rover_description/src/description
[1.007s] -- Up-to-date: /home/neo/sim_ws/install/rover_description/share/rover_description/src/description/pioneer_base-2.urdf
[1.007s] -- Up-to-date: /home/neo/sim_ws/install/rover_description/share/rover_description/src/description/pioneer_base.urdf
[1.007s] -- Up-to-date: /home/neo/sim_ws/install/rover_description/share/rover_description/src/description/base.urdf
[1.007s] -- Installing: /home/neo/sim_ws/install/rover_description/share/rover_description/src/description/pioneer_multi_robot.xacro
[1.007s] -- Up-to-date: /home/neo/sim_ws/install/rover_description/share/rover_description/launch
[1.008s] -- Up-to-date: /home/neo/sim_ws/install/rover_description/share/rover_description/launch/pioneer_display.launch.py
[1.008s] -- Up-to-date: /home/neo/sim_ws/install/rover_description/share/rover_description/launch/pioneer_display-2.launch.py
[1.008s] -- Up-to-date: /home/neo/sim_ws/install/rover_description/share/rover_description/launch/display.launch.py
[1.008s] -- Installing: /home/neo/sim_ws/install/rover_description/share/rover_description/launch/multi_robot.launch.py
[1.008s] -- Up-to-date: /home/neo/sim_ws/install/rover_description/share/rover_description/rviz
[1.010s] -- Up-to-date: /home/neo/sim_ws/install/rover_description/share/rover_description/rviz/urdf_config.rviz
[1.011s] -- Up-to-date: /home/neo/sim_ws/install/rover_description/share/rover_description/config
[1.013s] -- Up-to-date: /home/neo/sim_ws/install/rover_description/share/rover_description/config/nav2_params.yaml
[1.013s] -- Up-to-date: /home/neo/sim_ws/install/rover_description/share/rover_description/config/ekf.yaml
[1.014s] -- Up-to-date: /home/neo/sim_ws/install/rover_description/share/rover_description/world
[1.014s] -- Up-to-date: /home/neo/sim_ws/install/rover_description/share/rover_description/world/my_world.sdf
[1.014s] -- Up-to-date: /home/neo/sim_ws/install/rover_description/share/rover_description//launch
[1.014s] -- Up-to-date: /home/neo/sim_ws/install/rover_description/share/rover_description//launch/pioneer_display.launch.py
[1.014s] -- Up-to-date: /home/neo/sim_ws/install/rover_description/share/rover_description//launch/pioneer_display-2.launch.py
[1.014s] -- Up-to-date: /home/neo/sim_ws/install/rover_description/share/rover_description//launch/display.launch.py
[1.016s] -- Up-to-date: /home/neo/sim_ws/install/rover_description/share/rover_description//launch/multi_robot.launch.py
[1.017s] -- Up-to-date: /home/neo/sim_ws/install/rover_description/share/rover_description//meshes
[1.017s] -- Up-to-date: /home/neo/sim_ws/install/rover_description/share/rover_description//meshes/wheel_wcm.dae
[1.017s] -- Up-to-date: /home/neo/sim_ws/install/rover_description/share/rover_description//meshes/pioneer_3dx.stl
[1.017s] -- Up-to-date: /home/neo/sim_ws/install/rover_description/share/rover_description//meshes/mesh.py
[1.018s] -- Up-to-date: /home/neo/sim_ws/install/rover_description/share/rover_description//meshes/rover_base.dae
[1.018s] -- Up-to-date: /home/neo/sim_ws/install/rover_description/share/ament_index/resource_index/package_run_dependencies/rover_description
[1.018s] -- Up-to-date: /home/neo/sim_ws/install/rover_description/share/ament_index/resource_index/parent_prefix_path/rover_description
[1.018s] -- Up-to-date: /home/neo/sim_ws/install/rover_description/share/rover_description/environment/ament_prefix_path.sh
[1.018s] -- Up-to-date: /home/neo/sim_ws/install/rover_description/share/rover_description/environment/ament_prefix_path.dsv
[1.018s] -- Up-to-date: /home/neo/sim_ws/install/rover_description/share/rover_description/environment/path.sh
[1.019s] -- Up-to-date: /home/neo/sim_ws/install/rover_description/share/rover_description/environment/path.dsv
[1.019s] -- Up-to-date: /home/neo/sim_ws/install/rover_description/share/rover_description/local_setup.bash
[1.019s] -- Up-to-date: /home/neo/sim_ws/install/rover_description/share/rover_description/local_setup.sh
[1.019s] -- Up-to-date: /home/neo/sim_ws/install/rover_description/share/rover_description/local_setup.zsh
[1.019s] -- Up-to-date: /home/neo/sim_ws/install/rover_description/share/rover_description/local_setup.dsv
[1.020s] -- Up-to-date: /home/neo/sim_ws/install/rover_description/share/rover_description/package.dsv
[1.021s] -- Up-to-date: /home/neo/sim_ws/install/rover_description/share/ament_index/resource_index/packages/rover_description
[1.022s] -- Up-to-date: /home/neo/sim_ws/install/rover_description/share/rover_description/cmake/rover_descriptionConfig.cmake
[1.023s] -- Up-to-date: /home/neo/sim_ws/install/rover_description/share/rover_description/cmake/rover_descriptionConfig-version.cmake
[1.024s] -- Up-to-date: /home/neo/sim_ws/install/rover_description/share/rover_description/package.xml
[1.024s] Invoked command in '/home/neo/sim_ws/build/rover_description' returned '0': CMAKE_PREFIX_PATH=${CMAKE_PREFIX_PATH}:/opt/ros/jazzy DEBUGINFOD_URLS=https://debuginfod.ubuntu.com /usr/bin/cmake --install /home/neo/sim_ws/build/rover_description
