-- Install configuration: ""
-- Up-to-date: /home/neo/sim_ws/install/rover_description/share/rover_description/src
-- Up-to-date: /home/neo/sim_ws/install/rover_description/share/rover_description/src/description
-- Installing: /home/neo/sim_ws/install/rover_description/share/rover_description/src/description/pioneer_robot.xacro
-- Up-to-date: /home/neo/sim_ws/install/rover_description/share/rover_description/src/description/pioneer_base.urdf
-- Up-to-date: /home/neo/sim_ws/install/rover_description/share/rover_description/src/description/pioneer_multi_robot.xacro
-- Up-to-date: /home/neo/sim_ws/install/rover_description/share/rover_description/src/description/pioneer_base-2.urdf
-- Up-to-date: /home/neo/sim_ws/install/rover_description/share/rover_description/src/description/pioneer_multi_robot - コピー.xacro:Zone.Identifier
-- Up-to-date: /home/neo/sim_ws/install/rover_description/share/rover_description/src/description/base.urdf
-- Up-to-date: /home/neo/sim_ws/install/rover_description/share/rover_description/launch
-- Up-to-date: /home/neo/sim_ws/install/rover_description/share/rover_description/launch/pioneer.launch.py
-- Up-to-date: /home/neo/sim_ws/install/rover_description/share/rover_description/launch/display.launch.py
-- Up-to-date: /home/neo/sim_ws/install/rover_description/share/rover_description/launch/multi_robot.launch.py
-- Up-to-date: /home/neo/sim_ws/install/rover_description/share/rover_description/launch/pioneer_display.launch.py
-- Up-to-date: /home/neo/sim_ws/install/rover_description/share/rover_description/launch/display_field.launch.py
-- Up-to-date: /home/neo/sim_ws/install/rover_description/share/rover_description/launch/pioneer_display-2.launch.py
-- Up-to-date: /home/neo/sim_ws/install/rover_description/share/rover_description/launch/multi_robot.launch - コピー.py:Zone.Identifier
-- Up-to-date: /home/neo/sim_ws/install/rover_description/share/rover_description/launch/pioneer_display.launch - コピー.py:Zone.Identifier
-- Up-to-date: /home/neo/sim_ws/install/rover_description/share/rover_description/rviz
-- Up-to-date: /home/neo/sim_ws/install/rover_description/share/rover_description/rviz/urdf_config.rviz
-- Up-to-date: /home/neo/sim_ws/install/rover_description/share/rover_description/config
-- Up-to-date: /home/neo/sim_ws/install/rover_description/share/rover_description/config/nav2_params.yaml
-- Up-to-date: /home/neo/sim_ws/install/rover_description/share/rover_description/config/ekf.yaml
-- Up-to-date: /home/neo/sim_ws/install/rover_description/share/rover_description/world
-- Up-to-date: /home/neo/sim_ws/install/rover_description/share/rover_description/world/my_world.sdf
-- Up-to-date: /home/neo/sim_ws/install/rover_description/share/rover_description//launch
-- Up-to-date: /home/neo/sim_ws/install/rover_description/share/rover_description//launch/pioneer.launch.py
-- Up-to-date: /home/neo/sim_ws/install/rover_description/share/rover_description//launch/display.launch.py
-- Up-to-date: /home/neo/sim_ws/install/rover_description/share/rover_description//launch/multi_robot.launch.py
-- Up-to-date: /home/neo/sim_ws/install/rover_description/share/rover_description//launch/pioneer_display.launch.py
-- Up-to-date: /home/neo/sim_ws/install/rover_description/share/rover_description//launch/display_field.launch.py
-- Up-to-date: /home/neo/sim_ws/install/rover_description/share/rover_description//launch/pioneer_display-2.launch.py
-- Up-to-date: /home/neo/sim_ws/install/rover_description/share/rover_description//launch/multi_robot.launch - コピー.py:Zone.Identifier
-- Up-to-date: /home/neo/sim_ws/install/rover_description/share/rover_description//launch/pioneer_display.launch - コピー.py:Zone.Identifier
-- Up-to-date: /home/neo/sim_ws/install/rover_description/share/rover_description//meshes
-- Up-to-date: /home/neo/sim_ws/install/rover_description/share/rover_description//meshes/pioneer_3dx.stl
-- Up-to-date: /home/neo/sim_ws/install/rover_description/share/rover_description//meshes/mesh.py
-- Up-to-date: /home/neo/sim_ws/install/rover_description/share/rover_description//meshes/wheel_wcm.dae
-- Up-to-date: /home/neo/sim_ws/install/rover_description/share/rover_description//meshes/rover_base.dae
-- Up-to-date: /home/neo/sim_ws/install/rover_description/share/ament_index/resource_index/package_run_dependencies/rover_description
-- Up-to-date: /home/neo/sim_ws/install/rover_description/share/ament_index/resource_index/parent_prefix_path/rover_description
-- Up-to-date: /home/neo/sim_ws/install/rover_description/share/rover_description/environment/ament_prefix_path.sh
-- Up-to-date: /home/neo/sim_ws/install/rover_description/share/rover_description/environment/ament_prefix_path.dsv
-- Up-to-date: /home/neo/sim_ws/install/rover_description/share/rover_description/environment/path.sh
-- Up-to-date: /home/neo/sim_ws/install/rover_description/share/rover_description/environment/path.dsv
-- Up-to-date: /home/neo/sim_ws/install/rover_description/share/rover_description/local_setup.bash
-- Up-to-date: /home/neo/sim_ws/install/rover_description/share/rover_description/local_setup.sh
-- Up-to-date: /home/neo/sim_ws/install/rover_description/share/rover_description/local_setup.zsh
-- Up-to-date: /home/neo/sim_ws/install/rover_description/share/rover_description/local_setup.dsv
-- Installing: /home/neo/sim_ws/install/rover_description/share/rover_description/package.dsv
-- Up-to-date: /home/neo/sim_ws/install/rover_description/share/ament_index/resource_index/packages/rover_description
-- Up-to-date: /home/neo/sim_ws/install/rover_description/share/rover_description/cmake/rover_descriptionConfig.cmake
-- Up-to-date: /home/neo/sim_ws/install/rover_description/share/rover_description/cmake/rover_descriptionConfig-version.cmake
-- Up-to-date: /home/neo/sim_ws/install/rover_description/share/rover_description/package.xml
