[2.635s] Invoking command in '/home/neo/sim_ws/sim/fake_rover_state_controller': DEBUGINFOD_URLS=https://debuginfod.ubuntu.com PYTHONPATH=/home/neo/sim_ws/build/fake_rover_state_controller/prefix_override:/usr/lib/python3/dist-packages/colcon_core/task/python/colcon_distutils_commands:/home/neo/sim_ws/install/fake_rover_state_controller/lib/python3.12/site-packages:${PYTHONPATH} /usr/bin/python3 -W ignore:setup.py install is deprecated -W ignore:easy_install command is deprecated setup.py egg_info --egg-base ../../build/fake_rover_state_controller build --build-base /home/neo/sim_ws/build/fake_rover_state_controller/build install --record /home/neo/sim_ws/build/fake_rover_state_controller/install.log --single-version-externally-managed install_data
[3.284s] running egg_info
[3.331s] writing ../../build/fake_rover_state_controller/fake_rover_state_controller.egg-info/PKG-INFO
[3.335s] writing dependency_links to ../../build/fake_rover_state_controller/fake_rover_state_controller.egg-info/dependency_links.txt
[3.335s] writing entry points to ../../build/fake_rover_state_controller/fake_rover_state_controller.egg-info/entry_points.txt
[3.336s] writing requirements to ../../build/fake_rover_state_controller/fake_rover_state_controller.egg-info/requires.txt
[3.336s] writing top-level names to ../../build/fake_rover_state_controller/fake_rover_state_controller.egg-info/top_level.txt
[3.430s] reading manifest file '../../build/fake_rover_state_controller/fake_rover_state_controller.egg-info/SOURCES.txt'
[3.431s] writing manifest file '../../build/fake_rover_state_controller/fake_rover_state_controller.egg-info/SOURCES.txt'
[3.432s] running build
[3.432s] running build_py
[3.433s] copying fake_rover_state_controller/teleop2jointstate.py -> /home/neo/sim_ws/build/fake_rover_state_controller/build/lib/fake_rover_state_controller
[3.433s] running install
[3.450s] running install_lib
[3.496s] copying /home/neo/sim_ws/build/fake_rover_state_controller/build/lib/fake_rover_state_controller/teleop2jointstate.py -> /home/neo/sim_ws/install/fake_rover_state_controller/lib/python3.12/site-packages/fake_rover_state_controller
[3.497s] byte-compiling /home/neo/sim_ws/install/fake_rover_state_controller/lib/python3.12/site-packages/fake_rover_state_controller/teleop2jointstate.py to teleop2jointstate.cpython-312.pyc
[3.499s] running install_data
[3.500s] running install_egg_info
[3.554s] removing '/home/neo/sim_ws/install/fake_rover_state_controller/lib/python3.12/site-packages/fake_rover_state_controller-0.0.0-py3.12.egg-info' (and everything under it)
[3.555s] Copying ../../build/fake_rover_state_controller/fake_rover_state_controller.egg-info to /home/neo/sim_ws/install/fake_rover_state_controller/lib/python3.12/site-packages/fake_rover_state_controller-0.0.0-py3.12.egg-info
[3.557s] running install_scripts
[3.921s] Installing teleop2js script to /home/neo/sim_ws/install/fake_rover_state_controller/lib/fake_rover_state_controller
[3.922s] writing list of installed files to '/home/neo/sim_ws/build/fake_rover_state_controller/install.log'
[3.996s] Invoked command in '/home/neo/sim_ws/sim/fake_rover_state_controller' returned '0': DEBUGINFOD_URLS=https://debuginfod.ubuntu.com PYTHONPATH=/home/neo/sim_ws/build/fake_rover_state_controller/prefix_override:/usr/lib/python3/dist-packages/colcon_core/task/python/colcon_distutils_commands:/home/neo/sim_ws/install/fake_rover_state_controller/lib/python3.12/site-packages:${PYTHONPATH} /usr/bin/python3 -W ignore:setup.py install is deprecated -W ignore:easy_install command is deprecated setup.py egg_info --egg-base ../../build/fake_rover_state_controller build --build-base /home/neo/sim_ws/build/fake_rover_state_controller/build install --record /home/neo/sim_ws/build/fake_rover_state_controller/install.log --single-version-externally-managed install_data
