[0.401s] Invoking command in '/home/neo/sim_ws/build/rover_description': CMAKE_PREFIX_PATH=${CMAKE_PREFIX_PATH}:/opt/ros/jazzy DEBUGINFOD_URLS=https://debuginfod.ubuntu.com /usr/bin/cmake /home/neo/sim_ws/sim/rover_description -DCMAKE_INSTALL_PREFIX=/home/neo/sim_ws/install/rover_description
[0.818s] -- The C compiler identification is GNU 13.3.0
[1.163s] -- The CXX compiler identification is GNU 13.3.0
[1.787s] -- Detecting C compiler ABI info
[2.088s] -- Detecting C compiler ABI info - done
[2.096s] -- Check for working C compiler: /usr/bin/cc - skipped
[2.097s] -- Detecting C compile features
[2.099s] -- Detecting C compile features - done
[2.225s] -- Detecting CXX compiler ABI info
[2.558s] -- Detecting CXX compiler ABI info - done
[2.566s] -- Check for working CXX compiler: /usr/bin/c++ - skipped
[2.566s] -- Detecting CXX compile features
[2.567s] -- Detecting CXX compile features - done
[2.584s] -- Found ament_cmake: 2.5.3 (/opt/ros/jazzy/share/ament_cmake/cmake)
[2.723s] -- Found Python3: /usr/bin/python3 (found version "3.12.3") found components: Interpreter 
[2.877s] -- Found xacro: 2.0.11 (/opt/ros/jazzy/share/xacro/cmake)
[2.880s] -- Found ament_lint_auto: 0.17.1 (/opt/ros/jazzy/share/ament_lint_auto/cmake)
[3.002s] -- Added test 'copyright' to check source files copyright and LICENSE
[3.006s] -- Added test 'flake8' to check Python code syntax and style conventions
[3.006s] -- Configured 'flake8' exclude dirs and/or files: 
[3.007s] -- Added test 'lint_cmake' to check CMake code style
[3.008s] -- Added test 'pep257' to check Python code against some of the docstring style conventions in PEP 257
[3.009s] -- Added test 'xmllint' to check XML markup files
[3.012s] -- Configuring done (2.6s)
[3.016s] -- Generating done (0.0s)
[3.018s] -- Build files have been written to: /home/neo/sim_ws/build/rover_description
[3.023s] Invoked command in '/home/neo/sim_ws/build/rover_description' returned '0': CMAKE_PREFIX_PATH=${CMAKE_PREFIX_PATH}:/opt/ros/jazzy DEBUGINFOD_URLS=https://debuginfod.ubuntu.com /usr/bin/cmake /home/neo/sim_ws/sim/rover_description -DCMAKE_INSTALL_PREFIX=/home/neo/sim_ws/install/rover_description
[3.024s] Invoking command in '/home/neo/sim_ws/build/rover_description': CMAKE_PREFIX_PATH=${CMAKE_PREFIX_PATH}:/opt/ros/jazzy DEBUGINFOD_URLS=https://debuginfod.ubuntu.com /usr/bin/cmake --build /home/neo/sim_ws/build/rover_description -- -j16 -l16
[3.051s] Invoked command in '/home/neo/sim_ws/build/rover_description' returned '0': CMAKE_PREFIX_PATH=${CMAKE_PREFIX_PATH}:/opt/ros/jazzy DEBUGINFOD_URLS=https://debuginfod.ubuntu.com /usr/bin/cmake --build /home/neo/sim_ws/build/rover_description -- -j16 -l16
[3.058s] Invoking command in '/home/neo/sim_ws/build/rover_description': CMAKE_PREFIX_PATH=${CMAKE_PREFIX_PATH}:/opt/ros/jazzy DEBUGINFOD_URLS=https://debuginfod.ubuntu.com /usr/bin/cmake --install /home/neo/sim_ws/build/rover_description
[3.063s] -- Install configuration: ""
[3.063s] -- Up-to-date: /home/neo/sim_ws/install/rover_description/share/rover_description/src
[3.063s] -- Up-to-date: /home/neo/sim_ws/install/rover_description/share/rover_description/src/description
[3.064s] -- Up-to-date: /home/neo/sim_ws/install/rover_description/share/rover_description/src/description/pioneer_base.urdf
[3.064s] -- Up-to-date: /home/neo/sim_ws/install/rover_description/share/rover_description/src/description/pioneer_multi_robot.xacro
[3.064s] -- Up-to-date: /home/neo/sim_ws/install/rover_description/share/rover_description/src/description/pioneer_base-2.urdf
[3.064s] -- Up-to-date: /home/neo/sim_ws/install/rover_description/share/rover_description/src/description/base.urdf
[3.064s] -- Up-to-date: /home/neo/sim_ws/install/rover_description/share/rover_description/launch
[3.064s] -- Installing: /home/neo/sim_ws/install/rover_description/share/rover_description/launch/pioneer.launch.py
[3.064s] -- Up-to-date: /home/neo/sim_ws/install/rover_description/share/rover_description/launch/display.launch.py
[3.064s] -- Up-to-date: /home/neo/sim_ws/install/rover_description/share/rover_description/launch/multi_robot.launch.py
[3.064s] -- Up-to-date: /home/neo/sim_ws/install/rover_description/share/rover_description/launch/pioneer_display.launch.py
[3.064s] -- Installing: /home/neo/sim_ws/install/rover_description/share/rover_description/launch/display_field.launch.py
[3.064s] -- Up-to-date: /home/neo/sim_ws/install/rover_description/share/rover_description/launch/pioneer_display-2.launch.py
[3.064s] -- Installing: /home/neo/sim_ws/install/rover_description/share/rover_description/launch/multi_robot.launch - コピー.py:Zone.Identifier
[3.064s] -- Installing: /home/neo/sim_ws/install/rover_description/share/rover_description/launch/pioneer_display.launch - コピー.py:Zone.Identifier
[3.064s] -- Up-to-date: /home/neo/sim_ws/install/rover_description/share/rover_description/rviz
[3.064s] -- Up-to-date: /home/neo/sim_ws/install/rover_description/share/rover_description/rviz/urdf_config.rviz
[3.064s] -- Up-to-date: /home/neo/sim_ws/install/rover_description/share/rover_description/config
[3.067s] -- Up-to-date: /home/neo/sim_ws/install/rover_description/share/rover_description/config/nav2_params.yaml
[3.067s] -- Up-to-date: /home/neo/sim_ws/install/rover_description/share/rover_description/config/ekf.yaml
[3.067s] -- Up-to-date: /home/neo/sim_ws/install/rover_description/share/rover_description/world
[3.067s] -- Up-to-date: /home/neo/sim_ws/install/rover_description/share/rover_description/world/my_world.sdf
[3.067s] -- Up-to-date: /home/neo/sim_ws/install/rover_description/share/rover_description//launch
[3.067s] -- Up-to-date: /home/neo/sim_ws/install/rover_description/share/rover_description//launch/pioneer.launch.py
[3.067s] -- Up-to-date: /home/neo/sim_ws/install/rover_description/share/rover_description//launch/display.launch.py
[3.067s] -- Up-to-date: /home/neo/sim_ws/install/rover_description/share/rover_description//launch/multi_robot.launch.py
[3.067s] -- Up-to-date: /home/neo/sim_ws/install/rover_description/share/rover_description//launch/pioneer_display.launch.py
[3.067s] -- Up-to-date: /home/neo/sim_ws/install/rover_description/share/rover_description//launch/display_field.launch.py
[3.068s] -- Up-to-date: /home/neo/sim_ws/install/rover_description/share/rover_description//launch/pioneer_display-2.launch.py
[3.068s] -- Up-to-date: /home/neo/sim_ws/install/rover_description/share/rover_description//launch/multi_robot.launch - コピー.py:Zone.Identifier
[3.068s] -- Up-to-date: /home/neo/sim_ws/install/rover_description/share/rover_description//launch/pioneer_display.launch - コピー.py:Zone.Identifier
[3.068s] -- Up-to-date: /home/neo/sim_ws/install/rover_description/share/rover_description//meshes
[3.068s] -- Up-to-date: /home/neo/sim_ws/install/rover_description/share/rover_description//meshes/pioneer_3dx.stl
[3.068s] -- Up-to-date: /home/neo/sim_ws/install/rover_description/share/rover_description//meshes/mesh.py
[3.068s] -- Up-to-date: /home/neo/sim_ws/install/rover_description/share/rover_description//meshes/wheel_wcm.dae
[3.069s] -- Up-to-date: /home/neo/sim_ws/install/rover_description/share/rover_description//meshes/rover_base.dae
[3.069s] -- Installing: /home/neo/sim_ws/install/rover_description/share/ament_index/resource_index/package_run_dependencies/rover_description
[3.069s] -- Installing: /home/neo/sim_ws/install/rover_description/share/ament_index/resource_index/parent_prefix_path/rover_description
[3.069s] -- Installing: /home/neo/sim_ws/install/rover_description/share/rover_description/environment/ament_prefix_path.sh
[3.069s] -- Installing: /home/neo/sim_ws/install/rover_description/share/rover_description/environment/ament_prefix_path.dsv
[3.069s] -- Installing: /home/neo/sim_ws/install/rover_description/share/rover_description/environment/path.sh
[3.069s] -- Installing: /home/neo/sim_ws/install/rover_description/share/rover_description/environment/path.dsv
[3.069s] -- Installing: /home/neo/sim_ws/install/rover_description/share/rover_description/local_setup.bash
[3.070s] -- Installing: /home/neo/sim_ws/install/rover_description/share/rover_description/local_setup.sh
[3.070s] -- Installing: /home/neo/sim_ws/install/rover_description/share/rover_description/local_setup.zsh
[3.070s] -- Installing: /home/neo/sim_ws/install/rover_description/share/rover_description/local_setup.dsv
[3.070s] -- Installing: /home/neo/sim_ws/install/rover_description/share/rover_description/package.dsv
[3.070s] -- Installing: /home/neo/sim_ws/install/rover_description/share/ament_index/resource_index/packages/rover_description
[3.070s] -- Installing: /home/neo/sim_ws/install/rover_description/share/rover_description/cmake/rover_descriptionConfig.cmake
[3.070s] -- Installing: /home/neo/sim_ws/install/rover_description/share/rover_description/cmake/rover_descriptionConfig-version.cmake
[3.071s] -- Up-to-date: /home/neo/sim_ws/install/rover_description/share/rover_description/package.xml
[3.072s] Invoked command in '/home/neo/sim_ws/build/rover_description' returned '0': CMAKE_PREFIX_PATH=${CMAKE_PREFIX_PATH}:/opt/ros/jazzy DEBUGINFOD_URLS=https://debuginfod.ubuntu.com /usr/bin/cmake --install /home/neo/sim_ws/build/rover_description
