14:30:37: Creating resource group General
14:30:37: Creating resource group OgreInternal
14:30:37: Creating resource group OgreAutodetect
14:30:37: SceneManagerFactory for type 'DefaultSceneManager' registered.
14:30:37: Registering ResourceManager for type Material
14:30:37: Registering ResourceManager for type Mesh
14:30:37: Registering ResourceManager for type Skeleton
14:30:37: MovableObjectFactory for type 'ParticleSystem' registered.
14:30:37: ArchiveFactory for archive type FileSystem registered.
14:30:37: DDS codec registering
14:30:37: ETC codec registering
14:30:37: ASTC codec registering
14:30:37: Registering ResourceManager for type HighLevelGpuProgram
14:30:37: Registering ResourceManager for type Compositor
14:30:37: MovableObjectFactory for type 'Entity' registered.
14:30:37: MovableObjectFactory for type 'Light' registered.
14:30:37: MovableObjectFactory for type 'BillboardSet' registered.
14:30:37: MovableObjectFactory for type 'ManualObject' registered.
14:30:37: MovableObjectFactory for type 'BillboardChain' registered.
14:30:37: MovableObjectFactory for type 'RibbonTrail' registered.
14:30:37: *-*-* OGRE Initialising
14:30:37: *-*-* Version 1.12.10 (Rhagorthua)
14:30:37: OverlayElementFactory for type Panel registered.
14:30:37: OverlayElementFactory for type BorderPanel registered.
14:30:37: OverlayElementFactory for type TextArea registered.
14:30:37: Registering ResourceManager for type Font
14:30:37: Loading library /opt/ros/jazzy/opt/rviz_ogre_vendor/lib/OGRE/RenderSystem_GL.so.1.12.10
14:30:37: Installing plugin: GL RenderSystem
14:30:37: OpenGL Rendering Subsystem created.
