[0.539s] Invoking command in '/home/neo/rover_sim/build/rover_description': CMAKE_PREFIX_PATH=${CMAKE_PREFIX_PATH}:/home/neo/rover_sim/install/virtual_joy:/home/neo/rover_sim/install/teleop_core:/home/neo/rover_sim/install/locomotion_core:/home/neo/rover_sim/install/fake_rover_state_controller:/opt/ros/jazzy DEBUGINFOD_URLS=https://debuginfod.ubuntu.com /usr/bin/cmake --build /home/neo/rover_sim/build/rover_description -- -j4 -l4
[0.941s] Invoked command in '/home/neo/rover_sim/build/rover_description' returned '0': CMAKE_PREFIX_PATH=${CMAKE_PREFIX_PATH}:/home/neo/rover_sim/install/virtual_joy:/home/neo/rover_sim/install/teleop_core:/home/neo/rover_sim/install/locomotion_core:/home/neo/rover_sim/install/fake_rover_state_controller:/opt/ros/jazzy DEBUGINFOD_URLS=https://debuginfod.ubuntu.com /usr/bin/cmake --build /home/neo/rover_sim/build/rover_description -- -j4 -l4
[1.064s] Invoking command in '/home/neo/rover_sim/build/rover_description': CMAKE_PREFIX_PATH=${CMAKE_PREFIX_PATH}:/home/neo/rover_sim/install/virtual_joy:/home/neo/rover_sim/install/teleop_core:/home/neo/rover_sim/install/locomotion_core:/home/neo/rover_sim/install/fake_rover_state_controller:/opt/ros/jazzy DEBUGINFOD_URLS=https://debuginfod.ubuntu.com /usr/bin/cmake --install /home/neo/rover_sim/build/rover_description
[1.091s] -- Install configuration: ""
[1.092s] -- Up-to-date: /home/neo/rover_sim/install/rover_description/share/rover_description/src
[1.092s] -- Up-to-date: /home/neo/rover_sim/install/rover_description/share/rover_description/src/description
[1.092s] -- Up-to-date: /home/neo/rover_sim/install/rover_description/share/rover_description/src/description/pioneer_base.urdf
[1.092s] -- Up-to-date: /home/neo/rover_sim/install/rover_description/share/rover_description/src/description/base.urdf
[1.092s] -- Up-to-date: /home/neo/rover_sim/install/rover_description/share/rover_description/launch
[1.093s] -- Up-to-date: /home/neo/rover_sim/install/rover_description/share/rover_description/launch/pioneer_display.launch.py
[1.093s] -- Up-to-date: /home/neo/rover_sim/install/rover_description/share/rover_description/launch/display.launch.py
[1.093s] -- Up-to-date: /home/neo/rover_sim/install/rover_description/share/rover_description/rviz
[1.093s] -- Installing: /home/neo/rover_sim/install/rover_description/share/rover_description/rviz/urdf_config.rviz
[1.093s] -- Up-to-date: /home/neo/rover_sim/install/rover_description/share/rover_description/config
[1.093s] -- Up-to-date: /home/neo/rover_sim/install/rover_description/share/rover_description/config/nav2_params.yaml
[1.093s] -- Up-to-date: /home/neo/rover_sim/install/rover_description/share/rover_description/config/ekf.yaml
[1.093s] -- Up-to-date: /home/neo/rover_sim/install/rover_description/share/rover_description/world
[1.094s] -- Up-to-date: /home/neo/rover_sim/install/rover_description/share/rover_description/world/my_world.sdf
[1.094s] -- Up-to-date: /home/neo/rover_sim/install/rover_description/share/rover_description//launch
[1.094s] -- Up-to-date: /home/neo/rover_sim/install/rover_description/share/rover_description//launch/pioneer_display.launch.py
[1.094s] -- Up-to-date: /home/neo/rover_sim/install/rover_description/share/rover_description//launch/display.launch.py
[1.094s] -- Up-to-date: /home/neo/rover_sim/install/rover_description/share/rover_description//meshes
[1.094s] -- Up-to-date: /home/neo/rover_sim/install/rover_description/share/rover_description//meshes/wheel_wcm.dae
[1.098s] -- Up-to-date: /home/neo/rover_sim/install/rover_description/share/rover_description//meshes/pioneer_3dx.stl
[1.099s] -- Up-to-date: /home/neo/rover_sim/install/rover_description/share/rover_description//meshes/mesh.py
[1.099s] -- Up-to-date: /home/neo/rover_sim/install/rover_description/share/rover_description//meshes/rover_base.dae
[1.099s] -- Up-to-date: /home/neo/rover_sim/install/rover_description/share/ament_index/resource_index/package_run_dependencies/rover_description
[1.099s] -- Up-to-date: /home/neo/rover_sim/install/rover_description/share/ament_index/resource_index/parent_prefix_path/rover_description
[1.099s] -- Up-to-date: /home/neo/rover_sim/install/rover_description/share/rover_description/environment/ament_prefix_path.sh
[1.099s] -- Up-to-date: /home/neo/rover_sim/install/rover_description/share/rover_description/environment/ament_prefix_path.dsv
[1.099s] -- Up-to-date: /home/neo/rover_sim/install/rover_description/share/rover_description/environment/path.sh
[1.099s] -- Up-to-date: /home/neo/rover_sim/install/rover_description/share/rover_description/environment/path.dsv
[1.100s] -- Up-to-date: /home/neo/rover_sim/install/rover_description/share/rover_description/local_setup.bash
[1.100s] -- Up-to-date: /home/neo/rover_sim/install/rover_description/share/rover_description/local_setup.sh
[1.100s] -- Up-to-date: /home/neo/rover_sim/install/rover_description/share/rover_description/local_setup.zsh
[1.100s] -- Up-to-date: /home/neo/rover_sim/install/rover_description/share/rover_description/local_setup.dsv
[1.100s] -- Installing: /home/neo/rover_sim/install/rover_description/share/rover_description/package.dsv
[1.100s] -- Up-to-date: /home/neo/rover_sim/install/rover_description/share/ament_index/resource_index/packages/rover_description
[1.100s] -- Up-to-date: /home/neo/rover_sim/install/rover_description/share/rover_description/cmake/rover_descriptionConfig.cmake
[1.101s] -- Up-to-date: /home/neo/rover_sim/install/rover_description/share/rover_description/cmake/rover_descriptionConfig-version.cmake
[1.101s] -- Up-to-date: /home/neo/rover_sim/install/rover_description/share/rover_description/package.xml
[1.118s] Invoked command in '/home/neo/rover_sim/build/rover_description' returned '0': CMAKE_PREFIX_PATH=${CMAKE_PREFIX_PATH}:/home/neo/rover_sim/install/virtual_joy:/home/neo/rover_sim/install/teleop_core:/home/neo/rover_sim/install/locomotion_core:/home/neo/rover_sim/install/fake_rover_state_controller:/opt/ros/jazzy DEBUGINFOD_URLS=https://debuginfod.ubuntu.com /usr/bin/cmake --install /home/neo/rover_sim/build/rover_description
