[1.413s] Invoking command in '/home/neo/sim_ws/sim/locomotion_core': PYTHONPATH=/home/neo/sim_ws/build/locomotion_core/prefix_override:/usr/lib/python3/dist-packages/colcon_core/task/python/colcon_distutils_commands:/home/neo/sim_ws/install/locomotion_core/lib/python3.12/site-packages:${PYTHONPATH} /usr/bin/python3 -W ignore:setup.py install is deprecated -W ignore:easy_install command is deprecated setup.py egg_info --egg-base ../../build/locomotion_core build --build-base /home/neo/sim_ws/build/locomotion_core/build install --record /home/neo/sim_ws/build/locomotion_core/install.log --single-version-externally-managed install_data
[1.669s] running egg_info
[1.669s] creating ../../build/locomotion_core/locomotion_core.egg-info
[1.682s] writing ../../build/locomotion_core/locomotion_core.egg-info/PKG-INFO
[1.683s] writing dependency_links to ../../build/locomotion_core/locomotion_core.egg-info/dependency_links.txt
[1.683s] writing entry points to ../../build/locomotion_core/locomotion_core.egg-info/entry_points.txt
[1.683s] writing requirements to ../../build/locomotion_core/locomotion_core.egg-info/requires.txt
[1.683s] writing top-level names to ../../build/locomotion_core/locomotion_core.egg-info/top_level.txt
[1.683s] writing manifest file '../../build/locomotion_core/locomotion_core.egg-info/SOURCES.txt'
[1.712s] reading manifest file '../../build/locomotion_core/locomotion_core.egg-info/SOURCES.txt'
[1.713s] writing manifest file '../../build/locomotion_core/locomotion_core.egg-info/SOURCES.txt'
[1.713s] running build
[1.713s] running build_py
[1.713s] creating /home/neo/sim_ws/build/locomotion_core/build
[1.713s] creating /home/neo/sim_ws/build/locomotion_core/build/lib
[1.714s] creating /home/neo/sim_ws/build/locomotion_core/build/lib/locomotion_core
[1.714s] copying locomotion_core/enable_srv.py -> /home/neo/sim_ws/build/locomotion_core/build/lib/locomotion_core
[1.714s] copying locomotion_core/enable_srv_pi.py -> /home/neo/sim_ws/build/locomotion_core/build/lib/locomotion_core
[1.714s] copying locomotion_core/cmd_roboteq_jetson.py -> /home/neo/sim_ws/build/locomotion_core/build/lib/locomotion_core
[1.715s] copying locomotion_core/rover_enable.py -> /home/neo/sim_ws/build/locomotion_core/build/lib/locomotion_core
[1.715s] copying locomotion_core/movebase_kinematics.py -> /home/neo/sim_ws/build/locomotion_core/build/lib/locomotion_core
[1.715s] copying locomotion_core/rover_state_controller.py -> /home/neo/sim_ws/build/locomotion_core/build/lib/locomotion_core
[1.716s] copying locomotion_core/cmd_roboteq_pi.py -> /home/neo/sim_ws/build/locomotion_core/build/lib/locomotion_core
[1.716s] copying locomotion_core/__init__.py -> /home/neo/sim_ws/build/locomotion_core/build/lib/locomotion_core
[1.717s] running install
[1.722s] running install_lib
[1.735s] creating /home/neo/sim_ws/install/locomotion_core/lib/python3.12/site-packages/locomotion_core
[1.735s] copying /home/neo/sim_ws/build/locomotion_core/build/lib/locomotion_core/enable_srv.py -> /home/neo/sim_ws/install/locomotion_core/lib/python3.12/site-packages/locomotion_core
[1.735s] copying /home/neo/sim_ws/build/locomotion_core/build/lib/locomotion_core/enable_srv_pi.py -> /home/neo/sim_ws/install/locomotion_core/lib/python3.12/site-packages/locomotion_core
[1.736s] copying /home/neo/sim_ws/build/locomotion_core/build/lib/locomotion_core/cmd_roboteq_jetson.py -> /home/neo/sim_ws/install/locomotion_core/lib/python3.12/site-packages/locomotion_core
[1.736s] copying /home/neo/sim_ws/build/locomotion_core/build/lib/locomotion_core/rover_enable.py -> /home/neo/sim_ws/install/locomotion_core/lib/python3.12/site-packages/locomotion_core
[1.736s] copying /home/neo/sim_ws/build/locomotion_core/build/lib/locomotion_core/movebase_kinematics.py -> /home/neo/sim_ws/install/locomotion_core/lib/python3.12/site-packages/locomotion_core
[1.736s] copying /home/neo/sim_ws/build/locomotion_core/build/lib/locomotion_core/rover_state_controller.py -> /home/neo/sim_ws/install/locomotion_core/lib/python3.12/site-packages/locomotion_core
[1.736s] copying /home/neo/sim_ws/build/locomotion_core/build/lib/locomotion_core/cmd_roboteq_pi.py -> /home/neo/sim_ws/install/locomotion_core/lib/python3.12/site-packages/locomotion_core
[1.737s] copying /home/neo/sim_ws/build/locomotion_core/build/lib/locomotion_core/__init__.py -> /home/neo/sim_ws/install/locomotion_core/lib/python3.12/site-packages/locomotion_core
[1.737s] byte-compiling /home/neo/sim_ws/install/locomotion_core/lib/python3.12/site-packages/locomotion_core/enable_srv.py to enable_srv.cpython-312.pyc
[1.738s] byte-compiling /home/neo/sim_ws/install/locomotion_core/lib/python3.12/site-packages/locomotion_core/enable_srv_pi.py to enable_srv_pi.cpython-312.pyc
[1.744s] byte-compiling /home/neo/sim_ws/install/locomotion_core/lib/python3.12/site-packages/locomotion_core/cmd_roboteq_jetson.py to cmd_roboteq_jetson.cpython-312.pyc
[1.744s] byte-compiling /home/neo/sim_ws/install/locomotion_core/lib/python3.12/site-packages/locomotion_core/rover_enable.py to rover_enable.cpython-312.pyc
[1.744s] byte-compiling /home/neo/sim_ws/install/locomotion_core/lib/python3.12/site-packages/locomotion_core/movebase_kinematics.py to movebase_kinematics.cpython-312.pyc
[1.747s] byte-compiling /home/neo/sim_ws/install/locomotion_core/lib/python3.12/site-packages/locomotion_core/rover_state_controller.py to rover_state_controller.cpython-312.pyc
[1.747s] byte-compiling /home/neo/sim_ws/install/locomotion_core/lib/python3.12/site-packages/locomotion_core/cmd_roboteq_pi.py to cmd_roboteq_pi.cpython-312.pyc
[1.747s] byte-compiling /home/neo/sim_ws/install/locomotion_core/lib/python3.12/site-packages/locomotion_core/__init__.py to __init__.cpython-312.pyc
[1.747s] running install_data
[1.747s] creating /home/neo/sim_ws/install/locomotion_core/share/ament_index
[1.747s] creating /home/neo/sim_ws/install/locomotion_core/share/ament_index/resource_index
[1.747s] creating /home/neo/sim_ws/install/locomotion_core/share/ament_index/resource_index/packages
[1.747s] copying resource/locomotion_core -> /home/neo/sim_ws/install/locomotion_core/share/ament_index/resource_index/packages
[1.747s] copying package.xml -> /home/neo/sim_ws/install/locomotion_core/share/locomotion_core
[1.748s] running install_egg_info
[1.764s] Copying ../../build/locomotion_core/locomotion_core.egg-info to /home/neo/sim_ws/install/locomotion_core/lib/python3.12/site-packages/locomotion_core-0.0.0-py3.12.egg-info
[1.766s] running install_scripts
[1.875s] Installing cmd_roboteq script to /home/neo/sim_ws/install/locomotion_core/lib/locomotion_core
[1.877s] Installing en_service script to /home/neo/sim_ws/install/locomotion_core/lib/locomotion_core
[1.877s] Installing movebase_kinematics script to /home/neo/sim_ws/install/locomotion_core/lib/locomotion_core
[1.877s] Installing rover_enable script to /home/neo/sim_ws/install/locomotion_core/lib/locomotion_core
[1.877s] Installing rover_state_controller script to /home/neo/sim_ws/install/locomotion_core/lib/locomotion_core
[1.877s] writing list of installed files to '/home/neo/sim_ws/build/locomotion_core/install.log'
[1.906s] Invoked command in '/home/neo/sim_ws/sim/locomotion_core' returned '0': PYTHONPATH=/home/neo/sim_ws/build/locomotion_core/prefix_override:/usr/lib/python3/dist-packages/colcon_core/task/python/colcon_distutils_commands:/home/neo/sim_ws/install/locomotion_core/lib/python3.12/site-packages:${PYTHONPATH} /usr/bin/python3 -W ignore:setup.py install is deprecated -W ignore:easy_install command is deprecated setup.py egg_info --egg-base ../../build/locomotion_core build --build-base /home/neo/sim_ws/build/locomotion_core/build install --record /home/neo/sim_ws/build/locomotion_core/install.log --single-version-externally-managed install_data
