[2.202s] Invoking command in '/home/neo/sim_ws/sim/locomotion_core': DEBUGINFOD_URLS=https://debuginfod.ubuntu.com PYTHONPATH=/home/neo/sim_ws/build/locomotion_core/prefix_override:/usr/lib/python3/dist-packages/colcon_core/task/python/colcon_distutils_commands:/home/neo/sim_ws/install/locomotion_core/lib/python3.12/site-packages:${PYTHONPATH} /usr/bin/python3 -W ignore:setup.py install is deprecated -W ignore:easy_install command is deprecated setup.py egg_info --egg-base ../../build/locomotion_core build --build-base /home/neo/sim_ws/build/locomotion_core/build install --record /home/neo/sim_ws/build/locomotion_core/install.log --single-version-externally-managed install_data
[2.783s] running egg_info
[2.829s] writing ../../build/locomotion_core/locomotion_core.egg-info/PKG-INFO
[2.830s] writing dependency_links to ../../build/locomotion_core/locomotion_core.egg-info/dependency_links.txt
[2.830s] writing entry points to ../../build/locomotion_core/locomotion_core.egg-info/entry_points.txt
[2.833s] writing requirements to ../../build/locomotion_core/locomotion_core.egg-info/requires.txt
[2.833s] writing top-level names to ../../build/locomotion_core/locomotion_core.egg-info/top_level.txt
[2.922s] reading manifest file '../../build/locomotion_core/locomotion_core.egg-info/SOURCES.txt'
[2.923s] writing manifest file '../../build/locomotion_core/locomotion_core.egg-info/SOURCES.txt'
[2.923s] running build
[2.923s] running build_py
[2.928s] running install
[2.939s] running install_lib
[2.985s] running install_data
[2.985s] running install_egg_info
[3.034s] removing '/home/neo/sim_ws/install/locomotion_core/lib/python3.12/site-packages/locomotion_core-0.0.0-py3.12.egg-info' (and everything under it)
[3.035s] Copying ../../build/locomotion_core/locomotion_core.egg-info to /home/neo/sim_ws/install/locomotion_core/lib/python3.12/site-packages/locomotion_core-0.0.0-py3.12.egg-info
[3.037s] running install_scripts
[3.326s] Installing cmd_roboteq script to /home/neo/sim_ws/install/locomotion_core/lib/locomotion_core
[3.326s] Installing en_service script to /home/neo/sim_ws/install/locomotion_core/lib/locomotion_core
[3.326s] Installing movebase_kinematics script to /home/neo/sim_ws/install/locomotion_core/lib/locomotion_core
[3.327s] Installing rover_enable script to /home/neo/sim_ws/install/locomotion_core/lib/locomotion_core
[3.328s] Installing rover_state_controller script to /home/neo/sim_ws/install/locomotion_core/lib/locomotion_core
[3.328s] writing list of installed files to '/home/neo/sim_ws/build/locomotion_core/install.log'
[3.397s] Invoked command in '/home/neo/sim_ws/sim/locomotion_core' returned '0': DEBUGINFOD_URLS=https://debuginfod.ubuntu.com PYTHONPATH=/home/neo/sim_ws/build/locomotion_core/prefix_override:/usr/lib/python3/dist-packages/colcon_core/task/python/colcon_distutils_commands:/home/neo/sim_ws/install/locomotion_core/lib/python3.12/site-packages:${PYTHONPATH} /usr/bin/python3 -W ignore:setup.py install is deprecated -W ignore:easy_install command is deprecated setup.py egg_info --egg-base ../../build/locomotion_core build --build-base /home/neo/sim_ws/build/locomotion_core/build install --record /home/neo/sim_ws/build/locomotion_core/install.log --single-version-externally-managed install_data
