[0.584s] Invoking command in '/home/neo/sim_ws/build/rover_description': CMAKE_PREFIX_PATH=${CMAKE_PREFIX_PATH}:/home/neo/sim_ws/install/virtual_joy:/home/neo/sim_ws/install/teleop_core:/home/neo/sim_ws/install/locomotion_core:/home/neo/sim_ws/install/fake_rover_state_controller:/opt/ros/jazzy DEBUGINFOD_URLS=https://debuginfod.ubuntu.com /usr/bin/cmake --build /home/neo/sim_ws/build/rover_description -- -j16 -l16
[1.188s] Invoked command in '/home/neo/sim_ws/build/rover_description' returned '0': CMAKE_PREFIX_PATH=${CMAKE_PREFIX_PATH}:/home/neo/sim_ws/install/virtual_joy:/home/neo/sim_ws/install/teleop_core:/home/neo/sim_ws/install/locomotion_core:/home/neo/sim_ws/install/fake_rover_state_controller:/opt/ros/jazzy DEBUGINFOD_URLS=https://debuginfod.ubuntu.com /usr/bin/cmake --build /home/neo/sim_ws/build/rover_description -- -j16 -l16
[1.199s] Invoking command in '/home/neo/sim_ws/build/rover_description': CMAKE_PREFIX_PATH=${CMAKE_PREFIX_PATH}:/home/neo/sim_ws/install/virtual_joy:/home/neo/sim_ws/install/teleop_core:/home/neo/sim_ws/install/locomotion_core:/home/neo/sim_ws/install/fake_rover_state_controller:/opt/ros/jazzy DEBUGINFOD_URLS=https://debuginfod.ubuntu.com /usr/bin/cmake --install /home/neo/sim_ws/build/rover_description
[1.210s] -- Install configuration: ""
[1.210s] -- Up-to-date: /home/neo/sim_ws/install/rover_description/share/rover_description/src
[1.210s] -- Up-to-date: /home/neo/sim_ws/install/rover_description/share/rover_description/src/description
[1.211s] -- Up-to-date: /home/neo/sim_ws/install/rover_description/share/rover_description/src/description/base (copy).urdf
[1.211s] -- Up-to-date: /home/neo/sim_ws/install/rover_description/share/rover_description/src/description/base.urdf
[1.211s] -- Up-to-date: /home/neo/sim_ws/install/rover_description/share/rover_description/launch
[1.212s] -- Up-to-date: /home/neo/sim_ws/install/rover_description/share/rover_description/launch/display.launch.py
[1.212s] -- Up-to-date: /home/neo/sim_ws/install/rover_description/share/rover_description/rviz
[1.212s] -- Up-to-date: /home/neo/sim_ws/install/rover_description/share/rover_description/rviz/urdf_config.rviz
[1.212s] -- Up-to-date: /home/neo/sim_ws/install/rover_description/share/rover_description/config
[1.212s] -- Up-to-date: /home/neo/sim_ws/install/rover_description/share/rover_description/config/nav2_params.yaml
[1.213s] -- Up-to-date: /home/neo/sim_ws/install/rover_description/share/rover_description/config/ekf.yaml
[1.213s] -- Up-to-date: /home/neo/sim_ws/install/rover_description/share/rover_description/world
[1.213s] -- Up-to-date: /home/neo/sim_ws/install/rover_description/share/rover_description/world/my_world.sdf
[1.214s] -- Up-to-date: /home/neo/sim_ws/install/rover_description/share/rover_description//launch
[1.216s] -- Up-to-date: /home/neo/sim_ws/install/rover_description/share/rover_description//launch/display.launch.py
[1.216s] -- Up-to-date: /home/neo/sim_ws/install/rover_description/share/rover_description//meshes
[1.216s] -- Up-to-date: /home/neo/sim_ws/install/rover_description/share/rover_description//meshes/wheel_wcm.dae
[1.216s] -- Up-to-date: /home/neo/sim_ws/install/rover_description/share/rover_description//meshes/rover_base.dae
[1.216s] -- Up-to-date: /home/neo/sim_ws/install/rover_description/share/ament_index/resource_index/package_run_dependencies/rover_description
[1.217s] -- Up-to-date: /home/neo/sim_ws/install/rover_description/share/ament_index/resource_index/parent_prefix_path/rover_description
[1.218s] -- Up-to-date: /home/neo/sim_ws/install/rover_description/share/rover_description/environment/ament_prefix_path.sh
[1.219s] -- Up-to-date: /home/neo/sim_ws/install/rover_description/share/rover_description/environment/ament_prefix_path.dsv
[1.219s] -- Up-to-date: /home/neo/sim_ws/install/rover_description/share/rover_description/environment/path.sh
[1.224s] -- Up-to-date: /home/neo/sim_ws/install/rover_description/share/rover_description/environment/path.dsv
[1.225s] -- Up-to-date: /home/neo/sim_ws/install/rover_description/share/rover_description/local_setup.bash
[1.225s] -- Up-to-date: /home/neo/sim_ws/install/rover_description/share/rover_description/local_setup.sh
[1.227s] -- Up-to-date: /home/neo/sim_ws/install/rover_description/share/rover_description/local_setup.zsh
[1.228s] -- Up-to-date: /home/neo/sim_ws/install/rover_description/share/rover_description/local_setup.dsv
[1.228s] -- Installing: /home/neo/sim_ws/install/rover_description/share/rover_description/package.dsv
[1.229s] -- Up-to-date: /home/neo/sim_ws/install/rover_description/share/ament_index/resource_index/packages/rover_description
[1.229s] -- Up-to-date: /home/neo/sim_ws/install/rover_description/share/rover_description/cmake/rover_descriptionConfig.cmake
[1.229s] -- Up-to-date: /home/neo/sim_ws/install/rover_description/share/rover_description/cmake/rover_descriptionConfig-version.cmake
[1.229s] -- Up-to-date: /home/neo/sim_ws/install/rover_description/share/rover_description/package.xml
[1.231s] Invoked command in '/home/neo/sim_ws/build/rover_description' returned '0': CMAKE_PREFIX_PATH=${CMAKE_PREFIX_PATH}:/home/neo/sim_ws/install/virtual_joy:/home/neo/sim_ws/install/teleop_core:/home/neo/sim_ws/install/locomotion_core:/home/neo/sim_ws/install/fake_rover_state_controller:/opt/ros/jazzy DEBUGINFOD_URLS=https://debuginfod.ubuntu.com /usr/bin/cmake --install /home/neo/sim_ws/build/rover_description
