[0.661s] Invoking command in '/home/neo/sim_ws/build/rover_description': CMAKE_PREFIX_PATH=${CMAKE_PREFIX_PATH}:/opt/ros/jazzy DEBUGINFOD_URLS=https://debuginfod.ubuntu.com /usr/bin/cmake --build /home/neo/sim_ws/build/rover_description -- -j4 -l4
[0.995s] Invoked command in '/home/neo/sim_ws/build/rover_description' returned '0': CMAKE_PREFIX_PATH=${CMAKE_PREFIX_PATH}:/opt/ros/jazzy DEBUGINFOD_URLS=https://debuginfod.ubuntu.com /usr/bin/cmake --build /home/neo/sim_ws/build/rover_description -- -j4 -l4
[1.019s] Invoking command in '/home/neo/sim_ws/build/rover_description': CMAKE_PREFIX_PATH=${CMAKE_PREFIX_PATH}:/opt/ros/jazzy DEBUGINFOD_URLS=https://debuginfod.ubuntu.com /usr/bin/cmake --install /home/neo/sim_ws/build/rover_description
[1.035s] -- Install configuration: ""
[1.036s] -- Up-to-date: /home/neo/sim_ws/install/rover_description/share/rover_description/src
[1.036s] -- Up-to-date: /home/neo/sim_ws/install/rover_description/share/rover_description/src/description
[1.037s] -- Up-to-date: /home/neo/sim_ws/install/rover_description/share/rover_description/src/description/pioneer_base-2.urdf
[1.039s] -- Up-to-date: /home/neo/sim_ws/install/rover_description/share/rover_description/src/description/pioneer_base.urdf
[1.040s] -- Up-to-date: /home/neo/sim_ws/install/rover_description/share/rover_description/src/description/base.urdf
[1.040s] -- Installing: /home/neo/sim_ws/install/rover_description/share/rover_description/src/description/pioneer_multi_robot.xacro
[1.040s] -- Up-to-date: /home/neo/sim_ws/install/rover_description/share/rover_description/launch
[1.040s] -- Up-to-date: /home/neo/sim_ws/install/rover_description/share/rover_description/launch/pioneer_display.launch.py
[1.040s] -- Up-to-date: /home/neo/sim_ws/install/rover_description/share/rover_description/launch/pioneer_display-2.launch.py
[1.041s] -- Up-to-date: /home/neo/sim_ws/install/rover_description/share/rover_description/launch/display.launch.py
[1.041s] -- Up-to-date: /home/neo/sim_ws/install/rover_description/share/rover_description/launch/multi_robot.launch.py
[1.041s] -- Up-to-date: /home/neo/sim_ws/install/rover_description/share/rover_description/rviz
[1.041s] -- Up-to-date: /home/neo/sim_ws/install/rover_description/share/rover_description/rviz/urdf_config.rviz
[1.042s] -- Up-to-date: /home/neo/sim_ws/install/rover_description/share/rover_description/config
[1.042s] -- Up-to-date: /home/neo/sim_ws/install/rover_description/share/rover_description/config/nav2_params.yaml
[1.043s] -- Up-to-date: /home/neo/sim_ws/install/rover_description/share/rover_description/config/ekf.yaml
[1.043s] -- Up-to-date: /home/neo/sim_ws/install/rover_description/share/rover_description/world
[1.043s] -- Up-to-date: /home/neo/sim_ws/install/rover_description/share/rover_description/world/my_world.sdf
[1.043s] -- Up-to-date: /home/neo/sim_ws/install/rover_description/share/rover_description//launch
[1.043s] -- Up-to-date: /home/neo/sim_ws/install/rover_description/share/rover_description//launch/pioneer_display.launch.py
[1.043s] -- Up-to-date: /home/neo/sim_ws/install/rover_description/share/rover_description//launch/pioneer_display-2.launch.py
[1.043s] -- Up-to-date: /home/neo/sim_ws/install/rover_description/share/rover_description//launch/display.launch.py
[1.044s] -- Up-to-date: /home/neo/sim_ws/install/rover_description/share/rover_description//launch/multi_robot.launch.py
[1.044s] -- Up-to-date: /home/neo/sim_ws/install/rover_description/share/rover_description//meshes
[1.044s] -- Up-to-date: /home/neo/sim_ws/install/rover_description/share/rover_description//meshes/wheel_wcm.dae
[1.044s] -- Up-to-date: /home/neo/sim_ws/install/rover_description/share/rover_description//meshes/pioneer_3dx.stl
[1.044s] -- Up-to-date: /home/neo/sim_ws/install/rover_description/share/rover_description//meshes/mesh.py
[1.045s] -- Up-to-date: /home/neo/sim_ws/install/rover_description/share/rover_description//meshes/rover_base.dae
[1.045s] -- Up-to-date: /home/neo/sim_ws/install/rover_description/share/ament_index/resource_index/package_run_dependencies/rover_description
[1.045s] -- Up-to-date: /home/neo/sim_ws/install/rover_description/share/ament_index/resource_index/parent_prefix_path/rover_description
[1.046s] -- Up-to-date: /home/neo/sim_ws/install/rover_description/share/rover_description/environment/ament_prefix_path.sh
[1.046s] -- Up-to-date: /home/neo/sim_ws/install/rover_description/share/rover_description/environment/ament_prefix_path.dsv
[1.046s] -- Up-to-date: /home/neo/sim_ws/install/rover_description/share/rover_description/environment/path.sh
[1.046s] -- Up-to-date: /home/neo/sim_ws/install/rover_description/share/rover_description/environment/path.dsv
[1.046s] -- Up-to-date: /home/neo/sim_ws/install/rover_description/share/rover_description/local_setup.bash
[1.047s] -- Up-to-date: /home/neo/sim_ws/install/rover_description/share/rover_description/local_setup.sh
[1.047s] -- Up-to-date: /home/neo/sim_ws/install/rover_description/share/rover_description/local_setup.zsh
[1.047s] -- Up-to-date: /home/neo/sim_ws/install/rover_description/share/rover_description/local_setup.dsv
[1.047s] -- Installing: /home/neo/sim_ws/install/rover_description/share/rover_description/package.dsv
[1.048s] -- Up-to-date: /home/neo/sim_ws/install/rover_description/share/ament_index/resource_index/packages/rover_description
[1.051s] -- Up-to-date: /home/neo/sim_ws/install/rover_description/share/rover_description/cmake/rover_descriptionConfig.cmake
[1.051s] -- Up-to-date: /home/neo/sim_ws/install/rover_description/share/rover_description/cmake/rover_descriptionConfig-version.cmake
[1.051s] -- Up-to-date: /home/neo/sim_ws/install/rover_description/share/rover_description/package.xml
[1.051s] Invoked command in '/home/neo/sim_ws/build/rover_description' returned '0': CMAKE_PREFIX_PATH=${CMAKE_PREFIX_PATH}:/opt/ros/jazzy DEBUGINFOD_URLS=https://debuginfod.ubuntu.com /usr/bin/cmake --install /home/neo/sim_ws/build/rover_description
