[2.211s] Invoking command in '/home/neo/rover_sim/sim/teleop_core': DEBUGINFOD_URLS=https://debuginfod.ubuntu.com PYTHONPATH=/home/neo/rover_sim/build/teleop_core/prefix_override:/usr/lib/python3/dist-packages/colcon_core/task/python/colcon_distutils_commands:/home/neo/rover_sim/install/teleop_core/lib/python3.12/site-packages:${PYTHONPATH} /usr/bin/python3 -W ignore:setup.py install is deprecated setup.py egg_info --egg-base ../../build/teleop_core build --build-base /home/neo/rover_sim/build/teleop_core/build install --record /home/neo/rover_sim/build/teleop_core/install.log --single-version-externally-managed install_data
[2.831s] running egg_info
[2.831s] creating ../../build/teleop_core/teleop_core.egg-info
[2.871s] writing ../../build/teleop_core/teleop_core.egg-info/PKG-INFO
[2.871s] writing dependency_links to ../../build/teleop_core/teleop_core.egg-info/dependency_links.txt
[2.871s] writing entry points to ../../build/teleop_core/teleop_core.egg-info/entry_points.txt
[2.871s] writing requirements to ../../build/teleop_core/teleop_core.egg-info/requires.txt
[2.871s] writing top-level names to ../../build/teleop_core/teleop_core.egg-info/top_level.txt
[2.872s] writing manifest file '../../build/teleop_core/teleop_core.egg-info/SOURCES.txt'
[2.963s] reading manifest file '../../build/teleop_core/teleop_core.egg-info/SOURCES.txt'
[2.964s] writing manifest file '../../build/teleop_core/teleop_core.egg-info/SOURCES.txt'
[2.964s] running build
[2.964s] running build_py
[2.965s] creating /home/neo/rover_sim/build/teleop_core/build
[2.965s] creating /home/neo/rover_sim/build/teleop_core/build/lib
[2.967s] creating /home/neo/rover_sim/build/teleop_core/build/lib/teleop_core
[2.967s] copying teleop_core/run_joy.py -> /home/neo/rover_sim/build/teleop_core/build/lib/teleop_core
[2.967s] copying teleop_core/__init__.py -> /home/neo/rover_sim/build/teleop_core/build/lib/teleop_core
[2.967s] running install
[2.978s] running install_lib
[3.027s] creating /home/neo/rover_sim/install/teleop_core/lib/python3.12/site-packages/teleop_core
[3.027s] copying /home/neo/rover_sim/build/teleop_core/build/lib/teleop_core/run_joy.py -> /home/neo/rover_sim/install/teleop_core/lib/python3.12/site-packages/teleop_core
[3.027s] copying /home/neo/rover_sim/build/teleop_core/build/lib/teleop_core/__init__.py -> /home/neo/rover_sim/install/teleop_core/lib/python3.12/site-packages/teleop_core
[3.028s] byte-compiling /home/neo/rover_sim/install/teleop_core/lib/python3.12/site-packages/teleop_core/run_joy.py to run_joy.cpython-312.pyc
[3.029s] byte-compiling /home/neo/rover_sim/install/teleop_core/lib/python3.12/site-packages/teleop_core/__init__.py to __init__.cpython-312.pyc
[3.030s] running install_data
[3.030s] running install_egg_info
[3.077s] Copying ../../build/teleop_core/teleop_core.egg-info to /home/neo/rover_sim/install/teleop_core/lib/python3.12/site-packages/teleop_core-0.0.0-py3.12.egg-info
[3.077s] running install_scripts
[3.363s] Installing rover2_joy script to /home/neo/rover_sim/install/teleop_core/lib/teleop_core
[3.369s] writing list of installed files to '/home/neo/rover_sim/build/teleop_core/install.log'
[3.439s] Invoked command in '/home/neo/rover_sim/sim/teleop_core' returned '0': DEBUGINFOD_URLS=https://debuginfod.ubuntu.com PYTHONPATH=/home/neo/rover_sim/build/teleop_core/prefix_override:/usr/lib/python3/dist-packages/colcon_core/task/python/colcon_distutils_commands:/home/neo/rover_sim/install/teleop_core/lib/python3.12/site-packages:${PYTHONPATH} /usr/bin/python3 -W ignore:setup.py install is deprecated setup.py egg_info --egg-base ../../build/teleop_core build --build-base /home/neo/rover_sim/build/teleop_core/build install --record /home/neo/rover_sim/build/teleop_core/install.log --single-version-externally-managed install_data
