[2.207s] Invoking command in '/home/neo/rover_sim/sim/locomotion_core': DEBUGINFOD_URLS=https://debuginfod.ubuntu.com PYTHONPATH=/home/neo/rover_sim/build/locomotion_core/prefix_override:/usr/lib/python3/dist-packages/colcon_core/task/python/colcon_distutils_commands:/home/neo/rover_sim/install/locomotion_core/lib/python3.12/site-packages:${PYTHONPATH} /usr/bin/python3 -W ignore:setup.py install is deprecated setup.py egg_info --egg-base ../../build/locomotion_core build --build-base /home/neo/rover_sim/build/locomotion_core/build install --record /home/neo/rover_sim/build/locomotion_core/install.log --single-version-externally-managed install_data
[2.751s] running egg_info
[2.754s] creating ../../build/locomotion_core/locomotion_core.egg-info
[2.789s] writing ../../build/locomotion_core/locomotion_core.egg-info/PKG-INFO
[2.789s] writing dependency_links to ../../build/locomotion_core/locomotion_core.egg-info/dependency_links.txt
[2.790s] writing entry points to ../../build/locomotion_core/locomotion_core.egg-info/entry_points.txt
[2.790s] writing requirements to ../../build/locomotion_core/locomotion_core.egg-info/requires.txt
[2.790s] writing top-level names to ../../build/locomotion_core/locomotion_core.egg-info/top_level.txt
[2.790s] writing manifest file '../../build/locomotion_core/locomotion_core.egg-info/SOURCES.txt'
[2.884s] reading manifest file '../../build/locomotion_core/locomotion_core.egg-info/SOURCES.txt'
[2.884s] writing manifest file '../../build/locomotion_core/locomotion_core.egg-info/SOURCES.txt'
[2.885s] running build
[2.885s] running build_py
[2.885s] creating /home/neo/rover_sim/build/locomotion_core/build
[2.885s] creating /home/neo/rover_sim/build/locomotion_core/build/lib
[2.886s] creating /home/neo/rover_sim/build/locomotion_core/build/lib/locomotion_core
[2.886s] copying locomotion_core/cmd_roboteq_jetson.py -> /home/neo/rover_sim/build/locomotion_core/build/lib/locomotion_core
[2.890s] copying locomotion_core/movebase_kinematics.py -> /home/neo/rover_sim/build/locomotion_core/build/lib/locomotion_core
[2.891s] copying locomotion_core/rover_enable.py -> /home/neo/rover_sim/build/locomotion_core/build/lib/locomotion_core
[2.891s] copying locomotion_core/enable_srv_pi.py -> /home/neo/rover_sim/build/locomotion_core/build/lib/locomotion_core
[2.896s] copying locomotion_core/cmd_roboteq_pi.py -> /home/neo/rover_sim/build/locomotion_core/build/lib/locomotion_core
[2.896s] copying locomotion_core/enable_srv.py -> /home/neo/rover_sim/build/locomotion_core/build/lib/locomotion_core
[2.896s] copying locomotion_core/__init__.py -> /home/neo/rover_sim/build/locomotion_core/build/lib/locomotion_core
[2.896s] copying locomotion_core/rover_state_controller.py -> /home/neo/rover_sim/build/locomotion_core/build/lib/locomotion_core
[2.896s] running install
[2.909s] running install_lib
[2.953s] creating /home/neo/rover_sim/install/locomotion_core/lib/python3.12/site-packages/locomotion_core
[2.954s] copying /home/neo/rover_sim/build/locomotion_core/build/lib/locomotion_core/cmd_roboteq_jetson.py -> /home/neo/rover_sim/install/locomotion_core/lib/python3.12/site-packages/locomotion_core
[2.954s] copying /home/neo/rover_sim/build/locomotion_core/build/lib/locomotion_core/movebase_kinematics.py -> /home/neo/rover_sim/install/locomotion_core/lib/python3.12/site-packages/locomotion_core
[2.955s] copying /home/neo/rover_sim/build/locomotion_core/build/lib/locomotion_core/rover_enable.py -> /home/neo/rover_sim/install/locomotion_core/lib/python3.12/site-packages/locomotion_core
[2.956s] copying /home/neo/rover_sim/build/locomotion_core/build/lib/locomotion_core/enable_srv_pi.py -> /home/neo/rover_sim/install/locomotion_core/lib/python3.12/site-packages/locomotion_core
[2.956s] copying /home/neo/rover_sim/build/locomotion_core/build/lib/locomotion_core/cmd_roboteq_pi.py -> /home/neo/rover_sim/install/locomotion_core/lib/python3.12/site-packages/locomotion_core
[2.957s] copying /home/neo/rover_sim/build/locomotion_core/build/lib/locomotion_core/enable_srv.py -> /home/neo/rover_sim/install/locomotion_core/lib/python3.12/site-packages/locomotion_core
[2.957s] copying /home/neo/rover_sim/build/locomotion_core/build/lib/locomotion_core/__init__.py -> /home/neo/rover_sim/install/locomotion_core/lib/python3.12/site-packages/locomotion_core
[2.958s] copying /home/neo/rover_sim/build/locomotion_core/build/lib/locomotion_core/rover_state_controller.py -> /home/neo/rover_sim/install/locomotion_core/lib/python3.12/site-packages/locomotion_core
[2.960s] byte-compiling /home/neo/rover_sim/install/locomotion_core/lib/python3.12/site-packages/locomotion_core/cmd_roboteq_jetson.py to cmd_roboteq_jetson.cpython-312.pyc
[2.960s] byte-compiling /home/neo/rover_sim/install/locomotion_core/lib/python3.12/site-packages/locomotion_core/movebase_kinematics.py to movebase_kinematics.cpython-312.pyc
[2.962s] byte-compiling /home/neo/rover_sim/install/locomotion_core/lib/python3.12/site-packages/locomotion_core/rover_enable.py to rover_enable.cpython-312.pyc
[2.965s] byte-compiling /home/neo/rover_sim/install/locomotion_core/lib/python3.12/site-packages/locomotion_core/enable_srv_pi.py to enable_srv_pi.cpython-312.pyc
[2.965s] byte-compiling /home/neo/rover_sim/install/locomotion_core/lib/python3.12/site-packages/locomotion_core/cmd_roboteq_pi.py to cmd_roboteq_pi.cpython-312.pyc
[2.966s] byte-compiling /home/neo/rover_sim/install/locomotion_core/lib/python3.12/site-packages/locomotion_core/enable_srv.py to enable_srv.cpython-312.pyc
[2.967s] byte-compiling /home/neo/rover_sim/install/locomotion_core/lib/python3.12/site-packages/locomotion_core/__init__.py to __init__.cpython-312.pyc
[2.968s] byte-compiling /home/neo/rover_sim/install/locomotion_core/lib/python3.12/site-packages/locomotion_core/rover_state_controller.py to rover_state_controller.cpython-312.pyc
[2.971s] running install_data
[2.972s] running install_egg_info
[3.023s] Copying ../../build/locomotion_core/locomotion_core.egg-info to /home/neo/rover_sim/install/locomotion_core/lib/python3.12/site-packages/locomotion_core-0.0.0-py3.12.egg-info
[3.025s] running install_scripts
[3.295s] Installing cmd_roboteq script to /home/neo/rover_sim/install/locomotion_core/lib/locomotion_core
[3.296s] Installing en_service script to /home/neo/rover_sim/install/locomotion_core/lib/locomotion_core
[3.297s] Installing movebase_kinematics script to /home/neo/rover_sim/install/locomotion_core/lib/locomotion_core
[3.297s] Installing rover_enable script to /home/neo/rover_sim/install/locomotion_core/lib/locomotion_core
[3.298s] Installing rover_state_controller script to /home/neo/rover_sim/install/locomotion_core/lib/locomotion_core
[3.299s] writing list of installed files to '/home/neo/rover_sim/build/locomotion_core/install.log'
[3.377s] Invoked command in '/home/neo/rover_sim/sim/locomotion_core' returned '0': DEBUGINFOD_URLS=https://debuginfod.ubuntu.com PYTHONPATH=/home/neo/rover_sim/build/locomotion_core/prefix_override:/usr/lib/python3/dist-packages/colcon_core/task/python/colcon_distutils_commands:/home/neo/rover_sim/install/locomotion_core/lib/python3.12/site-packages:${PYTHONPATH} /usr/bin/python3 -W ignore:setup.py install is deprecated setup.py egg_info --egg-base ../../build/locomotion_core build --build-base /home/neo/rover_sim/build/locomotion_core/build install --record /home/neo/rover_sim/build/locomotion_core/install.log --single-version-externally-managed install_data
