[0.531s] Invoking command in '/home/neo/rover_sim/build/rover_description': CMAKE_PREFIX_PATH=${CMAKE_PREFIX_PATH}:/home/neo/rover_sim/install/virtual_joy:/home/neo/rover_sim/install/teleop_core:/home/neo/rover_sim/install/locomotion_core:/home/neo/rover_sim/install/fake_rover_state_controller:/opt/ros/jazzy DEBUGINFOD_URLS=https://debuginfod.ubuntu.com /usr/bin/cmake --build /home/neo/rover_sim/build/rover_description -- -j4 -l4
[0.800s] Invoked command in '/home/neo/rover_sim/build/rover_description' returned '0': CMAKE_PREFIX_PATH=${CMAKE_PREFIX_PATH}:/home/neo/rover_sim/install/virtual_joy:/home/neo/rover_sim/install/teleop_core:/home/neo/rover_sim/install/locomotion_core:/home/neo/rover_sim/install/fake_rover_state_controller:/opt/ros/jazzy DEBUGINFOD_URLS=https://debuginfod.ubuntu.com /usr/bin/cmake --build /home/neo/rover_sim/build/rover_description -- -j4 -l4
[0.849s] Invoking command in '/home/neo/rover_sim/build/rover_description': CMAKE_PREFIX_PATH=${CMAKE_PREFIX_PATH}:/home/neo/rover_sim/install/virtual_joy:/home/neo/rover_sim/install/teleop_core:/home/neo/rover_sim/install/locomotion_core:/home/neo/rover_sim/install/fake_rover_state_controller:/opt/ros/jazzy DEBUGINFOD_URLS=https://debuginfod.ubuntu.com /usr/bin/cmake --install /home/neo/rover_sim/build/rover_description
[0.862s] -- Install configuration: ""
[0.862s] -- Up-to-date: /home/neo/rover_sim/install/rover_description/share/rover_description/src
[0.863s] -- Up-to-date: /home/neo/rover_sim/install/rover_description/share/rover_description/src/description
[0.863s] -- Up-to-date: /home/neo/rover_sim/install/rover_description/share/rover_description/src/description/pioneer_base.urdf
[0.863s] -- Up-to-date: /home/neo/rover_sim/install/rover_description/share/rover_description/src/description/base.urdf
[0.863s] -- Up-to-date: /home/neo/rover_sim/install/rover_description/share/rover_description/launch
[0.864s] -- Up-to-date: /home/neo/rover_sim/install/rover_description/share/rover_description/launch/pioneer_display.launch.py
[0.864s] -- Up-to-date: /home/neo/rover_sim/install/rover_description/share/rover_description/launch/display.launch.py
[0.865s] -- Up-to-date: /home/neo/rover_sim/install/rover_description/share/rover_description/rviz
[0.865s] -- Up-to-date: /home/neo/rover_sim/install/rover_description/share/rover_description/rviz/urdf_config.rviz
[0.865s] -- Up-to-date: /home/neo/rover_sim/install/rover_description/share/rover_description/config
[0.866s] -- Up-to-date: /home/neo/rover_sim/install/rover_description/share/rover_description/config/nav2_params.yaml
[0.866s] -- Up-to-date: /home/neo/rover_sim/install/rover_description/share/rover_description/config/ekf.yaml
[0.866s] -- Up-to-date: /home/neo/rover_sim/install/rover_description/share/rover_description/world
[0.866s] -- Up-to-date: /home/neo/rover_sim/install/rover_description/share/rover_description/world/my_world.sdf
[0.867s] -- Up-to-date: /home/neo/rover_sim/install/rover_description/share/rover_description//launch
[0.867s] -- Up-to-date: /home/neo/rover_sim/install/rover_description/share/rover_description//launch/pioneer_display.launch.py
[0.867s] -- Up-to-date: /home/neo/rover_sim/install/rover_description/share/rover_description//launch/display.launch.py
[0.868s] -- Up-to-date: /home/neo/rover_sim/install/rover_description/share/rover_description//meshes
[0.868s] -- Up-to-date: /home/neo/rover_sim/install/rover_description/share/rover_description//meshes/wheel_wcm.dae
[0.868s] -- Up-to-date: /home/neo/rover_sim/install/rover_description/share/rover_description//meshes/pioneer_3dx.stl
[0.868s] -- Up-to-date: /home/neo/rover_sim/install/rover_description/share/rover_description//meshes/mesh.py
[0.868s] -- Up-to-date: /home/neo/rover_sim/install/rover_description/share/rover_description//meshes/rover_base.dae
[0.869s] -- Up-to-date: /home/neo/rover_sim/install/rover_description/share/ament_index/resource_index/package_run_dependencies/rover_description
[0.870s] -- Up-to-date: /home/neo/rover_sim/install/rover_description/share/ament_index/resource_index/parent_prefix_path/rover_description
[0.870s] -- Up-to-date: /home/neo/rover_sim/install/rover_description/share/rover_description/environment/ament_prefix_path.sh
[0.870s] -- Up-to-date: /home/neo/rover_sim/install/rover_description/share/rover_description/environment/ament_prefix_path.dsv
[0.870s] -- Up-to-date: /home/neo/rover_sim/install/rover_description/share/rover_description/environment/path.sh
[0.870s] -- Up-to-date: /home/neo/rover_sim/install/rover_description/share/rover_description/environment/path.dsv
[0.870s] -- Up-to-date: /home/neo/rover_sim/install/rover_description/share/rover_description/local_setup.bash
[0.870s] -- Up-to-date: /home/neo/rover_sim/install/rover_description/share/rover_description/local_setup.sh
[0.872s] -- Up-to-date: /home/neo/rover_sim/install/rover_description/share/rover_description/local_setup.zsh
[0.872s] -- Up-to-date: /home/neo/rover_sim/install/rover_description/share/rover_description/local_setup.dsv
[0.872s] -- Up-to-date: /home/neo/rover_sim/install/rover_description/share/rover_description/package.dsv
[0.872s] -- Up-to-date: /home/neo/rover_sim/install/rover_description/share/ament_index/resource_index/packages/rover_description
[0.872s] -- Up-to-date: /home/neo/rover_sim/install/rover_description/share/rover_description/cmake/rover_descriptionConfig.cmake
[0.873s] -- Up-to-date: /home/neo/rover_sim/install/rover_description/share/rover_description/cmake/rover_descriptionConfig-version.cmake
[0.873s] -- Up-to-date: /home/neo/rover_sim/install/rover_description/share/rover_description/package.xml
[0.877s] Invoked command in '/home/neo/rover_sim/build/rover_description' returned '0': CMAKE_PREFIX_PATH=${CMAKE_PREFIX_PATH}:/home/neo/rover_sim/install/virtual_joy:/home/neo/rover_sim/install/teleop_core:/home/neo/rover_sim/install/locomotion_core:/home/neo/rover_sim/install/fake_rover_state_controller:/opt/ros/jazzy DEBUGINFOD_URLS=https://debuginfod.ubuntu.com /usr/bin/cmake --install /home/neo/rover_sim/build/rover_description
