[2.198s] Invoking command in '/home/neo/sim_ws/sim/locomotion_core': DEBUGINFOD_URLS=https://debuginfod.ubuntu.com PYTHONPATH=/home/neo/sim_ws/build/locomotion_core/prefix_override:/usr/lib/python3/dist-packages/colcon_core/task/python/colcon_distutils_commands:/home/neo/sim_ws/install/locomotion_core/lib/python3.12/site-packages:${PYTHONPATH} /usr/bin/python3 -W ignore:setup.py install is deprecated -W ignore:easy_install command is deprecated setup.py egg_info --egg-base ../../build/locomotion_core build --build-base /home/neo/sim_ws/build/locomotion_core/build install --record /home/neo/sim_ws/build/locomotion_core/install.log --single-version-externally-managed install_data
[2.795s] running egg_info
[2.844s] writing ../../build/locomotion_core/locomotion_core.egg-info/PKG-INFO
[2.844s] writing dependency_links to ../../build/locomotion_core/locomotion_core.egg-info/dependency_links.txt
[2.844s] writing entry points to ../../build/locomotion_core/locomotion_core.egg-info/entry_points.txt
[2.845s] writing requirements to ../../build/locomotion_core/locomotion_core.egg-info/requires.txt
[2.845s] writing top-level names to ../../build/locomotion_core/locomotion_core.egg-info/top_level.txt
[2.936s] reading manifest file '../../build/locomotion_core/locomotion_core.egg-info/SOURCES.txt'
[2.938s] writing manifest file '../../build/locomotion_core/locomotion_core.egg-info/SOURCES.txt'
[2.938s] running build
[2.938s] running build_py
[2.942s] running install
[2.952s] running install_lib
[2.995s] running install_data
[2.995s] running install_egg_info
[3.046s] removing '/home/neo/sim_ws/install/locomotion_core/lib/python3.12/site-packages/locomotion_core-0.0.0-py3.12.egg-info' (and everything under it)
[3.046s] Copying ../../build/locomotion_core/locomotion_core.egg-info to /home/neo/sim_ws/install/locomotion_core/lib/python3.12/site-packages/locomotion_core-0.0.0-py3.12.egg-info
[3.046s] running install_scripts
[3.351s] Installing cmd_roboteq script to /home/neo/sim_ws/install/locomotion_core/lib/locomotion_core
[3.351s] Installing en_service script to /home/neo/sim_ws/install/locomotion_core/lib/locomotion_core
[3.351s] Installing movebase_kinematics script to /home/neo/sim_ws/install/locomotion_core/lib/locomotion_core
[3.352s] Installing rover_enable script to /home/neo/sim_ws/install/locomotion_core/lib/locomotion_core
[3.352s] Installing rover_state_controller script to /home/neo/sim_ws/install/locomotion_core/lib/locomotion_core
[3.353s] writing list of installed files to '/home/neo/sim_ws/build/locomotion_core/install.log'
[3.425s] Invoked command in '/home/neo/sim_ws/sim/locomotion_core' returned '0': DEBUGINFOD_URLS=https://debuginfod.ubuntu.com PYTHONPATH=/home/neo/sim_ws/build/locomotion_core/prefix_override:/usr/lib/python3/dist-packages/colcon_core/task/python/colcon_distutils_commands:/home/neo/sim_ws/install/locomotion_core/lib/python3.12/site-packages:${PYTHONPATH} /usr/bin/python3 -W ignore:setup.py install is deprecated -W ignore:easy_install command is deprecated setup.py egg_info --egg-base ../../build/locomotion_core build --build-base /home/neo/sim_ws/build/locomotion_core/build install --record /home/neo/sim_ws/build/locomotion_core/install.log --single-version-externally-managed install_data
