[2.310s] Invoking command in '/home/neo/sim_ws/sim/teleop_core': PYTHONPATH=/home/neo/sim_ws/build/teleop_core/prefix_override:/usr/lib/python3/dist-packages/colcon_core/task/python/colcon_distutils_commands:/home/neo/sim_ws/install/teleop_core/lib/python3.12/site-packages:${PYTHONPATH} /usr/bin/python3 -W ignore:setup.py install is deprecated -W ignore:easy_install command is deprecated setup.py egg_info --egg-base ../../build/teleop_core build --build-base /home/neo/sim_ws/build/teleop_core/build install --record /home/neo/sim_ws/build/teleop_core/install.log --single-version-externally-managed install_data
[2.765s] running egg_info
[2.799s] writing ../../build/teleop_core/teleop_core.egg-info/PKG-INFO
[2.801s] writing dependency_links to ../../build/teleop_core/teleop_core.egg-info/dependency_links.txt
[2.801s] writing entry points to ../../build/teleop_core/teleop_core.egg-info/entry_points.txt
[2.801s] writing requirements to ../../build/teleop_core/teleop_core.egg-info/requires.txt
[2.802s] writing top-level names to ../../build/teleop_core/teleop_core.egg-info/top_level.txt
[2.851s] reading manifest file '../../build/teleop_core/teleop_core.egg-info/SOURCES.txt'
[2.852s] writing manifest file '../../build/teleop_core/teleop_core.egg-info/SOURCES.txt'
[2.853s] running build
[2.854s] running build_py
[2.854s] running install
[2.862s] running install_lib
[2.887s] running install_data
[2.887s] running install_egg_info
[2.913s] removing '/home/neo/sim_ws/install/teleop_core/lib/python3.12/site-packages/teleop_core-0.0.0-py3.12.egg-info' (and everything under it)
[2.914s] Copying ../../build/teleop_core/teleop_core.egg-info to /home/neo/sim_ws/install/teleop_core/lib/python3.12/site-packages/teleop_core-0.0.0-py3.12.egg-info
[2.915s] running install_scripts
[3.094s] Installing rover2_joy script to /home/neo/sim_ws/install/teleop_core/lib/teleop_core
[3.094s] writing list of installed files to '/home/neo/sim_ws/build/teleop_core/install.log'
[3.154s] Invoked command in '/home/neo/sim_ws/sim/teleop_core' returned '0': PYTHONPATH=/home/neo/sim_ws/build/teleop_core/prefix_override:/usr/lib/python3/dist-packages/colcon_core/task/python/colcon_distutils_commands:/home/neo/sim_ws/install/teleop_core/lib/python3.12/site-packages:${PYTHONPATH} /usr/bin/python3 -W ignore:setup.py install is deprecated -W ignore:easy_install command is deprecated setup.py egg_info --egg-base ../../build/teleop_core build --build-base /home/neo/sim_ws/build/teleop_core/build install --record /home/neo/sim_ws/build/teleop_core/install.log --single-version-externally-managed install_data
