[2.392s] Invoking command in '/home/neo/sim_ws/sim/locomotion_core': DEBUGINFOD_URLS=https://debuginfod.ubuntu.com PYTHONPATH=/home/neo/sim_ws/build/locomotion_core/prefix_override:/usr/lib/python3/dist-packages/colcon_core/task/python/colcon_distutils_commands:/home/neo/sim_ws/install/locomotion_core/lib/python3.12/site-packages:${PYTHONPATH} /usr/bin/python3 -W ignore:setup.py install is deprecated -W ignore:easy_install command is deprecated setup.py egg_info --egg-base ../../build/locomotion_core build --build-base /home/neo/sim_ws/build/locomotion_core/build install --record /home/neo/sim_ws/build/locomotion_core/install.log --single-version-externally-managed install_data
[2.901s] running egg_info
[2.933s] writing ../../build/locomotion_core/locomotion_core.egg-info/PKG-INFO
[2.944s] writing dependency_links to ../../build/locomotion_core/locomotion_core.egg-info/dependency_links.txt
[2.945s] writing entry points to ../../build/locomotion_core/locomotion_core.egg-info/entry_points.txt
[2.945s] writing requirements to ../../build/locomotion_core/locomotion_core.egg-info/requires.txt
[2.945s] writing top-level names to ../../build/locomotion_core/locomotion_core.egg-info/top_level.txt
[3.013s] reading manifest file '../../build/locomotion_core/locomotion_core.egg-info/SOURCES.txt'
[3.016s] writing manifest file '../../build/locomotion_core/locomotion_core.egg-info/SOURCES.txt'
[3.016s] running build
[3.017s] running build_py
[3.020s] running install
[3.033s] running install_lib
[3.072s] running install_data
[3.075s] running install_egg_info
[3.119s] removing '/home/neo/sim_ws/install/locomotion_core/lib/python3.12/site-packages/locomotion_core-0.0.0-py3.12.egg-info' (and everything under it)
[3.120s] Copying ../../build/locomotion_core/locomotion_core.egg-info to /home/neo/sim_ws/install/locomotion_core/lib/python3.12/site-packages/locomotion_core-0.0.0-py3.12.egg-info
[3.122s] running install_scripts
[3.358s] Installing cmd_roboteq script to /home/neo/sim_ws/install/locomotion_core/lib/locomotion_core
[3.362s] Installing en_service script to /home/neo/sim_ws/install/locomotion_core/lib/locomotion_core
[3.362s] Installing movebase_kinematics script to /home/neo/sim_ws/install/locomotion_core/lib/locomotion_core
[3.363s] Installing rover_enable script to /home/neo/sim_ws/install/locomotion_core/lib/locomotion_core
[3.363s] Installing rover_state_controller script to /home/neo/sim_ws/install/locomotion_core/lib/locomotion_core
[3.363s] writing list of installed files to '/home/neo/sim_ws/build/locomotion_core/install.log'
[3.446s] Invoked command in '/home/neo/sim_ws/sim/locomotion_core' returned '0': DEBUGINFOD_URLS=https://debuginfod.ubuntu.com PYTHONPATH=/home/neo/sim_ws/build/locomotion_core/prefix_override:/usr/lib/python3/dist-packages/colcon_core/task/python/colcon_distutils_commands:/home/neo/sim_ws/install/locomotion_core/lib/python3.12/site-packages:${PYTHONPATH} /usr/bin/python3 -W ignore:setup.py install is deprecated -W ignore:easy_install command is deprecated setup.py egg_info --egg-base ../../build/locomotion_core build --build-base /home/neo/sim_ws/build/locomotion_core/build install --record /home/neo/sim_ws/build/locomotion_core/install.log --single-version-externally-managed install_data
