[0.571s] Invoking command in '/home/neo/sim_ws/build/rover_description': CMAKE_PREFIX_PATH=${CMAKE_PREFIX_PATH}:/home/neo/sim_ws/install/virtual_joy:/home/neo/sim_ws/install/teleop_core:/home/neo/sim_ws/install/locomotion_core:/home/neo/sim_ws/install/fake_rover_state_controller:/home/neo/ros2_ws/install/teleop_core_direct:/home/neo/ros2_ws/install/teleop_core:/home/neo/ros2_ws/install/sensor_receiver:/home/neo/ros2_ws/install/rover_launch:/home/neo/ros2_ws/install/roboteq_core:/home/neo/ros2_ws/install/navigation_core:/home/neo/ros2_ws/install/mode_select:/home/neo/ros2_ws/install/locomotion_core:/home/neo/ros2_ws/install/imu_core:/home/neo/ros2_ws/install/gps_core:/home/neo/ros2_ws/install/controller:/home/neo/ros2_ws/install/auto_nav_core:/opt/ros/jazzy DEBUGINFOD_URLS=https://debuginfod.ubuntu.com /usr/bin/cmake --build /home/neo/sim_ws/build/rover_description -- -j4 -l4
[0.857s] Invoked command in '/home/neo/sim_ws/build/rover_description' returned '0': CMAKE_PREFIX_PATH=${CMAKE_PREFIX_PATH}:/home/neo/sim_ws/install/virtual_joy:/home/neo/sim_ws/install/teleop_core:/home/neo/sim_ws/install/locomotion_core:/home/neo/sim_ws/install/fake_rover_state_controller:/home/neo/ros2_ws/install/teleop_core_direct:/home/neo/ros2_ws/install/teleop_core:/home/neo/ros2_ws/install/sensor_receiver:/home/neo/ros2_ws/install/rover_launch:/home/neo/ros2_ws/install/roboteq_core:/home/neo/ros2_ws/install/navigation_core:/home/neo/ros2_ws/install/mode_select:/home/neo/ros2_ws/install/locomotion_core:/home/neo/ros2_ws/install/imu_core:/home/neo/ros2_ws/install/gps_core:/home/neo/ros2_ws/install/controller:/home/neo/ros2_ws/install/auto_nav_core:/opt/ros/jazzy DEBUGINFOD_URLS=https://debuginfod.ubuntu.com /usr/bin/cmake --build /home/neo/sim_ws/build/rover_description -- -j4 -l4
[0.872s] Invoking command in '/home/neo/sim_ws/build/rover_description': CMAKE_PREFIX_PATH=${CMAKE_PREFIX_PATH}:/home/neo/sim_ws/install/virtual_joy:/home/neo/sim_ws/install/teleop_core:/home/neo/sim_ws/install/locomotion_core:/home/neo/sim_ws/install/fake_rover_state_controller:/home/neo/ros2_ws/install/teleop_core_direct:/home/neo/ros2_ws/install/teleop_core:/home/neo/ros2_ws/install/sensor_receiver:/home/neo/ros2_ws/install/rover_launch:/home/neo/ros2_ws/install/roboteq_core:/home/neo/ros2_ws/install/navigation_core:/home/neo/ros2_ws/install/mode_select:/home/neo/ros2_ws/install/locomotion_core:/home/neo/ros2_ws/install/imu_core:/home/neo/ros2_ws/install/gps_core:/home/neo/ros2_ws/install/controller:/home/neo/ros2_ws/install/auto_nav_core:/opt/ros/jazzy DEBUGINFOD_URLS=https://debuginfod.ubuntu.com /usr/bin/cmake --install /home/neo/sim_ws/build/rover_description
[0.888s] -- Install configuration: ""
[0.888s] -- Up-to-date: /home/neo/sim_ws/install/rover_description/share/rover_description/src
[0.889s] -- Up-to-date: /home/neo/sim_ws/install/rover_description/share/rover_description/src/description
[0.891s] -- Up-to-date: /home/neo/sim_ws/install/rover_description/share/rover_description/src/description/pioneer_base-2.urdf
[0.895s] -- Up-to-date: /home/neo/sim_ws/install/rover_description/share/rover_description/src/description/pioneer_base.urdf
[0.895s] -- Up-to-date: /home/neo/sim_ws/install/rover_description/share/rover_description/src/description/base.urdf
[0.895s] -- Installing: /home/neo/sim_ws/install/rover_description/share/rover_description/src/description/pioneer_multi_robot.xacro
[0.896s] -- Up-to-date: /home/neo/sim_ws/install/rover_description/share/rover_description/launch
[0.896s] -- Up-to-date: /home/neo/sim_ws/install/rover_description/share/rover_description/launch/pioneer_display.launch.py
[0.896s] -- Up-to-date: /home/neo/sim_ws/install/rover_description/share/rover_description/launch/pioneer_display-2.launch.py
[0.896s] -- Up-to-date: /home/neo/sim_ws/install/rover_description/share/rover_description/launch/display.launch.py
[0.896s] -- Up-to-date: /home/neo/sim_ws/install/rover_description/share/rover_description/launch/multi_robot.launch.py
[0.896s] -- Up-to-date: /home/neo/sim_ws/install/rover_description/share/rover_description/rviz
[0.897s] -- Up-to-date: /home/neo/sim_ws/install/rover_description/share/rover_description/rviz/urdf_config.rviz
[0.897s] -- Up-to-date: /home/neo/sim_ws/install/rover_description/share/rover_description/config
[0.897s] -- Up-to-date: /home/neo/sim_ws/install/rover_description/share/rover_description/config/nav2_params.yaml
[0.897s] -- Up-to-date: /home/neo/sim_ws/install/rover_description/share/rover_description/config/ekf.yaml
[0.897s] -- Up-to-date: /home/neo/sim_ws/install/rover_description/share/rover_description/world
[0.897s] -- Up-to-date: /home/neo/sim_ws/install/rover_description/share/rover_description/world/my_world.sdf
[0.897s] -- Up-to-date: /home/neo/sim_ws/install/rover_description/share/rover_description//launch
[0.898s] -- Up-to-date: /home/neo/sim_ws/install/rover_description/share/rover_description//launch/pioneer_display.launch.py
[0.898s] -- Up-to-date: /home/neo/sim_ws/install/rover_description/share/rover_description//launch/pioneer_display-2.launch.py
[0.901s] -- Up-to-date: /home/neo/sim_ws/install/rover_description/share/rover_description//launch/display.launch.py
[0.901s] -- Up-to-date: /home/neo/sim_ws/install/rover_description/share/rover_description//launch/multi_robot.launch.py
[0.901s] -- Up-to-date: /home/neo/sim_ws/install/rover_description/share/rover_description//meshes
[0.902s] -- Up-to-date: /home/neo/sim_ws/install/rover_description/share/rover_description//meshes/wheel_wcm.dae
[0.902s] -- Up-to-date: /home/neo/sim_ws/install/rover_description/share/rover_description//meshes/pioneer_3dx.stl
[0.902s] -- Up-to-date: /home/neo/sim_ws/install/rover_description/share/rover_description//meshes/mesh.py
[0.902s] -- Up-to-date: /home/neo/sim_ws/install/rover_description/share/rover_description//meshes/rover_base.dae
[0.902s] -- Up-to-date: /home/neo/sim_ws/install/rover_description/share/ament_index/resource_index/package_run_dependencies/rover_description
[0.903s] -- Up-to-date: /home/neo/sim_ws/install/rover_description/share/ament_index/resource_index/parent_prefix_path/rover_description
[0.903s] -- Up-to-date: /home/neo/sim_ws/install/rover_description/share/rover_description/environment/ament_prefix_path.sh
[0.903s] -- Up-to-date: /home/neo/sim_ws/install/rover_description/share/rover_description/environment/ament_prefix_path.dsv
[0.903s] -- Up-to-date: /home/neo/sim_ws/install/rover_description/share/rover_description/environment/path.sh
[0.903s] -- Up-to-date: /home/neo/sim_ws/install/rover_description/share/rover_description/environment/path.dsv
[0.903s] -- Up-to-date: /home/neo/sim_ws/install/rover_description/share/rover_description/local_setup.bash
[0.903s] -- Up-to-date: /home/neo/sim_ws/install/rover_description/share/rover_description/local_setup.sh
[0.904s] -- Up-to-date: /home/neo/sim_ws/install/rover_description/share/rover_description/local_setup.zsh
[0.904s] -- Up-to-date: /home/neo/sim_ws/install/rover_description/share/rover_description/local_setup.dsv
[0.905s] -- Installing: /home/neo/sim_ws/install/rover_description/share/rover_description/package.dsv
[0.905s] -- Up-to-date: /home/neo/sim_ws/install/rover_description/share/ament_index/resource_index/packages/rover_description
[0.906s] -- Up-to-date: /home/neo/sim_ws/install/rover_description/share/rover_description/cmake/rover_descriptionConfig.cmake
[0.906s] -- Up-to-date: /home/neo/sim_ws/install/rover_description/share/rover_description/cmake/rover_descriptionConfig-version.cmake
[0.906s] -- Up-to-date: /home/neo/sim_ws/install/rover_description/share/rover_description/package.xml
[0.906s] Invoked command in '/home/neo/sim_ws/build/rover_description' returned '0': CMAKE_PREFIX_PATH=${CMAKE_PREFIX_PATH}:/home/neo/sim_ws/install/virtual_joy:/home/neo/sim_ws/install/teleop_core:/home/neo/sim_ws/install/locomotion_core:/home/neo/sim_ws/install/fake_rover_state_controller:/home/neo/ros2_ws/install/teleop_core_direct:/home/neo/ros2_ws/install/teleop_core:/home/neo/ros2_ws/install/sensor_receiver:/home/neo/ros2_ws/install/rover_launch:/home/neo/ros2_ws/install/roboteq_core:/home/neo/ros2_ws/install/navigation_core:/home/neo/ros2_ws/install/mode_select:/home/neo/ros2_ws/install/locomotion_core:/home/neo/ros2_ws/install/imu_core:/home/neo/ros2_ws/install/gps_core:/home/neo/ros2_ws/install/controller:/home/neo/ros2_ws/install/auto_nav_core:/opt/ros/jazzy DEBUGINFOD_URLS=https://debuginfod.ubuntu.com /usr/bin/cmake --install /home/neo/sim_ws/build/rover_description
