[0.143s] DEBUG:colcon:Command line arguments: ['/usr/bin/colcon', 'build']
[0.143s] DEBUG:colcon:Parsed command line arguments: Namespace(log_base=None, log_level=None, verb_name='build', build_base='build', install_base='install', merge_install=False, symlink_install=False, test_result_base=None, continue_on_error=False, executor='parallel', parallel_workers=4, event_handlers=None, ignore_user_meta=False, metas=['./colcon.meta'], base_paths=['.'], packages_ignore=None, packages_ignore_regex=None, paths=None, packages_up_to=None, packages_up_to_regex=None, packages_above=None, packages_above_and_dependencies=None, packages_above_depth=None, packages_select_by_dep=None, packages_skip_by_dep=None, packages_skip_up_to=None, packages_select_build_failed=False, packages_skip_build_finished=False, packages_select_test_failures=False, packages_skip_test_passed=False, packages_select=None, packages_skip=None, packages_select_regex=None, packages_skip_regex=None, packages_start=None, packages_end=None, allow_overriding=[], cmake_args=None, cmake_target=None, cmake_target_skip_unavailable=False, cmake_clean_cache=False, cmake_clean_first=False, cmake_force_configure=False, ament_cmake_args=None, catkin_cmake_args=None, catkin_skip_building_tests=False, mixin_files=None, mixin=None, verb_parser=<colcon_mixin.mixin.mixin_argument.MixinArgumentDecorator object at 0x7edde38b89e0>, verb_extension=<colcon_core.verb.build.BuildVerb object at 0x7edde38b86b0>, main=<bound method BuildVerb.main of <colcon_core.verb.build.BuildVerb object at 0x7edde38b86b0>>, mixin_verb=('build',))
[0.187s] Level 1:colcon.colcon_core.package_discovery:discover_packages(colcon_meta) check parameters
[0.187s] Level 1:colcon.colcon_core.package_discovery:discover_packages(recursive) check parameters
[0.187s] Level 1:colcon.colcon_core.package_discovery:discover_packages(ignore) check parameters
[0.187s] Level 1:colcon.colcon_core.package_discovery:discover_packages(path) check parameters
[0.187s] Level 1:colcon.colcon_core.package_discovery:discover_packages(colcon_meta) discover
[0.187s] Level 1:colcon.colcon_core.package_discovery:discover_packages(recursive) discover
[0.187s] INFO:colcon.colcon_core.package_discovery:Crawling recursively for packages in '/home/neo/sim_ws'
[0.187s] Level 1:colcon.colcon_core.package_identification:_identify(.) by extensions ['ignore', 'ignore_ament_install']
[0.187s] Level 1:colcon.colcon_core.package_identification:_identify(.) by extension 'ignore'
[0.187s] Level 1:colcon.colcon_core.package_identification:_identify(.) by extension 'ignore_ament_install'
[0.187s] Level 1:colcon.colcon_core.package_identification:_identify(.) by extensions ['colcon_pkg']
[0.187s] Level 1:colcon.colcon_core.package_identification:_identify(.) by extension 'colcon_pkg'
[0.188s] Level 1:colcon.colcon_core.package_identification:_identify(.) by extensions ['colcon_meta']
[0.188s] Level 1:colcon.colcon_core.package_identification:_identify(.) by extension 'colcon_meta'
[0.188s] Level 1:colcon.colcon_core.package_identification:_identify(.) by extensions ['ros']
[0.188s] Level 1:colcon.colcon_core.package_identification:_identify(.) by extension 'ros'
[0.221s] Level 1:colcon.colcon_core.package_identification:_identify(.) by extensions ['cmake', 'python']
[0.221s] Level 1:colcon.colcon_core.package_identification:_identify(.) by extension 'cmake'
[0.221s] Level 1:colcon.colcon_core.package_identification:_identify(.) by extension 'python'
[0.221s] Level 1:colcon.colcon_core.package_identification:_identify(.) by extensions ['python_setup_py']
[0.222s] Level 1:colcon.colcon_core.package_identification:_identify(.) by extension 'python_setup_py'
[0.222s] Level 1:colcon.colcon_core.package_identification:_identify(build) by extensions ['ignore', 'ignore_ament_install']
[0.222s] Level 1:colcon.colcon_core.package_identification:_identify(build) by extension 'ignore'
[0.222s] Level 1:colcon.colcon_core.package_identification:_identify(build) ignored
[0.222s] Level 1:colcon.colcon_core.package_identification:_identify(install) by extensions ['ignore', 'ignore_ament_install']
[0.222s] Level 1:colcon.colcon_core.package_identification:_identify(install) by extension 'ignore'
[0.222s] Level 1:colcon.colcon_core.package_identification:_identify(install) ignored
[0.222s] Level 1:colcon.colcon_core.package_identification:_identify(log) by extensions ['ignore', 'ignore_ament_install']
[0.222s] Level 1:colcon.colcon_core.package_identification:_identify(log) by extension 'ignore'
[0.222s] Level 1:colcon.colcon_core.package_identification:_identify(log) ignored
[0.222s] Level 1:colcon.colcon_core.package_identification:_identify(sim) by extensions ['ignore', 'ignore_ament_install']
[0.222s] Level 1:colcon.colcon_core.package_identification:_identify(sim) by extension 'ignore'
[0.222s] Level 1:colcon.colcon_core.package_identification:_identify(sim) by extension 'ignore_ament_install'
[0.223s] Level 1:colcon.colcon_core.package_identification:_identify(sim) by extensions ['colcon_pkg']
[0.223s] Level 1:colcon.colcon_core.package_identification:_identify(sim) by extension 'colcon_pkg'
[0.223s] Level 1:colcon.colcon_core.package_identification:_identify(sim) by extensions ['colcon_meta']
[0.223s] Level 1:colcon.colcon_core.package_identification:_identify(sim) by extension 'colcon_meta'
[0.223s] Level 1:colcon.colcon_core.package_identification:_identify(sim) by extensions ['ros']
[0.223s] Level 1:colcon.colcon_core.package_identification:_identify(sim) by extension 'ros'
[0.223s] Level 1:colcon.colcon_core.package_identification:_identify(sim) by extensions ['cmake', 'python']
[0.223s] Level 1:colcon.colcon_core.package_identification:_identify(sim) by extension 'cmake'
[0.223s] Level 1:colcon.colcon_core.package_identification:_identify(sim) by extension 'python'
[0.223s] Level 1:colcon.colcon_core.package_identification:_identify(sim) by extensions ['python_setup_py']
[0.223s] Level 1:colcon.colcon_core.package_identification:_identify(sim) by extension 'python_setup_py'
[0.223s] Level 1:colcon.colcon_core.package_identification:_identify(sim/fake_rover_state_controller) by extensions ['ignore', 'ignore_ament_install']
[0.223s] Level 1:colcon.colcon_core.package_identification:_identify(sim/fake_rover_state_controller) by extension 'ignore'
[0.223s] Level 1:colcon.colcon_core.package_identification:_identify(sim/fake_rover_state_controller) by extension 'ignore_ament_install'
[0.223s] Level 1:colcon.colcon_core.package_identification:_identify(sim/fake_rover_state_controller) by extensions ['colcon_pkg']
[0.223s] Level 1:colcon.colcon_core.package_identification:_identify(sim/fake_rover_state_controller) by extension 'colcon_pkg'
[0.223s] Level 1:colcon.colcon_core.package_identification:_identify(sim/fake_rover_state_controller) by extensions ['colcon_meta']
[0.223s] Level 1:colcon.colcon_core.package_identification:_identify(sim/fake_rover_state_controller) by extension 'colcon_meta'
[0.223s] Level 1:colcon.colcon_core.package_identification:_identify(sim/fake_rover_state_controller) by extensions ['ros']
[0.223s] Level 1:colcon.colcon_core.package_identification:_identify(sim/fake_rover_state_controller) by extension 'ros'
[0.227s] DEBUG:colcon.colcon_core.package_identification:Package 'sim/fake_rover_state_controller' with type 'ros.ament_python' and name 'fake_rover_state_controller'
[0.227s] Level 1:colcon.colcon_core.package_identification:_identify(sim/locomotion_core) by extensions ['ignore', 'ignore_ament_install']
[0.227s] Level 1:colcon.colcon_core.package_identification:_identify(sim/locomotion_core) by extension 'ignore'
[0.227s] Level 1:colcon.colcon_core.package_identification:_identify(sim/locomotion_core) by extension 'ignore_ament_install'
[0.227s] Level 1:colcon.colcon_core.package_identification:_identify(sim/locomotion_core) by extensions ['colcon_pkg']
[0.227s] Level 1:colcon.colcon_core.package_identification:_identify(sim/locomotion_core) by extension 'colcon_pkg'
[0.227s] Level 1:colcon.colcon_core.package_identification:_identify(sim/locomotion_core) by extensions ['colcon_meta']
[0.227s] Level 1:colcon.colcon_core.package_identification:_identify(sim/locomotion_core) by extension 'colcon_meta'
[0.227s] Level 1:colcon.colcon_core.package_identification:_identify(sim/locomotion_core) by extensions ['ros']
[0.227s] Level 1:colcon.colcon_core.package_identification:_identify(sim/locomotion_core) by extension 'ros'
[0.228s] DEBUG:colcon.colcon_core.package_identification:Package 'sim/locomotion_core' with type 'ros.ament_python' and name 'locomotion_core'
[0.228s] Level 1:colcon.colcon_core.package_identification:_identify(sim/rover_description) by extensions ['ignore', 'ignore_ament_install']
[0.228s] Level 1:colcon.colcon_core.package_identification:_identify(sim/rover_description) by extension 'ignore'
[0.228s] Level 1:colcon.colcon_core.package_identification:_identify(sim/rover_description) by extension 'ignore_ament_install'
[0.228s] Level 1:colcon.colcon_core.package_identification:_identify(sim/rover_description) by extensions ['colcon_pkg']
[0.228s] Level 1:colcon.colcon_core.package_identification:_identify(sim/rover_description) by extension 'colcon_pkg'
[0.228s] Level 1:colcon.colcon_core.package_identification:_identify(sim/rover_description) by extensions ['colcon_meta']
[0.228s] Level 1:colcon.colcon_core.package_identification:_identify(sim/rover_description) by extension 'colcon_meta'
[0.228s] Level 1:colcon.colcon_core.package_identification:_identify(sim/rover_description) by extensions ['ros']
[0.228s] Level 1:colcon.colcon_core.package_identification:_identify(sim/rover_description) by extension 'ros'
[0.229s] DEBUG:colcon.colcon_core.package_identification:Package 'sim/rover_description' with type 'ros.ament_cmake' and name 'rover_description'
[0.229s] Level 1:colcon.colcon_core.package_identification:_identify(sim/teleop_core) by extensions ['ignore', 'ignore_ament_install']
[0.229s] Level 1:colcon.colcon_core.package_identification:_identify(sim/teleop_core) by extension 'ignore'
[0.229s] Level 1:colcon.colcon_core.package_identification:_identify(sim/teleop_core) by extension 'ignore_ament_install'
[0.229s] Level 1:colcon.colcon_core.package_identification:_identify(sim/teleop_core) by extensions ['colcon_pkg']
[0.229s] Level 1:colcon.colcon_core.package_identification:_identify(sim/teleop_core) by extension 'colcon_pkg'
[0.229s] Level 1:colcon.colcon_core.package_identification:_identify(sim/teleop_core) by extensions ['colcon_meta']
[0.229s] Level 1:colcon.colcon_core.package_identification:_identify(sim/teleop_core) by extension 'colcon_meta'
[0.229s] Level 1:colcon.colcon_core.package_identification:_identify(sim/teleop_core) by extensions ['ros']
[0.229s] Level 1:colcon.colcon_core.package_identification:_identify(sim/teleop_core) by extension 'ros'
[0.229s] DEBUG:colcon.colcon_core.package_identification:Package 'sim/teleop_core' with type 'ros.ament_python' and name 'teleop_core'
[0.230s] Level 1:colcon.colcon_core.package_identification:_identify(sim/virtual_joy) by extensions ['ignore', 'ignore_ament_install']
[0.230s] Level 1:colcon.colcon_core.package_identification:_identify(sim/virtual_joy) by extension 'ignore'
[0.230s] Level 1:colcon.colcon_core.package_identification:_identify(sim/virtual_joy) by extension 'ignore_ament_install'
[0.230s] Level 1:colcon.colcon_core.package_identification:_identify(sim/virtual_joy) by extensions ['colcon_pkg']
[0.230s] Level 1:colcon.colcon_core.package_identification:_identify(sim/virtual_joy) by extension 'colcon_pkg'
[0.230s] Level 1:colcon.colcon_core.package_identification:_identify(sim/virtual_joy) by extensions ['colcon_meta']
[0.230s] Level 1:colcon.colcon_core.package_identification:_identify(sim/virtual_joy) by extension 'colcon_meta'
[0.230s] Level 1:colcon.colcon_core.package_identification:_identify(sim/virtual_joy) by extensions ['ros']
[0.230s] Level 1:colcon.colcon_core.package_identification:_identify(sim/virtual_joy) by extension 'ros'
[0.230s] DEBUG:colcon.colcon_core.package_identification:Package 'sim/virtual_joy' with type 'ros.ament_python' and name 'virtual_joy'
[0.230s] Level 1:colcon.colcon_core.package_discovery:discover_packages(recursive) using defaults
[0.231s] Level 1:colcon.colcon_core.package_discovery:discover_packages(ignore) discover
[0.231s] Level 1:colcon.colcon_core.package_discovery:discover_packages(ignore) using defaults
[0.231s] Level 1:colcon.colcon_core.package_discovery:discover_packages(path) discover
[0.231s] Level 1:colcon.colcon_core.package_discovery:discover_packages(path) using defaults
[0.251s] Level 1:colcon.colcon_core.package_discovery:discover_packages(prefix_path) check parameters
[0.251s] Level 1:colcon.colcon_core.package_discovery:discover_packages(prefix_path) discover
[0.253s] DEBUG:colcon.colcon_installed_package_information.package_discovery:Found 287 installed packages in /opt/ros/jazzy
[0.254s] Level 1:colcon.colcon_core.package_discovery:discover_packages(prefix_path) using defaults
[0.302s] Level 5:colcon.colcon_core.verb:set package 'fake_rover_state_controller' build argument 'cmake_args' from command line to 'None'
[0.302s] Level 5:colcon.colcon_core.verb:set package 'fake_rover_state_controller' build argument 'cmake_target' from command line to 'None'
[0.302s] Level 5:colcon.colcon_core.verb:set package 'fake_rover_state_controller' build argument 'cmake_target_skip_unavailable' from command line to 'False'
[0.302s] Level 5:colcon.colcon_core.verb:set package 'fake_rover_state_controller' build argument 'cmake_clean_cache' from command line to 'False'
[0.302s] Level 5:colcon.colcon_core.verb:set package 'fake_rover_state_controller' build argument 'cmake_clean_first' from command line to 'False'
[0.302s] Level 5:colcon.colcon_core.verb:set package 'fake_rover_state_controller' build argument 'cmake_force_configure' from command line to 'False'
[0.302s] Level 5:colcon.colcon_core.verb:set package 'fake_rover_state_controller' build argument 'ament_cmake_args' from command line to 'None'
[0.302s] Level 5:colcon.colcon_core.verb:set package 'fake_rover_state_controller' build argument 'catkin_cmake_args' from command line to 'None'
[0.302s] Level 5:colcon.colcon_core.verb:set package 'fake_rover_state_controller' build argument 'catkin_skip_building_tests' from command line to 'False'
[0.302s] DEBUG:colcon.colcon_core.verb:Building package 'fake_rover_state_controller' with the following arguments: {'ament_cmake_args': None, 'build_base': '/home/neo/sim_ws/build/fake_rover_state_controller', 'catkin_cmake_args': None, 'catkin_skip_building_tests': False, 'cmake_args': None, 'cmake_clean_cache': False, 'cmake_clean_first': False, 'cmake_force_configure': False, 'cmake_target': None, 'cmake_target_skip_unavailable': False, 'install_base': '/home/neo/sim_ws/install/fake_rover_state_controller', 'merge_install': False, 'path': '/home/neo/sim_ws/sim/fake_rover_state_controller', 'symlink_install': False, 'test_result_base': None}
[0.302s] Level 5:colcon.colcon_core.verb:set package 'locomotion_core' build argument 'cmake_args' from command line to 'None'
[0.302s] Level 5:colcon.colcon_core.verb:set package 'locomotion_core' build argument 'cmake_target' from command line to 'None'
[0.302s] Level 5:colcon.colcon_core.verb:set package 'locomotion_core' build argument 'cmake_target_skip_unavailable' from command line to 'False'
[0.302s] Level 5:colcon.colcon_core.verb:set package 'locomotion_core' build argument 'cmake_clean_cache' from command line to 'False'
[0.302s] Level 5:colcon.colcon_core.verb:set package 'locomotion_core' build argument 'cmake_clean_first' from command line to 'False'
[0.303s] Level 5:colcon.colcon_core.verb:set package 'locomotion_core' build argument 'cmake_force_configure' from command line to 'False'
[0.303s] Level 5:colcon.colcon_core.verb:set package 'locomotion_core' build argument 'ament_cmake_args' from command line to 'None'
[0.303s] Level 5:colcon.colcon_core.verb:set package 'locomotion_core' build argument 'catkin_cmake_args' from command line to 'None'
[0.303s] Level 5:colcon.colcon_core.verb:set package 'locomotion_core' build argument 'catkin_skip_building_tests' from command line to 'False'
[0.303s] DEBUG:colcon.colcon_core.verb:Building package 'locomotion_core' with the following arguments: {'ament_cmake_args': None, 'build_base': '/home/neo/sim_ws/build/locomotion_core', 'catkin_cmake_args': None, 'catkin_skip_building_tests': False, 'cmake_args': None, 'cmake_clean_cache': False, 'cmake_clean_first': False, 'cmake_force_configure': False, 'cmake_target': None, 'cmake_target_skip_unavailable': False, 'install_base': '/home/neo/sim_ws/install/locomotion_core', 'merge_install': False, 'path': '/home/neo/sim_ws/sim/locomotion_core', 'symlink_install': False, 'test_result_base': None}
[0.303s] Level 5:colcon.colcon_core.verb:set package 'rover_description' build argument 'cmake_args' from command line to 'None'
[0.303s] Level 5:colcon.colcon_core.verb:set package 'rover_description' build argument 'cmake_target' from command line to 'None'
[0.303s] Level 5:colcon.colcon_core.verb:set package 'rover_description' build argument 'cmake_target_skip_unavailable' from command line to 'False'
[0.303s] Level 5:colcon.colcon_core.verb:set package 'rover_description' build argument 'cmake_clean_cache' from command line to 'False'
[0.303s] Level 5:colcon.colcon_core.verb:set package 'rover_description' build argument 'cmake_clean_first' from command line to 'False'
[0.303s] Level 5:colcon.colcon_core.verb:set package 'rover_description' build argument 'cmake_force_configure' from command line to 'False'
[0.303s] Level 5:colcon.colcon_core.verb:set package 'rover_description' build argument 'ament_cmake_args' from command line to 'None'
[0.303s] Level 5:colcon.colcon_core.verb:set package 'rover_description' build argument 'catkin_cmake_args' from command line to 'None'
[0.303s] Level 5:colcon.colcon_core.verb:set package 'rover_description' build argument 'catkin_skip_building_tests' from command line to 'False'
[0.303s] DEBUG:colcon.colcon_core.verb:Building package 'rover_description' with the following arguments: {'ament_cmake_args': None, 'build_base': '/home/neo/sim_ws/build/rover_description', 'catkin_cmake_args': None, 'catkin_skip_building_tests': False, 'cmake_args': None, 'cmake_clean_cache': False, 'cmake_clean_first': False, 'cmake_force_configure': False, 'cmake_target': None, 'cmake_target_skip_unavailable': False, 'install_base': '/home/neo/sim_ws/install/rover_description', 'merge_install': False, 'path': '/home/neo/sim_ws/sim/rover_description', 'symlink_install': False, 'test_result_base': None}
[0.303s] Level 5:colcon.colcon_core.verb:set package 'teleop_core' build argument 'cmake_args' from command line to 'None'
[0.303s] Level 5:colcon.colcon_core.verb:set package 'teleop_core' build argument 'cmake_target' from command line to 'None'
[0.303s] Level 5:colcon.colcon_core.verb:set package 'teleop_core' build argument 'cmake_target_skip_unavailable' from command line to 'False'
[0.303s] Level 5:colcon.colcon_core.verb:set package 'teleop_core' build argument 'cmake_clean_cache' from command line to 'False'
[0.303s] Level 5:colcon.colcon_core.verb:set package 'teleop_core' build argument 'cmake_clean_first' from command line to 'False'
[0.303s] Level 5:colcon.colcon_core.verb:set package 'teleop_core' build argument 'cmake_force_configure' from command line to 'False'
[0.303s] Level 5:colcon.colcon_core.verb:set package 'teleop_core' build argument 'ament_cmake_args' from command line to 'None'
[0.303s] Level 5:colcon.colcon_core.verb:set package 'teleop_core' build argument 'catkin_cmake_args' from command line to 'None'
[0.303s] Level 5:colcon.colcon_core.verb:set package 'teleop_core' build argument 'catkin_skip_building_tests' from command line to 'False'
[0.304s] DEBUG:colcon.colcon_core.verb:Building package 'teleop_core' with the following arguments: {'ament_cmake_args': None, 'build_base': '/home/neo/sim_ws/build/teleop_core', 'catkin_cmake_args': None, 'catkin_skip_building_tests': False, 'cmake_args': None, 'cmake_clean_cache': False, 'cmake_clean_first': False, 'cmake_force_configure': False, 'cmake_target': None, 'cmake_target_skip_unavailable': False, 'install_base': '/home/neo/sim_ws/install/teleop_core', 'merge_install': False, 'path': '/home/neo/sim_ws/sim/teleop_core', 'symlink_install': False, 'test_result_base': None}
[0.304s] Level 5:colcon.colcon_core.verb:set package 'virtual_joy' build argument 'cmake_args' from command line to 'None'
[0.304s] Level 5:colcon.colcon_core.verb:set package 'virtual_joy' build argument 'cmake_target' from command line to 'None'
[0.304s] Level 5:colcon.colcon_core.verb:set package 'virtual_joy' build argument 'cmake_target_skip_unavailable' from command line to 'False'
[0.304s] Level 5:colcon.colcon_core.verb:set package 'virtual_joy' build argument 'cmake_clean_cache' from command line to 'False'
[0.304s] Level 5:colcon.colcon_core.verb:set package 'virtual_joy' build argument 'cmake_clean_first' from command line to 'False'
[0.304s] Level 5:colcon.colcon_core.verb:set package 'virtual_joy' build argument 'cmake_force_configure' from command line to 'False'
[0.304s] Level 5:colcon.colcon_core.verb:set package 'virtual_joy' build argument 'ament_cmake_args' from command line to 'None'
[0.304s] Level 5:colcon.colcon_core.verb:set package 'virtual_joy' build argument 'catkin_cmake_args' from command line to 'None'
[0.304s] Level 5:colcon.colcon_core.verb:set package 'virtual_joy' build argument 'catkin_skip_building_tests' from command line to 'False'
[0.304s] DEBUG:colcon.colcon_core.verb:Building package 'virtual_joy' with the following arguments: {'ament_cmake_args': None, 'build_base': '/home/neo/sim_ws/build/virtual_joy', 'catkin_cmake_args': None, 'catkin_skip_building_tests': False, 'cmake_args': None, 'cmake_clean_cache': False, 'cmake_clean_first': False, 'cmake_force_configure': False, 'cmake_target': None, 'cmake_target_skip_unavailable': False, 'install_base': '/home/neo/sim_ws/install/virtual_joy', 'merge_install': False, 'path': '/home/neo/sim_ws/sim/virtual_joy', 'symlink_install': False, 'test_result_base': None}
[0.304s] INFO:colcon.colcon_core.executor:Executing jobs using 'parallel' executor
[0.305s] DEBUG:colcon.colcon_parallel_executor.executor.parallel:run_until_complete
[0.305s] INFO:colcon.colcon_ros.task.ament_python.build:Building ROS package in '/home/neo/sim_ws/sim/fake_rover_state_controller' with build type 'ament_python'
[0.305s] Level 1:colcon.colcon_core.shell:create_environment_hook('fake_rover_state_controller', 'ament_prefix_path')
[0.309s] INFO:colcon.colcon_core.plugin_system:Skipping extension 'colcon_core.shell.bat': Not used on non-Windows systems
[0.309s] INFO:colcon.colcon_core.shell:Creating environment hook '/home/neo/sim_ws/install/fake_rover_state_controller/share/fake_rover_state_controller/hook/ament_prefix_path.ps1'
[0.310s] INFO:colcon.colcon_core.shell:Creating environment descriptor '/home/neo/sim_ws/install/fake_rover_state_controller/share/fake_rover_state_controller/hook/ament_prefix_path.dsv'
[0.311s] INFO:colcon.colcon_core.shell:Creating environment hook '/home/neo/sim_ws/install/fake_rover_state_controller/share/fake_rover_state_controller/hook/ament_prefix_path.sh'
[0.312s] INFO:colcon.colcon_core.shell:Skip shell extension 'powershell' for command environment: Not usable outside of PowerShell
[0.312s] DEBUG:colcon.colcon_core.shell:Skip shell extension 'dsv' for command environment
[0.318s] INFO:colcon.colcon_ros.task.ament_python.build:Building ROS package in '/home/neo/sim_ws/sim/locomotion_core' with build type 'ament_python'
[0.318s] Level 1:colcon.colcon_core.shell:create_environment_hook('locomotion_core', 'ament_prefix_path')
[0.318s] INFO:colcon.colcon_core.shell:Creating environment hook '/home/neo/sim_ws/install/locomotion_core/share/locomotion_core/hook/ament_prefix_path.ps1'
[0.319s] INFO:colcon.colcon_core.shell:Creating environment descriptor '/home/neo/sim_ws/install/locomotion_core/share/locomotion_core/hook/ament_prefix_path.dsv'
[0.320s] INFO:colcon.colcon_core.shell:Creating environment hook '/home/neo/sim_ws/install/locomotion_core/share/locomotion_core/hook/ament_prefix_path.sh'
[0.321s] INFO:colcon.colcon_core.shell:Skip shell extension 'powershell' for command environment: Not usable outside of PowerShell
[0.321s] DEBUG:colcon.colcon_core.shell:Skip shell extension 'dsv' for command environment
[0.326s] INFO:colcon.colcon_ros.task.ament_cmake.build:Building ROS package in '/home/neo/sim_ws/sim/rover_description' with build type 'ament_cmake'
[0.326s] INFO:colcon.colcon_cmake.task.cmake.build:Building CMake package in '/home/neo/sim_ws/sim/rover_description'
[0.326s] INFO:colcon.colcon_core.shell:Skip shell extension 'powershell' for command environment: Not usable outside of PowerShell
[0.327s] DEBUG:colcon.colcon_core.shell:Skip shell extension 'dsv' for command environment
[0.332s] INFO:colcon.colcon_ros.task.ament_python.build:Building ROS package in '/home/neo/sim_ws/sim/teleop_core' with build type 'ament_python'
[0.332s] Level 1:colcon.colcon_core.shell:create_environment_hook('teleop_core', 'ament_prefix_path')
[0.333s] INFO:colcon.colcon_core.shell:Creating environment hook '/home/neo/sim_ws/install/teleop_core/share/teleop_core/hook/ament_prefix_path.ps1'
[0.333s] INFO:colcon.colcon_core.shell:Creating environment descriptor '/home/neo/sim_ws/install/teleop_core/share/teleop_core/hook/ament_prefix_path.dsv'
[0.334s] INFO:colcon.colcon_core.shell:Creating environment hook '/home/neo/sim_ws/install/teleop_core/share/teleop_core/hook/ament_prefix_path.sh'
[0.334s] INFO:colcon.colcon_core.shell:Skip shell extension 'powershell' for command environment: Not usable outside of PowerShell
[0.334s] DEBUG:colcon.colcon_core.shell:Skip shell extension 'dsv' for command environment
[0.594s] INFO:colcon.colcon_core.task.python.build:Building Python package in '/home/neo/sim_ws/sim/fake_rover_state_controller'
[0.595s] INFO:colcon.colcon_core.shell:Skip shell extension 'powershell' for command environment: Not usable outside of PowerShell
[0.595s] DEBUG:colcon.colcon_core.shell:Skip shell extension 'dsv' for command environment
[0.857s] INFO:colcon.colcon_core.task.python.build:Building Python package in '/home/neo/sim_ws/sim/locomotion_core'
[0.857s] INFO:colcon.colcon_core.shell:Skip shell extension 'powershell' for command environment: Not usable outside of PowerShell
[0.857s] DEBUG:colcon.colcon_core.shell:Skip shell extension 'dsv' for command environment
[0.862s] DEBUG:colcon.colcon_core.event_handler.log_command:Invoking command in '/home/neo/sim_ws/build/rover_description': CMAKE_PREFIX_PATH=${CMAKE_PREFIX_PATH}:/opt/ros/jazzy DEBUGINFOD_URLS=https://debuginfod.ubuntu.com /usr/bin/cmake /home/neo/sim_ws/sim/rover_description -DCMAKE_INSTALL_PREFIX=/home/neo/sim_ws/install/rover_description
[1.162s] INFO:colcon.colcon_core.task.python.build:Building Python package in '/home/neo/sim_ws/sim/teleop_core'
[1.162s] INFO:colcon.colcon_core.shell:Skip shell extension 'powershell' for command environment: Not usable outside of PowerShell
[1.162s] DEBUG:colcon.colcon_core.shell:Skip shell extension 'dsv' for command environment
[2.337s] DEBUG:colcon.colcon_core.event_handler.log_command:Invoked command in '/home/neo/sim_ws/build/rover_description' returned '0': CMAKE_PREFIX_PATH=${CMAKE_PREFIX_PATH}:/opt/ros/jazzy DEBUGINFOD_URLS=https://debuginfod.ubuntu.com /usr/bin/cmake /home/neo/sim_ws/sim/rover_description -DCMAKE_INSTALL_PREFIX=/home/neo/sim_ws/install/rover_description
[2.340s] DEBUG:colcon.colcon_core.event_handler.log_command:Invoking command in '/home/neo/sim_ws/build/rover_description': CMAKE_PREFIX_PATH=${CMAKE_PREFIX_PATH}:/opt/ros/jazzy DEBUGINFOD_URLS=https://debuginfod.ubuntu.com /usr/bin/cmake --build /home/neo/sim_ws/build/rover_description -- -j4 -l4
[2.406s] DEBUG:colcon.colcon_core.event_handler.log_command:Invoking command in '/home/neo/sim_ws/sim/fake_rover_state_controller': DEBUGINFOD_URLS=https://debuginfod.ubuntu.com PYTHONPATH=/home/neo/sim_ws/build/fake_rover_state_controller/prefix_override:/usr/lib/python3/dist-packages/colcon_core/task/python/colcon_distutils_commands:/home/neo/sim_ws/install/fake_rover_state_controller/lib/python3.12/site-packages:${PYTHONPATH} /usr/bin/python3 -W ignore:setup.py install is deprecated -W ignore:easy_install command is deprecated setup.py egg_info --egg-base ../../build/fake_rover_state_controller build --build-base /home/neo/sim_ws/build/fake_rover_state_controller/build install --record /home/neo/sim_ws/build/fake_rover_state_controller/install.log --single-version-externally-managed install_data
[2.412s] DEBUG:colcon.colcon_core.event_handler.log_command:Invoking command in '/home/neo/sim_ws/sim/locomotion_core': DEBUGINFOD_URLS=https://debuginfod.ubuntu.com PYTHONPATH=/home/neo/sim_ws/build/locomotion_core/prefix_override:/usr/lib/python3/dist-packages/colcon_core/task/python/colcon_distutils_commands:/home/neo/sim_ws/install/locomotion_core/lib/python3.12/site-packages:${PYTHONPATH} /usr/bin/python3 -W ignore:setup.py install is deprecated -W ignore:easy_install command is deprecated setup.py egg_info --egg-base ../../build/locomotion_core build --build-base /home/neo/sim_ws/build/locomotion_core/build install --record /home/neo/sim_ws/build/locomotion_core/install.log --single-version-externally-managed install_data
[2.421s] DEBUG:colcon.colcon_core.event_handler.log_command:Invoked command in '/home/neo/sim_ws/build/rover_description' returned '0': CMAKE_PREFIX_PATH=${CMAKE_PREFIX_PATH}:/opt/ros/jazzy DEBUGINFOD_URLS=https://debuginfod.ubuntu.com /usr/bin/cmake --build /home/neo/sim_ws/build/rover_description -- -j4 -l4
[2.453s] DEBUG:colcon.colcon_core.event_handler.log_command:Invoking command in '/home/neo/sim_ws/build/rover_description': CMAKE_PREFIX_PATH=${CMAKE_PREFIX_PATH}:/opt/ros/jazzy DEBUGINFOD_URLS=https://debuginfod.ubuntu.com /usr/bin/cmake --install /home/neo/sim_ws/build/rover_description
[2.470s] DEBUG:colcon.colcon_core.event_handler.log_command:Invoking command in '/home/neo/sim_ws/sim/teleop_core': DEBUGINFOD_URLS=https://debuginfod.ubuntu.com PYTHONPATH=/home/neo/sim_ws/build/teleop_core/prefix_override:/usr/lib/python3/dist-packages/colcon_core/task/python/colcon_distutils_commands:/home/neo/sim_ws/install/teleop_core/lib/python3.12/site-packages:${PYTHONPATH} /usr/bin/python3 -W ignore:setup.py install is deprecated -W ignore:easy_install command is deprecated setup.py egg_info --egg-base ../../build/teleop_core build --build-base /home/neo/sim_ws/build/teleop_core/build install --record /home/neo/sim_ws/build/teleop_core/install.log --single-version-externally-managed install_data
[2.668s] Level 1:colcon.colcon_core.environment:create_environment_scripts_only(rover_description)
[2.670s] DEBUG:colcon.colcon_core.event_handler.log_command:Invoked command in '/home/neo/sim_ws/build/rover_description' returned '0': CMAKE_PREFIX_PATH=${CMAKE_PREFIX_PATH}:/opt/ros/jazzy DEBUGINFOD_URLS=https://debuginfod.ubuntu.com /usr/bin/cmake --install /home/neo/sim_ws/build/rover_description
[2.673s] Level 1:colcon.colcon_core.environment:checking '/home/neo/sim_ws/install/rover_description' for CMake module files
[2.674s] Level 1:colcon.colcon_core.environment:checking '/home/neo/sim_ws/install/rover_description' for CMake config files
[2.674s] Level 1:colcon.colcon_core.shell:create_environment_hook('rover_description', 'cmake_prefix_path')
[2.674s] INFO:colcon.colcon_core.shell:Creating environment hook '/home/neo/sim_ws/install/rover_description/share/rover_description/hook/cmake_prefix_path.ps1'
[2.675s] INFO:colcon.colcon_core.shell:Creating environment descriptor '/home/neo/sim_ws/install/rover_description/share/rover_description/hook/cmake_prefix_path.dsv'
[2.675s] INFO:colcon.colcon_core.shell:Creating environment hook '/home/neo/sim_ws/install/rover_description/share/rover_description/hook/cmake_prefix_path.sh'
[2.676s] Level 1:colcon.colcon_core.environment:checking '/home/neo/sim_ws/install/rover_description/bin'
[2.677s] Level 1:colcon.colcon_core.environment:checking '/home/neo/sim_ws/install/rover_description/lib/pkgconfig/rover_description.pc'
[2.677s] Level 1:colcon.colcon_core.environment:checking '/home/neo/sim_ws/install/rover_description/lib/python3.12/site-packages'
[2.677s] Level 1:colcon.colcon_core.environment:checking '/home/neo/sim_ws/install/rover_description/bin'
[2.678s] INFO:colcon.colcon_core.shell:Creating package script '/home/neo/sim_ws/install/rover_description/share/rover_description/package.ps1'
[2.679s] INFO:colcon.colcon_core.shell:Creating package descriptor '/home/neo/sim_ws/install/rover_description/share/rover_description/package.dsv'
[2.680s] INFO:colcon.colcon_core.shell:Creating package script '/home/neo/sim_ws/install/rover_description/share/rover_description/package.sh'
[2.681s] INFO:colcon.colcon_core.shell:Creating package script '/home/neo/sim_ws/install/rover_description/share/rover_description/package.bash'
[2.682s] INFO:colcon.colcon_core.shell:Creating package script '/home/neo/sim_ws/install/rover_description/share/rover_description/package.zsh'
[2.683s] Level 1:colcon.colcon_core.environment:create_file_with_runtime_dependencies(/home/neo/sim_ws/install/rover_description/share/colcon-core/packages/rover_description)
[2.684s] Level 1:colcon.colcon_core.environment:create_environment_scripts_only(rover_description)
[2.684s] Level 1:colcon.colcon_core.environment:checking '/home/neo/sim_ws/install/rover_description' for CMake module files
[2.685s] Level 1:colcon.colcon_core.environment:checking '/home/neo/sim_ws/install/rover_description' for CMake config files
[2.685s] Level 1:colcon.colcon_core.shell:create_environment_hook('rover_description', 'cmake_prefix_path')
[2.686s] INFO:colcon.colcon_core.shell:Creating environment hook '/home/neo/sim_ws/install/rover_description/share/rover_description/hook/cmake_prefix_path.ps1'
[2.686s] INFO:colcon.colcon_core.shell:Creating environment descriptor '/home/neo/sim_ws/install/rover_description/share/rover_description/hook/cmake_prefix_path.dsv'
[2.687s] INFO:colcon.colcon_core.shell:Creating environment hook '/home/neo/sim_ws/install/rover_description/share/rover_description/hook/cmake_prefix_path.sh'
[2.688s] Level 1:colcon.colcon_core.environment:checking '/home/neo/sim_ws/install/rover_description/bin'
[2.688s] Level 1:colcon.colcon_core.environment:checking '/home/neo/sim_ws/install/rover_description/lib/pkgconfig/rover_description.pc'
[2.688s] Level 1:colcon.colcon_core.environment:checking '/home/neo/sim_ws/install/rover_description/lib/python3.12/site-packages'
[2.689s] Level 1:colcon.colcon_core.environment:checking '/home/neo/sim_ws/install/rover_description/bin'
[2.689s] INFO:colcon.colcon_core.shell:Creating package script '/home/neo/sim_ws/install/rover_description/share/rover_description/package.ps1'
[2.690s] INFO:colcon.colcon_core.shell:Creating package descriptor '/home/neo/sim_ws/install/rover_description/share/rover_description/package.dsv'
[2.691s] INFO:colcon.colcon_core.shell:Creating package script '/home/neo/sim_ws/install/rover_description/share/rover_description/package.sh'
[2.691s] INFO:colcon.colcon_core.shell:Creating package script '/home/neo/sim_ws/install/rover_description/share/rover_description/package.bash'
[2.692s] INFO:colcon.colcon_core.shell:Creating package script '/home/neo/sim_ws/install/rover_description/share/rover_description/package.zsh'
[2.693s] Level 1:colcon.colcon_core.environment:create_file_with_runtime_dependencies(/home/neo/sim_ws/install/rover_description/share/colcon-core/packages/rover_description)
[2.697s] INFO:colcon.colcon_ros.task.ament_python.build:Building ROS package in '/home/neo/sim_ws/sim/virtual_joy' with build type 'ament_python'
[2.697s] Level 1:colcon.colcon_core.shell:create_environment_hook('virtual_joy', 'ament_prefix_path')
[2.697s] INFO:colcon.colcon_core.shell:Creating environment hook '/home/neo/sim_ws/install/virtual_joy/share/virtual_joy/hook/ament_prefix_path.ps1'
[2.698s] INFO:colcon.colcon_core.shell:Creating environment descriptor '/home/neo/sim_ws/install/virtual_joy/share/virtual_joy/hook/ament_prefix_path.dsv'
[2.698s] INFO:colcon.colcon_core.shell:Creating environment hook '/home/neo/sim_ws/install/virtual_joy/share/virtual_joy/hook/ament_prefix_path.sh'
[2.699s] INFO:colcon.colcon_core.shell:Skip shell extension 'powershell' for command environment: Not usable outside of PowerShell
[2.699s] DEBUG:colcon.colcon_core.shell:Skip shell extension 'dsv' for command environment
[3.174s] INFO:colcon.colcon_core.task.python.build:Building Python package in '/home/neo/sim_ws/sim/virtual_joy'
[3.175s] INFO:colcon.colcon_core.shell:Skip shell extension 'powershell' for command environment: Not usable outside of PowerShell
[3.175s] DEBUG:colcon.colcon_core.shell:Skip shell extension 'dsv' for command environment
[3.607s] Level 1:colcon.colcon_core.environment:checking '/home/neo/sim_ws/install/locomotion_core' for CMake module files
[3.608s] Level 1:colcon.colcon_core.environment:checking '/home/neo/sim_ws/install/locomotion_core' for CMake config files
[3.609s] Level 1:colcon.colcon_core.environment:checking '/home/neo/sim_ws/install/locomotion_core/lib'
[3.609s] Level 1:colcon.colcon_core.environment:checking '/home/neo/sim_ws/install/locomotion_core/bin'
[3.607s] DEBUG:colcon.colcon_core.event_handler.log_command:Invoked command in '/home/neo/sim_ws/sim/locomotion_core' returned '0': DEBUGINFOD_URLS=https://debuginfod.ubuntu.com PYTHONPATH=/home/neo/sim_ws/build/locomotion_core/prefix_override:/usr/lib/python3/dist-packages/colcon_core/task/python/colcon_distutils_commands:/home/neo/sim_ws/install/locomotion_core/lib/python3.12/site-packages:${PYTHONPATH} /usr/bin/python3 -W ignore:setup.py install is deprecated -W ignore:easy_install command is deprecated setup.py egg_info --egg-base ../../build/locomotion_core build --build-base /home/neo/sim_ws/build/locomotion_core/build install --record /home/neo/sim_ws/build/locomotion_core/install.log --single-version-externally-managed install_data
[3.610s] Level 1:colcon.colcon_core.environment:checking '/home/neo/sim_ws/install/locomotion_core/lib/pkgconfig/locomotion_core.pc'
[3.610s] Level 1:colcon.colcon_core.environment:checking '/home/neo/sim_ws/install/locomotion_core/lib/python3.12/site-packages'
[3.610s] Level 1:colcon.colcon_core.shell:create_environment_hook('locomotion_core', 'pythonpath')
[3.611s] INFO:colcon.colcon_core.shell:Creating environment hook '/home/neo/sim_ws/install/locomotion_core/share/locomotion_core/hook/pythonpath.ps1'
[3.612s] INFO:colcon.colcon_core.shell:Creating environment descriptor '/home/neo/sim_ws/install/locomotion_core/share/locomotion_core/hook/pythonpath.dsv'
[3.612s] INFO:colcon.colcon_core.shell:Creating environment hook '/home/neo/sim_ws/install/locomotion_core/share/locomotion_core/hook/pythonpath.sh'
[3.613s] Level 1:colcon.colcon_core.environment:checking '/home/neo/sim_ws/install/locomotion_core/bin'
[3.614s] Level 1:colcon.colcon_core.environment:create_environment_scripts_only(locomotion_core)
[3.614s] INFO:colcon.colcon_core.shell:Creating package script '/home/neo/sim_ws/install/locomotion_core/share/locomotion_core/package.ps1'
[3.615s] INFO:colcon.colcon_core.shell:Creating package descriptor '/home/neo/sim_ws/install/locomotion_core/share/locomotion_core/package.dsv'
[3.616s] INFO:colcon.colcon_core.shell:Creating package script '/home/neo/sim_ws/install/locomotion_core/share/locomotion_core/package.sh'
[3.617s] INFO:colcon.colcon_core.shell:Creating package script '/home/neo/sim_ws/install/locomotion_core/share/locomotion_core/package.bash'
[3.619s] INFO:colcon.colcon_core.shell:Creating package script '/home/neo/sim_ws/install/locomotion_core/share/locomotion_core/package.zsh'
[3.619s] Level 1:colcon.colcon_core.environment:create_file_with_runtime_dependencies(/home/neo/sim_ws/install/locomotion_core/share/colcon-core/packages/locomotion_core)
[3.628s] Level 1:colcon.colcon_core.environment:checking '/home/neo/sim_ws/install/teleop_core' for CMake module files
[3.629s] DEBUG:colcon.colcon_core.event_handler.log_command:Invoked command in '/home/neo/sim_ws/sim/teleop_core' returned '0': DEBUGINFOD_URLS=https://debuginfod.ubuntu.com PYTHONPATH=/home/neo/sim_ws/build/teleop_core/prefix_override:/usr/lib/python3/dist-packages/colcon_core/task/python/colcon_distutils_commands:/home/neo/sim_ws/install/teleop_core/lib/python3.12/site-packages:${PYTHONPATH} /usr/bin/python3 -W ignore:setup.py install is deprecated -W ignore:easy_install command is deprecated setup.py egg_info --egg-base ../../build/teleop_core build --build-base /home/neo/sim_ws/build/teleop_core/build install --record /home/neo/sim_ws/build/teleop_core/install.log --single-version-externally-managed install_data
[3.630s] Level 1:colcon.colcon_core.environment:checking '/home/neo/sim_ws/install/teleop_core' for CMake config files
[3.632s] Level 1:colcon.colcon_core.environment:checking '/home/neo/sim_ws/install/teleop_core/lib'
[3.633s] Level 1:colcon.colcon_core.environment:checking '/home/neo/sim_ws/install/teleop_core/bin'
[3.633s] Level 1:colcon.colcon_core.environment:checking '/home/neo/sim_ws/install/teleop_core/lib/pkgconfig/teleop_core.pc'
[3.633s] Level 1:colcon.colcon_core.environment:checking '/home/neo/sim_ws/install/teleop_core/lib/python3.12/site-packages'
[3.634s] Level 1:colcon.colcon_core.shell:create_environment_hook('teleop_core', 'pythonpath')
[3.634s] INFO:colcon.colcon_core.shell:Creating environment hook '/home/neo/sim_ws/install/teleop_core/share/teleop_core/hook/pythonpath.ps1'
[3.635s] INFO:colcon.colcon_core.shell:Creating environment descriptor '/home/neo/sim_ws/install/teleop_core/share/teleop_core/hook/pythonpath.dsv'
[3.635s] INFO:colcon.colcon_core.shell:Creating environment hook '/home/neo/sim_ws/install/teleop_core/share/teleop_core/hook/pythonpath.sh'
[3.637s] Level 1:colcon.colcon_core.environment:checking '/home/neo/sim_ws/install/teleop_core/bin'
[3.637s] Level 1:colcon.colcon_core.environment:create_environment_scripts_only(teleop_core)
[3.637s] INFO:colcon.colcon_core.shell:Creating package script '/home/neo/sim_ws/install/teleop_core/share/teleop_core/package.ps1'
[3.638s] INFO:colcon.colcon_core.shell:Creating package descriptor '/home/neo/sim_ws/install/teleop_core/share/teleop_core/package.dsv'
[3.639s] INFO:colcon.colcon_core.shell:Creating package script '/home/neo/sim_ws/install/teleop_core/share/teleop_core/package.sh'
[3.640s] INFO:colcon.colcon_core.shell:Creating package script '/home/neo/sim_ws/install/teleop_core/share/teleop_core/package.bash'
[3.641s] INFO:colcon.colcon_core.shell:Creating package script '/home/neo/sim_ws/install/teleop_core/share/teleop_core/package.zsh'
[3.641s] Level 1:colcon.colcon_core.environment:create_file_with_runtime_dependencies(/home/neo/sim_ws/install/teleop_core/share/colcon-core/packages/teleop_core)
[3.661s] Level 1:colcon.colcon_core.environment:checking '/home/neo/sim_ws/install/fake_rover_state_controller' for CMake module files
[3.661s] DEBUG:colcon.colcon_core.event_handler.log_command:Invoked command in '/home/neo/sim_ws/sim/fake_rover_state_controller' returned '0': DEBUGINFOD_URLS=https://debuginfod.ubuntu.com PYTHONPATH=/home/neo/sim_ws/build/fake_rover_state_controller/prefix_override:/usr/lib/python3/dist-packages/colcon_core/task/python/colcon_distutils_commands:/home/neo/sim_ws/install/fake_rover_state_controller/lib/python3.12/site-packages:${PYTHONPATH} /usr/bin/python3 -W ignore:setup.py install is deprecated -W ignore:easy_install command is deprecated setup.py egg_info --egg-base ../../build/fake_rover_state_controller build --build-base /home/neo/sim_ws/build/fake_rover_state_controller/build install --record /home/neo/sim_ws/build/fake_rover_state_controller/install.log --single-version-externally-managed install_data
[3.662s] Level 1:colcon.colcon_core.environment:checking '/home/neo/sim_ws/install/fake_rover_state_controller' for CMake config files
[3.663s] Level 1:colcon.colcon_core.environment:checking '/home/neo/sim_ws/install/fake_rover_state_controller/lib'
[3.663s] Level 1:colcon.colcon_core.environment:checking '/home/neo/sim_ws/install/fake_rover_state_controller/bin'
[3.663s] Level 1:colcon.colcon_core.environment:checking '/home/neo/sim_ws/install/fake_rover_state_controller/lib/pkgconfig/fake_rover_state_controller.pc'
[3.664s] Level 1:colcon.colcon_core.environment:checking '/home/neo/sim_ws/install/fake_rover_state_controller/lib/python3.12/site-packages'
[3.664s] Level 1:colcon.colcon_core.shell:create_environment_hook('fake_rover_state_controller', 'pythonpath')
[3.664s] INFO:colcon.colcon_core.shell:Creating environment hook '/home/neo/sim_ws/install/fake_rover_state_controller/share/fake_rover_state_controller/hook/pythonpath.ps1'
[3.665s] INFO:colcon.colcon_core.shell:Creating environment descriptor '/home/neo/sim_ws/install/fake_rover_state_controller/share/fake_rover_state_controller/hook/pythonpath.dsv'
[3.665s] INFO:colcon.colcon_core.shell:Creating environment hook '/home/neo/sim_ws/install/fake_rover_state_controller/share/fake_rover_state_controller/hook/pythonpath.sh'
[3.666s] Level 1:colcon.colcon_core.environment:checking '/home/neo/sim_ws/install/fake_rover_state_controller/bin'
[3.666s] Level 1:colcon.colcon_core.environment:create_environment_scripts_only(fake_rover_state_controller)
[3.667s] INFO:colcon.colcon_core.shell:Creating package script '/home/neo/sim_ws/install/fake_rover_state_controller/share/fake_rover_state_controller/package.ps1'
[3.668s] INFO:colcon.colcon_core.shell:Creating package descriptor '/home/neo/sim_ws/install/fake_rover_state_controller/share/fake_rover_state_controller/package.dsv'
[3.668s] INFO:colcon.colcon_core.shell:Creating package script '/home/neo/sim_ws/install/fake_rover_state_controller/share/fake_rover_state_controller/package.sh'
[3.669s] INFO:colcon.colcon_core.shell:Creating package script '/home/neo/sim_ws/install/fake_rover_state_controller/share/fake_rover_state_controller/package.bash'
[3.669s] INFO:colcon.colcon_core.shell:Creating package script '/home/neo/sim_ws/install/fake_rover_state_controller/share/fake_rover_state_controller/package.zsh'
[3.670s] Level 1:colcon.colcon_core.environment:create_file_with_runtime_dependencies(/home/neo/sim_ws/install/fake_rover_state_controller/share/colcon-core/packages/fake_rover_state_controller)
[4.115s] DEBUG:colcon.colcon_core.event_handler.log_command:Invoking command in '/home/neo/sim_ws/sim/virtual_joy': DEBUGINFOD_URLS=https://debuginfod.ubuntu.com PYTHONPATH=/home/neo/sim_ws/build/virtual_joy/prefix_override:/usr/lib/python3/dist-packages/colcon_core/task/python/colcon_distutils_commands:/home/neo/sim_ws/install/virtual_joy/lib/python3.12/site-packages:${PYTHONPATH} /usr/bin/python3 -W ignore:setup.py install is deprecated -W ignore:easy_install command is deprecated setup.py egg_info --egg-base ../../build/virtual_joy build --build-base /home/neo/sim_ws/build/virtual_joy/build install --record /home/neo/sim_ws/build/virtual_joy/install.log --single-version-externally-managed install_data
[4.783s] Level 1:colcon.colcon_core.environment:checking '/home/neo/sim_ws/install/virtual_joy' for CMake module files
[4.783s] DEBUG:colcon.colcon_core.event_handler.log_command:Invoked command in '/home/neo/sim_ws/sim/virtual_joy' returned '0': DEBUGINFOD_URLS=https://debuginfod.ubuntu.com PYTHONPATH=/home/neo/sim_ws/build/virtual_joy/prefix_override:/usr/lib/python3/dist-packages/colcon_core/task/python/colcon_distutils_commands:/home/neo/sim_ws/install/virtual_joy/lib/python3.12/site-packages:${PYTHONPATH} /usr/bin/python3 -W ignore:setup.py install is deprecated -W ignore:easy_install command is deprecated setup.py egg_info --egg-base ../../build/virtual_joy build --build-base /home/neo/sim_ws/build/virtual_joy/build install --record /home/neo/sim_ws/build/virtual_joy/install.log --single-version-externally-managed install_data
[4.784s] Level 1:colcon.colcon_core.environment:checking '/home/neo/sim_ws/install/virtual_joy' for CMake config files
[4.784s] Level 1:colcon.colcon_core.environment:checking '/home/neo/sim_ws/install/virtual_joy/lib'
[4.785s] Level 1:colcon.colcon_core.environment:checking '/home/neo/sim_ws/install/virtual_joy/bin'
[4.785s] Level 1:colcon.colcon_core.environment:checking '/home/neo/sim_ws/install/virtual_joy/lib/pkgconfig/virtual_joy.pc'
[4.785s] Level 1:colcon.colcon_core.environment:checking '/home/neo/sim_ws/install/virtual_joy/lib/python3.12/site-packages'
[4.785s] Level 1:colcon.colcon_core.shell:create_environment_hook('virtual_joy', 'pythonpath')
[4.785s] INFO:colcon.colcon_core.shell:Creating environment hook '/home/neo/sim_ws/install/virtual_joy/share/virtual_joy/hook/pythonpath.ps1'
[4.786s] INFO:colcon.colcon_core.shell:Creating environment descriptor '/home/neo/sim_ws/install/virtual_joy/share/virtual_joy/hook/pythonpath.dsv'
[4.786s] INFO:colcon.colcon_core.shell:Creating environment hook '/home/neo/sim_ws/install/virtual_joy/share/virtual_joy/hook/pythonpath.sh'
[4.787s] Level 1:colcon.colcon_core.environment:checking '/home/neo/sim_ws/install/virtual_joy/bin'
[4.787s] Level 1:colcon.colcon_core.environment:create_environment_scripts_only(virtual_joy)
[4.787s] INFO:colcon.colcon_core.shell:Creating package script '/home/neo/sim_ws/install/virtual_joy/share/virtual_joy/package.ps1'
[4.788s] INFO:colcon.colcon_core.shell:Creating package descriptor '/home/neo/sim_ws/install/virtual_joy/share/virtual_joy/package.dsv'
[4.788s] INFO:colcon.colcon_core.shell:Creating package script '/home/neo/sim_ws/install/virtual_joy/share/virtual_joy/package.sh'
[4.788s] INFO:colcon.colcon_core.shell:Creating package script '/home/neo/sim_ws/install/virtual_joy/share/virtual_joy/package.bash'
[4.789s] INFO:colcon.colcon_core.shell:Creating package script '/home/neo/sim_ws/install/virtual_joy/share/virtual_joy/package.zsh'
[4.789s] Level 1:colcon.colcon_core.environment:create_file_with_runtime_dependencies(/home/neo/sim_ws/install/virtual_joy/share/colcon-core/packages/virtual_joy)
[4.790s] DEBUG:colcon.colcon_parallel_executor.executor.parallel:closing loop
[4.790s] DEBUG:colcon.colcon_parallel_executor.executor.parallel:loop closed
[4.790s] DEBUG:colcon.colcon_parallel_executor.executor.parallel:run_until_complete finished with '0'
[4.790s] DEBUG:colcon.colcon_core.event_reactor:joining thread
[4.800s] INFO:colcon.colcon_core.plugin_system:Skipping extension 'colcon_notification.desktop_notification.terminal_notifier': Not used on non-Darwin systems
[4.800s] INFO:colcon.colcon_core.plugin_system:Skipping extension 'colcon_notification.desktop_notification.win32': Not used on non-Windows systems
[4.801s] INFO:colcon.colcon_notification.desktop_notification:Sending desktop notification using 'notify2'
[4.816s] DEBUG:colcon.colcon_core.event_reactor:joined thread
[4.817s] INFO:colcon.colcon_core.shell:Creating prefix script '/home/neo/sim_ws/install/local_setup.ps1'
[4.818s] INFO:colcon.colcon_core.shell:Creating prefix util module '/home/neo/sim_ws/install/_local_setup_util_ps1.py'
[4.820s] INFO:colcon.colcon_core.shell:Creating prefix chain script '/home/neo/sim_ws/install/setup.ps1'
[4.822s] INFO:colcon.colcon_core.shell:Creating prefix script '/home/neo/sim_ws/install/local_setup.sh'
[4.823s] INFO:colcon.colcon_core.shell:Creating prefix util module '/home/neo/sim_ws/install/_local_setup_util_sh.py'
[4.824s] INFO:colcon.colcon_core.shell:Creating prefix chain script '/home/neo/sim_ws/install/setup.sh'
[4.825s] INFO:colcon.colcon_core.shell:Creating prefix script '/home/neo/sim_ws/install/local_setup.bash'
[4.826s] INFO:colcon.colcon_core.shell:Creating prefix chain script '/home/neo/sim_ws/install/setup.bash'
[4.828s] INFO:colcon.colcon_core.shell:Creating prefix script '/home/neo/sim_ws/install/local_setup.zsh'
[4.828s] INFO:colcon.colcon_core.shell:Creating prefix chain script '/home/neo/sim_ws/install/setup.zsh'
