[1.439s] Invoking command in '/home/neo/sim_ws/sim/fake_rover_state_controller': PYTHONPATH=/home/neo/sim_ws/build/fake_rover_state_controller/prefix_override:/usr/lib/python3/dist-packages/colcon_core/task/python/colcon_distutils_commands:/home/neo/sim_ws/install/fake_rover_state_controller/lib/python3.12/site-packages:${PYTHONPATH} /usr/bin/python3 -W ignore:setup.py install is deprecated -W ignore:easy_install command is deprecated setup.py egg_info --egg-base ../../build/fake_rover_state_controller build --build-base /home/neo/sim_ws/build/fake_rover_state_controller/build install --record /home/neo/sim_ws/build/fake_rover_state_controller/install.log --single-version-externally-managed install_data
[1.704s] running egg_info
[1.705s] creating ../../build/fake_rover_state_controller/fake_rover_state_controller.egg-info
[1.726s] writing ../../build/fake_rover_state_controller/fake_rover_state_controller.egg-info/PKG-INFO
[1.727s] writing dependency_links to ../../build/fake_rover_state_controller/fake_rover_state_controller.egg-info/dependency_links.txt
[1.727s] writing entry points to ../../build/fake_rover_state_controller/fake_rover_state_controller.egg-info/entry_points.txt
[1.728s] writing requirements to ../../build/fake_rover_state_controller/fake_rover_state_controller.egg-info/requires.txt
[1.728s] writing top-level names to ../../build/fake_rover_state_controller/fake_rover_state_controller.egg-info/top_level.txt
[1.728s] writing manifest file '../../build/fake_rover_state_controller/fake_rover_state_controller.egg-info/SOURCES.txt'
[1.758s] reading manifest file '../../build/fake_rover_state_controller/fake_rover_state_controller.egg-info/SOURCES.txt'
[1.759s] writing manifest file '../../build/fake_rover_state_controller/fake_rover_state_controller.egg-info/SOURCES.txt'
[1.760s] running build
[1.760s] running build_py
[1.760s] creating /home/neo/sim_ws/build/fake_rover_state_controller/build
[1.760s] creating /home/neo/sim_ws/build/fake_rover_state_controller/build/lib
[1.760s] creating /home/neo/sim_ws/build/fake_rover_state_controller/build/lib/fake_rover_state_controller
[1.760s] copying fake_rover_state_controller/teleop2jointstate.py -> /home/neo/sim_ws/build/fake_rover_state_controller/build/lib/fake_rover_state_controller
[1.760s] copying fake_rover_state_controller/__init__.py -> /home/neo/sim_ws/build/fake_rover_state_controller/build/lib/fake_rover_state_controller
[1.760s] running install
[1.766s] running install_lib
[1.783s] creating /home/neo/sim_ws/install/fake_rover_state_controller/lib/python3.12/site-packages/fake_rover_state_controller
[1.783s] copying /home/neo/sim_ws/build/fake_rover_state_controller/build/lib/fake_rover_state_controller/teleop2jointstate.py -> /home/neo/sim_ws/install/fake_rover_state_controller/lib/python3.12/site-packages/fake_rover_state_controller
[1.784s] copying /home/neo/sim_ws/build/fake_rover_state_controller/build/lib/fake_rover_state_controller/__init__.py -> /home/neo/sim_ws/install/fake_rover_state_controller/lib/python3.12/site-packages/fake_rover_state_controller
[1.784s] byte-compiling /home/neo/sim_ws/install/fake_rover_state_controller/lib/python3.12/site-packages/fake_rover_state_controller/teleop2jointstate.py to teleop2jointstate.cpython-312.pyc
[1.785s] byte-compiling /home/neo/sim_ws/install/fake_rover_state_controller/lib/python3.12/site-packages/fake_rover_state_controller/__init__.py to __init__.cpython-312.pyc
[1.785s] running install_data
[1.785s] creating /home/neo/sim_ws/install/fake_rover_state_controller/share/ament_index
[1.785s] creating /home/neo/sim_ws/install/fake_rover_state_controller/share/ament_index/resource_index
[1.785s] creating /home/neo/sim_ws/install/fake_rover_state_controller/share/ament_index/resource_index/packages
[1.785s] copying resource/fake_rover_state_controller -> /home/neo/sim_ws/install/fake_rover_state_controller/share/ament_index/resource_index/packages
[1.785s] copying package.xml -> /home/neo/sim_ws/install/fake_rover_state_controller/share/fake_rover_state_controller
[1.785s] running install_egg_info
[1.801s] Copying ../../build/fake_rover_state_controller/fake_rover_state_controller.egg-info to /home/neo/sim_ws/install/fake_rover_state_controller/lib/python3.12/site-packages/fake_rover_state_controller-0.0.0-py3.12.egg-info
[1.801s] running install_scripts
[1.911s] Installing teleop2js script to /home/neo/sim_ws/install/fake_rover_state_controller/lib/fake_rover_state_controller
[1.912s] writing list of installed files to '/home/neo/sim_ws/build/fake_rover_state_controller/install.log'
[1.946s] Invoked command in '/home/neo/sim_ws/sim/fake_rover_state_controller' returned '0': PYTHONPATH=/home/neo/sim_ws/build/fake_rover_state_controller/prefix_override:/usr/lib/python3/dist-packages/colcon_core/task/python/colcon_distutils_commands:/home/neo/sim_ws/install/fake_rover_state_controller/lib/python3.12/site-packages:${PYTHONPATH} /usr/bin/python3 -W ignore:setup.py install is deprecated -W ignore:easy_install command is deprecated setup.py egg_info --egg-base ../../build/fake_rover_state_controller build --build-base /home/neo/sim_ws/build/fake_rover_state_controller/build install --record /home/neo/sim_ws/build/fake_rover_state_controller/install.log --single-version-externally-managed install_data
