[2.092s] Invoking command in '/home/neo/sim_ws/sim/locomotion_core': DEBUGINFOD_URLS=https://debuginfod.ubuntu.com PYTHONPATH=/home/neo/sim_ws/build/locomotion_core/prefix_override:/usr/lib/python3/dist-packages/colcon_core/task/python/colcon_distutils_commands:/home/neo/sim_ws/install/locomotion_core/lib/python3.12/site-packages:${PYTHONPATH} /usr/bin/python3 -W ignore:setup.py install is deprecated -W ignore:easy_install command is deprecated setup.py egg_info --egg-base ../../build/locomotion_core build --build-base /home/neo/sim_ws/build/locomotion_core/build install --record /home/neo/sim_ws/build/locomotion_core/install.log --single-version-externally-managed install_data
[2.664s] running egg_info
[2.664s] creating ../../build/locomotion_core/locomotion_core.egg-info
[2.704s] writing ../../build/locomotion_core/locomotion_core.egg-info/PKG-INFO
[2.705s] writing dependency_links to ../../build/locomotion_core/locomotion_core.egg-info/dependency_links.txt
[2.705s] writing entry points to ../../build/locomotion_core/locomotion_core.egg-info/entry_points.txt
[2.705s] writing requirements to ../../build/locomotion_core/locomotion_core.egg-info/requires.txt
[2.706s] writing top-level names to ../../build/locomotion_core/locomotion_core.egg-info/top_level.txt
[2.706s] writing manifest file '../../build/locomotion_core/locomotion_core.egg-info/SOURCES.txt'
[2.798s] reading manifest file '../../build/locomotion_core/locomotion_core.egg-info/SOURCES.txt'
[2.800s] writing manifest file '../../build/locomotion_core/locomotion_core.egg-info/SOURCES.txt'
[2.800s] running build
[2.800s] running build_py
[2.800s] creating /home/neo/sim_ws/build/locomotion_core/build
[2.800s] creating /home/neo/sim_ws/build/locomotion_core/build/lib
[2.800s] creating /home/neo/sim_ws/build/locomotion_core/build/lib/locomotion_core
[2.800s] copying locomotion_core/cmd_roboteq_jetson.py -> /home/neo/sim_ws/build/locomotion_core/build/lib/locomotion_core
[2.801s] copying locomotion_core/movebase_kinematics.py -> /home/neo/sim_ws/build/locomotion_core/build/lib/locomotion_core
[2.801s] copying locomotion_core/rover_enable.py -> /home/neo/sim_ws/build/locomotion_core/build/lib/locomotion_core
[2.802s] copying locomotion_core/enable_srv_pi.py -> /home/neo/sim_ws/build/locomotion_core/build/lib/locomotion_core
[2.803s] copying locomotion_core/cmd_roboteq_pi.py -> /home/neo/sim_ws/build/locomotion_core/build/lib/locomotion_core
[2.803s] copying locomotion_core/enable_srv.py -> /home/neo/sim_ws/build/locomotion_core/build/lib/locomotion_core
[2.804s] copying locomotion_core/__init__.py -> /home/neo/sim_ws/build/locomotion_core/build/lib/locomotion_core
[2.805s] copying locomotion_core/rover_state_controller.py -> /home/neo/sim_ws/build/locomotion_core/build/lib/locomotion_core
[2.806s] running install
[2.823s] running install_lib
[2.867s] creating /home/neo/sim_ws/install/locomotion_core/lib/python3.12/site-packages/locomotion_core
[2.868s] copying /home/neo/sim_ws/build/locomotion_core/build/lib/locomotion_core/cmd_roboteq_jetson.py -> /home/neo/sim_ws/install/locomotion_core/lib/python3.12/site-packages/locomotion_core
[2.868s] copying /home/neo/sim_ws/build/locomotion_core/build/lib/locomotion_core/movebase_kinematics.py -> /home/neo/sim_ws/install/locomotion_core/lib/python3.12/site-packages/locomotion_core
[2.868s] copying /home/neo/sim_ws/build/locomotion_core/build/lib/locomotion_core/rover_enable.py -> /home/neo/sim_ws/install/locomotion_core/lib/python3.12/site-packages/locomotion_core
[2.868s] copying /home/neo/sim_ws/build/locomotion_core/build/lib/locomotion_core/enable_srv_pi.py -> /home/neo/sim_ws/install/locomotion_core/lib/python3.12/site-packages/locomotion_core
[2.868s] copying /home/neo/sim_ws/build/locomotion_core/build/lib/locomotion_core/cmd_roboteq_pi.py -> /home/neo/sim_ws/install/locomotion_core/lib/python3.12/site-packages/locomotion_core
[2.869s] copying /home/neo/sim_ws/build/locomotion_core/build/lib/locomotion_core/enable_srv.py -> /home/neo/sim_ws/install/locomotion_core/lib/python3.12/site-packages/locomotion_core
[2.869s] copying /home/neo/sim_ws/build/locomotion_core/build/lib/locomotion_core/__init__.py -> /home/neo/sim_ws/install/locomotion_core/lib/python3.12/site-packages/locomotion_core
[2.870s] copying /home/neo/sim_ws/build/locomotion_core/build/lib/locomotion_core/rover_state_controller.py -> /home/neo/sim_ws/install/locomotion_core/lib/python3.12/site-packages/locomotion_core
[2.870s] byte-compiling /home/neo/sim_ws/install/locomotion_core/lib/python3.12/site-packages/locomotion_core/cmd_roboteq_jetson.py to cmd_roboteq_jetson.cpython-312.pyc
[2.871s] byte-compiling /home/neo/sim_ws/install/locomotion_core/lib/python3.12/site-packages/locomotion_core/movebase_kinematics.py to movebase_kinematics.cpython-312.pyc
[2.874s] byte-compiling /home/neo/sim_ws/install/locomotion_core/lib/python3.12/site-packages/locomotion_core/rover_enable.py to rover_enable.cpython-312.pyc
[2.874s] byte-compiling /home/neo/sim_ws/install/locomotion_core/lib/python3.12/site-packages/locomotion_core/enable_srv_pi.py to enable_srv_pi.cpython-312.pyc
[2.874s] byte-compiling /home/neo/sim_ws/install/locomotion_core/lib/python3.12/site-packages/locomotion_core/cmd_roboteq_pi.py to cmd_roboteq_pi.cpython-312.pyc
[2.875s] byte-compiling /home/neo/sim_ws/install/locomotion_core/lib/python3.12/site-packages/locomotion_core/enable_srv.py to enable_srv.cpython-312.pyc
[2.876s] byte-compiling /home/neo/sim_ws/install/locomotion_core/lib/python3.12/site-packages/locomotion_core/__init__.py to __init__.cpython-312.pyc
[2.876s] byte-compiling /home/neo/sim_ws/install/locomotion_core/lib/python3.12/site-packages/locomotion_core/rover_state_controller.py to rover_state_controller.cpython-312.pyc
[2.881s] running install_data
[2.881s] creating /home/neo/sim_ws/install/locomotion_core/share/ament_index
[2.881s] creating /home/neo/sim_ws/install/locomotion_core/share/ament_index/resource_index
[2.881s] creating /home/neo/sim_ws/install/locomotion_core/share/ament_index/resource_index/packages
[2.882s] copying resource/locomotion_core -> /home/neo/sim_ws/install/locomotion_core/share/ament_index/resource_index/packages
[2.882s] copying package.xml -> /home/neo/sim_ws/install/locomotion_core/share/locomotion_core
[2.882s] running install_egg_info
[2.926s] Copying ../../build/locomotion_core/locomotion_core.egg-info to /home/neo/sim_ws/install/locomotion_core/lib/python3.12/site-packages/locomotion_core-0.0.0-py3.12.egg-info
[2.927s] running install_scripts
[3.205s] Installing cmd_roboteq script to /home/neo/sim_ws/install/locomotion_core/lib/locomotion_core
[3.211s] Installing en_service script to /home/neo/sim_ws/install/locomotion_core/lib/locomotion_core
[3.214s] Installing movebase_kinematics script to /home/neo/sim_ws/install/locomotion_core/lib/locomotion_core
[3.215s] Installing rover_enable script to /home/neo/sim_ws/install/locomotion_core/lib/locomotion_core
[3.215s] Installing rover_state_controller script to /home/neo/sim_ws/install/locomotion_core/lib/locomotion_core
[3.215s] writing list of installed files to '/home/neo/sim_ws/build/locomotion_core/install.log'
[3.287s] Invoked command in '/home/neo/sim_ws/sim/locomotion_core' returned '0': DEBUGINFOD_URLS=https://debuginfod.ubuntu.com PYTHONPATH=/home/neo/sim_ws/build/locomotion_core/prefix_override:/usr/lib/python3/dist-packages/colcon_core/task/python/colcon_distutils_commands:/home/neo/sim_ws/install/locomotion_core/lib/python3.12/site-packages:${PYTHONPATH} /usr/bin/python3 -W ignore:setup.py install is deprecated -W ignore:easy_install command is deprecated setup.py egg_info --egg-base ../../build/locomotion_core build --build-base /home/neo/sim_ws/build/locomotion_core/build install --record /home/neo/sim_ws/build/locomotion_core/install.log --single-version-externally-managed install_data
