[1.380s] Invoking command in '/home/neo/rover_sim/sim/virtual_joy': DEBUGINFOD_URLS=https://debuginfod.ubuntu.com PYTHONPATH=/home/neo/rover_sim/build/virtual_joy/prefix_override:/usr/lib/python3/dist-packages/colcon_core/task/python/colcon_distutils_commands:/home/neo/rover_sim/install/virtual_joy/lib/python3.12/site-packages:${PYTHONPATH} /usr/bin/python3 -W ignore:setup.py install is deprecated setup.py egg_info --egg-base ../../build/virtual_joy build --build-base /home/neo/rover_sim/build/virtual_joy/build install --record /home/neo/rover_sim/build/virtual_joy/install.log --single-version-externally-managed install_data
[1.686s] running egg_info
[1.687s] creating ../../build/virtual_joy/virtual_joy.egg-info
[1.709s] writing ../../build/virtual_joy/virtual_joy.egg-info/PKG-INFO
[1.709s] writing dependency_links to ../../build/virtual_joy/virtual_joy.egg-info/dependency_links.txt
[1.709s] writing entry points to ../../build/virtual_joy/virtual_joy.egg-info/entry_points.txt
[1.710s] writing requirements to ../../build/virtual_joy/virtual_joy.egg-info/requires.txt
[1.710s] writing top-level names to ../../build/virtual_joy/virtual_joy.egg-info/top_level.txt
[1.710s] writing manifest file '../../build/virtual_joy/virtual_joy.egg-info/SOURCES.txt'
[1.756s] reading manifest file '../../build/virtual_joy/virtual_joy.egg-info/SOURCES.txt'
[1.756s] adding license file 'LICENSE'
[1.756s] writing manifest file '../../build/virtual_joy/virtual_joy.egg-info/SOURCES.txt'
[1.756s] running build
[1.757s] running build_py
[1.757s] creating /home/neo/rover_sim/build/virtual_joy/build
[1.757s] creating /home/neo/rover_sim/build/virtual_joy/build/lib
[1.757s] creating /home/neo/rover_sim/build/virtual_joy/build/lib/virtual_joy
[1.757s] copying virtual_joy/virtual_joy.py -> /home/neo/rover_sim/build/virtual_joy/build/lib/virtual_joy
[1.757s] copying virtual_joy/__init__.py -> /home/neo/rover_sim/build/virtual_joy/build/lib/virtual_joy
[1.757s] running install
[1.764s] running install_lib
[1.790s] creating /home/neo/rover_sim/install/virtual_joy/lib/python3.12/site-packages/virtual_joy
[1.790s] copying /home/neo/rover_sim/build/virtual_joy/build/lib/virtual_joy/virtual_joy.py -> /home/neo/rover_sim/install/virtual_joy/lib/python3.12/site-packages/virtual_joy
[1.790s] copying /home/neo/rover_sim/build/virtual_joy/build/lib/virtual_joy/__init__.py -> /home/neo/rover_sim/install/virtual_joy/lib/python3.12/site-packages/virtual_joy
[1.791s] byte-compiling /home/neo/rover_sim/install/virtual_joy/lib/python3.12/site-packages/virtual_joy/virtual_joy.py to virtual_joy.cpython-312.pyc
[1.793s] byte-compiling /home/neo/rover_sim/install/virtual_joy/lib/python3.12/site-packages/virtual_joy/__init__.py to __init__.cpython-312.pyc
[1.793s] running install_data
[1.793s] copying resource/virtual_joy -> /home/neo/rover_sim/install/virtual_joy/share/ament_index/resource_index/packages
[1.793s] copying package.xml -> /home/neo/rover_sim/install/virtual_joy/share/virtual_joy
[1.793s] running install_egg_info
[1.818s] Copying ../../build/virtual_joy/virtual_joy.egg-info to /home/neo/rover_sim/install/virtual_joy/lib/python3.12/site-packages/virtual_joy-0.0.0-py3.12.egg-info
[1.819s] running install_scripts
[1.976s] Installing virtual_joy script to /home/neo/rover_sim/install/virtual_joy/lib/virtual_joy
[1.976s] writing list of installed files to '/home/neo/rover_sim/build/virtual_joy/install.log'
[2.016s] Invoked command in '/home/neo/rover_sim/sim/virtual_joy' returned '0': DEBUGINFOD_URLS=https://debuginfod.ubuntu.com PYTHONPATH=/home/neo/rover_sim/build/virtual_joy/prefix_override:/usr/lib/python3/dist-packages/colcon_core/task/python/colcon_distutils_commands:/home/neo/rover_sim/install/virtual_joy/lib/python3.12/site-packages:${PYTHONPATH} /usr/bin/python3 -W ignore:setup.py install is deprecated setup.py egg_info --egg-base ../../build/virtual_joy build --build-base /home/neo/rover_sim/build/virtual_joy/build install --record /home/neo/rover_sim/build/virtual_joy/install.log --single-version-externally-managed install_data
