[0.566s] Invoking command in '/home/neo/rover_sim/build/rover_description': CMAKE_PREFIX_PATH=${CMAKE_PREFIX_PATH}:/opt/ros/jazzy DEBUGINFOD_URLS=https://debuginfod.ubuntu.com /usr/bin/cmake /home/neo/rover_sim/sim/rover_description -DCMAKE_INSTALL_PREFIX=/home/neo/rover_sim/install/rover_description
[0.710s] -- The C compiler identification is GNU 13.3.0
[0.831s] -- The CXX compiler identification is GNU 13.3.0
[0.858s] -- Detecting C compiler ABI info
[1.018s] -- Detecting C compiler ABI info - done
[1.039s] -- Check for working C compiler: /usr/bin/cc - skipped
[1.040s] -- Detecting C compile features
[1.041s] -- Detecting C compile features - done
[1.057s] -- Detecting CXX compiler ABI info
[1.237s] -- Detecting CXX compiler ABI info - done
[1.258s] -- Check for working CXX compiler: /usr/bin/c++ - skipped
[1.259s] -- Detecting CXX compile features
[1.259s] -- Detecting CXX compile features - done
[1.271s] -- Found ament_cmake: 2.5.2 (/opt/ros/jazzy/share/ament_cmake/cmake)
[1.528s] -- Found Python3: /usr/bin/python3 (found version "3.12.3") found components: Interpreter 
[1.744s] -- Found xacro: 2.0.11 (/opt/ros/jazzy/share/xacro/cmake)
[1.748s] -- Found ament_lint_auto: 0.17.1 (/opt/ros/jazzy/share/ament_lint_auto/cmake)
[1.993s] -- Added test 'copyright' to check source files copyright and LICENSE
[1.998s] -- Added test 'flake8' to check Python code syntax and style conventions
[1.998s] -- Configured 'flake8' exclude dirs and/or files: 
[2.002s] -- Added test 'lint_cmake' to check CMake code style
[2.005s] -- Added test 'pep257' to check Python code against some of the docstring style conventions in PEP 257
[2.008s] -- Added test 'xmllint' to check XML markup files
[2.011s] -- Configuring done (1.4s)
[2.017s] -- Generating done (0.0s)
[2.019s] -- Build files have been written to: /home/neo/rover_sim/build/rover_description
[2.028s] Invoked command in '/home/neo/rover_sim/build/rover_description' returned '0': CMAKE_PREFIX_PATH=${CMAKE_PREFIX_PATH}:/opt/ros/jazzy DEBUGINFOD_URLS=https://debuginfod.ubuntu.com /usr/bin/cmake /home/neo/rover_sim/sim/rover_description -DCMAKE_INSTALL_PREFIX=/home/neo/rover_sim/install/rover_description
[2.030s] Invoking command in '/home/neo/rover_sim/build/rover_description': CMAKE_PREFIX_PATH=${CMAKE_PREFIX_PATH}:/opt/ros/jazzy DEBUGINFOD_URLS=https://debuginfod.ubuntu.com /usr/bin/cmake --build /home/neo/rover_sim/build/rover_description -- -j4 -l4
[2.096s] Invoked command in '/home/neo/rover_sim/build/rover_description' returned '0': CMAKE_PREFIX_PATH=${CMAKE_PREFIX_PATH}:/opt/ros/jazzy DEBUGINFOD_URLS=https://debuginfod.ubuntu.com /usr/bin/cmake --build /home/neo/rover_sim/build/rover_description -- -j4 -l4
[2.174s] Invoking command in '/home/neo/rover_sim/build/rover_description': CMAKE_PREFIX_PATH=${CMAKE_PREFIX_PATH}:/opt/ros/jazzy DEBUGINFOD_URLS=https://debuginfod.ubuntu.com /usr/bin/cmake --install /home/neo/rover_sim/build/rover_description
[2.194s] -- Install configuration: ""
[2.194s] -- Up-to-date: /home/neo/rover_sim/install/rover_description/share/rover_description/src
[2.195s] -- Up-to-date: /home/neo/rover_sim/install/rover_description/share/rover_description/src/description
[2.196s] -- Installing: /home/neo/rover_sim/install/rover_description/share/rover_description/src/description/pioneer_base.urdf
[2.197s] -- Installing: /home/neo/rover_sim/install/rover_description/share/rover_description/src/description/base.urdf
[2.205s] -- Up-to-date: /home/neo/rover_sim/install/rover_description/share/rover_description/launch
[2.205s] -- Installing: /home/neo/rover_sim/install/rover_description/share/rover_description/launch/pioneer_display.launch.py
[2.206s] -- Installing: /home/neo/rover_sim/install/rover_description/share/rover_description/launch/display.launch.py
[2.206s] -- Up-to-date: /home/neo/rover_sim/install/rover_description/share/rover_description/rviz
[2.206s] -- Installing: /home/neo/rover_sim/install/rover_description/share/rover_description/rviz/urdf_config.rviz
[2.206s] -- Up-to-date: /home/neo/rover_sim/install/rover_description/share/rover_description/config
[2.210s] -- Installing: /home/neo/rover_sim/install/rover_description/share/rover_description/config/nav2_params.yaml
[2.211s] -- Installing: /home/neo/rover_sim/install/rover_description/share/rover_description/config/ekf.yaml
[2.211s] -- Up-to-date: /home/neo/rover_sim/install/rover_description/share/rover_description/world
[2.211s] -- Installing: /home/neo/rover_sim/install/rover_description/share/rover_description/world/my_world.sdf
[2.212s] -- Up-to-date: /home/neo/rover_sim/install/rover_description/share/rover_description//launch
[2.212s] -- Up-to-date: /home/neo/rover_sim/install/rover_description/share/rover_description//launch/pioneer_display.launch.py
[2.212s] -- Up-to-date: /home/neo/rover_sim/install/rover_description/share/rover_description//launch/display.launch.py
[2.212s] -- Up-to-date: /home/neo/rover_sim/install/rover_description/share/rover_description//meshes
[2.212s] -- Installing: /home/neo/rover_sim/install/rover_description/share/rover_description//meshes/wheel_wcm.dae
[2.215s] -- Installing: /home/neo/rover_sim/install/rover_description/share/rover_description//meshes/pioneer_3dx.stl
[2.222s] -- Installing: /home/neo/rover_sim/install/rover_description/share/rover_description//meshes/mesh.py
[2.222s] -- Installing: /home/neo/rover_sim/install/rover_description/share/rover_description//meshes/rover_base.dae
[2.366s] -- Installing: /home/neo/rover_sim/install/rover_description/share/ament_index/resource_index/package_run_dependencies/rover_description
[2.366s] -- Installing: /home/neo/rover_sim/install/rover_description/share/ament_index/resource_index/parent_prefix_path/rover_description
[2.366s] -- Installing: /home/neo/rover_sim/install/rover_description/share/rover_description/environment/ament_prefix_path.sh
[2.366s] -- Installing: /home/neo/rover_sim/install/rover_description/share/rover_description/environment/ament_prefix_path.dsv
[2.367s] -- Installing: /home/neo/rover_sim/install/rover_description/share/rover_description/environment/path.sh
[2.367s] -- Installing: /home/neo/rover_sim/install/rover_description/share/rover_description/environment/path.dsv
[2.368s] -- Installing: /home/neo/rover_sim/install/rover_description/share/rover_description/local_setup.bash
[2.368s] -- Installing: /home/neo/rover_sim/install/rover_description/share/rover_description/local_setup.sh
[2.369s] -- Installing: /home/neo/rover_sim/install/rover_description/share/rover_description/local_setup.zsh
[2.369s] -- Installing: /home/neo/rover_sim/install/rover_description/share/rover_description/local_setup.dsv
[2.369s] -- Installing: /home/neo/rover_sim/install/rover_description/share/rover_description/package.dsv
[2.369s] -- Installing: /home/neo/rover_sim/install/rover_description/share/ament_index/resource_index/packages/rover_description
[2.370s] -- Installing: /home/neo/rover_sim/install/rover_description/share/rover_description/cmake/rover_descriptionConfig.cmake
[2.370s] -- Installing: /home/neo/rover_sim/install/rover_description/share/rover_description/cmake/rover_descriptionConfig-version.cmake
[2.371s] -- Installing: /home/neo/rover_sim/install/rover_description/share/rover_description/package.xml
[2.372s] Invoked command in '/home/neo/rover_sim/build/rover_description' returned '0': CMAKE_PREFIX_PATH=${CMAKE_PREFIX_PATH}:/opt/ros/jazzy DEBUGINFOD_URLS=https://debuginfod.ubuntu.com /usr/bin/cmake --install /home/neo/rover_sim/build/rover_description
