[2.008s] Invoking command in '/home/neo/rover_sim/sim/locomotion_core': DEBUGINFOD_URLS=https://debuginfod.ubuntu.com PYTHONPATH=/home/neo/rover_sim/build/locomotion_core/prefix_override:/usr/lib/python3/dist-packages/colcon_core/task/python/colcon_distutils_commands:/home/neo/rover_sim/install/locomotion_core/lib/python3.12/site-packages:${PYTHONPATH} /usr/bin/python3 -W ignore:setup.py install is deprecated setup.py egg_info --egg-base ../../build/locomotion_core build --build-base /home/neo/rover_sim/build/locomotion_core/build install --record /home/neo/rover_sim/build/locomotion_core/install.log --single-version-externally-managed install_data
[2.587s] running egg_info
[2.634s] writing ../../build/locomotion_core/locomotion_core.egg-info/PKG-INFO
[2.635s] writing dependency_links to ../../build/locomotion_core/locomotion_core.egg-info/dependency_links.txt
[2.635s] writing entry points to ../../build/locomotion_core/locomotion_core.egg-info/entry_points.txt
[2.636s] writing requirements to ../../build/locomotion_core/locomotion_core.egg-info/requires.txt
[2.636s] writing top-level names to ../../build/locomotion_core/locomotion_core.egg-info/top_level.txt
[2.717s] reading manifest file '../../build/locomotion_core/locomotion_core.egg-info/SOURCES.txt'
[2.719s] writing manifest file '../../build/locomotion_core/locomotion_core.egg-info/SOURCES.txt'
[2.719s] running build
[2.719s] running build_py
[2.720s] running install
[2.735s] running install_lib
[2.779s] running install_data
[2.779s] running install_egg_info
[2.819s] removing '/home/neo/rover_sim/install/locomotion_core/lib/python3.12/site-packages/locomotion_core-0.0.0-py3.12.egg-info' (and everything under it)
[2.819s] Copying ../../build/locomotion_core/locomotion_core.egg-info to /home/neo/rover_sim/install/locomotion_core/lib/python3.12/site-packages/locomotion_core-0.0.0-py3.12.egg-info
[2.821s] running install_scripts
[3.096s] Installing cmd_roboteq script to /home/neo/rover_sim/install/locomotion_core/lib/locomotion_core
[3.097s] Installing en_service script to /home/neo/rover_sim/install/locomotion_core/lib/locomotion_core
[3.097s] Installing movebase_kinematics script to /home/neo/rover_sim/install/locomotion_core/lib/locomotion_core
[3.097s] Installing rover_enable script to /home/neo/rover_sim/install/locomotion_core/lib/locomotion_core
[3.098s] Installing rover_state_controller script to /home/neo/rover_sim/install/locomotion_core/lib/locomotion_core
[3.100s] writing list of installed files to '/home/neo/rover_sim/build/locomotion_core/install.log'
[3.169s] Invoked command in '/home/neo/rover_sim/sim/locomotion_core' returned '0': DEBUGINFOD_URLS=https://debuginfod.ubuntu.com PYTHONPATH=/home/neo/rover_sim/build/locomotion_core/prefix_override:/usr/lib/python3/dist-packages/colcon_core/task/python/colcon_distutils_commands:/home/neo/rover_sim/install/locomotion_core/lib/python3.12/site-packages:${PYTHONPATH} /usr/bin/python3 -W ignore:setup.py install is deprecated setup.py egg_info --egg-base ../../build/locomotion_core build --build-base /home/neo/rover_sim/build/locomotion_core/build install --record /home/neo/rover_sim/build/locomotion_core/install.log --single-version-externally-managed install_data
