[2.323s] Invoking command in '/home/neo/sim_ws/sim/teleop_core': DEBUGINFOD_URLS=https://debuginfod.ubuntu.com PYTHONPATH=/home/neo/sim_ws/build/teleop_core/prefix_override:/usr/lib/python3/dist-packages/colcon_core/task/python/colcon_distutils_commands:/home/neo/sim_ws/install/teleop_core/lib/python3.12/site-packages:${PYTHONPATH} /usr/bin/python3 -W ignore:setup.py install is deprecated -W ignore:easy_install command is deprecated setup.py egg_info --egg-base ../../build/teleop_core build --build-base /home/neo/sim_ws/build/teleop_core/build install --record /home/neo/sim_ws/build/teleop_core/install.log --single-version-externally-managed install_data
[2.890s] running egg_info
[2.938s] writing ../../build/teleop_core/teleop_core.egg-info/PKG-INFO
[2.939s] writing dependency_links to ../../build/teleop_core/teleop_core.egg-info/dependency_links.txt
[2.940s] writing entry points to ../../build/teleop_core/teleop_core.egg-info/entry_points.txt
[2.940s] writing requirements to ../../build/teleop_core/teleop_core.egg-info/requires.txt
[2.941s] writing top-level names to ../../build/teleop_core/teleop_core.egg-info/top_level.txt
[3.028s] reading manifest file '../../build/teleop_core/teleop_core.egg-info/SOURCES.txt'
[3.031s] writing manifest file '../../build/teleop_core/teleop_core.egg-info/SOURCES.txt'
[3.032s] running build
[3.032s] running build_py
[3.032s] running install
[3.044s] running install_lib
[3.092s] running install_data
[3.093s] running install_egg_info
[3.146s] removing '/home/neo/sim_ws/install/teleop_core/lib/python3.12/site-packages/teleop_core-0.0.0-py3.12.egg-info' (and everything under it)
[3.147s] Copying ../../build/teleop_core/teleop_core.egg-info to /home/neo/sim_ws/install/teleop_core/lib/python3.12/site-packages/teleop_core-0.0.0-py3.12.egg-info
[3.148s] running install_scripts
[3.615s] Installing rover2_joy script to /home/neo/sim_ws/install/teleop_core/lib/teleop_core
[3.615s] writing list of installed files to '/home/neo/sim_ws/build/teleop_core/install.log'
[3.662s] Invoked command in '/home/neo/sim_ws/sim/teleop_core' returned '0': DEBUGINFOD_URLS=https://debuginfod.ubuntu.com PYTHONPATH=/home/neo/sim_ws/build/teleop_core/prefix_override:/usr/lib/python3/dist-packages/colcon_core/task/python/colcon_distutils_commands:/home/neo/sim_ws/install/teleop_core/lib/python3.12/site-packages:${PYTHONPATH} /usr/bin/python3 -W ignore:setup.py install is deprecated -W ignore:easy_install command is deprecated setup.py egg_info --egg-base ../../build/teleop_core build --build-base /home/neo/sim_ws/build/teleop_core/build install --record /home/neo/sim_ws/build/teleop_core/install.log --single-version-externally-managed install_data
