[2.627s] Invoking command in '/home/neo/sim_ws/sim/virtual_joy': DEBUGINFOD_URLS=https://debuginfod.ubuntu.com PYTHONPATH=/home/neo/sim_ws/build/virtual_joy/prefix_override:/usr/lib/python3/dist-packages/colcon_core/task/python/colcon_distutils_commands:/home/neo/sim_ws/install/virtual_joy/lib/python3.12/site-packages:${PYTHONPATH} /usr/bin/python3 -W ignore:setup.py install is deprecated -W ignore:easy_install command is deprecated setup.py egg_info --egg-base ../../build/virtual_joy build --build-base /home/neo/sim_ws/build/virtual_joy/build install --record /home/neo/sim_ws/build/virtual_joy/install.log --single-version-externally-managed install_data
[3.205s] running egg_info
[3.241s] writing ../../build/virtual_joy/virtual_joy.egg-info/PKG-INFO
[3.242s] writing dependency_links to ../../build/virtual_joy/virtual_joy.egg-info/dependency_links.txt
[3.242s] writing entry points to ../../build/virtual_joy/virtual_joy.egg-info/entry_points.txt
[3.243s] writing requirements to ../../build/virtual_joy/virtual_joy.egg-info/requires.txt
[3.243s] writing top-level names to ../../build/virtual_joy/virtual_joy.egg-info/top_level.txt
[3.326s] reading manifest file '../../build/virtual_joy/virtual_joy.egg-info/SOURCES.txt'
[3.327s] adding license file 'LICENSE'
[3.330s] writing manifest file '../../build/virtual_joy/virtual_joy.egg-info/SOURCES.txt'
[3.330s] running build
[3.330s] running build_py
[3.330s] copying virtual_joy/virtual_joy.py -> /home/neo/sim_ws/build/virtual_joy/build/lib/virtual_joy
[3.331s] running install
[3.345s] running install_lib
[3.388s] copying /home/neo/sim_ws/build/virtual_joy/build/lib/virtual_joy/virtual_joy.py -> /home/neo/sim_ws/install/virtual_joy/lib/python3.12/site-packages/virtual_joy
[3.390s] byte-compiling /home/neo/sim_ws/install/virtual_joy/lib/python3.12/site-packages/virtual_joy/virtual_joy.py to virtual_joy.cpython-312.pyc
[3.394s] running install_data
[3.395s] running install_egg_info
[3.450s] removing '/home/neo/sim_ws/install/virtual_joy/lib/python3.12/site-packages/virtual_joy-0.0.0-py3.12.egg-info' (and everything under it)
[3.450s] Copying ../../build/virtual_joy/virtual_joy.egg-info to /home/neo/sim_ws/install/virtual_joy/lib/python3.12/site-packages/virtual_joy-0.0.0-py3.12.egg-info
[3.453s] running install_scripts
[3.808s] Installing virtual_joy script to /home/neo/sim_ws/install/virtual_joy/lib/virtual_joy
[3.809s] writing list of installed files to '/home/neo/sim_ws/build/virtual_joy/install.log'
[3.901s] Invoked command in '/home/neo/sim_ws/sim/virtual_joy' returned '0': DEBUGINFOD_URLS=https://debuginfod.ubuntu.com PYTHONPATH=/home/neo/sim_ws/build/virtual_joy/prefix_override:/usr/lib/python3/dist-packages/colcon_core/task/python/colcon_distutils_commands:/home/neo/sim_ws/install/virtual_joy/lib/python3.12/site-packages:${PYTHONPATH} /usr/bin/python3 -W ignore:setup.py install is deprecated -W ignore:easy_install command is deprecated setup.py egg_info --egg-base ../../build/virtual_joy build --build-base /home/neo/sim_ws/build/virtual_joy/build install --record /home/neo/sim_ws/build/virtual_joy/install.log --single-version-externally-managed install_data
