[0.536s] Invoking command in '/home/neo/sim_ws/build/rover_description': CMAKE_PREFIX_PATH=${CMAKE_PREFIX_PATH}:/opt/ros/jazzy DEBUGINFOD_URLS=https://debuginfod.ubuntu.com /usr/bin/cmake /home/neo/sim_ws/sim/rover_description -DCMAKE_INSTALL_PREFIX=/home/neo/sim_ws/install/rover_description
[0.623s] -- The C compiler identification is GNU 13.3.0
[0.748s] -- The CXX compiler identification is GNU 13.3.0
[0.769s] -- Detecting C compiler ABI info
[0.910s] -- Detecting C compiler ABI info - done
[0.930s] -- Check for working C compiler: /usr/bin/cc - skipped
[0.931s] -- Detecting C compile features
[0.933s] -- Detecting C compile features - done
[0.949s] -- Detecting CXX compiler ABI info
[1.138s] -- Detecting CXX compiler ABI info - done
[1.158s] -- Check for working CXX compiler: /usr/bin/c++ - skipped
[1.159s] -- Detecting CXX compile features
[1.160s] -- Detecting CXX compile features - done
[1.174s] -- Found ament_cmake: 2.5.3 (/opt/ros/jazzy/share/ament_cmake/cmake)
[1.464s] -- Found Python3: /usr/bin/python3 (found version "3.12.3") found components: Interpreter 
[1.684s] -- Found xacro: 2.0.11 (/opt/ros/jazzy/share/xacro/cmake)
[1.687s] -- Found ament_lint_auto: 0.17.1 (/opt/ros/jazzy/share/ament_lint_auto/cmake)
[1.961s] -- Added test 'copyright' to check source files copyright and LICENSE
[1.969s] -- Added test 'flake8' to check Python code syntax and style conventions
[1.970s] -- Configured 'flake8' exclude dirs and/or files: 
[1.970s] -- Added test 'lint_cmake' to check CMake code style
[1.972s] -- Added test 'pep257' to check Python code against some of the docstring style conventions in PEP 257
[1.977s] -- Added test 'xmllint' to check XML markup files
[1.980s] -- Configuring done (1.4s)
[1.988s] -- Generating done (0.0s)
[1.990s] -- Build files have been written to: /home/neo/sim_ws/build/rover_description
[2.010s] Invoked command in '/home/neo/sim_ws/build/rover_description' returned '0': CMAKE_PREFIX_PATH=${CMAKE_PREFIX_PATH}:/opt/ros/jazzy DEBUGINFOD_URLS=https://debuginfod.ubuntu.com /usr/bin/cmake /home/neo/sim_ws/sim/rover_description -DCMAKE_INSTALL_PREFIX=/home/neo/sim_ws/install/rover_description
[2.013s] Invoking command in '/home/neo/sim_ws/build/rover_description': CMAKE_PREFIX_PATH=${CMAKE_PREFIX_PATH}:/opt/ros/jazzy DEBUGINFOD_URLS=https://debuginfod.ubuntu.com /usr/bin/cmake --build /home/neo/sim_ws/build/rover_description -- -j4 -l4
[2.094s] Invoked command in '/home/neo/sim_ws/build/rover_description' returned '0': CMAKE_PREFIX_PATH=${CMAKE_PREFIX_PATH}:/opt/ros/jazzy DEBUGINFOD_URLS=https://debuginfod.ubuntu.com /usr/bin/cmake --build /home/neo/sim_ws/build/rover_description -- -j4 -l4
[2.127s] Invoking command in '/home/neo/sim_ws/build/rover_description': CMAKE_PREFIX_PATH=${CMAKE_PREFIX_PATH}:/opt/ros/jazzy DEBUGINFOD_URLS=https://debuginfod.ubuntu.com /usr/bin/cmake --install /home/neo/sim_ws/build/rover_description
[2.143s] -- Install configuration: ""
[2.143s] -- Installing: /home/neo/sim_ws/install/rover_description/share/rover_description/src
[2.144s] -- Installing: /home/neo/sim_ws/install/rover_description/share/rover_description/src/description
[2.144s] -- Installing: /home/neo/sim_ws/install/rover_description/share/rover_description/src/description/pioneer_base-2.urdf
[2.152s] -- Installing: /home/neo/sim_ws/install/rover_description/share/rover_description/src/description/pioneer_base.urdf
[2.155s] -- Installing: /home/neo/sim_ws/install/rover_description/share/rover_description/src/description/base.urdf
[2.156s] -- Installing: /home/neo/sim_ws/install/rover_description/share/rover_description/src/description/pioneer_multi_robot.xacro
[2.156s] -- Installing: /home/neo/sim_ws/install/rover_description/share/rover_description/launch
[2.159s] -- Installing: /home/neo/sim_ws/install/rover_description/share/rover_description/launch/pioneer_display.launch.py
[2.163s] -- Installing: /home/neo/sim_ws/install/rover_description/share/rover_description/launch/pioneer_display-2.launch.py
[2.164s] -- Installing: /home/neo/sim_ws/install/rover_description/share/rover_description/launch/display.launch.py
[2.164s] -- Installing: /home/neo/sim_ws/install/rover_description/share/rover_description/launch/multi_robot.launch.py
[2.168s] -- Installing: /home/neo/sim_ws/install/rover_description/share/rover_description/rviz
[2.168s] -- Installing: /home/neo/sim_ws/install/rover_description/share/rover_description/rviz/urdf_config.rviz
[2.173s] -- Installing: /home/neo/sim_ws/install/rover_description/share/rover_description/config
[2.173s] -- Installing: /home/neo/sim_ws/install/rover_description/share/rover_description/config/nav2_params.yaml
[2.174s] -- Installing: /home/neo/sim_ws/install/rover_description/share/rover_description/config/ekf.yaml
[2.174s] -- Installing: /home/neo/sim_ws/install/rover_description/share/rover_description/world
[2.175s] -- Installing: /home/neo/sim_ws/install/rover_description/share/rover_description/world/my_world.sdf
[2.175s] -- Up-to-date: /home/neo/sim_ws/install/rover_description/share/rover_description//launch
[2.176s] -- Up-to-date: /home/neo/sim_ws/install/rover_description/share/rover_description//launch/pioneer_display.launch.py
[2.176s] -- Up-to-date: /home/neo/sim_ws/install/rover_description/share/rover_description//launch/pioneer_display-2.launch.py
[2.176s] -- Up-to-date: /home/neo/sim_ws/install/rover_description/share/rover_description//launch/display.launch.py
[2.177s] -- Up-to-date: /home/neo/sim_ws/install/rover_description/share/rover_description//launch/multi_robot.launch.py
[2.177s] -- Installing: /home/neo/sim_ws/install/rover_description/share/rover_description//meshes
[2.177s] -- Installing: /home/neo/sim_ws/install/rover_description/share/rover_description//meshes/wheel_wcm.dae
[2.179s] -- Installing: /home/neo/sim_ws/install/rover_description/share/rover_description//meshes/pioneer_3dx.stl
[2.191s] -- Installing: /home/neo/sim_ws/install/rover_description/share/rover_description//meshes/mesh.py
[2.192s] -- Installing: /home/neo/sim_ws/install/rover_description/share/rover_description//meshes/rover_base.dae
[2.331s] -- Installing: /home/neo/sim_ws/install/rover_description/share/ament_index/resource_index/package_run_dependencies/rover_description
[2.332s] -- Installing: /home/neo/sim_ws/install/rover_description/share/ament_index/resource_index/parent_prefix_path/rover_description
[2.332s] -- Installing: /home/neo/sim_ws/install/rover_description/share/rover_description/environment/ament_prefix_path.sh
[2.333s] -- Installing: /home/neo/sim_ws/install/rover_description/share/rover_description/environment/ament_prefix_path.dsv
[2.334s] -- Installing: /home/neo/sim_ws/install/rover_description/share/rover_description/environment/path.sh
[2.334s] -- Installing: /home/neo/sim_ws/install/rover_description/share/rover_description/environment/path.dsv
[2.335s] -- Installing: /home/neo/sim_ws/install/rover_description/share/rover_description/local_setup.bash
[2.335s] -- Installing: /home/neo/sim_ws/install/rover_description/share/rover_description/local_setup.sh
[2.336s] -- Installing: /home/neo/sim_ws/install/rover_description/share/rover_description/local_setup.zsh
[2.337s] -- Installing: /home/neo/sim_ws/install/rover_description/share/rover_description/local_setup.dsv
[2.337s] -- Installing: /home/neo/sim_ws/install/rover_description/share/rover_description/package.dsv
[2.337s] -- Installing: /home/neo/sim_ws/install/rover_description/share/ament_index/resource_index/packages/rover_description
[2.338s] -- Installing: /home/neo/sim_ws/install/rover_description/share/rover_description/cmake/rover_descriptionConfig.cmake
[2.339s] -- Installing: /home/neo/sim_ws/install/rover_description/share/rover_description/cmake/rover_descriptionConfig-version.cmake
[2.339s] -- Installing: /home/neo/sim_ws/install/rover_description/share/rover_description/package.xml
[2.343s] Invoked command in '/home/neo/sim_ws/build/rover_description' returned '0': CMAKE_PREFIX_PATH=${CMAKE_PREFIX_PATH}:/opt/ros/jazzy DEBUGINFOD_URLS=https://debuginfod.ubuntu.com /usr/bin/cmake --install /home/neo/sim_ws/build/rover_description
