[2.190s] Invoking command in '/home/neo/rover_sim/sim/fake_rover_state_controller': DEBUGINFOD_URLS=https://debuginfod.ubuntu.com PYTHONPATH=/home/neo/rover_sim/build/fake_rover_state_controller/prefix_override:/usr/lib/python3/dist-packages/colcon_core/task/python/colcon_distutils_commands:/home/neo/rover_sim/install/fake_rover_state_controller/lib/python3.12/site-packages:${PYTHONPATH} /usr/bin/python3 -W ignore:setup.py install is deprecated setup.py egg_info --egg-base ../../build/fake_rover_state_controller build --build-base /home/neo/rover_sim/build/fake_rover_state_controller/build install --record /home/neo/rover_sim/build/fake_rover_state_controller/install.log --single-version-externally-managed install_data
[2.770s] running egg_info
[2.809s] writing ../../build/fake_rover_state_controller/fake_rover_state_controller.egg-info/PKG-INFO
[2.810s] writing dependency_links to ../../build/fake_rover_state_controller/fake_rover_state_controller.egg-info/dependency_links.txt
[2.810s] writing entry points to ../../build/fake_rover_state_controller/fake_rover_state_controller.egg-info/entry_points.txt
[2.810s] writing requirements to ../../build/fake_rover_state_controller/fake_rover_state_controller.egg-info/requires.txt
[2.811s] writing top-level names to ../../build/fake_rover_state_controller/fake_rover_state_controller.egg-info/top_level.txt
[2.897s] reading manifest file '../../build/fake_rover_state_controller/fake_rover_state_controller.egg-info/SOURCES.txt'
[2.899s] writing manifest file '../../build/fake_rover_state_controller/fake_rover_state_controller.egg-info/SOURCES.txt'
[2.899s] running build
[2.900s] running build_py
[2.900s] copying fake_rover_state_controller/teleop2jointstate.py -> /home/neo/rover_sim/build/fake_rover_state_controller/build/lib/fake_rover_state_controller
[2.901s] running install
[2.915s] running install_lib
[2.965s] copying /home/neo/rover_sim/build/fake_rover_state_controller/build/lib/fake_rover_state_controller/teleop2jointstate.py -> /home/neo/rover_sim/install/fake_rover_state_controller/lib/python3.12/site-packages/fake_rover_state_controller
[2.966s] byte-compiling /home/neo/rover_sim/install/fake_rover_state_controller/lib/python3.12/site-packages/fake_rover_state_controller/teleop2jointstate.py to teleop2jointstate.cpython-312.pyc
[2.968s] running install_data
[2.968s] running install_egg_info
[3.014s] removing '/home/neo/rover_sim/install/fake_rover_state_controller/lib/python3.12/site-packages/fake_rover_state_controller-0.0.0-py3.12.egg-info' (and everything under it)
[3.016s] Copying ../../build/fake_rover_state_controller/fake_rover_state_controller.egg-info to /home/neo/rover_sim/install/fake_rover_state_controller/lib/python3.12/site-packages/fake_rover_state_controller-0.0.0-py3.12.egg-info
[3.017s] running install_scripts
[3.272s] Installing teleop2js script to /home/neo/rover_sim/install/fake_rover_state_controller/lib/fake_rover_state_controller
[3.272s] writing list of installed files to '/home/neo/rover_sim/build/fake_rover_state_controller/install.log'
[3.316s] Invoked command in '/home/neo/rover_sim/sim/fake_rover_state_controller' returned '0': DEBUGINFOD_URLS=https://debuginfod.ubuntu.com PYTHONPATH=/home/neo/rover_sim/build/fake_rover_state_controller/prefix_override:/usr/lib/python3/dist-packages/colcon_core/task/python/colcon_distutils_commands:/home/neo/rover_sim/install/fake_rover_state_controller/lib/python3.12/site-packages:${PYTHONPATH} /usr/bin/python3 -W ignore:setup.py install is deprecated setup.py egg_info --egg-base ../../build/fake_rover_state_controller build --build-base /home/neo/rover_sim/build/fake_rover_state_controller/build install --record /home/neo/rover_sim/build/fake_rover_state_controller/install.log --single-version-externally-managed install_data
