[1.858s] Invoking command in '/home/neo/sim_ws/sim/virtual_joy': DEBUGINFOD_URLS=https://debuginfod.ubuntu.com PYTHONPATH=/home/neo/sim_ws/build/virtual_joy/prefix_override:/usr/lib/python3/dist-packages/colcon_core/task/python/colcon_distutils_commands:/home/neo/sim_ws/install/virtual_joy/lib/python3.12/site-packages:${PYTHONPATH} /usr/bin/python3 -W ignore:setup.py install is deprecated -W ignore:easy_install command is deprecated setup.py egg_info --egg-base ../../build/virtual_joy build --build-base /home/neo/sim_ws/build/virtual_joy/build install --record /home/neo/sim_ws/build/virtual_joy/install.log --single-version-externally-managed install_data
[2.487s] running egg_info
[2.516s] writing ../../build/virtual_joy/virtual_joy.egg-info/PKG-INFO
[2.516s] writing dependency_links to ../../build/virtual_joy/virtual_joy.egg-info/dependency_links.txt
[2.517s] writing entry points to ../../build/virtual_joy/virtual_joy.egg-info/entry_points.txt
[2.517s] writing requirements to ../../build/virtual_joy/virtual_joy.egg-info/requires.txt
[2.517s] writing top-level names to ../../build/virtual_joy/virtual_joy.egg-info/top_level.txt
[2.574s] reading manifest file '../../build/virtual_joy/virtual_joy.egg-info/SOURCES.txt'
[2.574s] adding license file 'LICENSE'
[2.575s] writing manifest file '../../build/virtual_joy/virtual_joy.egg-info/SOURCES.txt'
[2.575s] running build
[2.575s] running build_py
[2.575s] running install
[2.583s] running install_lib
[2.608s] running install_data
[2.608s] running install_egg_info
[2.634s] removing '/home/neo/sim_ws/install/virtual_joy/lib/python3.12/site-packages/virtual_joy-0.0.0-py3.12.egg-info' (and everything under it)
[2.635s] Copying ../../build/virtual_joy/virtual_joy.egg-info to /home/neo/sim_ws/install/virtual_joy/lib/python3.12/site-packages/virtual_joy-0.0.0-py3.12.egg-info
[2.636s] running install_scripts
[2.803s] Installing virtual_joy script to /home/neo/sim_ws/install/virtual_joy/lib/virtual_joy
[2.803s] writing list of installed files to '/home/neo/sim_ws/build/virtual_joy/install.log'
[2.847s] Invoked command in '/home/neo/sim_ws/sim/virtual_joy' returned '0': DEBUGINFOD_URLS=https://debuginfod.ubuntu.com PYTHONPATH=/home/neo/sim_ws/build/virtual_joy/prefix_override:/usr/lib/python3/dist-packages/colcon_core/task/python/colcon_distutils_commands:/home/neo/sim_ws/install/virtual_joy/lib/python3.12/site-packages:${PYTHONPATH} /usr/bin/python3 -W ignore:setup.py install is deprecated -W ignore:easy_install command is deprecated setup.py egg_info --egg-base ../../build/virtual_joy build --build-base /home/neo/sim_ws/build/virtual_joy/build install --record /home/neo/sim_ws/build/virtual_joy/install.log --single-version-externally-managed install_data
