[2.027s] Invoking command in '/home/neo/rover_sim/sim/teleop_core': DEBUGINFOD_URLS=https://debuginfod.ubuntu.com PYTHONPATH=/home/neo/rover_sim/build/teleop_core/prefix_override:/usr/lib/python3/dist-packages/colcon_core/task/python/colcon_distutils_commands:/home/neo/rover_sim/install/teleop_core/lib/python3.12/site-packages:${PYTHONPATH} /usr/bin/python3 -W ignore:setup.py install is deprecated setup.py egg_info --egg-base ../../build/teleop_core build --build-base /home/neo/rover_sim/build/teleop_core/build install --record /home/neo/rover_sim/build/teleop_core/install.log --single-version-externally-managed install_data
[2.579s] running egg_info
[2.619s] writing ../../build/teleop_core/teleop_core.egg-info/PKG-INFO
[2.620s] writing dependency_links to ../../build/teleop_core/teleop_core.egg-info/dependency_links.txt
[2.620s] writing entry points to ../../build/teleop_core/teleop_core.egg-info/entry_points.txt
[2.621s] writing requirements to ../../build/teleop_core/teleop_core.egg-info/requires.txt
[2.621s] writing top-level names to ../../build/teleop_core/teleop_core.egg-info/top_level.txt
[2.712s] reading manifest file '../../build/teleop_core/teleop_core.egg-info/SOURCES.txt'
[2.714s] writing manifest file '../../build/teleop_core/teleop_core.egg-info/SOURCES.txt'
[2.714s] running build
[2.715s] running build_py
[2.716s] running install
[2.729s] running install_lib
[2.775s] running install_data
[2.777s] running install_egg_info
[2.830s] removing '/home/neo/rover_sim/install/teleop_core/lib/python3.12/site-packages/teleop_core-0.0.0-py3.12.egg-info' (and everything under it)
[2.833s] Copying ../../build/teleop_core/teleop_core.egg-info to /home/neo/rover_sim/install/teleop_core/lib/python3.12/site-packages/teleop_core-0.0.0-py3.12.egg-info
[2.833s] running install_scripts
[3.118s] Installing rover2_joy script to /home/neo/rover_sim/install/teleop_core/lib/teleop_core
[3.119s] writing list of installed files to '/home/neo/rover_sim/build/teleop_core/install.log'
[3.192s] Invoked command in '/home/neo/rover_sim/sim/teleop_core' returned '0': DEBUGINFOD_URLS=https://debuginfod.ubuntu.com PYTHONPATH=/home/neo/rover_sim/build/teleop_core/prefix_override:/usr/lib/python3/dist-packages/colcon_core/task/python/colcon_distutils_commands:/home/neo/rover_sim/install/teleop_core/lib/python3.12/site-packages:${PYTHONPATH} /usr/bin/python3 -W ignore:setup.py install is deprecated setup.py egg_info --egg-base ../../build/teleop_core build --build-base /home/neo/rover_sim/build/teleop_core/build install --record /home/neo/rover_sim/build/teleop_core/install.log --single-version-externally-managed install_data
