[0.165s] DEBUG:colcon:Command line arguments: ['/usr/bin/colcon', 'build']
[0.165s] DEBUG:colcon:Parsed command line arguments: Namespace(log_base=None, log_level=None, verb_name='build', build_base='build', install_base='install', merge_install=False, symlink_install=False, test_result_base=None, continue_on_error=False, executor='parallel', parallel_workers=4, event_handlers=None, ignore_user_meta=False, metas=['./colcon.meta'], base_paths=['.'], packages_ignore=None, packages_ignore_regex=None, paths=None, packages_up_to=None, packages_up_to_regex=None, packages_above=None, packages_above_and_dependencies=None, packages_above_depth=None, packages_select_by_dep=None, packages_skip_by_dep=None, packages_skip_up_to=None, packages_select_build_failed=False, packages_skip_build_finished=False, packages_select_test_failures=False, packages_skip_test_passed=False, packages_select=None, packages_skip=None, packages_select_regex=None, packages_skip_regex=None, packages_start=None, packages_end=None, allow_overriding=[], cmake_args=None, cmake_target=None, cmake_target_skip_unavailable=False, cmake_clean_cache=False, cmake_clean_first=False, cmake_force_configure=False, ament_cmake_args=None, catkin_cmake_args=None, catkin_skip_building_tests=False, mixin_files=None, mixin=None, verb_parser=<colcon_mixin.mixin.mixin_argument.MixinArgumentDecorator object at 0x79e7f0437d70>, verb_extension=<colcon_core.verb.build.BuildVerb object at 0x79e7f04371d0>, main=<bound method BuildVerb.main of <colcon_core.verb.build.BuildVerb object at 0x79e7f04371d0>>, mixin_verb=('build',))
[0.211s] Level 1:colcon.colcon_core.package_discovery:discover_packages(colcon_meta) check parameters
[0.211s] Level 1:colcon.colcon_core.package_discovery:discover_packages(recursive) check parameters
[0.211s] Level 1:colcon.colcon_core.package_discovery:discover_packages(ignore) check parameters
[0.211s] Level 1:colcon.colcon_core.package_discovery:discover_packages(path) check parameters
[0.211s] Level 1:colcon.colcon_core.package_discovery:discover_packages(colcon_meta) discover
[0.211s] Level 1:colcon.colcon_core.package_discovery:discover_packages(recursive) discover
[0.211s] INFO:colcon.colcon_core.package_discovery:Crawling recursively for packages in '/home/neo/rover_sim'
[0.211s] Level 1:colcon.colcon_core.package_identification:_identify(.) by extensions ['ignore', 'ignore_ament_install']
[0.212s] Level 1:colcon.colcon_core.package_identification:_identify(.) by extension 'ignore'
[0.212s] Level 1:colcon.colcon_core.package_identification:_identify(.) by extension 'ignore_ament_install'
[0.212s] Level 1:colcon.colcon_core.package_identification:_identify(.) by extensions ['colcon_pkg']
[0.212s] Level 1:colcon.colcon_core.package_identification:_identify(.) by extension 'colcon_pkg'
[0.212s] Level 1:colcon.colcon_core.package_identification:_identify(.) by extensions ['colcon_meta']
[0.212s] Level 1:colcon.colcon_core.package_identification:_identify(.) by extension 'colcon_meta'
[0.212s] Level 1:colcon.colcon_core.package_identification:_identify(.) by extensions ['ros']
[0.212s] Level 1:colcon.colcon_core.package_identification:_identify(.) by extension 'ros'
[0.246s] Level 1:colcon.colcon_core.package_identification:_identify(.) by extensions ['cmake', 'python']
[0.246s] Level 1:colcon.colcon_core.package_identification:_identify(.) by extension 'cmake'
[0.246s] Level 1:colcon.colcon_core.package_identification:_identify(.) by extension 'python'
[0.246s] Level 1:colcon.colcon_core.package_identification:_identify(.) by extensions ['python_setup_py']
[0.246s] Level 1:colcon.colcon_core.package_identification:_identify(.) by extension 'python_setup_py'
[0.246s] Level 1:colcon.colcon_core.package_identification:_identify(build) by extensions ['ignore', 'ignore_ament_install']
[0.246s] Level 1:colcon.colcon_core.package_identification:_identify(build) by extension 'ignore'
[0.246s] Level 1:colcon.colcon_core.package_identification:_identify(build) ignored
[0.246s] Level 1:colcon.colcon_core.package_identification:_identify(install) by extensions ['ignore', 'ignore_ament_install']
[0.246s] Level 1:colcon.colcon_core.package_identification:_identify(install) by extension 'ignore'
[0.246s] Level 1:colcon.colcon_core.package_identification:_identify(install) ignored
[0.246s] Level 1:colcon.colcon_core.package_identification:_identify(log) by extensions ['ignore', 'ignore_ament_install']
[0.247s] Level 1:colcon.colcon_core.package_identification:_identify(log) by extension 'ignore'
[0.247s] Level 1:colcon.colcon_core.package_identification:_identify(log) ignored
[0.247s] Level 1:colcon.colcon_core.package_identification:_identify(sim) by extensions ['ignore', 'ignore_ament_install']
[0.247s] Level 1:colcon.colcon_core.package_identification:_identify(sim) by extension 'ignore'
[0.247s] Level 1:colcon.colcon_core.package_identification:_identify(sim) by extension 'ignore_ament_install'
[0.247s] Level 1:colcon.colcon_core.package_identification:_identify(sim) by extensions ['colcon_pkg']
[0.247s] Level 1:colcon.colcon_core.package_identification:_identify(sim) by extension 'colcon_pkg'
[0.247s] Level 1:colcon.colcon_core.package_identification:_identify(sim) by extensions ['colcon_meta']
[0.247s] Level 1:colcon.colcon_core.package_identification:_identify(sim) by extension 'colcon_meta'
[0.247s] Level 1:colcon.colcon_core.package_identification:_identify(sim) by extensions ['ros']
[0.247s] Level 1:colcon.colcon_core.package_identification:_identify(sim) by extension 'ros'
[0.247s] Level 1:colcon.colcon_core.package_identification:_identify(sim) by extensions ['cmake', 'python']
[0.247s] Level 1:colcon.colcon_core.package_identification:_identify(sim) by extension 'cmake'
[0.247s] Level 1:colcon.colcon_core.package_identification:_identify(sim) by extension 'python'
[0.247s] Level 1:colcon.colcon_core.package_identification:_identify(sim) by extensions ['python_setup_py']
[0.247s] Level 1:colcon.colcon_core.package_identification:_identify(sim) by extension 'python_setup_py'
[0.247s] Level 1:colcon.colcon_core.package_identification:_identify(sim/fake_rover_state_controller) by extensions ['ignore', 'ignore_ament_install']
[0.248s] Level 1:colcon.colcon_core.package_identification:_identify(sim/fake_rover_state_controller) by extension 'ignore'
[0.248s] Level 1:colcon.colcon_core.package_identification:_identify(sim/fake_rover_state_controller) by extension 'ignore_ament_install'
[0.248s] Level 1:colcon.colcon_core.package_identification:_identify(sim/fake_rover_state_controller) by extensions ['colcon_pkg']
[0.248s] Level 1:colcon.colcon_core.package_identification:_identify(sim/fake_rover_state_controller) by extension 'colcon_pkg'
[0.248s] Level 1:colcon.colcon_core.package_identification:_identify(sim/fake_rover_state_controller) by extensions ['colcon_meta']
[0.248s] Level 1:colcon.colcon_core.package_identification:_identify(sim/fake_rover_state_controller) by extension 'colcon_meta'
[0.248s] Level 1:colcon.colcon_core.package_identification:_identify(sim/fake_rover_state_controller) by extensions ['ros']
[0.248s] Level 1:colcon.colcon_core.package_identification:_identify(sim/fake_rover_state_controller) by extension 'ros'
[0.251s] DEBUG:colcon.colcon_core.package_identification:Package 'sim/fake_rover_state_controller' with type 'ros.ament_python' and name 'fake_rover_state_controller'
[0.251s] Level 1:colcon.colcon_core.package_identification:_identify(sim/locomotion_core) by extensions ['ignore', 'ignore_ament_install']
[0.251s] Level 1:colcon.colcon_core.package_identification:_identify(sim/locomotion_core) by extension 'ignore'
[0.251s] Level 1:colcon.colcon_core.package_identification:_identify(sim/locomotion_core) by extension 'ignore_ament_install'
[0.251s] Level 1:colcon.colcon_core.package_identification:_identify(sim/locomotion_core) by extensions ['colcon_pkg']
[0.251s] Level 1:colcon.colcon_core.package_identification:_identify(sim/locomotion_core) by extension 'colcon_pkg'
[0.251s] Level 1:colcon.colcon_core.package_identification:_identify(sim/locomotion_core) by extensions ['colcon_meta']
[0.251s] Level 1:colcon.colcon_core.package_identification:_identify(sim/locomotion_core) by extension 'colcon_meta'
[0.252s] Level 1:colcon.colcon_core.package_identification:_identify(sim/locomotion_core) by extensions ['ros']
[0.252s] Level 1:colcon.colcon_core.package_identification:_identify(sim/locomotion_core) by extension 'ros'
[0.252s] DEBUG:colcon.colcon_core.package_identification:Package 'sim/locomotion_core' with type 'ros.ament_python' and name 'locomotion_core'
[0.252s] Level 1:colcon.colcon_core.package_identification:_identify(sim/rover_description) by extensions ['ignore', 'ignore_ament_install']
[0.252s] Level 1:colcon.colcon_core.package_identification:_identify(sim/rover_description) by extension 'ignore'
[0.252s] Level 1:colcon.colcon_core.package_identification:_identify(sim/rover_description) by extension 'ignore_ament_install'
[0.252s] Level 1:colcon.colcon_core.package_identification:_identify(sim/rover_description) by extensions ['colcon_pkg']
[0.252s] Level 1:colcon.colcon_core.package_identification:_identify(sim/rover_description) by extension 'colcon_pkg'
[0.252s] Level 1:colcon.colcon_core.package_identification:_identify(sim/rover_description) by extensions ['colcon_meta']
[0.252s] Level 1:colcon.colcon_core.package_identification:_identify(sim/rover_description) by extension 'colcon_meta'
[0.253s] Level 1:colcon.colcon_core.package_identification:_identify(sim/rover_description) by extensions ['ros']
[0.253s] Level 1:colcon.colcon_core.package_identification:_identify(sim/rover_description) by extension 'ros'
[0.253s] DEBUG:colcon.colcon_core.package_identification:Package 'sim/rover_description' with type 'ros.ament_cmake' and name 'rover_description'
[0.253s] Level 1:colcon.colcon_core.package_identification:_identify(sim/teleop_core) by extensions ['ignore', 'ignore_ament_install']
[0.253s] Level 1:colcon.colcon_core.package_identification:_identify(sim/teleop_core) by extension 'ignore'
[0.253s] Level 1:colcon.colcon_core.package_identification:_identify(sim/teleop_core) by extension 'ignore_ament_install'
[0.253s] Level 1:colcon.colcon_core.package_identification:_identify(sim/teleop_core) by extensions ['colcon_pkg']
[0.253s] Level 1:colcon.colcon_core.package_identification:_identify(sim/teleop_core) by extension 'colcon_pkg'
[0.253s] Level 1:colcon.colcon_core.package_identification:_identify(sim/teleop_core) by extensions ['colcon_meta']
[0.253s] Level 1:colcon.colcon_core.package_identification:_identify(sim/teleop_core) by extension 'colcon_meta'
[0.253s] Level 1:colcon.colcon_core.package_identification:_identify(sim/teleop_core) by extensions ['ros']
[0.253s] Level 1:colcon.colcon_core.package_identification:_identify(sim/teleop_core) by extension 'ros'
[0.254s] DEBUG:colcon.colcon_core.package_identification:Package 'sim/teleop_core' with type 'ros.ament_python' and name 'teleop_core'
[0.254s] Level 1:colcon.colcon_core.package_identification:_identify(sim/virtual_joy) by extensions ['ignore', 'ignore_ament_install']
[0.254s] Level 1:colcon.colcon_core.package_identification:_identify(sim/virtual_joy) by extension 'ignore'
[0.254s] Level 1:colcon.colcon_core.package_identification:_identify(sim/virtual_joy) by extension 'ignore_ament_install'
[0.254s] Level 1:colcon.colcon_core.package_identification:_identify(sim/virtual_joy) by extensions ['colcon_pkg']
[0.254s] Level 1:colcon.colcon_core.package_identification:_identify(sim/virtual_joy) by extension 'colcon_pkg'
[0.254s] Level 1:colcon.colcon_core.package_identification:_identify(sim/virtual_joy) by extensions ['colcon_meta']
[0.254s] Level 1:colcon.colcon_core.package_identification:_identify(sim/virtual_joy) by extension 'colcon_meta'
[0.254s] Level 1:colcon.colcon_core.package_identification:_identify(sim/virtual_joy) by extensions ['ros']
[0.254s] Level 1:colcon.colcon_core.package_identification:_identify(sim/virtual_joy) by extension 'ros'
[0.256s] DEBUG:colcon.colcon_core.package_identification:Package 'sim/virtual_joy' with type 'ros.ament_python' and name 'virtual_joy'
[0.256s] Level 1:colcon.colcon_core.package_discovery:discover_packages(recursive) using defaults
[0.256s] Level 1:colcon.colcon_core.package_discovery:discover_packages(ignore) discover
[0.256s] Level 1:colcon.colcon_core.package_discovery:discover_packages(ignore) using defaults
[0.256s] Level 1:colcon.colcon_core.package_discovery:discover_packages(path) discover
[0.256s] Level 1:colcon.colcon_core.package_discovery:discover_packages(path) using defaults
[0.277s] Level 1:colcon.colcon_core.package_discovery:discover_packages(prefix_path) check parameters
[0.277s] Level 1:colcon.colcon_core.package_discovery:discover_packages(prefix_path) discover
[0.281s] DEBUG:colcon.colcon_installed_package_information.package_discovery:Found 5 installed packages in /home/neo/rover_sim/install
[0.282s] DEBUG:colcon.colcon_installed_package_information.package_discovery:Found 286 installed packages in /opt/ros/jazzy
[0.283s] Level 1:colcon.colcon_core.package_discovery:discover_packages(prefix_path) using defaults
[0.332s] Level 5:colcon.colcon_core.verb:set package 'fake_rover_state_controller' build argument 'cmake_args' from command line to 'None'
[0.333s] Level 5:colcon.colcon_core.verb:set package 'fake_rover_state_controller' build argument 'cmake_target' from command line to 'None'
[0.333s] Level 5:colcon.colcon_core.verb:set package 'fake_rover_state_controller' build argument 'cmake_target_skip_unavailable' from command line to 'False'
[0.333s] Level 5:colcon.colcon_core.verb:set package 'fake_rover_state_controller' build argument 'cmake_clean_cache' from command line to 'False'
[0.333s] Level 5:colcon.colcon_core.verb:set package 'fake_rover_state_controller' build argument 'cmake_clean_first' from command line to 'False'
[0.333s] Level 5:colcon.colcon_core.verb:set package 'fake_rover_state_controller' build argument 'cmake_force_configure' from command line to 'False'
[0.333s] Level 5:colcon.colcon_core.verb:set package 'fake_rover_state_controller' build argument 'ament_cmake_args' from command line to 'None'
[0.333s] Level 5:colcon.colcon_core.verb:set package 'fake_rover_state_controller' build argument 'catkin_cmake_args' from command line to 'None'
[0.333s] Level 5:colcon.colcon_core.verb:set package 'fake_rover_state_controller' build argument 'catkin_skip_building_tests' from command line to 'False'
[0.333s] DEBUG:colcon.colcon_core.verb:Building package 'fake_rover_state_controller' with the following arguments: {'ament_cmake_args': None, 'build_base': '/home/neo/rover_sim/build/fake_rover_state_controller', 'catkin_cmake_args': None, 'catkin_skip_building_tests': False, 'cmake_args': None, 'cmake_clean_cache': False, 'cmake_clean_first': False, 'cmake_force_configure': False, 'cmake_target': None, 'cmake_target_skip_unavailable': False, 'install_base': '/home/neo/rover_sim/install/fake_rover_state_controller', 'merge_install': False, 'path': '/home/neo/rover_sim/sim/fake_rover_state_controller', 'symlink_install': False, 'test_result_base': None}
[0.333s] Level 5:colcon.colcon_core.verb:set package 'locomotion_core' build argument 'cmake_args' from command line to 'None'
[0.333s] Level 5:colcon.colcon_core.verb:set package 'locomotion_core' build argument 'cmake_target' from command line to 'None'
[0.333s] Level 5:colcon.colcon_core.verb:set package 'locomotion_core' build argument 'cmake_target_skip_unavailable' from command line to 'False'
[0.333s] Level 5:colcon.colcon_core.verb:set package 'locomotion_core' build argument 'cmake_clean_cache' from command line to 'False'
[0.333s] Level 5:colcon.colcon_core.verb:set package 'locomotion_core' build argument 'cmake_clean_first' from command line to 'False'
[0.333s] Level 5:colcon.colcon_core.verb:set package 'locomotion_core' build argument 'cmake_force_configure' from command line to 'False'
[0.333s] Level 5:colcon.colcon_core.verb:set package 'locomotion_core' build argument 'ament_cmake_args' from command line to 'None'
[0.333s] Level 5:colcon.colcon_core.verb:set package 'locomotion_core' build argument 'catkin_cmake_args' from command line to 'None'
[0.333s] Level 5:colcon.colcon_core.verb:set package 'locomotion_core' build argument 'catkin_skip_building_tests' from command line to 'False'
[0.333s] DEBUG:colcon.colcon_core.verb:Building package 'locomotion_core' with the following arguments: {'ament_cmake_args': None, 'build_base': '/home/neo/rover_sim/build/locomotion_core', 'catkin_cmake_args': None, 'catkin_skip_building_tests': False, 'cmake_args': None, 'cmake_clean_cache': False, 'cmake_clean_first': False, 'cmake_force_configure': False, 'cmake_target': None, 'cmake_target_skip_unavailable': False, 'install_base': '/home/neo/rover_sim/install/locomotion_core', 'merge_install': False, 'path': '/home/neo/rover_sim/sim/locomotion_core', 'symlink_install': False, 'test_result_base': None}
[0.334s] Level 5:colcon.colcon_core.verb:set package 'rover_description' build argument 'cmake_args' from command line to 'None'
[0.334s] Level 5:colcon.colcon_core.verb:set package 'rover_description' build argument 'cmake_target' from command line to 'None'
[0.334s] Level 5:colcon.colcon_core.verb:set package 'rover_description' build argument 'cmake_target_skip_unavailable' from command line to 'False'
[0.334s] Level 5:colcon.colcon_core.verb:set package 'rover_description' build argument 'cmake_clean_cache' from command line to 'False'
[0.334s] Level 5:colcon.colcon_core.verb:set package 'rover_description' build argument 'cmake_clean_first' from command line to 'False'
[0.334s] Level 5:colcon.colcon_core.verb:set package 'rover_description' build argument 'cmake_force_configure' from command line to 'False'
[0.334s] Level 5:colcon.colcon_core.verb:set package 'rover_description' build argument 'ament_cmake_args' from command line to 'None'
[0.334s] Level 5:colcon.colcon_core.verb:set package 'rover_description' build argument 'catkin_cmake_args' from command line to 'None'
[0.334s] Level 5:colcon.colcon_core.verb:set package 'rover_description' build argument 'catkin_skip_building_tests' from command line to 'False'
[0.334s] DEBUG:colcon.colcon_core.verb:Building package 'rover_description' with the following arguments: {'ament_cmake_args': None, 'build_base': '/home/neo/rover_sim/build/rover_description', 'catkin_cmake_args': None, 'catkin_skip_building_tests': False, 'cmake_args': None, 'cmake_clean_cache': False, 'cmake_clean_first': False, 'cmake_force_configure': False, 'cmake_target': None, 'cmake_target_skip_unavailable': False, 'install_base': '/home/neo/rover_sim/install/rover_description', 'merge_install': False, 'path': '/home/neo/rover_sim/sim/rover_description', 'symlink_install': False, 'test_result_base': None}
[0.334s] Level 5:colcon.colcon_core.verb:set package 'teleop_core' build argument 'cmake_args' from command line to 'None'
[0.334s] Level 5:colcon.colcon_core.verb:set package 'teleop_core' build argument 'cmake_target' from command line to 'None'
[0.334s] Level 5:colcon.colcon_core.verb:set package 'teleop_core' build argument 'cmake_target_skip_unavailable' from command line to 'False'
[0.334s] Level 5:colcon.colcon_core.verb:set package 'teleop_core' build argument 'cmake_clean_cache' from command line to 'False'
[0.334s] Level 5:colcon.colcon_core.verb:set package 'teleop_core' build argument 'cmake_clean_first' from command line to 'False'
[0.334s] Level 5:colcon.colcon_core.verb:set package 'teleop_core' build argument 'cmake_force_configure' from command line to 'False'
[0.334s] Level 5:colcon.colcon_core.verb:set package 'teleop_core' build argument 'ament_cmake_args' from command line to 'None'
[0.334s] Level 5:colcon.colcon_core.verb:set package 'teleop_core' build argument 'catkin_cmake_args' from command line to 'None'
[0.334s] Level 5:colcon.colcon_core.verb:set package 'teleop_core' build argument 'catkin_skip_building_tests' from command line to 'False'
[0.334s] DEBUG:colcon.colcon_core.verb:Building package 'teleop_core' with the following arguments: {'ament_cmake_args': None, 'build_base': '/home/neo/rover_sim/build/teleop_core', 'catkin_cmake_args': None, 'catkin_skip_building_tests': False, 'cmake_args': None, 'cmake_clean_cache': False, 'cmake_clean_first': False, 'cmake_force_configure': False, 'cmake_target': None, 'cmake_target_skip_unavailable': False, 'install_base': '/home/neo/rover_sim/install/teleop_core', 'merge_install': False, 'path': '/home/neo/rover_sim/sim/teleop_core', 'symlink_install': False, 'test_result_base': None}
[0.334s] Level 5:colcon.colcon_core.verb:set package 'virtual_joy' build argument 'cmake_args' from command line to 'None'
[0.335s] Level 5:colcon.colcon_core.verb:set package 'virtual_joy' build argument 'cmake_target' from command line to 'None'
[0.335s] Level 5:colcon.colcon_core.verb:set package 'virtual_joy' build argument 'cmake_target_skip_unavailable' from command line to 'False'
[0.335s] Level 5:colcon.colcon_core.verb:set package 'virtual_joy' build argument 'cmake_clean_cache' from command line to 'False'
[0.335s] Level 5:colcon.colcon_core.verb:set package 'virtual_joy' build argument 'cmake_clean_first' from command line to 'False'
[0.335s] Level 5:colcon.colcon_core.verb:set package 'virtual_joy' build argument 'cmake_force_configure' from command line to 'False'
[0.335s] Level 5:colcon.colcon_core.verb:set package 'virtual_joy' build argument 'ament_cmake_args' from command line to 'None'
[0.335s] Level 5:colcon.colcon_core.verb:set package 'virtual_joy' build argument 'catkin_cmake_args' from command line to 'None'
[0.335s] Level 5:colcon.colcon_core.verb:set package 'virtual_joy' build argument 'catkin_skip_building_tests' from command line to 'False'
[0.335s] DEBUG:colcon.colcon_core.verb:Building package 'virtual_joy' with the following arguments: {'ament_cmake_args': None, 'build_base': '/home/neo/rover_sim/build/virtual_joy', 'catkin_cmake_args': None, 'catkin_skip_building_tests': False, 'cmake_args': None, 'cmake_clean_cache': False, 'cmake_clean_first': False, 'cmake_force_configure': False, 'cmake_target': None, 'cmake_target_skip_unavailable': False, 'install_base': '/home/neo/rover_sim/install/virtual_joy', 'merge_install': False, 'path': '/home/neo/rover_sim/sim/virtual_joy', 'symlink_install': False, 'test_result_base': None}
[0.335s] INFO:colcon.colcon_core.executor:Executing jobs using 'parallel' executor
[0.336s] DEBUG:colcon.colcon_parallel_executor.executor.parallel:run_until_complete
[0.336s] INFO:colcon.colcon_ros.task.ament_python.build:Building ROS package in '/home/neo/rover_sim/sim/fake_rover_state_controller' with build type 'ament_python'
[0.336s] Level 1:colcon.colcon_core.shell:create_environment_hook('fake_rover_state_controller', 'ament_prefix_path')
[0.339s] INFO:colcon.colcon_core.plugin_system:Skipping extension 'colcon_core.shell.bat': Not used on non-Windows systems
[0.339s] INFO:colcon.colcon_core.shell:Creating environment hook '/home/neo/rover_sim/install/fake_rover_state_controller/share/fake_rover_state_controller/hook/ament_prefix_path.ps1'
[0.339s] INFO:colcon.colcon_core.shell:Creating environment descriptor '/home/neo/rover_sim/install/fake_rover_state_controller/share/fake_rover_state_controller/hook/ament_prefix_path.dsv'
[0.340s] INFO:colcon.colcon_core.shell:Creating environment hook '/home/neo/rover_sim/install/fake_rover_state_controller/share/fake_rover_state_controller/hook/ament_prefix_path.sh'
[0.341s] INFO:colcon.colcon_core.shell:Skip shell extension 'powershell' for command environment: Not usable outside of PowerShell
[0.341s] DEBUG:colcon.colcon_core.shell:Skip shell extension 'dsv' for command environment
[0.347s] INFO:colcon.colcon_ros.task.ament_python.build:Building ROS package in '/home/neo/rover_sim/sim/locomotion_core' with build type 'ament_python'
[0.347s] Level 1:colcon.colcon_core.shell:create_environment_hook('locomotion_core', 'ament_prefix_path')
[0.348s] INFO:colcon.colcon_core.shell:Creating environment hook '/home/neo/rover_sim/install/locomotion_core/share/locomotion_core/hook/ament_prefix_path.ps1'
[0.348s] INFO:colcon.colcon_core.shell:Creating environment descriptor '/home/neo/rover_sim/install/locomotion_core/share/locomotion_core/hook/ament_prefix_path.dsv'
[0.350s] INFO:colcon.colcon_core.shell:Creating environment hook '/home/neo/rover_sim/install/locomotion_core/share/locomotion_core/hook/ament_prefix_path.sh'
[0.351s] INFO:colcon.colcon_core.shell:Skip shell extension 'powershell' for command environment: Not usable outside of PowerShell
[0.351s] DEBUG:colcon.colcon_core.shell:Skip shell extension 'dsv' for command environment
[0.356s] INFO:colcon.colcon_ros.task.ament_cmake.build:Building ROS package in '/home/neo/rover_sim/sim/rover_description' with build type 'ament_cmake'
[0.357s] INFO:colcon.colcon_cmake.task.cmake.build:Building CMake package in '/home/neo/rover_sim/sim/rover_description'
[0.357s] INFO:colcon.colcon_core.shell:Skip shell extension 'powershell' for command environment: Not usable outside of PowerShell
[0.357s] DEBUG:colcon.colcon_core.shell:Skip shell extension 'dsv' for command environment
[0.362s] INFO:colcon.colcon_ros.task.ament_python.build:Building ROS package in '/home/neo/rover_sim/sim/teleop_core' with build type 'ament_python'
[0.362s] Level 1:colcon.colcon_core.shell:create_environment_hook('teleop_core', 'ament_prefix_path')
[0.362s] INFO:colcon.colcon_core.shell:Creating environment hook '/home/neo/rover_sim/install/teleop_core/share/teleop_core/hook/ament_prefix_path.ps1'
[0.363s] INFO:colcon.colcon_core.shell:Creating environment descriptor '/home/neo/rover_sim/install/teleop_core/share/teleop_core/hook/ament_prefix_path.dsv'
[0.364s] INFO:colcon.colcon_core.shell:Creating environment hook '/home/neo/rover_sim/install/teleop_core/share/teleop_core/hook/ament_prefix_path.sh'
[0.364s] INFO:colcon.colcon_core.shell:Skip shell extension 'powershell' for command environment: Not usable outside of PowerShell
[0.364s] DEBUG:colcon.colcon_core.shell:Skip shell extension 'dsv' for command environment
[0.625s] INFO:colcon.colcon_core.task.python.build:Building Python package in '/home/neo/rover_sim/sim/fake_rover_state_controller'
[0.625s] INFO:colcon.colcon_core.shell:Skip shell extension 'powershell' for command environment: Not usable outside of PowerShell
[0.625s] DEBUG:colcon.colcon_core.shell:Skip shell extension 'dsv' for command environment
[0.882s] INFO:colcon.colcon_core.task.python.build:Building Python package in '/home/neo/rover_sim/sim/locomotion_core'
[0.882s] INFO:colcon.colcon_core.shell:Skip shell extension 'powershell' for command environment: Not usable outside of PowerShell
[0.882s] DEBUG:colcon.colcon_core.shell:Skip shell extension 'dsv' for command environment
[0.889s] DEBUG:colcon.colcon_core.event_handler.log_command:Invoking command in '/home/neo/rover_sim/build/rover_description': CMAKE_PREFIX_PATH=${CMAKE_PREFIX_PATH}:/home/neo/rover_sim/install/virtual_joy:/home/neo/rover_sim/install/teleop_core:/home/neo/rover_sim/install/locomotion_core:/home/neo/rover_sim/install/fake_rover_state_controller:/opt/ros/jazzy DEBUGINFOD_URLS=https://debuginfod.ubuntu.com /usr/bin/cmake --build /home/neo/rover_sim/build/rover_description -- -j4 -l4
[1.148s] INFO:colcon.colcon_core.task.python.build:Building Python package in '/home/neo/rover_sim/sim/teleop_core'
[1.148s] INFO:colcon.colcon_core.shell:Skip shell extension 'powershell' for command environment: Not usable outside of PowerShell
[1.148s] DEBUG:colcon.colcon_core.shell:Skip shell extension 'dsv' for command environment
[1.158s] DEBUG:colcon.colcon_core.event_handler.log_command:Invoked command in '/home/neo/rover_sim/build/rover_description' returned '0': CMAKE_PREFIX_PATH=${CMAKE_PREFIX_PATH}:/home/neo/rover_sim/install/virtual_joy:/home/neo/rover_sim/install/teleop_core:/home/neo/rover_sim/install/locomotion_core:/home/neo/rover_sim/install/fake_rover_state_controller:/opt/ros/jazzy DEBUGINFOD_URLS=https://debuginfod.ubuntu.com /usr/bin/cmake --build /home/neo/rover_sim/build/rover_description -- -j4 -l4
[1.206s] DEBUG:colcon.colcon_core.event_handler.log_command:Invoking command in '/home/neo/rover_sim/build/rover_description': CMAKE_PREFIX_PATH=${CMAKE_PREFIX_PATH}:/home/neo/rover_sim/install/virtual_joy:/home/neo/rover_sim/install/teleop_core:/home/neo/rover_sim/install/locomotion_core:/home/neo/rover_sim/install/fake_rover_state_controller:/opt/ros/jazzy DEBUGINFOD_URLS=https://debuginfod.ubuntu.com /usr/bin/cmake --install /home/neo/rover_sim/build/rover_description
[1.232s] Level 1:colcon.colcon_core.environment:create_environment_scripts_only(rover_description)
[1.235s] DEBUG:colcon.colcon_core.event_handler.log_command:Invoked command in '/home/neo/rover_sim/build/rover_description' returned '0': CMAKE_PREFIX_PATH=${CMAKE_PREFIX_PATH}:/home/neo/rover_sim/install/virtual_joy:/home/neo/rover_sim/install/teleop_core:/home/neo/rover_sim/install/locomotion_core:/home/neo/rover_sim/install/fake_rover_state_controller:/opt/ros/jazzy DEBUGINFOD_URLS=https://debuginfod.ubuntu.com /usr/bin/cmake --install /home/neo/rover_sim/build/rover_description
[1.236s] Level 1:colcon.colcon_core.environment:checking '/home/neo/rover_sim/install/rover_description' for CMake module files
[1.237s] Level 1:colcon.colcon_core.environment:checking '/home/neo/rover_sim/install/rover_description' for CMake config files
[1.241s] Level 1:colcon.colcon_core.shell:create_environment_hook('rover_description', 'cmake_prefix_path')
[1.241s] INFO:colcon.colcon_core.shell:Creating environment hook '/home/neo/rover_sim/install/rover_description/share/rover_description/hook/cmake_prefix_path.ps1'
[1.242s] INFO:colcon.colcon_core.shell:Creating environment descriptor '/home/neo/rover_sim/install/rover_description/share/rover_description/hook/cmake_prefix_path.dsv'
[1.243s] INFO:colcon.colcon_core.shell:Creating environment hook '/home/neo/rover_sim/install/rover_description/share/rover_description/hook/cmake_prefix_path.sh'
[1.246s] Level 1:colcon.colcon_core.environment:checking '/home/neo/rover_sim/install/rover_description/bin'
[1.246s] Level 1:colcon.colcon_core.environment:checking '/home/neo/rover_sim/install/rover_description/lib/pkgconfig/rover_description.pc'
[1.247s] Level 1:colcon.colcon_core.environment:checking '/home/neo/rover_sim/install/rover_description/lib/python3.12/site-packages'
[1.247s] Level 1:colcon.colcon_core.environment:checking '/home/neo/rover_sim/install/rover_description/bin'
[1.248s] INFO:colcon.colcon_core.shell:Creating package script '/home/neo/rover_sim/install/rover_description/share/rover_description/package.ps1'
[1.249s] INFO:colcon.colcon_core.shell:Creating package descriptor '/home/neo/rover_sim/install/rover_description/share/rover_description/package.dsv'
[1.251s] INFO:colcon.colcon_core.shell:Creating package script '/home/neo/rover_sim/install/rover_description/share/rover_description/package.sh'
[1.252s] INFO:colcon.colcon_core.shell:Creating package script '/home/neo/rover_sim/install/rover_description/share/rover_description/package.bash'
[1.254s] INFO:colcon.colcon_core.shell:Creating package script '/home/neo/rover_sim/install/rover_description/share/rover_description/package.zsh'
[1.255s] Level 1:colcon.colcon_core.environment:create_file_with_runtime_dependencies(/home/neo/rover_sim/install/rover_description/share/colcon-core/packages/rover_description)
[1.290s] Level 1:colcon.colcon_core.environment:create_environment_scripts_only(rover_description)
[1.290s] Level 1:colcon.colcon_core.environment:checking '/home/neo/rover_sim/install/rover_description' for CMake module files
[1.291s] Level 1:colcon.colcon_core.environment:checking '/home/neo/rover_sim/install/rover_description' for CMake config files
[1.291s] Level 1:colcon.colcon_core.shell:create_environment_hook('rover_description', 'cmake_prefix_path')
[1.292s] INFO:colcon.colcon_core.shell:Creating environment hook '/home/neo/rover_sim/install/rover_description/share/rover_description/hook/cmake_prefix_path.ps1'
[1.293s] INFO:colcon.colcon_core.shell:Creating environment descriptor '/home/neo/rover_sim/install/rover_description/share/rover_description/hook/cmake_prefix_path.dsv'
[1.293s] INFO:colcon.colcon_core.shell:Creating environment hook '/home/neo/rover_sim/install/rover_description/share/rover_description/hook/cmake_prefix_path.sh'
[1.294s] Level 1:colcon.colcon_core.environment:checking '/home/neo/rover_sim/install/rover_description/bin'
[1.295s] Level 1:colcon.colcon_core.environment:checking '/home/neo/rover_sim/install/rover_description/lib/pkgconfig/rover_description.pc'
[1.295s] Level 1:colcon.colcon_core.environment:checking '/home/neo/rover_sim/install/rover_description/lib/python3.12/site-packages'
[1.295s] Level 1:colcon.colcon_core.environment:checking '/home/neo/rover_sim/install/rover_description/bin'
[1.296s] INFO:colcon.colcon_core.shell:Creating package script '/home/neo/rover_sim/install/rover_description/share/rover_description/package.ps1'
[1.297s] INFO:colcon.colcon_core.shell:Creating package descriptor '/home/neo/rover_sim/install/rover_description/share/rover_description/package.dsv'
[1.298s] INFO:colcon.colcon_core.shell:Creating package script '/home/neo/rover_sim/install/rover_description/share/rover_description/package.sh'
[1.299s] INFO:colcon.colcon_core.shell:Creating package script '/home/neo/rover_sim/install/rover_description/share/rover_description/package.bash'
[1.300s] INFO:colcon.colcon_core.shell:Creating package script '/home/neo/rover_sim/install/rover_description/share/rover_description/package.zsh'
[1.300s] Level 1:colcon.colcon_core.environment:create_file_with_runtime_dependencies(/home/neo/rover_sim/install/rover_description/share/colcon-core/packages/rover_description)
[1.304s] INFO:colcon.colcon_ros.task.ament_python.build:Building ROS package in '/home/neo/rover_sim/sim/virtual_joy' with build type 'ament_python'
[1.304s] Level 1:colcon.colcon_core.shell:create_environment_hook('virtual_joy', 'ament_prefix_path')
[1.304s] INFO:colcon.colcon_core.shell:Creating environment hook '/home/neo/rover_sim/install/virtual_joy/share/virtual_joy/hook/ament_prefix_path.ps1'
[1.305s] INFO:colcon.colcon_core.shell:Creating environment descriptor '/home/neo/rover_sim/install/virtual_joy/share/virtual_joy/hook/ament_prefix_path.dsv'
[1.312s] INFO:colcon.colcon_core.shell:Creating environment hook '/home/neo/rover_sim/install/virtual_joy/share/virtual_joy/hook/ament_prefix_path.sh'
[1.314s] INFO:colcon.colcon_core.shell:Skip shell extension 'powershell' for command environment: Not usable outside of PowerShell
[1.314s] DEBUG:colcon.colcon_core.shell:Skip shell extension 'dsv' for command environment
[1.777s] INFO:colcon.colcon_core.task.python.build:Building Python package in '/home/neo/rover_sim/sim/virtual_joy'
[1.777s] INFO:colcon.colcon_core.shell:Skip shell extension 'powershell' for command environment: Not usable outside of PowerShell
[1.777s] DEBUG:colcon.colcon_core.shell:Skip shell extension 'dsv' for command environment
[2.356s] DEBUG:colcon.colcon_core.event_handler.log_command:Invoking command in '/home/neo/rover_sim/sim/locomotion_core': DEBUGINFOD_URLS=https://debuginfod.ubuntu.com PYTHONPATH=/home/neo/rover_sim/build/locomotion_core/prefix_override:/usr/lib/python3/dist-packages/colcon_core/task/python/colcon_distutils_commands:/home/neo/rover_sim/install/locomotion_core/lib/python3.12/site-packages:${PYTHONPATH} /usr/bin/python3 -W ignore:setup.py install is deprecated setup.py egg_info --egg-base ../../build/locomotion_core build --build-base /home/neo/rover_sim/build/locomotion_core/build install --record /home/neo/rover_sim/build/locomotion_core/install.log --single-version-externally-managed install_data
[2.390s] DEBUG:colcon.colcon_core.event_handler.log_command:Invoking command in '/home/neo/rover_sim/sim/teleop_core': DEBUGINFOD_URLS=https://debuginfod.ubuntu.com PYTHONPATH=/home/neo/rover_sim/build/teleop_core/prefix_override:/usr/lib/python3/dist-packages/colcon_core/task/python/colcon_distutils_commands:/home/neo/rover_sim/install/teleop_core/lib/python3.12/site-packages:${PYTHONPATH} /usr/bin/python3 -W ignore:setup.py install is deprecated setup.py egg_info --egg-base ../../build/teleop_core build --build-base /home/neo/rover_sim/build/teleop_core/build install --record /home/neo/rover_sim/build/teleop_core/install.log --single-version-externally-managed install_data
[2.526s] DEBUG:colcon.colcon_core.event_handler.log_command:Invoking command in '/home/neo/rover_sim/sim/fake_rover_state_controller': DEBUGINFOD_URLS=https://debuginfod.ubuntu.com PYTHONPATH=/home/neo/rover_sim/build/fake_rover_state_controller/prefix_override:/usr/lib/python3/dist-packages/colcon_core/task/python/colcon_distutils_commands:/home/neo/rover_sim/install/fake_rover_state_controller/lib/python3.12/site-packages:${PYTHONPATH} /usr/bin/python3 -W ignore:setup.py install is deprecated setup.py egg_info --egg-base ../../build/fake_rover_state_controller build --build-base /home/neo/rover_sim/build/fake_rover_state_controller/build install --record /home/neo/rover_sim/build/fake_rover_state_controller/install.log --single-version-externally-managed install_data
[3.025s] DEBUG:colcon.colcon_core.event_handler.log_command:Invoking command in '/home/neo/rover_sim/sim/virtual_joy': DEBUGINFOD_URLS=https://debuginfod.ubuntu.com PYTHONPATH=/home/neo/rover_sim/build/virtual_joy/prefix_override:/usr/lib/python3/dist-packages/colcon_core/task/python/colcon_distutils_commands:/home/neo/rover_sim/install/virtual_joy/lib/python3.12/site-packages:${PYTHONPATH} /usr/bin/python3 -W ignore:setup.py install is deprecated setup.py egg_info --egg-base ../../build/virtual_joy build --build-base /home/neo/rover_sim/build/virtual_joy/build install --record /home/neo/rover_sim/build/virtual_joy/install.log --single-version-externally-managed install_data
[3.516s] Level 1:colcon.colcon_core.environment:checking '/home/neo/rover_sim/install/locomotion_core' for CMake module files
[3.517s] DEBUG:colcon.colcon_core.event_handler.log_command:Invoked command in '/home/neo/rover_sim/sim/locomotion_core' returned '0': DEBUGINFOD_URLS=https://debuginfod.ubuntu.com PYTHONPATH=/home/neo/rover_sim/build/locomotion_core/prefix_override:/usr/lib/python3/dist-packages/colcon_core/task/python/colcon_distutils_commands:/home/neo/rover_sim/install/locomotion_core/lib/python3.12/site-packages:${PYTHONPATH} /usr/bin/python3 -W ignore:setup.py install is deprecated setup.py egg_info --egg-base ../../build/locomotion_core build --build-base /home/neo/rover_sim/build/locomotion_core/build install --record /home/neo/rover_sim/build/locomotion_core/install.log --single-version-externally-managed install_data
[3.518s] Level 1:colcon.colcon_core.environment:checking '/home/neo/rover_sim/install/locomotion_core' for CMake config files
[3.519s] Level 1:colcon.colcon_core.environment:checking '/home/neo/rover_sim/install/locomotion_core/lib'
[3.520s] Level 1:colcon.colcon_core.environment:checking '/home/neo/rover_sim/install/locomotion_core/bin'
[3.520s] Level 1:colcon.colcon_core.environment:checking '/home/neo/rover_sim/install/locomotion_core/lib/pkgconfig/locomotion_core.pc'
[3.520s] Level 1:colcon.colcon_core.environment:checking '/home/neo/rover_sim/install/locomotion_core/lib/python3.12/site-packages'
[3.521s] Level 1:colcon.colcon_core.shell:create_environment_hook('locomotion_core', 'pythonpath')
[3.521s] INFO:colcon.colcon_core.shell:Creating environment hook '/home/neo/rover_sim/install/locomotion_core/share/locomotion_core/hook/pythonpath.ps1'
[3.522s] INFO:colcon.colcon_core.shell:Creating environment descriptor '/home/neo/rover_sim/install/locomotion_core/share/locomotion_core/hook/pythonpath.dsv'
[3.522s] INFO:colcon.colcon_core.shell:Creating environment hook '/home/neo/rover_sim/install/locomotion_core/share/locomotion_core/hook/pythonpath.sh'
[3.524s] Level 1:colcon.colcon_core.environment:checking '/home/neo/rover_sim/install/locomotion_core/bin'
[3.524s] Level 1:colcon.colcon_core.environment:create_environment_scripts_only(locomotion_core)
[3.524s] INFO:colcon.colcon_core.shell:Creating package script '/home/neo/rover_sim/install/locomotion_core/share/locomotion_core/package.ps1'
[3.525s] INFO:colcon.colcon_core.shell:Creating package descriptor '/home/neo/rover_sim/install/locomotion_core/share/locomotion_core/package.dsv'
[3.526s] INFO:colcon.colcon_core.shell:Creating package script '/home/neo/rover_sim/install/locomotion_core/share/locomotion_core/package.sh'
[3.527s] INFO:colcon.colcon_core.shell:Creating package script '/home/neo/rover_sim/install/locomotion_core/share/locomotion_core/package.bash'
[3.527s] INFO:colcon.colcon_core.shell:Creating package script '/home/neo/rover_sim/install/locomotion_core/share/locomotion_core/package.zsh'
[3.528s] Level 1:colcon.colcon_core.environment:create_file_with_runtime_dependencies(/home/neo/rover_sim/install/locomotion_core/share/colcon-core/packages/locomotion_core)
[3.554s] Level 1:colcon.colcon_core.environment:checking '/home/neo/rover_sim/install/teleop_core' for CMake module files
[3.555s] DEBUG:colcon.colcon_core.event_handler.log_command:Invoked command in '/home/neo/rover_sim/sim/teleop_core' returned '0': DEBUGINFOD_URLS=https://debuginfod.ubuntu.com PYTHONPATH=/home/neo/rover_sim/build/teleop_core/prefix_override:/usr/lib/python3/dist-packages/colcon_core/task/python/colcon_distutils_commands:/home/neo/rover_sim/install/teleop_core/lib/python3.12/site-packages:${PYTHONPATH} /usr/bin/python3 -W ignore:setup.py install is deprecated setup.py egg_info --egg-base ../../build/teleop_core build --build-base /home/neo/rover_sim/build/teleop_core/build install --record /home/neo/rover_sim/build/teleop_core/install.log --single-version-externally-managed install_data
[3.555s] Level 1:colcon.colcon_core.environment:checking '/home/neo/rover_sim/install/teleop_core' for CMake config files
[3.556s] Level 1:colcon.colcon_core.environment:checking '/home/neo/rover_sim/install/teleop_core/lib'
[3.556s] Level 1:colcon.colcon_core.environment:checking '/home/neo/rover_sim/install/teleop_core/bin'
[3.557s] Level 1:colcon.colcon_core.environment:checking '/home/neo/rover_sim/install/teleop_core/lib/pkgconfig/teleop_core.pc'
[3.557s] Level 1:colcon.colcon_core.environment:checking '/home/neo/rover_sim/install/teleop_core/lib/python3.12/site-packages'
[3.557s] Level 1:colcon.colcon_core.shell:create_environment_hook('teleop_core', 'pythonpath')
[3.557s] INFO:colcon.colcon_core.shell:Creating environment hook '/home/neo/rover_sim/install/teleop_core/share/teleop_core/hook/pythonpath.ps1'
[3.558s] INFO:colcon.colcon_core.shell:Creating environment descriptor '/home/neo/rover_sim/install/teleop_core/share/teleop_core/hook/pythonpath.dsv'
[3.559s] INFO:colcon.colcon_core.shell:Creating environment hook '/home/neo/rover_sim/install/teleop_core/share/teleop_core/hook/pythonpath.sh'
[3.560s] Level 1:colcon.colcon_core.environment:checking '/home/neo/rover_sim/install/teleop_core/bin'
[3.560s] Level 1:colcon.colcon_core.environment:create_environment_scripts_only(teleop_core)
[3.561s] INFO:colcon.colcon_core.shell:Creating package script '/home/neo/rover_sim/install/teleop_core/share/teleop_core/package.ps1'
[3.562s] INFO:colcon.colcon_core.shell:Creating package descriptor '/home/neo/rover_sim/install/teleop_core/share/teleop_core/package.dsv'
[3.563s] INFO:colcon.colcon_core.shell:Creating package script '/home/neo/rover_sim/install/teleop_core/share/teleop_core/package.sh'
[3.564s] INFO:colcon.colcon_core.shell:Creating package script '/home/neo/rover_sim/install/teleop_core/share/teleop_core/package.bash'
[3.564s] INFO:colcon.colcon_core.shell:Creating package script '/home/neo/rover_sim/install/teleop_core/share/teleop_core/package.zsh'
[3.565s] Level 1:colcon.colcon_core.environment:create_file_with_runtime_dependencies(/home/neo/rover_sim/install/teleop_core/share/colcon-core/packages/teleop_core)
[3.652s] Level 1:colcon.colcon_core.environment:checking '/home/neo/rover_sim/install/fake_rover_state_controller' for CMake module files
[3.653s] DEBUG:colcon.colcon_core.event_handler.log_command:Invoked command in '/home/neo/rover_sim/sim/fake_rover_state_controller' returned '0': DEBUGINFOD_URLS=https://debuginfod.ubuntu.com PYTHONPATH=/home/neo/rover_sim/build/fake_rover_state_controller/prefix_override:/usr/lib/python3/dist-packages/colcon_core/task/python/colcon_distutils_commands:/home/neo/rover_sim/install/fake_rover_state_controller/lib/python3.12/site-packages:${PYTHONPATH} /usr/bin/python3 -W ignore:setup.py install is deprecated setup.py egg_info --egg-base ../../build/fake_rover_state_controller build --build-base /home/neo/rover_sim/build/fake_rover_state_controller/build install --record /home/neo/rover_sim/build/fake_rover_state_controller/install.log --single-version-externally-managed install_data
[3.653s] Level 1:colcon.colcon_core.environment:checking '/home/neo/rover_sim/install/fake_rover_state_controller' for CMake config files
[3.654s] Level 1:colcon.colcon_core.environment:checking '/home/neo/rover_sim/install/fake_rover_state_controller/lib'
[3.654s] Level 1:colcon.colcon_core.environment:checking '/home/neo/rover_sim/install/fake_rover_state_controller/bin'
[3.654s] Level 1:colcon.colcon_core.environment:checking '/home/neo/rover_sim/install/fake_rover_state_controller/lib/pkgconfig/fake_rover_state_controller.pc'
[3.654s] Level 1:colcon.colcon_core.environment:checking '/home/neo/rover_sim/install/fake_rover_state_controller/lib/python3.12/site-packages'
[3.655s] Level 1:colcon.colcon_core.shell:create_environment_hook('fake_rover_state_controller', 'pythonpath')
[3.655s] INFO:colcon.colcon_core.shell:Creating environment hook '/home/neo/rover_sim/install/fake_rover_state_controller/share/fake_rover_state_controller/hook/pythonpath.ps1'
[3.656s] INFO:colcon.colcon_core.shell:Creating environment descriptor '/home/neo/rover_sim/install/fake_rover_state_controller/share/fake_rover_state_controller/hook/pythonpath.dsv'
[3.656s] INFO:colcon.colcon_core.shell:Creating environment hook '/home/neo/rover_sim/install/fake_rover_state_controller/share/fake_rover_state_controller/hook/pythonpath.sh'
[3.657s] Level 1:colcon.colcon_core.environment:checking '/home/neo/rover_sim/install/fake_rover_state_controller/bin'
[3.657s] Level 1:colcon.colcon_core.environment:create_environment_scripts_only(fake_rover_state_controller)
[3.657s] INFO:colcon.colcon_core.shell:Creating package script '/home/neo/rover_sim/install/fake_rover_state_controller/share/fake_rover_state_controller/package.ps1'
[3.658s] INFO:colcon.colcon_core.shell:Creating package descriptor '/home/neo/rover_sim/install/fake_rover_state_controller/share/fake_rover_state_controller/package.dsv'
[3.659s] INFO:colcon.colcon_core.shell:Creating package script '/home/neo/rover_sim/install/fake_rover_state_controller/share/fake_rover_state_controller/package.sh'
[3.659s] INFO:colcon.colcon_core.shell:Creating package script '/home/neo/rover_sim/install/fake_rover_state_controller/share/fake_rover_state_controller/package.bash'
[3.660s] INFO:colcon.colcon_core.shell:Creating package script '/home/neo/rover_sim/install/fake_rover_state_controller/share/fake_rover_state_controller/package.zsh'
[3.660s] Level 1:colcon.colcon_core.environment:create_file_with_runtime_dependencies(/home/neo/rover_sim/install/fake_rover_state_controller/share/colcon-core/packages/fake_rover_state_controller)
[3.955s] Level 1:colcon.colcon_core.environment:checking '/home/neo/rover_sim/install/virtual_joy' for CMake module files
[3.956s] DEBUG:colcon.colcon_core.event_handler.log_command:Invoked command in '/home/neo/rover_sim/sim/virtual_joy' returned '0': DEBUGINFOD_URLS=https://debuginfod.ubuntu.com PYTHONPATH=/home/neo/rover_sim/build/virtual_joy/prefix_override:/usr/lib/python3/dist-packages/colcon_core/task/python/colcon_distutils_commands:/home/neo/rover_sim/install/virtual_joy/lib/python3.12/site-packages:${PYTHONPATH} /usr/bin/python3 -W ignore:setup.py install is deprecated setup.py egg_info --egg-base ../../build/virtual_joy build --build-base /home/neo/rover_sim/build/virtual_joy/build install --record /home/neo/rover_sim/build/virtual_joy/install.log --single-version-externally-managed install_data
[3.956s] Level 1:colcon.colcon_core.environment:checking '/home/neo/rover_sim/install/virtual_joy' for CMake config files
[3.957s] Level 1:colcon.colcon_core.environment:checking '/home/neo/rover_sim/install/virtual_joy/lib'
[3.957s] Level 1:colcon.colcon_core.environment:checking '/home/neo/rover_sim/install/virtual_joy/bin'
[3.957s] Level 1:colcon.colcon_core.environment:checking '/home/neo/rover_sim/install/virtual_joy/lib/pkgconfig/virtual_joy.pc'
[3.957s] Level 1:colcon.colcon_core.environment:checking '/home/neo/rover_sim/install/virtual_joy/lib/python3.12/site-packages'
[3.957s] Level 1:colcon.colcon_core.shell:create_environment_hook('virtual_joy', 'pythonpath')
[3.958s] INFO:colcon.colcon_core.shell:Creating environment hook '/home/neo/rover_sim/install/virtual_joy/share/virtual_joy/hook/pythonpath.ps1'
[3.958s] INFO:colcon.colcon_core.shell:Creating environment descriptor '/home/neo/rover_sim/install/virtual_joy/share/virtual_joy/hook/pythonpath.dsv'
[3.959s] INFO:colcon.colcon_core.shell:Creating environment hook '/home/neo/rover_sim/install/virtual_joy/share/virtual_joy/hook/pythonpath.sh'
[3.959s] Level 1:colcon.colcon_core.environment:checking '/home/neo/rover_sim/install/virtual_joy/bin'
[3.959s] Level 1:colcon.colcon_core.environment:create_environment_scripts_only(virtual_joy)
[3.959s] INFO:colcon.colcon_core.shell:Creating package script '/home/neo/rover_sim/install/virtual_joy/share/virtual_joy/package.ps1'
[3.960s] INFO:colcon.colcon_core.shell:Creating package descriptor '/home/neo/rover_sim/install/virtual_joy/share/virtual_joy/package.dsv'
[3.961s] INFO:colcon.colcon_core.shell:Creating package script '/home/neo/rover_sim/install/virtual_joy/share/virtual_joy/package.sh'
[3.961s] INFO:colcon.colcon_core.shell:Creating package script '/home/neo/rover_sim/install/virtual_joy/share/virtual_joy/package.bash'
[3.961s] INFO:colcon.colcon_core.shell:Creating package script '/home/neo/rover_sim/install/virtual_joy/share/virtual_joy/package.zsh'
[3.962s] Level 1:colcon.colcon_core.environment:create_file_with_runtime_dependencies(/home/neo/rover_sim/install/virtual_joy/share/colcon-core/packages/virtual_joy)
[3.962s] DEBUG:colcon.colcon_parallel_executor.executor.parallel:closing loop
[3.963s] DEBUG:colcon.colcon_parallel_executor.executor.parallel:loop closed
[3.963s] DEBUG:colcon.colcon_parallel_executor.executor.parallel:run_until_complete finished with '0'
[3.963s] DEBUG:colcon.colcon_core.event_reactor:joining thread
[3.977s] INFO:colcon.colcon_core.plugin_system:Skipping extension 'colcon_notification.desktop_notification.terminal_notifier': Not used on non-Darwin systems
[3.977s] INFO:colcon.colcon_core.plugin_system:Skipping extension 'colcon_notification.desktop_notification.win32': Not used on non-Windows systems
[3.978s] INFO:colcon.colcon_notification.desktop_notification:Sending desktop notification using 'notify2'
[3.995s] DEBUG:colcon.colcon_core.event_reactor:joined thread
[3.995s] INFO:colcon.colcon_core.shell:Creating prefix script '/home/neo/rover_sim/install/local_setup.ps1'
[3.996s] INFO:colcon.colcon_core.shell:Creating prefix util module '/home/neo/rover_sim/install/_local_setup_util_ps1.py'
[3.998s] INFO:colcon.colcon_core.shell:Creating prefix chain script '/home/neo/rover_sim/install/setup.ps1'
[3.999s] INFO:colcon.colcon_core.shell:Creating prefix script '/home/neo/rover_sim/install/local_setup.sh'
[3.999s] INFO:colcon.colcon_core.shell:Creating prefix util module '/home/neo/rover_sim/install/_local_setup_util_sh.py'
[4.000s] INFO:colcon.colcon_core.shell:Creating prefix chain script '/home/neo/rover_sim/install/setup.sh'
[4.001s] INFO:colcon.colcon_core.shell:Creating prefix script '/home/neo/rover_sim/install/local_setup.bash'
[4.001s] INFO:colcon.colcon_core.shell:Creating prefix chain script '/home/neo/rover_sim/install/setup.bash'
[4.002s] INFO:colcon.colcon_core.shell:Creating prefix script '/home/neo/rover_sim/install/local_setup.zsh'
[4.003s] INFO:colcon.colcon_core.shell:Creating prefix chain script '/home/neo/rover_sim/install/setup.zsh'
