[0.194s] DEBUG:colcon:Command line arguments: ['/usr/bin/colcon', 'build']
[0.194s] DEBUG:colcon:Parsed command line arguments: Namespace(log_base=None, log_level=None, verb_name='build', build_base='build', install_base='install', merge_install=False, symlink_install=False, test_result_base=None, continue_on_error=False, executor='parallel', parallel_workers=4, event_handlers=None, ignore_user_meta=False, metas=['./colcon.meta'], base_paths=['.'], packages_ignore=None, packages_ignore_regex=None, paths=None, packages_up_to=None, packages_up_to_regex=None, packages_above=None, packages_above_and_dependencies=None, packages_above_depth=None, packages_select_by_dep=None, packages_skip_by_dep=None, packages_skip_up_to=None, packages_select_build_failed=False, packages_skip_build_finished=False, packages_select_test_failures=False, packages_skip_test_passed=False, packages_select=None, packages_skip=None, packages_select_regex=None, packages_skip_regex=None, packages_start=None, packages_end=None, allow_overriding=[], cmake_args=None, cmake_target=None, cmake_target_skip_unavailable=False, cmake_clean_cache=False, cmake_clean_first=False, cmake_force_configure=False, ament_cmake_args=None, catkin_cmake_args=None, catkin_skip_building_tests=False, mixin_files=None, mixin=None, verb_parser=<colcon_mixin.mixin.mixin_argument.MixinArgumentDecorator object at 0x77d3f9236ed0>, verb_extension=<colcon_core.verb.build.BuildVerb object at 0x77d3f92369f0>, main=<bound method BuildVerb.main of <colcon_core.verb.build.BuildVerb object at 0x77d3f92369f0>>, mixin_verb=('build',))
[0.257s] Level 1:colcon.colcon_core.package_discovery:discover_packages(colcon_meta) check parameters
[0.257s] Level 1:colcon.colcon_core.package_discovery:discover_packages(recursive) check parameters
[0.257s] Level 1:colcon.colcon_core.package_discovery:discover_packages(ignore) check parameters
[0.257s] Level 1:colcon.colcon_core.package_discovery:discover_packages(path) check parameters
[0.257s] Level 1:colcon.colcon_core.package_discovery:discover_packages(colcon_meta) discover
[0.257s] Level 1:colcon.colcon_core.package_discovery:discover_packages(recursive) discover
[0.258s] INFO:colcon.colcon_core.package_discovery:Crawling recursively for packages in '/home/neo/rover_sim'
[0.258s] Level 1:colcon.colcon_core.package_identification:_identify(.) by extensions ['ignore', 'ignore_ament_install']
[0.258s] Level 1:colcon.colcon_core.package_identification:_identify(.) by extension 'ignore'
[0.258s] Level 1:colcon.colcon_core.package_identification:_identify(.) by extension 'ignore_ament_install'
[0.258s] Level 1:colcon.colcon_core.package_identification:_identify(.) by extensions ['colcon_pkg']
[0.258s] Level 1:colcon.colcon_core.package_identification:_identify(.) by extension 'colcon_pkg'
[0.258s] Level 1:colcon.colcon_core.package_identification:_identify(.) by extensions ['colcon_meta']
[0.258s] Level 1:colcon.colcon_core.package_identification:_identify(.) by extension 'colcon_meta'
[0.258s] Level 1:colcon.colcon_core.package_identification:_identify(.) by extensions ['ros']
[0.258s] Level 1:colcon.colcon_core.package_identification:_identify(.) by extension 'ros'
[0.293s] Level 1:colcon.colcon_core.package_identification:_identify(.) by extensions ['cmake', 'python']
[0.293s] Level 1:colcon.colcon_core.package_identification:_identify(.) by extension 'cmake'
[0.293s] Level 1:colcon.colcon_core.package_identification:_identify(.) by extension 'python'
[0.293s] Level 1:colcon.colcon_core.package_identification:_identify(.) by extensions ['python_setup_py']
[0.293s] Level 1:colcon.colcon_core.package_identification:_identify(.) by extension 'python_setup_py'
[0.293s] Level 1:colcon.colcon_core.package_identification:_identify(build) by extensions ['ignore', 'ignore_ament_install']
[0.293s] Level 1:colcon.colcon_core.package_identification:_identify(build) by extension 'ignore'
[0.293s] Level 1:colcon.colcon_core.package_identification:_identify(build) ignored
[0.294s] Level 1:colcon.colcon_core.package_identification:_identify(install) by extensions ['ignore', 'ignore_ament_install']
[0.294s] Level 1:colcon.colcon_core.package_identification:_identify(install) by extension 'ignore'
[0.294s] Level 1:colcon.colcon_core.package_identification:_identify(install) ignored
[0.294s] Level 1:colcon.colcon_core.package_identification:_identify(log) by extensions ['ignore', 'ignore_ament_install']
[0.294s] Level 1:colcon.colcon_core.package_identification:_identify(log) by extension 'ignore'
[0.294s] Level 1:colcon.colcon_core.package_identification:_identify(log) ignored
[0.294s] Level 1:colcon.colcon_core.package_identification:_identify(sim) by extensions ['ignore', 'ignore_ament_install']
[0.294s] Level 1:colcon.colcon_core.package_identification:_identify(sim) by extension 'ignore'
[0.294s] Level 1:colcon.colcon_core.package_identification:_identify(sim) by extension 'ignore_ament_install'
[0.294s] Level 1:colcon.colcon_core.package_identification:_identify(sim) by extensions ['colcon_pkg']
[0.294s] Level 1:colcon.colcon_core.package_identification:_identify(sim) by extension 'colcon_pkg'
[0.294s] Level 1:colcon.colcon_core.package_identification:_identify(sim) by extensions ['colcon_meta']
[0.294s] Level 1:colcon.colcon_core.package_identification:_identify(sim) by extension 'colcon_meta'
[0.294s] Level 1:colcon.colcon_core.package_identification:_identify(sim) by extensions ['ros']
[0.294s] Level 1:colcon.colcon_core.package_identification:_identify(sim) by extension 'ros'
[0.294s] Level 1:colcon.colcon_core.package_identification:_identify(sim) by extensions ['cmake', 'python']
[0.295s] Level 1:colcon.colcon_core.package_identification:_identify(sim) by extension 'cmake'
[0.295s] Level 1:colcon.colcon_core.package_identification:_identify(sim) by extension 'python'
[0.295s] Level 1:colcon.colcon_core.package_identification:_identify(sim) by extensions ['python_setup_py']
[0.295s] Level 1:colcon.colcon_core.package_identification:_identify(sim) by extension 'python_setup_py'
[0.295s] Level 1:colcon.colcon_core.package_identification:_identify(sim/fake_rover_state_controller) by extensions ['ignore', 'ignore_ament_install']
[0.295s] Level 1:colcon.colcon_core.package_identification:_identify(sim/fake_rover_state_controller) by extension 'ignore'
[0.295s] Level 1:colcon.colcon_core.package_identification:_identify(sim/fake_rover_state_controller) by extension 'ignore_ament_install'
[0.295s] Level 1:colcon.colcon_core.package_identification:_identify(sim/fake_rover_state_controller) by extensions ['colcon_pkg']
[0.295s] Level 1:colcon.colcon_core.package_identification:_identify(sim/fake_rover_state_controller) by extension 'colcon_pkg'
[0.295s] Level 1:colcon.colcon_core.package_identification:_identify(sim/fake_rover_state_controller) by extensions ['colcon_meta']
[0.295s] Level 1:colcon.colcon_core.package_identification:_identify(sim/fake_rover_state_controller) by extension 'colcon_meta'
[0.295s] Level 1:colcon.colcon_core.package_identification:_identify(sim/fake_rover_state_controller) by extensions ['ros']
[0.295s] Level 1:colcon.colcon_core.package_identification:_identify(sim/fake_rover_state_controller) by extension 'ros'
[0.300s] DEBUG:colcon.colcon_core.package_identification:Package 'sim/fake_rover_state_controller' with type 'ros.ament_python' and name 'fake_rover_state_controller'
[0.300s] Level 1:colcon.colcon_core.package_identification:_identify(sim/locomotion_core) by extensions ['ignore', 'ignore_ament_install']
[0.300s] Level 1:colcon.colcon_core.package_identification:_identify(sim/locomotion_core) by extension 'ignore'
[0.300s] Level 1:colcon.colcon_core.package_identification:_identify(sim/locomotion_core) by extension 'ignore_ament_install'
[0.300s] Level 1:colcon.colcon_core.package_identification:_identify(sim/locomotion_core) by extensions ['colcon_pkg']
[0.300s] Level 1:colcon.colcon_core.package_identification:_identify(sim/locomotion_core) by extension 'colcon_pkg'
[0.300s] Level 1:colcon.colcon_core.package_identification:_identify(sim/locomotion_core) by extensions ['colcon_meta']
[0.300s] Level 1:colcon.colcon_core.package_identification:_identify(sim/locomotion_core) by extension 'colcon_meta'
[0.300s] Level 1:colcon.colcon_core.package_identification:_identify(sim/locomotion_core) by extensions ['ros']
[0.300s] Level 1:colcon.colcon_core.package_identification:_identify(sim/locomotion_core) by extension 'ros'
[0.301s] DEBUG:colcon.colcon_core.package_identification:Package 'sim/locomotion_core' with type 'ros.ament_python' and name 'locomotion_core'
[0.301s] Level 1:colcon.colcon_core.package_identification:_identify(sim/rover_description) by extensions ['ignore', 'ignore_ament_install']
[0.301s] Level 1:colcon.colcon_core.package_identification:_identify(sim/rover_description) by extension 'ignore'
[0.301s] Level 1:colcon.colcon_core.package_identification:_identify(sim/rover_description) by extension 'ignore_ament_install'
[0.301s] Level 1:colcon.colcon_core.package_identification:_identify(sim/rover_description) by extensions ['colcon_pkg']
[0.301s] Level 1:colcon.colcon_core.package_identification:_identify(sim/rover_description) by extension 'colcon_pkg'
[0.301s] Level 1:colcon.colcon_core.package_identification:_identify(sim/rover_description) by extensions ['colcon_meta']
[0.301s] Level 1:colcon.colcon_core.package_identification:_identify(sim/rover_description) by extension 'colcon_meta'
[0.301s] Level 1:colcon.colcon_core.package_identification:_identify(sim/rover_description) by extensions ['ros']
[0.301s] Level 1:colcon.colcon_core.package_identification:_identify(sim/rover_description) by extension 'ros'
[0.302s] DEBUG:colcon.colcon_core.package_identification:Package 'sim/rover_description' with type 'ros.ament_cmake' and name 'rover_description'
[0.302s] Level 1:colcon.colcon_core.package_identification:_identify(sim/teleop_core) by extensions ['ignore', 'ignore_ament_install']
[0.302s] Level 1:colcon.colcon_core.package_identification:_identify(sim/teleop_core) by extension 'ignore'
[0.302s] Level 1:colcon.colcon_core.package_identification:_identify(sim/teleop_core) by extension 'ignore_ament_install'
[0.302s] Level 1:colcon.colcon_core.package_identification:_identify(sim/teleop_core) by extensions ['colcon_pkg']
[0.302s] Level 1:colcon.colcon_core.package_identification:_identify(sim/teleop_core) by extension 'colcon_pkg'
[0.302s] Level 1:colcon.colcon_core.package_identification:_identify(sim/teleop_core) by extensions ['colcon_meta']
[0.302s] Level 1:colcon.colcon_core.package_identification:_identify(sim/teleop_core) by extension 'colcon_meta'
[0.302s] Level 1:colcon.colcon_core.package_identification:_identify(sim/teleop_core) by extensions ['ros']
[0.302s] Level 1:colcon.colcon_core.package_identification:_identify(sim/teleop_core) by extension 'ros'
[0.303s] DEBUG:colcon.colcon_core.package_identification:Package 'sim/teleop_core' with type 'ros.ament_python' and name 'teleop_core'
[0.303s] Level 1:colcon.colcon_core.package_identification:_identify(sim/virtual_joy) by extensions ['ignore', 'ignore_ament_install']
[0.303s] Level 1:colcon.colcon_core.package_identification:_identify(sim/virtual_joy) by extension 'ignore'
[0.303s] Level 1:colcon.colcon_core.package_identification:_identify(sim/virtual_joy) by extension 'ignore_ament_install'
[0.303s] Level 1:colcon.colcon_core.package_identification:_identify(sim/virtual_joy) by extensions ['colcon_pkg']
[0.303s] Level 1:colcon.colcon_core.package_identification:_identify(sim/virtual_joy) by extension 'colcon_pkg'
[0.303s] Level 1:colcon.colcon_core.package_identification:_identify(sim/virtual_joy) by extensions ['colcon_meta']
[0.303s] Level 1:colcon.colcon_core.package_identification:_identify(sim/virtual_joy) by extension 'colcon_meta'
[0.303s] Level 1:colcon.colcon_core.package_identification:_identify(sim/virtual_joy) by extensions ['ros']
[0.303s] Level 1:colcon.colcon_core.package_identification:_identify(sim/virtual_joy) by extension 'ros'
[0.304s] DEBUG:colcon.colcon_core.package_identification:Package 'sim/virtual_joy' with type 'ros.ament_python' and name 'virtual_joy'
[0.304s] Level 1:colcon.colcon_core.package_discovery:discover_packages(recursive) using defaults
[0.304s] Level 1:colcon.colcon_core.package_discovery:discover_packages(ignore) discover
[0.304s] Level 1:colcon.colcon_core.package_discovery:discover_packages(ignore) using defaults
[0.304s] Level 1:colcon.colcon_core.package_discovery:discover_packages(path) discover
[0.304s] Level 1:colcon.colcon_core.package_discovery:discover_packages(path) using defaults
[0.335s] Level 1:colcon.colcon_core.package_discovery:discover_packages(prefix_path) check parameters
[0.335s] Level 1:colcon.colcon_core.package_discovery:discover_packages(prefix_path) discover
[0.340s] DEBUG:colcon.colcon_installed_package_information.package_discovery:Found 286 installed packages in /opt/ros/jazzy
[0.340s] Level 1:colcon.colcon_core.package_discovery:discover_packages(prefix_path) using defaults
[0.390s] Level 5:colcon.colcon_core.verb:set package 'fake_rover_state_controller' build argument 'cmake_args' from command line to 'None'
[0.390s] Level 5:colcon.colcon_core.verb:set package 'fake_rover_state_controller' build argument 'cmake_target' from command line to 'None'
[0.390s] Level 5:colcon.colcon_core.verb:set package 'fake_rover_state_controller' build argument 'cmake_target_skip_unavailable' from command line to 'False'
[0.390s] Level 5:colcon.colcon_core.verb:set package 'fake_rover_state_controller' build argument 'cmake_clean_cache' from command line to 'False'
[0.390s] Level 5:colcon.colcon_core.verb:set package 'fake_rover_state_controller' build argument 'cmake_clean_first' from command line to 'False'
[0.390s] Level 5:colcon.colcon_core.verb:set package 'fake_rover_state_controller' build argument 'cmake_force_configure' from command line to 'False'
[0.390s] Level 5:colcon.colcon_core.verb:set package 'fake_rover_state_controller' build argument 'ament_cmake_args' from command line to 'None'
[0.390s] Level 5:colcon.colcon_core.verb:set package 'fake_rover_state_controller' build argument 'catkin_cmake_args' from command line to 'None'
[0.390s] Level 5:colcon.colcon_core.verb:set package 'fake_rover_state_controller' build argument 'catkin_skip_building_tests' from command line to 'False'
[0.390s] DEBUG:colcon.colcon_core.verb:Building package 'fake_rover_state_controller' with the following arguments: {'ament_cmake_args': None, 'build_base': '/home/neo/rover_sim/build/fake_rover_state_controller', 'catkin_cmake_args': None, 'catkin_skip_building_tests': False, 'cmake_args': None, 'cmake_clean_cache': False, 'cmake_clean_first': False, 'cmake_force_configure': False, 'cmake_target': None, 'cmake_target_skip_unavailable': False, 'install_base': '/home/neo/rover_sim/install/fake_rover_state_controller', 'merge_install': False, 'path': '/home/neo/rover_sim/sim/fake_rover_state_controller', 'symlink_install': False, 'test_result_base': None}
[0.391s] Level 5:colcon.colcon_core.verb:set package 'locomotion_core' build argument 'cmake_args' from command line to 'None'
[0.391s] Level 5:colcon.colcon_core.verb:set package 'locomotion_core' build argument 'cmake_target' from command line to 'None'
[0.391s] Level 5:colcon.colcon_core.verb:set package 'locomotion_core' build argument 'cmake_target_skip_unavailable' from command line to 'False'
[0.391s] Level 5:colcon.colcon_core.verb:set package 'locomotion_core' build argument 'cmake_clean_cache' from command line to 'False'
[0.391s] Level 5:colcon.colcon_core.verb:set package 'locomotion_core' build argument 'cmake_clean_first' from command line to 'False'
[0.391s] Level 5:colcon.colcon_core.verb:set package 'locomotion_core' build argument 'cmake_force_configure' from command line to 'False'
[0.391s] Level 5:colcon.colcon_core.verb:set package 'locomotion_core' build argument 'ament_cmake_args' from command line to 'None'
[0.391s] Level 5:colcon.colcon_core.verb:set package 'locomotion_core' build argument 'catkin_cmake_args' from command line to 'None'
[0.391s] Level 5:colcon.colcon_core.verb:set package 'locomotion_core' build argument 'catkin_skip_building_tests' from command line to 'False'
[0.391s] DEBUG:colcon.colcon_core.verb:Building package 'locomotion_core' with the following arguments: {'ament_cmake_args': None, 'build_base': '/home/neo/rover_sim/build/locomotion_core', 'catkin_cmake_args': None, 'catkin_skip_building_tests': False, 'cmake_args': None, 'cmake_clean_cache': False, 'cmake_clean_first': False, 'cmake_force_configure': False, 'cmake_target': None, 'cmake_target_skip_unavailable': False, 'install_base': '/home/neo/rover_sim/install/locomotion_core', 'merge_install': False, 'path': '/home/neo/rover_sim/sim/locomotion_core', 'symlink_install': False, 'test_result_base': None}
[0.391s] Level 5:colcon.colcon_core.verb:set package 'rover_description' build argument 'cmake_args' from command line to 'None'
[0.391s] Level 5:colcon.colcon_core.verb:set package 'rover_description' build argument 'cmake_target' from command line to 'None'
[0.391s] Level 5:colcon.colcon_core.verb:set package 'rover_description' build argument 'cmake_target_skip_unavailable' from command line to 'False'
[0.391s] Level 5:colcon.colcon_core.verb:set package 'rover_description' build argument 'cmake_clean_cache' from command line to 'False'
[0.391s] Level 5:colcon.colcon_core.verb:set package 'rover_description' build argument 'cmake_clean_first' from command line to 'False'
[0.391s] Level 5:colcon.colcon_core.verb:set package 'rover_description' build argument 'cmake_force_configure' from command line to 'False'
[0.391s] Level 5:colcon.colcon_core.verb:set package 'rover_description' build argument 'ament_cmake_args' from command line to 'None'
[0.391s] Level 5:colcon.colcon_core.verb:set package 'rover_description' build argument 'catkin_cmake_args' from command line to 'None'
[0.391s] Level 5:colcon.colcon_core.verb:set package 'rover_description' build argument 'catkin_skip_building_tests' from command line to 'False'
[0.391s] DEBUG:colcon.colcon_core.verb:Building package 'rover_description' with the following arguments: {'ament_cmake_args': None, 'build_base': '/home/neo/rover_sim/build/rover_description', 'catkin_cmake_args': None, 'catkin_skip_building_tests': False, 'cmake_args': None, 'cmake_clean_cache': False, 'cmake_clean_first': False, 'cmake_force_configure': False, 'cmake_target': None, 'cmake_target_skip_unavailable': False, 'install_base': '/home/neo/rover_sim/install/rover_description', 'merge_install': False, 'path': '/home/neo/rover_sim/sim/rover_description', 'symlink_install': False, 'test_result_base': None}
[0.392s] Level 5:colcon.colcon_core.verb:set package 'teleop_core' build argument 'cmake_args' from command line to 'None'
[0.392s] Level 5:colcon.colcon_core.verb:set package 'teleop_core' build argument 'cmake_target' from command line to 'None'
[0.392s] Level 5:colcon.colcon_core.verb:set package 'teleop_core' build argument 'cmake_target_skip_unavailable' from command line to 'False'
[0.392s] Level 5:colcon.colcon_core.verb:set package 'teleop_core' build argument 'cmake_clean_cache' from command line to 'False'
[0.392s] Level 5:colcon.colcon_core.verb:set package 'teleop_core' build argument 'cmake_clean_first' from command line to 'False'
[0.392s] Level 5:colcon.colcon_core.verb:set package 'teleop_core' build argument 'cmake_force_configure' from command line to 'False'
[0.392s] Level 5:colcon.colcon_core.verb:set package 'teleop_core' build argument 'ament_cmake_args' from command line to 'None'
[0.392s] Level 5:colcon.colcon_core.verb:set package 'teleop_core' build argument 'catkin_cmake_args' from command line to 'None'
[0.392s] Level 5:colcon.colcon_core.verb:set package 'teleop_core' build argument 'catkin_skip_building_tests' from command line to 'False'
[0.392s] DEBUG:colcon.colcon_core.verb:Building package 'teleop_core' with the following arguments: {'ament_cmake_args': None, 'build_base': '/home/neo/rover_sim/build/teleop_core', 'catkin_cmake_args': None, 'catkin_skip_building_tests': False, 'cmake_args': None, 'cmake_clean_cache': False, 'cmake_clean_first': False, 'cmake_force_configure': False, 'cmake_target': None, 'cmake_target_skip_unavailable': False, 'install_base': '/home/neo/rover_sim/install/teleop_core', 'merge_install': False, 'path': '/home/neo/rover_sim/sim/teleop_core', 'symlink_install': False, 'test_result_base': None}
[0.392s] Level 5:colcon.colcon_core.verb:set package 'virtual_joy' build argument 'cmake_args' from command line to 'None'
[0.392s] Level 5:colcon.colcon_core.verb:set package 'virtual_joy' build argument 'cmake_target' from command line to 'None'
[0.392s] Level 5:colcon.colcon_core.verb:set package 'virtual_joy' build argument 'cmake_target_skip_unavailable' from command line to 'False'
[0.392s] Level 5:colcon.colcon_core.verb:set package 'virtual_joy' build argument 'cmake_clean_cache' from command line to 'False'
[0.392s] Level 5:colcon.colcon_core.verb:set package 'virtual_joy' build argument 'cmake_clean_first' from command line to 'False'
[0.392s] Level 5:colcon.colcon_core.verb:set package 'virtual_joy' build argument 'cmake_force_configure' from command line to 'False'
[0.392s] Level 5:colcon.colcon_core.verb:set package 'virtual_joy' build argument 'ament_cmake_args' from command line to 'None'
[0.392s] Level 5:colcon.colcon_core.verb:set package 'virtual_joy' build argument 'catkin_cmake_args' from command line to 'None'
[0.392s] Level 5:colcon.colcon_core.verb:set package 'virtual_joy' build argument 'catkin_skip_building_tests' from command line to 'False'
[0.392s] DEBUG:colcon.colcon_core.verb:Building package 'virtual_joy' with the following arguments: {'ament_cmake_args': None, 'build_base': '/home/neo/rover_sim/build/virtual_joy', 'catkin_cmake_args': None, 'catkin_skip_building_tests': False, 'cmake_args': None, 'cmake_clean_cache': False, 'cmake_clean_first': False, 'cmake_force_configure': False, 'cmake_target': None, 'cmake_target_skip_unavailable': False, 'install_base': '/home/neo/rover_sim/install/virtual_joy', 'merge_install': False, 'path': '/home/neo/rover_sim/sim/virtual_joy', 'symlink_install': False, 'test_result_base': None}
[0.392s] INFO:colcon.colcon_core.executor:Executing jobs using 'parallel' executor
[0.393s] DEBUG:colcon.colcon_parallel_executor.executor.parallel:run_until_complete
[0.393s] INFO:colcon.colcon_ros.task.ament_python.build:Building ROS package in '/home/neo/rover_sim/sim/fake_rover_state_controller' with build type 'ament_python'
[0.393s] Level 1:colcon.colcon_core.shell:create_environment_hook('fake_rover_state_controller', 'ament_prefix_path')
[0.399s] INFO:colcon.colcon_core.plugin_system:Skipping extension 'colcon_core.shell.bat': Not used on non-Windows systems
[0.399s] INFO:colcon.colcon_core.shell:Creating environment hook '/home/neo/rover_sim/install/fake_rover_state_controller/share/fake_rover_state_controller/hook/ament_prefix_path.ps1'
[0.401s] INFO:colcon.colcon_core.shell:Creating environment descriptor '/home/neo/rover_sim/install/fake_rover_state_controller/share/fake_rover_state_controller/hook/ament_prefix_path.dsv'
[0.402s] INFO:colcon.colcon_core.shell:Creating environment hook '/home/neo/rover_sim/install/fake_rover_state_controller/share/fake_rover_state_controller/hook/ament_prefix_path.sh'
[0.404s] INFO:colcon.colcon_core.shell:Skip shell extension 'powershell' for command environment: Not usable outside of PowerShell
[0.404s] DEBUG:colcon.colcon_core.shell:Skip shell extension 'dsv' for command environment
[0.409s] INFO:colcon.colcon_ros.task.ament_python.build:Building ROS package in '/home/neo/rover_sim/sim/locomotion_core' with build type 'ament_python'
[0.409s] Level 1:colcon.colcon_core.shell:create_environment_hook('locomotion_core', 'ament_prefix_path')
[0.410s] INFO:colcon.colcon_core.shell:Creating environment hook '/home/neo/rover_sim/install/locomotion_core/share/locomotion_core/hook/ament_prefix_path.ps1'
[0.411s] INFO:colcon.colcon_core.shell:Creating environment descriptor '/home/neo/rover_sim/install/locomotion_core/share/locomotion_core/hook/ament_prefix_path.dsv'
[0.411s] INFO:colcon.colcon_core.shell:Creating environment hook '/home/neo/rover_sim/install/locomotion_core/share/locomotion_core/hook/ament_prefix_path.sh'
[0.412s] INFO:colcon.colcon_core.shell:Skip shell extension 'powershell' for command environment: Not usable outside of PowerShell
[0.412s] DEBUG:colcon.colcon_core.shell:Skip shell extension 'dsv' for command environment
[0.415s] INFO:colcon.colcon_ros.task.ament_cmake.build:Building ROS package in '/home/neo/rover_sim/sim/rover_description' with build type 'ament_cmake'
[0.415s] INFO:colcon.colcon_cmake.task.cmake.build:Building CMake package in '/home/neo/rover_sim/sim/rover_description'
[0.415s] INFO:colcon.colcon_core.shell:Skip shell extension 'powershell' for command environment: Not usable outside of PowerShell
[0.415s] DEBUG:colcon.colcon_core.shell:Skip shell extension 'dsv' for command environment
[0.418s] INFO:colcon.colcon_ros.task.ament_python.build:Building ROS package in '/home/neo/rover_sim/sim/teleop_core' with build type 'ament_python'
[0.419s] Level 1:colcon.colcon_core.shell:create_environment_hook('teleop_core', 'ament_prefix_path')
[0.419s] INFO:colcon.colcon_core.shell:Creating environment hook '/home/neo/rover_sim/install/teleop_core/share/teleop_core/hook/ament_prefix_path.ps1'
[0.420s] INFO:colcon.colcon_core.shell:Creating environment descriptor '/home/neo/rover_sim/install/teleop_core/share/teleop_core/hook/ament_prefix_path.dsv'
[0.420s] INFO:colcon.colcon_core.shell:Creating environment hook '/home/neo/rover_sim/install/teleop_core/share/teleop_core/hook/ament_prefix_path.sh'
[0.421s] INFO:colcon.colcon_core.shell:Skip shell extension 'powershell' for command environment: Not usable outside of PowerShell
[0.421s] DEBUG:colcon.colcon_core.shell:Skip shell extension 'dsv' for command environment
[0.691s] INFO:colcon.colcon_core.task.python.build:Building Python package in '/home/neo/rover_sim/sim/fake_rover_state_controller'
[0.691s] INFO:colcon.colcon_core.shell:Skip shell extension 'powershell' for command environment: Not usable outside of PowerShell
[0.698s] DEBUG:colcon.colcon_core.shell:Skip shell extension 'dsv' for command environment
[0.976s] INFO:colcon.colcon_core.task.python.build:Building Python package in '/home/neo/rover_sim/sim/locomotion_core'
[0.976s] INFO:colcon.colcon_core.shell:Skip shell extension 'powershell' for command environment: Not usable outside of PowerShell
[0.976s] DEBUG:colcon.colcon_core.shell:Skip shell extension 'dsv' for command environment
[0.982s] DEBUG:colcon.colcon_core.event_handler.log_command:Invoking command in '/home/neo/rover_sim/build/rover_description': CMAKE_PREFIX_PATH=${CMAKE_PREFIX_PATH}:/opt/ros/jazzy DEBUGINFOD_URLS=https://debuginfod.ubuntu.com /usr/bin/cmake /home/neo/rover_sim/sim/rover_description -DCMAKE_INSTALL_PREFIX=/home/neo/rover_sim/install/rover_description
[1.261s] INFO:colcon.colcon_core.task.python.build:Building Python package in '/home/neo/rover_sim/sim/teleop_core'
[1.262s] INFO:colcon.colcon_core.shell:Skip shell extension 'powershell' for command environment: Not usable outside of PowerShell
[1.262s] DEBUG:colcon.colcon_core.shell:Skip shell extension 'dsv' for command environment
[2.443s] DEBUG:colcon.colcon_core.event_handler.log_command:Invoked command in '/home/neo/rover_sim/build/rover_description' returned '0': CMAKE_PREFIX_PATH=${CMAKE_PREFIX_PATH}:/opt/ros/jazzy DEBUGINFOD_URLS=https://debuginfod.ubuntu.com /usr/bin/cmake /home/neo/rover_sim/sim/rover_description -DCMAKE_INSTALL_PREFIX=/home/neo/rover_sim/install/rover_description
[2.445s] DEBUG:colcon.colcon_core.event_handler.log_command:Invoking command in '/home/neo/rover_sim/build/rover_description': CMAKE_PREFIX_PATH=${CMAKE_PREFIX_PATH}:/opt/ros/jazzy DEBUGINFOD_URLS=https://debuginfod.ubuntu.com /usr/bin/cmake --build /home/neo/rover_sim/build/rover_description -- -j4 -l4
[2.512s] DEBUG:colcon.colcon_core.event_handler.log_command:Invoked command in '/home/neo/rover_sim/build/rover_description' returned '0': CMAKE_PREFIX_PATH=${CMAKE_PREFIX_PATH}:/opt/ros/jazzy DEBUGINFOD_URLS=https://debuginfod.ubuntu.com /usr/bin/cmake --build /home/neo/rover_sim/build/rover_description -- -j4 -l4
[2.590s] DEBUG:colcon.colcon_core.event_handler.log_command:Invoking command in '/home/neo/rover_sim/build/rover_description': CMAKE_PREFIX_PATH=${CMAKE_PREFIX_PATH}:/opt/ros/jazzy DEBUGINFOD_URLS=https://debuginfod.ubuntu.com /usr/bin/cmake --install /home/neo/rover_sim/build/rover_description
[2.605s] DEBUG:colcon.colcon_core.event_handler.log_command:Invoking command in '/home/neo/rover_sim/sim/fake_rover_state_controller': DEBUGINFOD_URLS=https://debuginfod.ubuntu.com PYTHONPATH=/home/neo/rover_sim/build/fake_rover_state_controller/prefix_override:/usr/lib/python3/dist-packages/colcon_core/task/python/colcon_distutils_commands:/home/neo/rover_sim/install/fake_rover_state_controller/lib/python3.12/site-packages:${PYTHONPATH} /usr/bin/python3 -W ignore:setup.py install is deprecated setup.py egg_info --egg-base ../../build/fake_rover_state_controller build --build-base /home/neo/rover_sim/build/fake_rover_state_controller/build install --record /home/neo/rover_sim/build/fake_rover_state_controller/install.log --single-version-externally-managed install_data
[2.618s] DEBUG:colcon.colcon_core.event_handler.log_command:Invoking command in '/home/neo/rover_sim/sim/locomotion_core': DEBUGINFOD_URLS=https://debuginfod.ubuntu.com PYTHONPATH=/home/neo/rover_sim/build/locomotion_core/prefix_override:/usr/lib/python3/dist-packages/colcon_core/task/python/colcon_distutils_commands:/home/neo/rover_sim/install/locomotion_core/lib/python3.12/site-packages:${PYTHONPATH} /usr/bin/python3 -W ignore:setup.py install is deprecated setup.py egg_info --egg-base ../../build/locomotion_core build --build-base /home/neo/rover_sim/build/locomotion_core/build install --record /home/neo/rover_sim/build/locomotion_core/install.log --single-version-externally-managed install_data
[2.630s] DEBUG:colcon.colcon_core.event_handler.log_command:Invoking command in '/home/neo/rover_sim/sim/teleop_core': DEBUGINFOD_URLS=https://debuginfod.ubuntu.com PYTHONPATH=/home/neo/rover_sim/build/teleop_core/prefix_override:/usr/lib/python3/dist-packages/colcon_core/task/python/colcon_distutils_commands:/home/neo/rover_sim/install/teleop_core/lib/python3.12/site-packages:${PYTHONPATH} /usr/bin/python3 -W ignore:setup.py install is deprecated setup.py egg_info --egg-base ../../build/teleop_core build --build-base /home/neo/rover_sim/build/teleop_core/build install --record /home/neo/rover_sim/build/teleop_core/install.log --single-version-externally-managed install_data
[2.787s] Level 1:colcon.colcon_core.environment:create_environment_scripts_only(rover_description)
[2.787s] DEBUG:colcon.colcon_core.event_handler.log_command:Invoked command in '/home/neo/rover_sim/build/rover_description' returned '0': CMAKE_PREFIX_PATH=${CMAKE_PREFIX_PATH}:/opt/ros/jazzy DEBUGINFOD_URLS=https://debuginfod.ubuntu.com /usr/bin/cmake --install /home/neo/rover_sim/build/rover_description
[2.795s] Level 1:colcon.colcon_core.environment:checking '/home/neo/rover_sim/install/rover_description' for CMake module files
[2.796s] Level 1:colcon.colcon_core.environment:checking '/home/neo/rover_sim/install/rover_description' for CMake config files
[2.797s] Level 1:colcon.colcon_core.shell:create_environment_hook('rover_description', 'cmake_prefix_path')
[2.797s] INFO:colcon.colcon_core.shell:Creating environment hook '/home/neo/rover_sim/install/rover_description/share/rover_description/hook/cmake_prefix_path.ps1'
[2.798s] INFO:colcon.colcon_core.shell:Creating environment descriptor '/home/neo/rover_sim/install/rover_description/share/rover_description/hook/cmake_prefix_path.dsv'
[2.799s] INFO:colcon.colcon_core.shell:Creating environment hook '/home/neo/rover_sim/install/rover_description/share/rover_description/hook/cmake_prefix_path.sh'
[2.800s] Level 1:colcon.colcon_core.environment:checking '/home/neo/rover_sim/install/rover_description/bin'
[2.800s] Level 1:colcon.colcon_core.environment:checking '/home/neo/rover_sim/install/rover_description/lib/pkgconfig/rover_description.pc'
[2.800s] Level 1:colcon.colcon_core.environment:checking '/home/neo/rover_sim/install/rover_description/lib/python3.12/site-packages'
[2.801s] Level 1:colcon.colcon_core.environment:checking '/home/neo/rover_sim/install/rover_description/bin'
[2.801s] INFO:colcon.colcon_core.shell:Creating package script '/home/neo/rover_sim/install/rover_description/share/rover_description/package.ps1'
[2.803s] INFO:colcon.colcon_core.shell:Creating package descriptor '/home/neo/rover_sim/install/rover_description/share/rover_description/package.dsv'
[2.804s] INFO:colcon.colcon_core.shell:Creating package script '/home/neo/rover_sim/install/rover_description/share/rover_description/package.sh'
[2.805s] INFO:colcon.colcon_core.shell:Creating package script '/home/neo/rover_sim/install/rover_description/share/rover_description/package.bash'
[2.806s] INFO:colcon.colcon_core.shell:Creating package script '/home/neo/rover_sim/install/rover_description/share/rover_description/package.zsh'
[2.808s] Level 1:colcon.colcon_core.environment:create_file_with_runtime_dependencies(/home/neo/rover_sim/install/rover_description/share/colcon-core/packages/rover_description)
[2.844s] Level 1:colcon.colcon_core.environment:create_environment_scripts_only(rover_description)
[2.845s] Level 1:colcon.colcon_core.environment:checking '/home/neo/rover_sim/install/rover_description' for CMake module files
[2.846s] Level 1:colcon.colcon_core.environment:checking '/home/neo/rover_sim/install/rover_description' for CMake config files
[2.846s] Level 1:colcon.colcon_core.shell:create_environment_hook('rover_description', 'cmake_prefix_path')
[2.847s] INFO:colcon.colcon_core.shell:Creating environment hook '/home/neo/rover_sim/install/rover_description/share/rover_description/hook/cmake_prefix_path.ps1'
[2.847s] INFO:colcon.colcon_core.shell:Creating environment descriptor '/home/neo/rover_sim/install/rover_description/share/rover_description/hook/cmake_prefix_path.dsv'
[2.848s] INFO:colcon.colcon_core.shell:Creating environment hook '/home/neo/rover_sim/install/rover_description/share/rover_description/hook/cmake_prefix_path.sh'
[2.849s] Level 1:colcon.colcon_core.environment:checking '/home/neo/rover_sim/install/rover_description/bin'
[2.849s] Level 1:colcon.colcon_core.environment:checking '/home/neo/rover_sim/install/rover_description/lib/pkgconfig/rover_description.pc'
[2.849s] Level 1:colcon.colcon_core.environment:checking '/home/neo/rover_sim/install/rover_description/lib/python3.12/site-packages'
[2.850s] Level 1:colcon.colcon_core.environment:checking '/home/neo/rover_sim/install/rover_description/bin'
[2.850s] INFO:colcon.colcon_core.shell:Creating package script '/home/neo/rover_sim/install/rover_description/share/rover_description/package.ps1'
[2.851s] INFO:colcon.colcon_core.shell:Creating package descriptor '/home/neo/rover_sim/install/rover_description/share/rover_description/package.dsv'
[2.852s] INFO:colcon.colcon_core.shell:Creating package script '/home/neo/rover_sim/install/rover_description/share/rover_description/package.sh'
[2.853s] INFO:colcon.colcon_core.shell:Creating package script '/home/neo/rover_sim/install/rover_description/share/rover_description/package.bash'
[2.854s] INFO:colcon.colcon_core.shell:Creating package script '/home/neo/rover_sim/install/rover_description/share/rover_description/package.zsh'
[2.854s] Level 1:colcon.colcon_core.environment:create_file_with_runtime_dependencies(/home/neo/rover_sim/install/rover_description/share/colcon-core/packages/rover_description)
[2.855s] INFO:colcon.colcon_ros.task.ament_python.build:Building ROS package in '/home/neo/rover_sim/sim/virtual_joy' with build type 'ament_python'
[2.856s] Level 1:colcon.colcon_core.shell:create_environment_hook('virtual_joy', 'ament_prefix_path')
[2.856s] INFO:colcon.colcon_core.shell:Creating environment hook '/home/neo/rover_sim/install/virtual_joy/share/virtual_joy/hook/ament_prefix_path.ps1'
[2.857s] INFO:colcon.colcon_core.shell:Creating environment descriptor '/home/neo/rover_sim/install/virtual_joy/share/virtual_joy/hook/ament_prefix_path.dsv'
[2.858s] INFO:colcon.colcon_core.shell:Creating environment hook '/home/neo/rover_sim/install/virtual_joy/share/virtual_joy/hook/ament_prefix_path.sh'
[2.859s] INFO:colcon.colcon_core.shell:Skip shell extension 'powershell' for command environment: Not usable outside of PowerShell
[2.859s] DEBUG:colcon.colcon_core.shell:Skip shell extension 'dsv' for command environment
[3.290s] INFO:colcon.colcon_core.task.python.build:Building Python package in '/home/neo/rover_sim/sim/virtual_joy'
[3.291s] INFO:colcon.colcon_core.shell:Skip shell extension 'powershell' for command environment: Not usable outside of PowerShell
[3.291s] DEBUG:colcon.colcon_core.shell:Skip shell extension 'dsv' for command environment
[3.785s] Level 1:colcon.colcon_core.environment:checking '/home/neo/rover_sim/install/locomotion_core' for CMake module files
[3.787s] DEBUG:colcon.colcon_core.event_handler.log_command:Invoked command in '/home/neo/rover_sim/sim/locomotion_core' returned '0': DEBUGINFOD_URLS=https://debuginfod.ubuntu.com PYTHONPATH=/home/neo/rover_sim/build/locomotion_core/prefix_override:/usr/lib/python3/dist-packages/colcon_core/task/python/colcon_distutils_commands:/home/neo/rover_sim/install/locomotion_core/lib/python3.12/site-packages:${PYTHONPATH} /usr/bin/python3 -W ignore:setup.py install is deprecated setup.py egg_info --egg-base ../../build/locomotion_core build --build-base /home/neo/rover_sim/build/locomotion_core/build install --record /home/neo/rover_sim/build/locomotion_core/install.log --single-version-externally-managed install_data
[3.789s] Level 1:colcon.colcon_core.environment:checking '/home/neo/rover_sim/install/locomotion_core' for CMake config files
[3.790s] Level 1:colcon.colcon_core.environment:checking '/home/neo/rover_sim/install/locomotion_core/lib'
[3.790s] Level 1:colcon.colcon_core.environment:checking '/home/neo/rover_sim/install/locomotion_core/bin'
[3.791s] Level 1:colcon.colcon_core.environment:checking '/home/neo/rover_sim/install/locomotion_core/lib/pkgconfig/locomotion_core.pc'
[3.791s] Level 1:colcon.colcon_core.environment:checking '/home/neo/rover_sim/install/locomotion_core/lib/python3.12/site-packages'
[3.791s] Level 1:colcon.colcon_core.shell:create_environment_hook('locomotion_core', 'pythonpath')
[3.792s] INFO:colcon.colcon_core.shell:Creating environment hook '/home/neo/rover_sim/install/locomotion_core/share/locomotion_core/hook/pythonpath.ps1'
[3.792s] INFO:colcon.colcon_core.shell:Creating environment descriptor '/home/neo/rover_sim/install/locomotion_core/share/locomotion_core/hook/pythonpath.dsv'
[3.793s] INFO:colcon.colcon_core.shell:Creating environment hook '/home/neo/rover_sim/install/locomotion_core/share/locomotion_core/hook/pythonpath.sh'
[3.794s] Level 1:colcon.colcon_core.environment:checking '/home/neo/rover_sim/install/locomotion_core/bin'
[3.794s] Level 1:colcon.colcon_core.environment:create_environment_scripts_only(locomotion_core)
[3.795s] INFO:colcon.colcon_core.shell:Creating package script '/home/neo/rover_sim/install/locomotion_core/share/locomotion_core/package.ps1'
[3.796s] INFO:colcon.colcon_core.shell:Creating package descriptor '/home/neo/rover_sim/install/locomotion_core/share/locomotion_core/package.dsv'
[3.797s] INFO:colcon.colcon_core.shell:Creating package script '/home/neo/rover_sim/install/locomotion_core/share/locomotion_core/package.sh'
[3.798s] INFO:colcon.colcon_core.shell:Creating package script '/home/neo/rover_sim/install/locomotion_core/share/locomotion_core/package.bash'
[3.799s] INFO:colcon.colcon_core.shell:Creating package script '/home/neo/rover_sim/install/locomotion_core/share/locomotion_core/package.zsh'
[3.800s] Level 1:colcon.colcon_core.environment:create_file_with_runtime_dependencies(/home/neo/rover_sim/install/locomotion_core/share/colcon-core/packages/locomotion_core)
[3.802s] Level 1:colcon.colcon_core.environment:checking '/home/neo/rover_sim/install/fake_rover_state_controller' for CMake module files
[3.803s] Level 1:colcon.colcon_core.environment:checking '/home/neo/rover_sim/install/fake_rover_state_controller' for CMake config files
[3.805s] Level 1:colcon.colcon_core.environment:checking '/home/neo/rover_sim/install/fake_rover_state_controller/lib'
[3.805s] DEBUG:colcon.colcon_core.event_handler.log_command:Invoked command in '/home/neo/rover_sim/sim/fake_rover_state_controller' returned '0': DEBUGINFOD_URLS=https://debuginfod.ubuntu.com PYTHONPATH=/home/neo/rover_sim/build/fake_rover_state_controller/prefix_override:/usr/lib/python3/dist-packages/colcon_core/task/python/colcon_distutils_commands:/home/neo/rover_sim/install/fake_rover_state_controller/lib/python3.12/site-packages:${PYTHONPATH} /usr/bin/python3 -W ignore:setup.py install is deprecated setup.py egg_info --egg-base ../../build/fake_rover_state_controller build --build-base /home/neo/rover_sim/build/fake_rover_state_controller/build install --record /home/neo/rover_sim/build/fake_rover_state_controller/install.log --single-version-externally-managed install_data
[3.805s] Level 1:colcon.colcon_core.environment:checking '/home/neo/rover_sim/install/fake_rover_state_controller/bin'
[3.806s] Level 1:colcon.colcon_core.environment:checking '/home/neo/rover_sim/install/fake_rover_state_controller/lib/pkgconfig/fake_rover_state_controller.pc'
[3.806s] Level 1:colcon.colcon_core.environment:checking '/home/neo/rover_sim/install/fake_rover_state_controller/lib/python3.12/site-packages'
[3.807s] Level 1:colcon.colcon_core.shell:create_environment_hook('fake_rover_state_controller', 'pythonpath')
[3.807s] INFO:colcon.colcon_core.shell:Creating environment hook '/home/neo/rover_sim/install/fake_rover_state_controller/share/fake_rover_state_controller/hook/pythonpath.ps1'
[3.808s] INFO:colcon.colcon_core.shell:Creating environment descriptor '/home/neo/rover_sim/install/fake_rover_state_controller/share/fake_rover_state_controller/hook/pythonpath.dsv'
[3.809s] INFO:colcon.colcon_core.shell:Creating environment hook '/home/neo/rover_sim/install/fake_rover_state_controller/share/fake_rover_state_controller/hook/pythonpath.sh'
[3.810s] Level 1:colcon.colcon_core.environment:checking '/home/neo/rover_sim/install/fake_rover_state_controller/bin'
[3.811s] Level 1:colcon.colcon_core.environment:create_environment_scripts_only(fake_rover_state_controller)
[3.812s] INFO:colcon.colcon_core.shell:Creating package script '/home/neo/rover_sim/install/fake_rover_state_controller/share/fake_rover_state_controller/package.ps1'
[3.814s] INFO:colcon.colcon_core.shell:Creating package descriptor '/home/neo/rover_sim/install/fake_rover_state_controller/share/fake_rover_state_controller/package.dsv'
[3.815s] INFO:colcon.colcon_core.shell:Creating package script '/home/neo/rover_sim/install/fake_rover_state_controller/share/fake_rover_state_controller/package.sh'
[3.816s] INFO:colcon.colcon_core.shell:Creating package script '/home/neo/rover_sim/install/fake_rover_state_controller/share/fake_rover_state_controller/package.bash'
[3.817s] INFO:colcon.colcon_core.shell:Creating package script '/home/neo/rover_sim/install/fake_rover_state_controller/share/fake_rover_state_controller/package.zsh'
[3.819s] Level 1:colcon.colcon_core.environment:create_file_with_runtime_dependencies(/home/neo/rover_sim/install/fake_rover_state_controller/share/colcon-core/packages/fake_rover_state_controller)
[3.857s] Level 1:colcon.colcon_core.environment:checking '/home/neo/rover_sim/install/teleop_core' for CMake module files
[3.858s] DEBUG:colcon.colcon_core.event_handler.log_command:Invoked command in '/home/neo/rover_sim/sim/teleop_core' returned '0': DEBUGINFOD_URLS=https://debuginfod.ubuntu.com PYTHONPATH=/home/neo/rover_sim/build/teleop_core/prefix_override:/usr/lib/python3/dist-packages/colcon_core/task/python/colcon_distutils_commands:/home/neo/rover_sim/install/teleop_core/lib/python3.12/site-packages:${PYTHONPATH} /usr/bin/python3 -W ignore:setup.py install is deprecated setup.py egg_info --egg-base ../../build/teleop_core build --build-base /home/neo/rover_sim/build/teleop_core/build install --record /home/neo/rover_sim/build/teleop_core/install.log --single-version-externally-managed install_data
[3.859s] Level 1:colcon.colcon_core.environment:checking '/home/neo/rover_sim/install/teleop_core' for CMake config files
[3.860s] Level 1:colcon.colcon_core.environment:checking '/home/neo/rover_sim/install/teleop_core/lib'
[3.860s] Level 1:colcon.colcon_core.environment:checking '/home/neo/rover_sim/install/teleop_core/bin'
[3.860s] Level 1:colcon.colcon_core.environment:checking '/home/neo/rover_sim/install/teleop_core/lib/pkgconfig/teleop_core.pc'
[3.860s] Level 1:colcon.colcon_core.environment:checking '/home/neo/rover_sim/install/teleop_core/lib/python3.12/site-packages'
[3.861s] Level 1:colcon.colcon_core.shell:create_environment_hook('teleop_core', 'pythonpath')
[3.861s] INFO:colcon.colcon_core.shell:Creating environment hook '/home/neo/rover_sim/install/teleop_core/share/teleop_core/hook/pythonpath.ps1'
[3.862s] INFO:colcon.colcon_core.shell:Creating environment descriptor '/home/neo/rover_sim/install/teleop_core/share/teleop_core/hook/pythonpath.dsv'
[3.862s] INFO:colcon.colcon_core.shell:Creating environment hook '/home/neo/rover_sim/install/teleop_core/share/teleop_core/hook/pythonpath.sh'
[3.863s] Level 1:colcon.colcon_core.environment:checking '/home/neo/rover_sim/install/teleop_core/bin'
[3.863s] Level 1:colcon.colcon_core.environment:create_environment_scripts_only(teleop_core)
[3.864s] INFO:colcon.colcon_core.shell:Creating package script '/home/neo/rover_sim/install/teleop_core/share/teleop_core/package.ps1'
[3.864s] INFO:colcon.colcon_core.shell:Creating package descriptor '/home/neo/rover_sim/install/teleop_core/share/teleop_core/package.dsv'
[3.865s] INFO:colcon.colcon_core.shell:Creating package script '/home/neo/rover_sim/install/teleop_core/share/teleop_core/package.sh'
[3.866s] INFO:colcon.colcon_core.shell:Creating package script '/home/neo/rover_sim/install/teleop_core/share/teleop_core/package.bash'
[3.866s] INFO:colcon.colcon_core.shell:Creating package script '/home/neo/rover_sim/install/teleop_core/share/teleop_core/package.zsh'
[3.867s] Level 1:colcon.colcon_core.environment:create_file_with_runtime_dependencies(/home/neo/rover_sim/install/teleop_core/share/colcon-core/packages/teleop_core)
[4.236s] DEBUG:colcon.colcon_core.event_handler.log_command:Invoking command in '/home/neo/rover_sim/sim/virtual_joy': DEBUGINFOD_URLS=https://debuginfod.ubuntu.com PYTHONPATH=/home/neo/rover_sim/build/virtual_joy/prefix_override:/usr/lib/python3/dist-packages/colcon_core/task/python/colcon_distutils_commands:/home/neo/rover_sim/install/virtual_joy/lib/python3.12/site-packages:${PYTHONPATH} /usr/bin/python3 -W ignore:setup.py install is deprecated setup.py egg_info --egg-base ../../build/virtual_joy build --build-base /home/neo/rover_sim/build/virtual_joy/build install --record /home/neo/rover_sim/build/virtual_joy/install.log --single-version-externally-managed install_data
[4.871s] Level 1:colcon.colcon_core.environment:checking '/home/neo/rover_sim/install/virtual_joy' for CMake module files
[4.872s] DEBUG:colcon.colcon_core.event_handler.log_command:Invoked command in '/home/neo/rover_sim/sim/virtual_joy' returned '0': DEBUGINFOD_URLS=https://debuginfod.ubuntu.com PYTHONPATH=/home/neo/rover_sim/build/virtual_joy/prefix_override:/usr/lib/python3/dist-packages/colcon_core/task/python/colcon_distutils_commands:/home/neo/rover_sim/install/virtual_joy/lib/python3.12/site-packages:${PYTHONPATH} /usr/bin/python3 -W ignore:setup.py install is deprecated setup.py egg_info --egg-base ../../build/virtual_joy build --build-base /home/neo/rover_sim/build/virtual_joy/build install --record /home/neo/rover_sim/build/virtual_joy/install.log --single-version-externally-managed install_data
[4.872s] Level 1:colcon.colcon_core.environment:checking '/home/neo/rover_sim/install/virtual_joy' for CMake config files
[4.873s] Level 1:colcon.colcon_core.environment:checking '/home/neo/rover_sim/install/virtual_joy/lib'
[4.873s] Level 1:colcon.colcon_core.environment:checking '/home/neo/rover_sim/install/virtual_joy/bin'
[4.873s] Level 1:colcon.colcon_core.environment:checking '/home/neo/rover_sim/install/virtual_joy/lib/pkgconfig/virtual_joy.pc'
[4.874s] Level 1:colcon.colcon_core.environment:checking '/home/neo/rover_sim/install/virtual_joy/lib/python3.12/site-packages'
[4.874s] Level 1:colcon.colcon_core.shell:create_environment_hook('virtual_joy', 'pythonpath')
[4.874s] INFO:colcon.colcon_core.shell:Creating environment hook '/home/neo/rover_sim/install/virtual_joy/share/virtual_joy/hook/pythonpath.ps1'
[4.874s] INFO:colcon.colcon_core.shell:Creating environment descriptor '/home/neo/rover_sim/install/virtual_joy/share/virtual_joy/hook/pythonpath.dsv'
[4.875s] INFO:colcon.colcon_core.shell:Creating environment hook '/home/neo/rover_sim/install/virtual_joy/share/virtual_joy/hook/pythonpath.sh'
[4.875s] Level 1:colcon.colcon_core.environment:checking '/home/neo/rover_sim/install/virtual_joy/bin'
[4.875s] Level 1:colcon.colcon_core.environment:create_environment_scripts_only(virtual_joy)
[4.876s] INFO:colcon.colcon_core.shell:Creating package script '/home/neo/rover_sim/install/virtual_joy/share/virtual_joy/package.ps1'
[4.876s] INFO:colcon.colcon_core.shell:Creating package descriptor '/home/neo/rover_sim/install/virtual_joy/share/virtual_joy/package.dsv'
[4.877s] INFO:colcon.colcon_core.shell:Creating package script '/home/neo/rover_sim/install/virtual_joy/share/virtual_joy/package.sh'
[4.877s] INFO:colcon.colcon_core.shell:Creating package script '/home/neo/rover_sim/install/virtual_joy/share/virtual_joy/package.bash'
[4.878s] INFO:colcon.colcon_core.shell:Creating package script '/home/neo/rover_sim/install/virtual_joy/share/virtual_joy/package.zsh'
[4.878s] Level 1:colcon.colcon_core.environment:create_file_with_runtime_dependencies(/home/neo/rover_sim/install/virtual_joy/share/colcon-core/packages/virtual_joy)
[4.878s] DEBUG:colcon.colcon_parallel_executor.executor.parallel:closing loop
[4.878s] DEBUG:colcon.colcon_parallel_executor.executor.parallel:loop closed
[4.878s] DEBUG:colcon.colcon_parallel_executor.executor.parallel:run_until_complete finished with '0'
[4.878s] DEBUG:colcon.colcon_core.event_reactor:joining thread
[4.892s] INFO:colcon.colcon_core.plugin_system:Skipping extension 'colcon_notification.desktop_notification.terminal_notifier': Not used on non-Darwin systems
[4.892s] INFO:colcon.colcon_core.plugin_system:Skipping extension 'colcon_notification.desktop_notification.win32': Not used on non-Windows systems
[4.893s] INFO:colcon.colcon_notification.desktop_notification:Sending desktop notification using 'notify2'
[4.921s] DEBUG:colcon.colcon_core.event_reactor:joined thread
[4.921s] INFO:colcon.colcon_core.shell:Creating prefix script '/home/neo/rover_sim/install/local_setup.ps1'
[4.922s] INFO:colcon.colcon_core.shell:Creating prefix util module '/home/neo/rover_sim/install/_local_setup_util_ps1.py'
[4.924s] INFO:colcon.colcon_core.shell:Creating prefix chain script '/home/neo/rover_sim/install/setup.ps1'
[4.925s] INFO:colcon.colcon_core.shell:Creating prefix script '/home/neo/rover_sim/install/local_setup.sh'
[4.925s] INFO:colcon.colcon_core.shell:Creating prefix util module '/home/neo/rover_sim/install/_local_setup_util_sh.py'
[4.926s] INFO:colcon.colcon_core.shell:Creating prefix chain script '/home/neo/rover_sim/install/setup.sh'
[4.927s] INFO:colcon.colcon_core.shell:Creating prefix script '/home/neo/rover_sim/install/local_setup.bash'
[4.928s] INFO:colcon.colcon_core.shell:Creating prefix chain script '/home/neo/rover_sim/install/setup.bash'
[4.929s] INFO:colcon.colcon_core.shell:Creating prefix script '/home/neo/rover_sim/install/local_setup.zsh'
[4.929s] INFO:colcon.colcon_core.shell:Creating prefix chain script '/home/neo/rover_sim/install/setup.zsh'
