[0.150s] DEBUG:colcon:Command line arguments: ['/usr/bin/colcon', 'build']
[0.151s] DEBUG:colcon:Parsed command line arguments: Namespace(log_base=None, log_level=None, verb_name='build', build_base='build', install_base='install', merge_install=False, symlink_install=False, test_result_base=None, continue_on_error=False, executor='parallel', parallel_workers=4, event_handlers=None, ignore_user_meta=False, metas=['./colcon.meta'], base_paths=['.'], packages_ignore=None, packages_ignore_regex=None, paths=None, packages_up_to=None, packages_up_to_regex=None, packages_above=None, packages_above_and_dependencies=None, packages_above_depth=None, packages_select_by_dep=None, packages_skip_by_dep=None, packages_skip_up_to=None, packages_select_build_failed=False, packages_skip_build_finished=False, packages_select_test_failures=False, packages_skip_test_passed=False, packages_select=None, packages_skip=None, packages_select_regex=None, packages_skip_regex=None, packages_start=None, packages_end=None, allow_overriding=[], cmake_args=None, cmake_target=None, cmake_target_skip_unavailable=False, cmake_clean_cache=False, cmake_clean_first=False, cmake_force_configure=False, ament_cmake_args=None, catkin_cmake_args=None, catkin_skip_building_tests=False, mixin_files=None, mixin=None, verb_parser=<colcon_mixin.mixin.mixin_argument.MixinArgumentDecorator object at 0x7d3fc2cb8740>, verb_extension=<colcon_core.verb.build.BuildVerb object at 0x7d3fc2cb8470>, main=<bound method BuildVerb.main of <colcon_core.verb.build.BuildVerb object at 0x7d3fc2cb8470>>, mixin_verb=('build',))
[0.194s] Level 1:colcon.colcon_core.package_discovery:discover_packages(colcon_meta) check parameters
[0.194s] Level 1:colcon.colcon_core.package_discovery:discover_packages(recursive) check parameters
[0.194s] Level 1:colcon.colcon_core.package_discovery:discover_packages(ignore) check parameters
[0.194s] Level 1:colcon.colcon_core.package_discovery:discover_packages(path) check parameters
[0.194s] Level 1:colcon.colcon_core.package_discovery:discover_packages(colcon_meta) discover
[0.194s] Level 1:colcon.colcon_core.package_discovery:discover_packages(recursive) discover
[0.194s] INFO:colcon.colcon_core.package_discovery:Crawling recursively for packages in '/home/neo/sim_ws'
[0.194s] Level 1:colcon.colcon_core.package_identification:_identify(.) by extensions ['ignore', 'ignore_ament_install']
[0.194s] Level 1:colcon.colcon_core.package_identification:_identify(.) by extension 'ignore'
[0.194s] Level 1:colcon.colcon_core.package_identification:_identify(.) by extension 'ignore_ament_install'
[0.194s] Level 1:colcon.colcon_core.package_identification:_identify(.) by extensions ['colcon_pkg']
[0.194s] Level 1:colcon.colcon_core.package_identification:_identify(.) by extension 'colcon_pkg'
[0.194s] Level 1:colcon.colcon_core.package_identification:_identify(.) by extensions ['colcon_meta']
[0.195s] Level 1:colcon.colcon_core.package_identification:_identify(.) by extension 'colcon_meta'
[0.195s] Level 1:colcon.colcon_core.package_identification:_identify(.) by extensions ['ros']
[0.195s] Level 1:colcon.colcon_core.package_identification:_identify(.) by extension 'ros'
[0.228s] Level 1:colcon.colcon_core.package_identification:_identify(.) by extensions ['cmake', 'python']
[0.228s] Level 1:colcon.colcon_core.package_identification:_identify(.) by extension 'cmake'
[0.229s] Level 1:colcon.colcon_core.package_identification:_identify(.) by extension 'python'
[0.229s] Level 1:colcon.colcon_core.package_identification:_identify(.) by extensions ['python_setup_py']
[0.229s] Level 1:colcon.colcon_core.package_identification:_identify(.) by extension 'python_setup_py'
[0.229s] Level 1:colcon.colcon_core.package_identification:_identify(build) by extensions ['ignore', 'ignore_ament_install']
[0.229s] Level 1:colcon.colcon_core.package_identification:_identify(build) by extension 'ignore'
[0.229s] Level 1:colcon.colcon_core.package_identification:_identify(build) ignored
[0.229s] Level 1:colcon.colcon_core.package_identification:_identify(install) by extensions ['ignore', 'ignore_ament_install']
[0.229s] Level 1:colcon.colcon_core.package_identification:_identify(install) by extension 'ignore'
[0.229s] Level 1:colcon.colcon_core.package_identification:_identify(install) ignored
[0.229s] Level 1:colcon.colcon_core.package_identification:_identify(log) by extensions ['ignore', 'ignore_ament_install']
[0.229s] Level 1:colcon.colcon_core.package_identification:_identify(log) by extension 'ignore'
[0.229s] Level 1:colcon.colcon_core.package_identification:_identify(log) ignored
[0.229s] Level 1:colcon.colcon_core.package_identification:_identify(sim) by extensions ['ignore', 'ignore_ament_install']
[0.230s] Level 1:colcon.colcon_core.package_identification:_identify(sim) by extension 'ignore'
[0.230s] Level 1:colcon.colcon_core.package_identification:_identify(sim) by extension 'ignore_ament_install'
[0.230s] Level 1:colcon.colcon_core.package_identification:_identify(sim) by extensions ['colcon_pkg']
[0.230s] Level 1:colcon.colcon_core.package_identification:_identify(sim) by extension 'colcon_pkg'
[0.230s] Level 1:colcon.colcon_core.package_identification:_identify(sim) by extensions ['colcon_meta']
[0.230s] Level 1:colcon.colcon_core.package_identification:_identify(sim) by extension 'colcon_meta'
[0.230s] Level 1:colcon.colcon_core.package_identification:_identify(sim) by extensions ['ros']
[0.230s] Level 1:colcon.colcon_core.package_identification:_identify(sim) by extension 'ros'
[0.230s] Level 1:colcon.colcon_core.package_identification:_identify(sim) by extensions ['cmake', 'python']
[0.230s] Level 1:colcon.colcon_core.package_identification:_identify(sim) by extension 'cmake'
[0.230s] Level 1:colcon.colcon_core.package_identification:_identify(sim) by extension 'python'
[0.230s] Level 1:colcon.colcon_core.package_identification:_identify(sim) by extensions ['python_setup_py']
[0.230s] Level 1:colcon.colcon_core.package_identification:_identify(sim) by extension 'python_setup_py'
[0.230s] Level 1:colcon.colcon_core.package_identification:_identify(sim/fake_rover_state_controller) by extensions ['ignore', 'ignore_ament_install']
[0.230s] Level 1:colcon.colcon_core.package_identification:_identify(sim/fake_rover_state_controller) by extension 'ignore'
[0.230s] Level 1:colcon.colcon_core.package_identification:_identify(sim/fake_rover_state_controller) by extension 'ignore_ament_install'
[0.230s] Level 1:colcon.colcon_core.package_identification:_identify(sim/fake_rover_state_controller) by extensions ['colcon_pkg']
[0.230s] Level 1:colcon.colcon_core.package_identification:_identify(sim/fake_rover_state_controller) by extension 'colcon_pkg'
[0.230s] Level 1:colcon.colcon_core.package_identification:_identify(sim/fake_rover_state_controller) by extensions ['colcon_meta']
[0.230s] Level 1:colcon.colcon_core.package_identification:_identify(sim/fake_rover_state_controller) by extension 'colcon_meta'
[0.230s] Level 1:colcon.colcon_core.package_identification:_identify(sim/fake_rover_state_controller) by extensions ['ros']
[0.231s] Level 1:colcon.colcon_core.package_identification:_identify(sim/fake_rover_state_controller) by extension 'ros'
[0.234s] DEBUG:colcon.colcon_core.package_identification:Package 'sim/fake_rover_state_controller' with type 'ros.ament_python' and name 'fake_rover_state_controller'
[0.234s] Level 1:colcon.colcon_core.package_identification:_identify(sim/locomotion_core) by extensions ['ignore', 'ignore_ament_install']
[0.234s] Level 1:colcon.colcon_core.package_identification:_identify(sim/locomotion_core) by extension 'ignore'
[0.234s] Level 1:colcon.colcon_core.package_identification:_identify(sim/locomotion_core) by extension 'ignore_ament_install'
[0.234s] Level 1:colcon.colcon_core.package_identification:_identify(sim/locomotion_core) by extensions ['colcon_pkg']
[0.234s] Level 1:colcon.colcon_core.package_identification:_identify(sim/locomotion_core) by extension 'colcon_pkg'
[0.234s] Level 1:colcon.colcon_core.package_identification:_identify(sim/locomotion_core) by extensions ['colcon_meta']
[0.234s] Level 1:colcon.colcon_core.package_identification:_identify(sim/locomotion_core) by extension 'colcon_meta'
[0.234s] Level 1:colcon.colcon_core.package_identification:_identify(sim/locomotion_core) by extensions ['ros']
[0.234s] Level 1:colcon.colcon_core.package_identification:_identify(sim/locomotion_core) by extension 'ros'
[0.235s] DEBUG:colcon.colcon_core.package_identification:Package 'sim/locomotion_core' with type 'ros.ament_python' and name 'locomotion_core'
[0.235s] Level 1:colcon.colcon_core.package_identification:_identify(sim/rover_description) by extensions ['ignore', 'ignore_ament_install']
[0.235s] Level 1:colcon.colcon_core.package_identification:_identify(sim/rover_description) by extension 'ignore'
[0.235s] Level 1:colcon.colcon_core.package_identification:_identify(sim/rover_description) by extension 'ignore_ament_install'
[0.235s] Level 1:colcon.colcon_core.package_identification:_identify(sim/rover_description) by extensions ['colcon_pkg']
[0.235s] Level 1:colcon.colcon_core.package_identification:_identify(sim/rover_description) by extension 'colcon_pkg'
[0.235s] Level 1:colcon.colcon_core.package_identification:_identify(sim/rover_description) by extensions ['colcon_meta']
[0.235s] Level 1:colcon.colcon_core.package_identification:_identify(sim/rover_description) by extension 'colcon_meta'
[0.235s] Level 1:colcon.colcon_core.package_identification:_identify(sim/rover_description) by extensions ['ros']
[0.235s] Level 1:colcon.colcon_core.package_identification:_identify(sim/rover_description) by extension 'ros'
[0.236s] DEBUG:colcon.colcon_core.package_identification:Package 'sim/rover_description' with type 'ros.ament_cmake' and name 'rover_description'
[0.236s] Level 1:colcon.colcon_core.package_identification:_identify(sim/teleop_core) by extensions ['ignore', 'ignore_ament_install']
[0.236s] Level 1:colcon.colcon_core.package_identification:_identify(sim/teleop_core) by extension 'ignore'
[0.236s] Level 1:colcon.colcon_core.package_identification:_identify(sim/teleop_core) by extension 'ignore_ament_install'
[0.236s] Level 1:colcon.colcon_core.package_identification:_identify(sim/teleop_core) by extensions ['colcon_pkg']
[0.236s] Level 1:colcon.colcon_core.package_identification:_identify(sim/teleop_core) by extension 'colcon_pkg'
[0.236s] Level 1:colcon.colcon_core.package_identification:_identify(sim/teleop_core) by extensions ['colcon_meta']
[0.236s] Level 1:colcon.colcon_core.package_identification:_identify(sim/teleop_core) by extension 'colcon_meta'
[0.236s] Level 1:colcon.colcon_core.package_identification:_identify(sim/teleop_core) by extensions ['ros']
[0.236s] Level 1:colcon.colcon_core.package_identification:_identify(sim/teleop_core) by extension 'ros'
[0.237s] DEBUG:colcon.colcon_core.package_identification:Package 'sim/teleop_core' with type 'ros.ament_python' and name 'teleop_core'
[0.237s] Level 1:colcon.colcon_core.package_identification:_identify(sim/virtual_joy) by extensions ['ignore', 'ignore_ament_install']
[0.237s] Level 1:colcon.colcon_core.package_identification:_identify(sim/virtual_joy) by extension 'ignore'
[0.237s] Level 1:colcon.colcon_core.package_identification:_identify(sim/virtual_joy) by extension 'ignore_ament_install'
[0.237s] Level 1:colcon.colcon_core.package_identification:_identify(sim/virtual_joy) by extensions ['colcon_pkg']
[0.237s] Level 1:colcon.colcon_core.package_identification:_identify(sim/virtual_joy) by extension 'colcon_pkg'
[0.237s] Level 1:colcon.colcon_core.package_identification:_identify(sim/virtual_joy) by extensions ['colcon_meta']
[0.237s] Level 1:colcon.colcon_core.package_identification:_identify(sim/virtual_joy) by extension 'colcon_meta'
[0.237s] Level 1:colcon.colcon_core.package_identification:_identify(sim/virtual_joy) by extensions ['ros']
[0.237s] Level 1:colcon.colcon_core.package_identification:_identify(sim/virtual_joy) by extension 'ros'
[0.237s] DEBUG:colcon.colcon_core.package_identification:Package 'sim/virtual_joy' with type 'ros.ament_python' and name 'virtual_joy'
[0.238s] Level 1:colcon.colcon_core.package_discovery:discover_packages(recursive) using defaults
[0.238s] Level 1:colcon.colcon_core.package_discovery:discover_packages(ignore) discover
[0.238s] Level 1:colcon.colcon_core.package_discovery:discover_packages(ignore) using defaults
[0.238s] Level 1:colcon.colcon_core.package_discovery:discover_packages(path) discover
[0.238s] Level 1:colcon.colcon_core.package_discovery:discover_packages(path) using defaults
[0.258s] Level 1:colcon.colcon_core.package_discovery:discover_packages(prefix_path) check parameters
[0.258s] Level 1:colcon.colcon_core.package_discovery:discover_packages(prefix_path) discover
[0.261s] DEBUG:colcon.colcon_installed_package_information.package_discovery:Found 287 installed packages in /opt/ros/jazzy
[0.261s] Level 1:colcon.colcon_core.package_discovery:discover_packages(prefix_path) using defaults
[0.309s] Level 5:colcon.colcon_core.verb:set package 'fake_rover_state_controller' build argument 'cmake_args' from command line to 'None'
[0.309s] Level 5:colcon.colcon_core.verb:set package 'fake_rover_state_controller' build argument 'cmake_target' from command line to 'None'
[0.309s] Level 5:colcon.colcon_core.verb:set package 'fake_rover_state_controller' build argument 'cmake_target_skip_unavailable' from command line to 'False'
[0.309s] Level 5:colcon.colcon_core.verb:set package 'fake_rover_state_controller' build argument 'cmake_clean_cache' from command line to 'False'
[0.309s] Level 5:colcon.colcon_core.verb:set package 'fake_rover_state_controller' build argument 'cmake_clean_first' from command line to 'False'
[0.309s] Level 5:colcon.colcon_core.verb:set package 'fake_rover_state_controller' build argument 'cmake_force_configure' from command line to 'False'
[0.309s] Level 5:colcon.colcon_core.verb:set package 'fake_rover_state_controller' build argument 'ament_cmake_args' from command line to 'None'
[0.309s] Level 5:colcon.colcon_core.verb:set package 'fake_rover_state_controller' build argument 'catkin_cmake_args' from command line to 'None'
[0.309s] Level 5:colcon.colcon_core.verb:set package 'fake_rover_state_controller' build argument 'catkin_skip_building_tests' from command line to 'False'
[0.309s] DEBUG:colcon.colcon_core.verb:Building package 'fake_rover_state_controller' with the following arguments: {'ament_cmake_args': None, 'build_base': '/home/neo/sim_ws/build/fake_rover_state_controller', 'catkin_cmake_args': None, 'catkin_skip_building_tests': False, 'cmake_args': None, 'cmake_clean_cache': False, 'cmake_clean_first': False, 'cmake_force_configure': False, 'cmake_target': None, 'cmake_target_skip_unavailable': False, 'install_base': '/home/neo/sim_ws/install/fake_rover_state_controller', 'merge_install': False, 'path': '/home/neo/sim_ws/sim/fake_rover_state_controller', 'symlink_install': False, 'test_result_base': None}
[0.310s] Level 5:colcon.colcon_core.verb:set package 'locomotion_core' build argument 'cmake_args' from command line to 'None'
[0.310s] Level 5:colcon.colcon_core.verb:set package 'locomotion_core' build argument 'cmake_target' from command line to 'None'
[0.310s] Level 5:colcon.colcon_core.verb:set package 'locomotion_core' build argument 'cmake_target_skip_unavailable' from command line to 'False'
[0.310s] Level 5:colcon.colcon_core.verb:set package 'locomotion_core' build argument 'cmake_clean_cache' from command line to 'False'
[0.310s] Level 5:colcon.colcon_core.verb:set package 'locomotion_core' build argument 'cmake_clean_first' from command line to 'False'
[0.310s] Level 5:colcon.colcon_core.verb:set package 'locomotion_core' build argument 'cmake_force_configure' from command line to 'False'
[0.310s] Level 5:colcon.colcon_core.verb:set package 'locomotion_core' build argument 'ament_cmake_args' from command line to 'None'
[0.310s] Level 5:colcon.colcon_core.verb:set package 'locomotion_core' build argument 'catkin_cmake_args' from command line to 'None'
[0.310s] Level 5:colcon.colcon_core.verb:set package 'locomotion_core' build argument 'catkin_skip_building_tests' from command line to 'False'
[0.310s] DEBUG:colcon.colcon_core.verb:Building package 'locomotion_core' with the following arguments: {'ament_cmake_args': None, 'build_base': '/home/neo/sim_ws/build/locomotion_core', 'catkin_cmake_args': None, 'catkin_skip_building_tests': False, 'cmake_args': None, 'cmake_clean_cache': False, 'cmake_clean_first': False, 'cmake_force_configure': False, 'cmake_target': None, 'cmake_target_skip_unavailable': False, 'install_base': '/home/neo/sim_ws/install/locomotion_core', 'merge_install': False, 'path': '/home/neo/sim_ws/sim/locomotion_core', 'symlink_install': False, 'test_result_base': None}
[0.310s] Level 5:colcon.colcon_core.verb:set package 'rover_description' build argument 'cmake_args' from command line to 'None'
[0.310s] Level 5:colcon.colcon_core.verb:set package 'rover_description' build argument 'cmake_target' from command line to 'None'
[0.310s] Level 5:colcon.colcon_core.verb:set package 'rover_description' build argument 'cmake_target_skip_unavailable' from command line to 'False'
[0.310s] Level 5:colcon.colcon_core.verb:set package 'rover_description' build argument 'cmake_clean_cache' from command line to 'False'
[0.310s] Level 5:colcon.colcon_core.verb:set package 'rover_description' build argument 'cmake_clean_first' from command line to 'False'
[0.310s] Level 5:colcon.colcon_core.verb:set package 'rover_description' build argument 'cmake_force_configure' from command line to 'False'
[0.310s] Level 5:colcon.colcon_core.verb:set package 'rover_description' build argument 'ament_cmake_args' from command line to 'None'
[0.310s] Level 5:colcon.colcon_core.verb:set package 'rover_description' build argument 'catkin_cmake_args' from command line to 'None'
[0.310s] Level 5:colcon.colcon_core.verb:set package 'rover_description' build argument 'catkin_skip_building_tests' from command line to 'False'
[0.310s] DEBUG:colcon.colcon_core.verb:Building package 'rover_description' with the following arguments: {'ament_cmake_args': None, 'build_base': '/home/neo/sim_ws/build/rover_description', 'catkin_cmake_args': None, 'catkin_skip_building_tests': False, 'cmake_args': None, 'cmake_clean_cache': False, 'cmake_clean_first': False, 'cmake_force_configure': False, 'cmake_target': None, 'cmake_target_skip_unavailable': False, 'install_base': '/home/neo/sim_ws/install/rover_description', 'merge_install': False, 'path': '/home/neo/sim_ws/sim/rover_description', 'symlink_install': False, 'test_result_base': None}
[0.311s] Level 5:colcon.colcon_core.verb:set package 'teleop_core' build argument 'cmake_args' from command line to 'None'
[0.311s] Level 5:colcon.colcon_core.verb:set package 'teleop_core' build argument 'cmake_target' from command line to 'None'
[0.311s] Level 5:colcon.colcon_core.verb:set package 'teleop_core' build argument 'cmake_target_skip_unavailable' from command line to 'False'
[0.311s] Level 5:colcon.colcon_core.verb:set package 'teleop_core' build argument 'cmake_clean_cache' from command line to 'False'
[0.311s] Level 5:colcon.colcon_core.verb:set package 'teleop_core' build argument 'cmake_clean_first' from command line to 'False'
[0.311s] Level 5:colcon.colcon_core.verb:set package 'teleop_core' build argument 'cmake_force_configure' from command line to 'False'
[0.311s] Level 5:colcon.colcon_core.verb:set package 'teleop_core' build argument 'ament_cmake_args' from command line to 'None'
[0.311s] Level 5:colcon.colcon_core.verb:set package 'teleop_core' build argument 'catkin_cmake_args' from command line to 'None'
[0.311s] Level 5:colcon.colcon_core.verb:set package 'teleop_core' build argument 'catkin_skip_building_tests' from command line to 'False'
[0.311s] DEBUG:colcon.colcon_core.verb:Building package 'teleop_core' with the following arguments: {'ament_cmake_args': None, 'build_base': '/home/neo/sim_ws/build/teleop_core', 'catkin_cmake_args': None, 'catkin_skip_building_tests': False, 'cmake_args': None, 'cmake_clean_cache': False, 'cmake_clean_first': False, 'cmake_force_configure': False, 'cmake_target': None, 'cmake_target_skip_unavailable': False, 'install_base': '/home/neo/sim_ws/install/teleop_core', 'merge_install': False, 'path': '/home/neo/sim_ws/sim/teleop_core', 'symlink_install': False, 'test_result_base': None}
[0.311s] Level 5:colcon.colcon_core.verb:set package 'virtual_joy' build argument 'cmake_args' from command line to 'None'
[0.311s] Level 5:colcon.colcon_core.verb:set package 'virtual_joy' build argument 'cmake_target' from command line to 'None'
[0.311s] Level 5:colcon.colcon_core.verb:set package 'virtual_joy' build argument 'cmake_target_skip_unavailable' from command line to 'False'
[0.311s] Level 5:colcon.colcon_core.verb:set package 'virtual_joy' build argument 'cmake_clean_cache' from command line to 'False'
[0.311s] Level 5:colcon.colcon_core.verb:set package 'virtual_joy' build argument 'cmake_clean_first' from command line to 'False'
[0.311s] Level 5:colcon.colcon_core.verb:set package 'virtual_joy' build argument 'cmake_force_configure' from command line to 'False'
[0.311s] Level 5:colcon.colcon_core.verb:set package 'virtual_joy' build argument 'ament_cmake_args' from command line to 'None'
[0.311s] Level 5:colcon.colcon_core.verb:set package 'virtual_joy' build argument 'catkin_cmake_args' from command line to 'None'
[0.311s] Level 5:colcon.colcon_core.verb:set package 'virtual_joy' build argument 'catkin_skip_building_tests' from command line to 'False'
[0.311s] DEBUG:colcon.colcon_core.verb:Building package 'virtual_joy' with the following arguments: {'ament_cmake_args': None, 'build_base': '/home/neo/sim_ws/build/virtual_joy', 'catkin_cmake_args': None, 'catkin_skip_building_tests': False, 'cmake_args': None, 'cmake_clean_cache': False, 'cmake_clean_first': False, 'cmake_force_configure': False, 'cmake_target': None, 'cmake_target_skip_unavailable': False, 'install_base': '/home/neo/sim_ws/install/virtual_joy', 'merge_install': False, 'path': '/home/neo/sim_ws/sim/virtual_joy', 'symlink_install': False, 'test_result_base': None}
[0.311s] INFO:colcon.colcon_core.executor:Executing jobs using 'parallel' executor
[0.312s] DEBUG:colcon.colcon_parallel_executor.executor.parallel:run_until_complete
[0.313s] INFO:colcon.colcon_ros.task.ament_python.build:Building ROS package in '/home/neo/sim_ws/sim/fake_rover_state_controller' with build type 'ament_python'
[0.313s] Level 1:colcon.colcon_core.shell:create_environment_hook('fake_rover_state_controller', 'ament_prefix_path')
[0.315s] INFO:colcon.colcon_core.plugin_system:Skipping extension 'colcon_core.shell.bat': Not used on non-Windows systems
[0.316s] INFO:colcon.colcon_core.shell:Creating environment hook '/home/neo/sim_ws/install/fake_rover_state_controller/share/fake_rover_state_controller/hook/ament_prefix_path.ps1'
[0.316s] INFO:colcon.colcon_core.shell:Creating environment descriptor '/home/neo/sim_ws/install/fake_rover_state_controller/share/fake_rover_state_controller/hook/ament_prefix_path.dsv'
[0.317s] INFO:colcon.colcon_core.shell:Creating environment hook '/home/neo/sim_ws/install/fake_rover_state_controller/share/fake_rover_state_controller/hook/ament_prefix_path.sh'
[0.319s] INFO:colcon.colcon_core.shell:Skip shell extension 'powershell' for command environment: Not usable outside of PowerShell
[0.319s] DEBUG:colcon.colcon_core.shell:Skip shell extension 'dsv' for command environment
[0.325s] INFO:colcon.colcon_ros.task.ament_python.build:Building ROS package in '/home/neo/sim_ws/sim/locomotion_core' with build type 'ament_python'
[0.325s] Level 1:colcon.colcon_core.shell:create_environment_hook('locomotion_core', 'ament_prefix_path')
[0.325s] INFO:colcon.colcon_core.shell:Creating environment hook '/home/neo/sim_ws/install/locomotion_core/share/locomotion_core/hook/ament_prefix_path.ps1'
[0.327s] INFO:colcon.colcon_core.shell:Creating environment descriptor '/home/neo/sim_ws/install/locomotion_core/share/locomotion_core/hook/ament_prefix_path.dsv'
[0.328s] INFO:colcon.colcon_core.shell:Creating environment hook '/home/neo/sim_ws/install/locomotion_core/share/locomotion_core/hook/ament_prefix_path.sh'
[0.328s] INFO:colcon.colcon_core.shell:Skip shell extension 'powershell' for command environment: Not usable outside of PowerShell
[0.328s] DEBUG:colcon.colcon_core.shell:Skip shell extension 'dsv' for command environment
[0.333s] INFO:colcon.colcon_ros.task.ament_cmake.build:Building ROS package in '/home/neo/sim_ws/sim/rover_description' with build type 'ament_cmake'
[0.333s] INFO:colcon.colcon_cmake.task.cmake.build:Building CMake package in '/home/neo/sim_ws/sim/rover_description'
[0.333s] INFO:colcon.colcon_core.shell:Skip shell extension 'powershell' for command environment: Not usable outside of PowerShell
[0.333s] DEBUG:colcon.colcon_core.shell:Skip shell extension 'dsv' for command environment
[0.338s] INFO:colcon.colcon_ros.task.ament_python.build:Building ROS package in '/home/neo/sim_ws/sim/teleop_core' with build type 'ament_python'
[0.338s] Level 1:colcon.colcon_core.shell:create_environment_hook('teleop_core', 'ament_prefix_path')
[0.338s] INFO:colcon.colcon_core.shell:Creating environment hook '/home/neo/sim_ws/install/teleop_core/share/teleop_core/hook/ament_prefix_path.ps1'
[0.339s] INFO:colcon.colcon_core.shell:Creating environment descriptor '/home/neo/sim_ws/install/teleop_core/share/teleop_core/hook/ament_prefix_path.dsv'
[0.339s] INFO:colcon.colcon_core.shell:Creating environment hook '/home/neo/sim_ws/install/teleop_core/share/teleop_core/hook/ament_prefix_path.sh'
[0.340s] INFO:colcon.colcon_core.shell:Skip shell extension 'powershell' for command environment: Not usable outside of PowerShell
[0.340s] DEBUG:colcon.colcon_core.shell:Skip shell extension 'dsv' for command environment
[0.595s] INFO:colcon.colcon_core.task.python.build:Building Python package in '/home/neo/sim_ws/sim/fake_rover_state_controller'
[0.595s] INFO:colcon.colcon_core.shell:Skip shell extension 'powershell' for command environment: Not usable outside of PowerShell
[0.595s] DEBUG:colcon.colcon_core.shell:Skip shell extension 'dsv' for command environment
[0.849s] INFO:colcon.colcon_core.task.python.build:Building Python package in '/home/neo/sim_ws/sim/locomotion_core'
[0.849s] INFO:colcon.colcon_core.shell:Skip shell extension 'powershell' for command environment: Not usable outside of PowerShell
[0.849s] DEBUG:colcon.colcon_core.shell:Skip shell extension 'dsv' for command environment
[0.856s] DEBUG:colcon.colcon_core.event_handler.log_command:Invoking command in '/home/neo/sim_ws/build/rover_description': CMAKE_PREFIX_PATH=${CMAKE_PREFIX_PATH}:/opt/ros/jazzy DEBUGINFOD_URLS=https://debuginfod.ubuntu.com /usr/bin/cmake --build /home/neo/sim_ws/build/rover_description -- -j4 -l4
[1.111s] INFO:colcon.colcon_core.task.python.build:Building Python package in '/home/neo/sim_ws/sim/teleop_core'
[1.111s] INFO:colcon.colcon_core.shell:Skip shell extension 'powershell' for command environment: Not usable outside of PowerShell
[1.111s] DEBUG:colcon.colcon_core.shell:Skip shell extension 'dsv' for command environment
[1.130s] DEBUG:colcon.colcon_core.event_handler.log_command:Invoked command in '/home/neo/sim_ws/build/rover_description' returned '0': CMAKE_PREFIX_PATH=${CMAKE_PREFIX_PATH}:/opt/ros/jazzy DEBUGINFOD_URLS=https://debuginfod.ubuntu.com /usr/bin/cmake --build /home/neo/sim_ws/build/rover_description -- -j4 -l4
[1.148s] DEBUG:colcon.colcon_core.event_handler.log_command:Invoking command in '/home/neo/sim_ws/build/rover_description': CMAKE_PREFIX_PATH=${CMAKE_PREFIX_PATH}:/opt/ros/jazzy DEBUGINFOD_URLS=https://debuginfod.ubuntu.com /usr/bin/cmake --install /home/neo/sim_ws/build/rover_description
[1.170s] Level 1:colcon.colcon_core.environment:create_environment_scripts_only(rover_description)
[1.174s] DEBUG:colcon.colcon_core.event_handler.log_command:Invoked command in '/home/neo/sim_ws/build/rover_description' returned '0': CMAKE_PREFIX_PATH=${CMAKE_PREFIX_PATH}:/opt/ros/jazzy DEBUGINFOD_URLS=https://debuginfod.ubuntu.com /usr/bin/cmake --install /home/neo/sim_ws/build/rover_description
[1.175s] Level 1:colcon.colcon_core.environment:checking '/home/neo/sim_ws/install/rover_description' for CMake module files
[1.176s] Level 1:colcon.colcon_core.environment:checking '/home/neo/sim_ws/install/rover_description' for CMake config files
[1.177s] Level 1:colcon.colcon_core.shell:create_environment_hook('rover_description', 'cmake_prefix_path')
[1.177s] INFO:colcon.colcon_core.shell:Creating environment hook '/home/neo/sim_ws/install/rover_description/share/rover_description/hook/cmake_prefix_path.ps1'
[1.178s] INFO:colcon.colcon_core.shell:Creating environment descriptor '/home/neo/sim_ws/install/rover_description/share/rover_description/hook/cmake_prefix_path.dsv'
[1.179s] INFO:colcon.colcon_core.shell:Creating environment hook '/home/neo/sim_ws/install/rover_description/share/rover_description/hook/cmake_prefix_path.sh'
[1.180s] Level 1:colcon.colcon_core.environment:checking '/home/neo/sim_ws/install/rover_description/bin'
[1.180s] Level 1:colcon.colcon_core.environment:checking '/home/neo/sim_ws/install/rover_description/lib/pkgconfig/rover_description.pc'
[1.180s] Level 1:colcon.colcon_core.environment:checking '/home/neo/sim_ws/install/rover_description/lib/python3.12/site-packages'
[1.181s] Level 1:colcon.colcon_core.environment:checking '/home/neo/sim_ws/install/rover_description/bin'
[1.181s] INFO:colcon.colcon_core.shell:Creating package script '/home/neo/sim_ws/install/rover_description/share/rover_description/package.ps1'
[1.183s] INFO:colcon.colcon_core.shell:Creating package descriptor '/home/neo/sim_ws/install/rover_description/share/rover_description/package.dsv'
[1.184s] INFO:colcon.colcon_core.shell:Creating package script '/home/neo/sim_ws/install/rover_description/share/rover_description/package.sh'
[1.185s] INFO:colcon.colcon_core.shell:Creating package script '/home/neo/sim_ws/install/rover_description/share/rover_description/package.bash'
[1.186s] INFO:colcon.colcon_core.shell:Creating package script '/home/neo/sim_ws/install/rover_description/share/rover_description/package.zsh'
[1.187s] Level 1:colcon.colcon_core.environment:create_file_with_runtime_dependencies(/home/neo/sim_ws/install/rover_description/share/colcon-core/packages/rover_description)
[1.188s] Level 1:colcon.colcon_core.environment:create_environment_scripts_only(rover_description)
[1.189s] Level 1:colcon.colcon_core.environment:checking '/home/neo/sim_ws/install/rover_description' for CMake module files
[1.190s] Level 1:colcon.colcon_core.environment:checking '/home/neo/sim_ws/install/rover_description' for CMake config files
[1.190s] Level 1:colcon.colcon_core.shell:create_environment_hook('rover_description', 'cmake_prefix_path')
[1.190s] INFO:colcon.colcon_core.shell:Creating environment hook '/home/neo/sim_ws/install/rover_description/share/rover_description/hook/cmake_prefix_path.ps1'
[1.191s] INFO:colcon.colcon_core.shell:Creating environment descriptor '/home/neo/sim_ws/install/rover_description/share/rover_description/hook/cmake_prefix_path.dsv'
[1.192s] INFO:colcon.colcon_core.shell:Creating environment hook '/home/neo/sim_ws/install/rover_description/share/rover_description/hook/cmake_prefix_path.sh'
[1.193s] Level 1:colcon.colcon_core.environment:checking '/home/neo/sim_ws/install/rover_description/bin'
[1.193s] Level 1:colcon.colcon_core.environment:checking '/home/neo/sim_ws/install/rover_description/lib/pkgconfig/rover_description.pc'
[1.194s] Level 1:colcon.colcon_core.environment:checking '/home/neo/sim_ws/install/rover_description/lib/python3.12/site-packages'
[1.194s] Level 1:colcon.colcon_core.environment:checking '/home/neo/sim_ws/install/rover_description/bin'
[1.194s] INFO:colcon.colcon_core.shell:Creating package script '/home/neo/sim_ws/install/rover_description/share/rover_description/package.ps1'
[1.195s] INFO:colcon.colcon_core.shell:Creating package descriptor '/home/neo/sim_ws/install/rover_description/share/rover_description/package.dsv'
[1.196s] INFO:colcon.colcon_core.shell:Creating package script '/home/neo/sim_ws/install/rover_description/share/rover_description/package.sh'
[1.197s] INFO:colcon.colcon_core.shell:Creating package script '/home/neo/sim_ws/install/rover_description/share/rover_description/package.bash'
[1.198s] INFO:colcon.colcon_core.shell:Creating package script '/home/neo/sim_ws/install/rover_description/share/rover_description/package.zsh'
[1.199s] Level 1:colcon.colcon_core.environment:create_file_with_runtime_dependencies(/home/neo/sim_ws/install/rover_description/share/colcon-core/packages/rover_description)
[1.199s] INFO:colcon.colcon_ros.task.ament_python.build:Building ROS package in '/home/neo/sim_ws/sim/virtual_joy' with build type 'ament_python'
[1.199s] Level 1:colcon.colcon_core.shell:create_environment_hook('virtual_joy', 'ament_prefix_path')
[1.199s] INFO:colcon.colcon_core.shell:Creating environment hook '/home/neo/sim_ws/install/virtual_joy/share/virtual_joy/hook/ament_prefix_path.ps1'
[1.200s] INFO:colcon.colcon_core.shell:Creating environment descriptor '/home/neo/sim_ws/install/virtual_joy/share/virtual_joy/hook/ament_prefix_path.dsv'
[1.201s] INFO:colcon.colcon_core.shell:Creating environment hook '/home/neo/sim_ws/install/virtual_joy/share/virtual_joy/hook/ament_prefix_path.sh'
[1.205s] INFO:colcon.colcon_core.shell:Skip shell extension 'powershell' for command environment: Not usable outside of PowerShell
[1.206s] DEBUG:colcon.colcon_core.shell:Skip shell extension 'dsv' for command environment
[1.684s] INFO:colcon.colcon_core.task.python.build:Building Python package in '/home/neo/sim_ws/sim/virtual_joy'
[1.684s] INFO:colcon.colcon_core.shell:Skip shell extension 'powershell' for command environment: Not usable outside of PowerShell
[1.685s] DEBUG:colcon.colcon_core.shell:Skip shell extension 'dsv' for command environment
[2.344s] DEBUG:colcon.colcon_core.event_handler.log_command:Invoking command in '/home/neo/sim_ws/sim/locomotion_core': DEBUGINFOD_URLS=https://debuginfod.ubuntu.com PYTHONPATH=/home/neo/sim_ws/build/locomotion_core/prefix_override:/usr/lib/python3/dist-packages/colcon_core/task/python/colcon_distutils_commands:/home/neo/sim_ws/install/locomotion_core/lib/python3.12/site-packages:${PYTHONPATH} /usr/bin/python3 -W ignore:setup.py install is deprecated -W ignore:easy_install command is deprecated setup.py egg_info --egg-base ../../build/locomotion_core build --build-base /home/neo/sim_ws/build/locomotion_core/build install --record /home/neo/sim_ws/build/locomotion_core/install.log --single-version-externally-managed install_data
[2.381s] DEBUG:colcon.colcon_core.event_handler.log_command:Invoking command in '/home/neo/sim_ws/sim/teleop_core': DEBUGINFOD_URLS=https://debuginfod.ubuntu.com PYTHONPATH=/home/neo/sim_ws/build/teleop_core/prefix_override:/usr/lib/python3/dist-packages/colcon_core/task/python/colcon_distutils_commands:/home/neo/sim_ws/install/teleop_core/lib/python3.12/site-packages:${PYTHONPATH} /usr/bin/python3 -W ignore:setup.py install is deprecated -W ignore:easy_install command is deprecated setup.py egg_info --egg-base ../../build/teleop_core build --build-base /home/neo/sim_ws/build/teleop_core/build install --record /home/neo/sim_ws/build/teleop_core/install.log --single-version-externally-managed install_data
[2.394s] DEBUG:colcon.colcon_core.event_handler.log_command:Invoking command in '/home/neo/sim_ws/sim/fake_rover_state_controller': DEBUGINFOD_URLS=https://debuginfod.ubuntu.com PYTHONPATH=/home/neo/sim_ws/build/fake_rover_state_controller/prefix_override:/usr/lib/python3/dist-packages/colcon_core/task/python/colcon_distutils_commands:/home/neo/sim_ws/install/fake_rover_state_controller/lib/python3.12/site-packages:${PYTHONPATH} /usr/bin/python3 -W ignore:setup.py install is deprecated -W ignore:easy_install command is deprecated setup.py egg_info --egg-base ../../build/fake_rover_state_controller build --build-base /home/neo/sim_ws/build/fake_rover_state_controller/build install --record /home/neo/sim_ws/build/fake_rover_state_controller/install.log --single-version-externally-managed install_data
[2.918s] DEBUG:colcon.colcon_core.event_handler.log_command:Invoking command in '/home/neo/sim_ws/sim/virtual_joy': DEBUGINFOD_URLS=https://debuginfod.ubuntu.com PYTHONPATH=/home/neo/sim_ws/build/virtual_joy/prefix_override:/usr/lib/python3/dist-packages/colcon_core/task/python/colcon_distutils_commands:/home/neo/sim_ws/install/virtual_joy/lib/python3.12/site-packages:${PYTHONPATH} /usr/bin/python3 -W ignore:setup.py install is deprecated -W ignore:easy_install command is deprecated setup.py egg_info --egg-base ../../build/virtual_joy build --build-base /home/neo/sim_ws/build/virtual_joy/build install --record /home/neo/sim_ws/build/virtual_joy/install.log --single-version-externally-managed install_data
[3.514s] Level 1:colcon.colcon_core.environment:checking '/home/neo/sim_ws/install/locomotion_core' for CMake module files
[3.515s] DEBUG:colcon.colcon_core.event_handler.log_command:Invoked command in '/home/neo/sim_ws/sim/locomotion_core' returned '0': DEBUGINFOD_URLS=https://debuginfod.ubuntu.com PYTHONPATH=/home/neo/sim_ws/build/locomotion_core/prefix_override:/usr/lib/python3/dist-packages/colcon_core/task/python/colcon_distutils_commands:/home/neo/sim_ws/install/locomotion_core/lib/python3.12/site-packages:${PYTHONPATH} /usr/bin/python3 -W ignore:setup.py install is deprecated -W ignore:easy_install command is deprecated setup.py egg_info --egg-base ../../build/locomotion_core build --build-base /home/neo/sim_ws/build/locomotion_core/build install --record /home/neo/sim_ws/build/locomotion_core/install.log --single-version-externally-managed install_data
[3.515s] Level 1:colcon.colcon_core.environment:checking '/home/neo/sim_ws/install/locomotion_core' for CMake config files
[3.516s] Level 1:colcon.colcon_core.environment:checking '/home/neo/sim_ws/install/locomotion_core/lib'
[3.516s] Level 1:colcon.colcon_core.environment:checking '/home/neo/sim_ws/install/locomotion_core/bin'
[3.517s] Level 1:colcon.colcon_core.environment:checking '/home/neo/sim_ws/install/locomotion_core/lib/pkgconfig/locomotion_core.pc'
[3.517s] Level 1:colcon.colcon_core.environment:checking '/home/neo/sim_ws/install/locomotion_core/lib/python3.12/site-packages'
[3.517s] Level 1:colcon.colcon_core.shell:create_environment_hook('locomotion_core', 'pythonpath')
[3.518s] INFO:colcon.colcon_core.shell:Creating environment hook '/home/neo/sim_ws/install/locomotion_core/share/locomotion_core/hook/pythonpath.ps1'
[3.518s] INFO:colcon.colcon_core.shell:Creating environment descriptor '/home/neo/sim_ws/install/locomotion_core/share/locomotion_core/hook/pythonpath.dsv'
[3.519s] INFO:colcon.colcon_core.shell:Creating environment hook '/home/neo/sim_ws/install/locomotion_core/share/locomotion_core/hook/pythonpath.sh'
[3.520s] Level 1:colcon.colcon_core.environment:checking '/home/neo/sim_ws/install/locomotion_core/bin'
[3.520s] Level 1:colcon.colcon_core.environment:create_environment_scripts_only(locomotion_core)
[3.521s] INFO:colcon.colcon_core.shell:Creating package script '/home/neo/sim_ws/install/locomotion_core/share/locomotion_core/package.ps1'
[3.522s] INFO:colcon.colcon_core.shell:Creating package descriptor '/home/neo/sim_ws/install/locomotion_core/share/locomotion_core/package.dsv'
[3.523s] INFO:colcon.colcon_core.shell:Creating package script '/home/neo/sim_ws/install/locomotion_core/share/locomotion_core/package.sh'
[3.524s] INFO:colcon.colcon_core.shell:Creating package script '/home/neo/sim_ws/install/locomotion_core/share/locomotion_core/package.bash'
[3.524s] INFO:colcon.colcon_core.shell:Creating package script '/home/neo/sim_ws/install/locomotion_core/share/locomotion_core/package.zsh'
[3.525s] Level 1:colcon.colcon_core.environment:create_file_with_runtime_dependencies(/home/neo/sim_ws/install/locomotion_core/share/colcon-core/packages/locomotion_core)
[3.556s] Level 1:colcon.colcon_core.environment:checking '/home/neo/sim_ws/install/teleop_core' for CMake module files
[3.557s] DEBUG:colcon.colcon_core.event_handler.log_command:Invoked command in '/home/neo/sim_ws/sim/teleop_core' returned '0': DEBUGINFOD_URLS=https://debuginfod.ubuntu.com PYTHONPATH=/home/neo/sim_ws/build/teleop_core/prefix_override:/usr/lib/python3/dist-packages/colcon_core/task/python/colcon_distutils_commands:/home/neo/sim_ws/install/teleop_core/lib/python3.12/site-packages:${PYTHONPATH} /usr/bin/python3 -W ignore:setup.py install is deprecated -W ignore:easy_install command is deprecated setup.py egg_info --egg-base ../../build/teleop_core build --build-base /home/neo/sim_ws/build/teleop_core/build install --record /home/neo/sim_ws/build/teleop_core/install.log --single-version-externally-managed install_data
[3.558s] Level 1:colcon.colcon_core.environment:checking '/home/neo/sim_ws/install/teleop_core' for CMake config files
[3.559s] Level 1:colcon.colcon_core.environment:checking '/home/neo/sim_ws/install/teleop_core/lib'
[3.559s] Level 1:colcon.colcon_core.environment:checking '/home/neo/sim_ws/install/teleop_core/bin'
[3.560s] Level 1:colcon.colcon_core.environment:checking '/home/neo/sim_ws/install/teleop_core/lib/pkgconfig/teleop_core.pc'
[3.560s] Level 1:colcon.colcon_core.environment:checking '/home/neo/sim_ws/install/teleop_core/lib/python3.12/site-packages'
[3.560s] Level 1:colcon.colcon_core.shell:create_environment_hook('teleop_core', 'pythonpath')
[3.560s] INFO:colcon.colcon_core.shell:Creating environment hook '/home/neo/sim_ws/install/teleop_core/share/teleop_core/hook/pythonpath.ps1'
[3.561s] INFO:colcon.colcon_core.shell:Creating environment descriptor '/home/neo/sim_ws/install/teleop_core/share/teleop_core/hook/pythonpath.dsv'
[3.562s] INFO:colcon.colcon_core.shell:Creating environment hook '/home/neo/sim_ws/install/teleop_core/share/teleop_core/hook/pythonpath.sh'
[3.563s] Level 1:colcon.colcon_core.environment:checking '/home/neo/sim_ws/install/teleop_core/bin'
[3.563s] Level 1:colcon.colcon_core.environment:create_environment_scripts_only(teleop_core)
[3.563s] INFO:colcon.colcon_core.shell:Creating package script '/home/neo/sim_ws/install/teleop_core/share/teleop_core/package.ps1'
[3.564s] INFO:colcon.colcon_core.shell:Creating package descriptor '/home/neo/sim_ws/install/teleop_core/share/teleop_core/package.dsv'
[3.567s] INFO:colcon.colcon_core.shell:Creating package script '/home/neo/sim_ws/install/teleop_core/share/teleop_core/package.sh'
[3.567s] INFO:colcon.colcon_core.shell:Creating package script '/home/neo/sim_ws/install/teleop_core/share/teleop_core/package.bash'
[3.568s] INFO:colcon.colcon_core.shell:Creating package script '/home/neo/sim_ws/install/teleop_core/share/teleop_core/package.zsh'
[3.569s] Level 1:colcon.colcon_core.environment:create_file_with_runtime_dependencies(/home/neo/sim_ws/install/teleop_core/share/colcon-core/packages/teleop_core)
[3.605s] Level 1:colcon.colcon_core.environment:checking '/home/neo/sim_ws/install/fake_rover_state_controller' for CMake module files
[3.605s] DEBUG:colcon.colcon_core.event_handler.log_command:Invoked command in '/home/neo/sim_ws/sim/fake_rover_state_controller' returned '0': DEBUGINFOD_URLS=https://debuginfod.ubuntu.com PYTHONPATH=/home/neo/sim_ws/build/fake_rover_state_controller/prefix_override:/usr/lib/python3/dist-packages/colcon_core/task/python/colcon_distutils_commands:/home/neo/sim_ws/install/fake_rover_state_controller/lib/python3.12/site-packages:${PYTHONPATH} /usr/bin/python3 -W ignore:setup.py install is deprecated -W ignore:easy_install command is deprecated setup.py egg_info --egg-base ../../build/fake_rover_state_controller build --build-base /home/neo/sim_ws/build/fake_rover_state_controller/build install --record /home/neo/sim_ws/build/fake_rover_state_controller/install.log --single-version-externally-managed install_data
[3.606s] Level 1:colcon.colcon_core.environment:checking '/home/neo/sim_ws/install/fake_rover_state_controller' for CMake config files
[3.607s] Level 1:colcon.colcon_core.environment:checking '/home/neo/sim_ws/install/fake_rover_state_controller/lib'
[3.607s] Level 1:colcon.colcon_core.environment:checking '/home/neo/sim_ws/install/fake_rover_state_controller/bin'
[3.607s] Level 1:colcon.colcon_core.environment:checking '/home/neo/sim_ws/install/fake_rover_state_controller/lib/pkgconfig/fake_rover_state_controller.pc'
[3.608s] Level 1:colcon.colcon_core.environment:checking '/home/neo/sim_ws/install/fake_rover_state_controller/lib/python3.12/site-packages'
[3.608s] Level 1:colcon.colcon_core.shell:create_environment_hook('fake_rover_state_controller', 'pythonpath')
[3.608s] INFO:colcon.colcon_core.shell:Creating environment hook '/home/neo/sim_ws/install/fake_rover_state_controller/share/fake_rover_state_controller/hook/pythonpath.ps1'
[3.609s] INFO:colcon.colcon_core.shell:Creating environment descriptor '/home/neo/sim_ws/install/fake_rover_state_controller/share/fake_rover_state_controller/hook/pythonpath.dsv'
[3.609s] INFO:colcon.colcon_core.shell:Creating environment hook '/home/neo/sim_ws/install/fake_rover_state_controller/share/fake_rover_state_controller/hook/pythonpath.sh'
[3.610s] Level 1:colcon.colcon_core.environment:checking '/home/neo/sim_ws/install/fake_rover_state_controller/bin'
[3.611s] Level 1:colcon.colcon_core.environment:create_environment_scripts_only(fake_rover_state_controller)
[3.611s] INFO:colcon.colcon_core.shell:Creating package script '/home/neo/sim_ws/install/fake_rover_state_controller/share/fake_rover_state_controller/package.ps1'
[3.612s] INFO:colcon.colcon_core.shell:Creating package descriptor '/home/neo/sim_ws/install/fake_rover_state_controller/share/fake_rover_state_controller/package.dsv'
[3.612s] INFO:colcon.colcon_core.shell:Creating package script '/home/neo/sim_ws/install/fake_rover_state_controller/share/fake_rover_state_controller/package.sh'
[3.613s] INFO:colcon.colcon_core.shell:Creating package script '/home/neo/sim_ws/install/fake_rover_state_controller/share/fake_rover_state_controller/package.bash'
[3.614s] INFO:colcon.colcon_core.shell:Creating package script '/home/neo/sim_ws/install/fake_rover_state_controller/share/fake_rover_state_controller/package.zsh'
[3.614s] Level 1:colcon.colcon_core.environment:create_file_with_runtime_dependencies(/home/neo/sim_ws/install/fake_rover_state_controller/share/colcon-core/packages/fake_rover_state_controller)
[3.901s] Level 1:colcon.colcon_core.environment:checking '/home/neo/sim_ws/install/virtual_joy' for CMake module files
[3.902s] DEBUG:colcon.colcon_core.event_handler.log_command:Invoked command in '/home/neo/sim_ws/sim/virtual_joy' returned '0': DEBUGINFOD_URLS=https://debuginfod.ubuntu.com PYTHONPATH=/home/neo/sim_ws/build/virtual_joy/prefix_override:/usr/lib/python3/dist-packages/colcon_core/task/python/colcon_distutils_commands:/home/neo/sim_ws/install/virtual_joy/lib/python3.12/site-packages:${PYTHONPATH} /usr/bin/python3 -W ignore:setup.py install is deprecated -W ignore:easy_install command is deprecated setup.py egg_info --egg-base ../../build/virtual_joy build --build-base /home/neo/sim_ws/build/virtual_joy/build install --record /home/neo/sim_ws/build/virtual_joy/install.log --single-version-externally-managed install_data
[3.902s] Level 1:colcon.colcon_core.environment:checking '/home/neo/sim_ws/install/virtual_joy' for CMake config files
[3.903s] Level 1:colcon.colcon_core.environment:checking '/home/neo/sim_ws/install/virtual_joy/lib'
[3.903s] Level 1:colcon.colcon_core.environment:checking '/home/neo/sim_ws/install/virtual_joy/bin'
[3.903s] Level 1:colcon.colcon_core.environment:checking '/home/neo/sim_ws/install/virtual_joy/lib/pkgconfig/virtual_joy.pc'
[3.903s] Level 1:colcon.colcon_core.environment:checking '/home/neo/sim_ws/install/virtual_joy/lib/python3.12/site-packages'
[3.903s] Level 1:colcon.colcon_core.shell:create_environment_hook('virtual_joy', 'pythonpath')
[3.904s] INFO:colcon.colcon_core.shell:Creating environment hook '/home/neo/sim_ws/install/virtual_joy/share/virtual_joy/hook/pythonpath.ps1'
[3.904s] INFO:colcon.colcon_core.shell:Creating environment descriptor '/home/neo/sim_ws/install/virtual_joy/share/virtual_joy/hook/pythonpath.dsv'
[3.905s] INFO:colcon.colcon_core.shell:Creating environment hook '/home/neo/sim_ws/install/virtual_joy/share/virtual_joy/hook/pythonpath.sh'
[3.905s] Level 1:colcon.colcon_core.environment:checking '/home/neo/sim_ws/install/virtual_joy/bin'
[3.905s] Level 1:colcon.colcon_core.environment:create_environment_scripts_only(virtual_joy)
[3.906s] INFO:colcon.colcon_core.shell:Creating package script '/home/neo/sim_ws/install/virtual_joy/share/virtual_joy/package.ps1'
[3.906s] INFO:colcon.colcon_core.shell:Creating package descriptor '/home/neo/sim_ws/install/virtual_joy/share/virtual_joy/package.dsv'
[3.907s] INFO:colcon.colcon_core.shell:Creating package script '/home/neo/sim_ws/install/virtual_joy/share/virtual_joy/package.sh'
[3.907s] INFO:colcon.colcon_core.shell:Creating package script '/home/neo/sim_ws/install/virtual_joy/share/virtual_joy/package.bash'
[3.908s] INFO:colcon.colcon_core.shell:Creating package script '/home/neo/sim_ws/install/virtual_joy/share/virtual_joy/package.zsh'
[3.908s] Level 1:colcon.colcon_core.environment:create_file_with_runtime_dependencies(/home/neo/sim_ws/install/virtual_joy/share/colcon-core/packages/virtual_joy)
[3.908s] DEBUG:colcon.colcon_parallel_executor.executor.parallel:closing loop
[3.908s] DEBUG:colcon.colcon_parallel_executor.executor.parallel:loop closed
[3.909s] DEBUG:colcon.colcon_parallel_executor.executor.parallel:run_until_complete finished with '0'
[3.909s] DEBUG:colcon.colcon_core.event_reactor:joining thread
[3.920s] INFO:colcon.colcon_core.plugin_system:Skipping extension 'colcon_notification.desktop_notification.terminal_notifier': Not used on non-Darwin systems
[3.920s] INFO:colcon.colcon_core.plugin_system:Skipping extension 'colcon_notification.desktop_notification.win32': Not used on non-Windows systems
[3.920s] INFO:colcon.colcon_notification.desktop_notification:Sending desktop notification using 'notify2'
[3.939s] DEBUG:colcon.colcon_core.event_reactor:joined thread
[3.939s] INFO:colcon.colcon_core.shell:Creating prefix script '/home/neo/sim_ws/install/local_setup.ps1'
[3.940s] INFO:colcon.colcon_core.shell:Creating prefix util module '/home/neo/sim_ws/install/_local_setup_util_ps1.py'
[3.941s] INFO:colcon.colcon_core.shell:Creating prefix chain script '/home/neo/sim_ws/install/setup.ps1'
[3.942s] INFO:colcon.colcon_core.shell:Creating prefix script '/home/neo/sim_ws/install/local_setup.sh'
[3.942s] INFO:colcon.colcon_core.shell:Creating prefix util module '/home/neo/sim_ws/install/_local_setup_util_sh.py'
[3.943s] INFO:colcon.colcon_core.shell:Creating prefix chain script '/home/neo/sim_ws/install/setup.sh'
[3.944s] INFO:colcon.colcon_core.shell:Creating prefix script '/home/neo/sim_ws/install/local_setup.bash'
[3.944s] INFO:colcon.colcon_core.shell:Creating prefix chain script '/home/neo/sim_ws/install/setup.bash'
[3.945s] INFO:colcon.colcon_core.shell:Creating prefix script '/home/neo/sim_ws/install/local_setup.zsh'
[3.946s] INFO:colcon.colcon_core.shell:Creating prefix chain script '/home/neo/sim_ws/install/setup.zsh'
