[0.195s] DEBUG:colcon:Command line arguments: ['/usr/bin/colcon', 'build', '--packages-select', 'rover_description']
[0.195s] DEBUG:colcon:Parsed command line arguments: Namespace(log_base=None, log_level=None, verb_name='build', build_base='build', install_base='install', merge_install=False, symlink_install=False, test_result_base=None, continue_on_error=False, executor='parallel', parallel_workers=16, event_handlers=None, ignore_user_meta=False, metas=['./colcon.meta'], base_paths=['.'], packages_ignore=None, packages_ignore_regex=None, paths=None, packages_up_to=None, packages_up_to_regex=None, packages_above=None, packages_above_and_dependencies=None, packages_above_depth=None, packages_select_by_dep=None, packages_skip_by_dep=None, packages_skip_up_to=None, packages_select_build_failed=False, packages_skip_build_finished=False, packages_select_test_failures=False, packages_skip_test_passed=False, packages_select=['rover_description'], packages_skip=None, packages_select_regex=None, packages_skip_regex=None, packages_start=None, packages_end=None, allow_overriding=[], cmake_args=None, cmake_target=None, cmake_target_skip_unavailable=False, cmake_clean_cache=False, cmake_clean_first=False, cmake_force_configure=False, ament_cmake_args=None, catkin_cmake_args=None, catkin_skip_building_tests=False, mixin_files=None, mixin=None, verb_parser=<colcon_mixin.mixin.mixin_argument.MixinArgumentDecorator object at 0x7feadf1f5640>, verb_extension=<colcon_core.verb.build.BuildVerb object at 0x7feadf1f5340>, main=<bound method BuildVerb.main of <colcon_core.verb.build.BuildVerb object at 0x7feadf1f5340>>, mixin_verb=('build',))
[0.231s] Level 1:colcon.colcon_core.package_discovery:discover_packages(colcon_meta) check parameters
[0.231s] Level 1:colcon.colcon_core.package_discovery:discover_packages(recursive) check parameters
[0.231s] Level 1:colcon.colcon_core.package_discovery:discover_packages(ignore) check parameters
[0.231s] Level 1:colcon.colcon_core.package_discovery:discover_packages(path) check parameters
[0.231s] Level 1:colcon.colcon_core.package_discovery:discover_packages(colcon_meta) discover
[0.231s] Level 1:colcon.colcon_core.package_discovery:discover_packages(recursive) discover
[0.231s] INFO:colcon.colcon_core.package_discovery:Crawling recursively for packages in '/home/neo/sim_ws'
[0.231s] Level 1:colcon.colcon_core.package_identification:_identify(.) by extensions ['ignore', 'ignore_ament_install']
[0.232s] Level 1:colcon.colcon_core.package_identification:_identify(.) by extension 'ignore'
[0.232s] Level 1:colcon.colcon_core.package_identification:_identify(.) by extension 'ignore_ament_install'
[0.232s] Level 1:colcon.colcon_core.package_identification:_identify(.) by extensions ['colcon_pkg']
[0.232s] Level 1:colcon.colcon_core.package_identification:_identify(.) by extension 'colcon_pkg'
[0.232s] Level 1:colcon.colcon_core.package_identification:_identify(.) by extensions ['colcon_meta']
[0.232s] Level 1:colcon.colcon_core.package_identification:_identify(.) by extension 'colcon_meta'
[0.232s] Level 1:colcon.colcon_core.package_identification:_identify(.) by extensions ['ros']
[0.232s] Level 1:colcon.colcon_core.package_identification:_identify(.) by extension 'ros'
[0.257s] Level 1:colcon.colcon_core.package_identification:_identify(.) by extensions ['cmake', 'python']
[0.257s] Level 1:colcon.colcon_core.package_identification:_identify(.) by extension 'cmake'
[0.257s] Level 1:colcon.colcon_core.package_identification:_identify(.) by extension 'python'
[0.257s] Level 1:colcon.colcon_core.package_identification:_identify(.) by extensions ['python_setup_py']
[0.257s] Level 1:colcon.colcon_core.package_identification:_identify(.) by extension 'python_setup_py'
[0.257s] Level 1:colcon.colcon_core.package_identification:_identify(build) by extensions ['ignore', 'ignore_ament_install']
[0.257s] Level 1:colcon.colcon_core.package_identification:_identify(build) by extension 'ignore'
[0.257s] Level 1:colcon.colcon_core.package_identification:_identify(build) ignored
[0.257s] Level 1:colcon.colcon_core.package_identification:_identify(install) by extensions ['ignore', 'ignore_ament_install']
[0.257s] Level 1:colcon.colcon_core.package_identification:_identify(install) by extension 'ignore'
[0.257s] Level 1:colcon.colcon_core.package_identification:_identify(install) ignored
[0.257s] Level 1:colcon.colcon_core.package_identification:_identify(log) by extensions ['ignore', 'ignore_ament_install']
[0.257s] Level 1:colcon.colcon_core.package_identification:_identify(log) by extension 'ignore'
[0.257s] Level 1:colcon.colcon_core.package_identification:_identify(log) ignored
[0.257s] Level 1:colcon.colcon_core.package_identification:_identify(sim) by extensions ['ignore', 'ignore_ament_install']
[0.257s] Level 1:colcon.colcon_core.package_identification:_identify(sim) by extension 'ignore'
[0.258s] Level 1:colcon.colcon_core.package_identification:_identify(sim) by extension 'ignore_ament_install'
[0.258s] Level 1:colcon.colcon_core.package_identification:_identify(sim) by extensions ['colcon_pkg']
[0.258s] Level 1:colcon.colcon_core.package_identification:_identify(sim) by extension 'colcon_pkg'
[0.258s] Level 1:colcon.colcon_core.package_identification:_identify(sim) by extensions ['colcon_meta']
[0.258s] Level 1:colcon.colcon_core.package_identification:_identify(sim) by extension 'colcon_meta'
[0.258s] Level 1:colcon.colcon_core.package_identification:_identify(sim) by extensions ['ros']
[0.258s] Level 1:colcon.colcon_core.package_identification:_identify(sim) by extension 'ros'
[0.258s] Level 1:colcon.colcon_core.package_identification:_identify(sim) by extensions ['cmake', 'python']
[0.258s] Level 1:colcon.colcon_core.package_identification:_identify(sim) by extension 'cmake'
[0.258s] Level 1:colcon.colcon_core.package_identification:_identify(sim) by extension 'python'
[0.258s] Level 1:colcon.colcon_core.package_identification:_identify(sim) by extensions ['python_setup_py']
[0.258s] Level 1:colcon.colcon_core.package_identification:_identify(sim) by extension 'python_setup_py'
[0.258s] Level 1:colcon.colcon_core.package_identification:_identify(sim/fake_rover_state_controller) by extensions ['ignore', 'ignore_ament_install']
[0.258s] Level 1:colcon.colcon_core.package_identification:_identify(sim/fake_rover_state_controller) by extension 'ignore'
[0.258s] Level 1:colcon.colcon_core.package_identification:_identify(sim/fake_rover_state_controller) by extension 'ignore_ament_install'
[0.258s] Level 1:colcon.colcon_core.package_identification:_identify(sim/fake_rover_state_controller) by extensions ['colcon_pkg']
[0.258s] Level 1:colcon.colcon_core.package_identification:_identify(sim/fake_rover_state_controller) by extension 'colcon_pkg'
[0.258s] Level 1:colcon.colcon_core.package_identification:_identify(sim/fake_rover_state_controller) by extensions ['colcon_meta']
[0.258s] Level 1:colcon.colcon_core.package_identification:_identify(sim/fake_rover_state_controller) by extension 'colcon_meta'
[0.258s] Level 1:colcon.colcon_core.package_identification:_identify(sim/fake_rover_state_controller) by extensions ['ros']
[0.258s] Level 1:colcon.colcon_core.package_identification:_identify(sim/fake_rover_state_controller) by extension 'ros'
[0.260s] DEBUG:colcon.colcon_core.package_identification:Package 'sim/fake_rover_state_controller' with type 'ros.ament_python' and name 'fake_rover_state_controller'
[0.260s] Level 1:colcon.colcon_core.package_identification:_identify(sim/locomotion_core) by extensions ['ignore', 'ignore_ament_install']
[0.260s] Level 1:colcon.colcon_core.package_identification:_identify(sim/locomotion_core) by extension 'ignore'
[0.260s] Level 1:colcon.colcon_core.package_identification:_identify(sim/locomotion_core) by extension 'ignore_ament_install'
[0.260s] Level 1:colcon.colcon_core.package_identification:_identify(sim/locomotion_core) by extensions ['colcon_pkg']
[0.261s] Level 1:colcon.colcon_core.package_identification:_identify(sim/locomotion_core) by extension 'colcon_pkg'
[0.261s] Level 1:colcon.colcon_core.package_identification:_identify(sim/locomotion_core) by extensions ['colcon_meta']
[0.261s] Level 1:colcon.colcon_core.package_identification:_identify(sim/locomotion_core) by extension 'colcon_meta'
[0.261s] Level 1:colcon.colcon_core.package_identification:_identify(sim/locomotion_core) by extensions ['ros']
[0.261s] Level 1:colcon.colcon_core.package_identification:_identify(sim/locomotion_core) by extension 'ros'
[0.261s] DEBUG:colcon.colcon_core.package_identification:Package 'sim/locomotion_core' with type 'ros.ament_python' and name 'locomotion_core'
[0.261s] Level 1:colcon.colcon_core.package_identification:_identify(sim/rover_description) by extensions ['ignore', 'ignore_ament_install']
[0.261s] Level 1:colcon.colcon_core.package_identification:_identify(sim/rover_description) by extension 'ignore'
[0.261s] Level 1:colcon.colcon_core.package_identification:_identify(sim/rover_description) by extension 'ignore_ament_install'
[0.261s] Level 1:colcon.colcon_core.package_identification:_identify(sim/rover_description) by extensions ['colcon_pkg']
[0.261s] Level 1:colcon.colcon_core.package_identification:_identify(sim/rover_description) by extension 'colcon_pkg'
[0.261s] Level 1:colcon.colcon_core.package_identification:_identify(sim/rover_description) by extensions ['colcon_meta']
[0.261s] Level 1:colcon.colcon_core.package_identification:_identify(sim/rover_description) by extension 'colcon_meta'
[0.261s] Level 1:colcon.colcon_core.package_identification:_identify(sim/rover_description) by extensions ['ros']
[0.261s] Level 1:colcon.colcon_core.package_identification:_identify(sim/rover_description) by extension 'ros'
[0.262s] DEBUG:colcon.colcon_core.package_identification:Package 'sim/rover_description' with type 'ros.ament_cmake' and name 'rover_description'
[0.262s] Level 1:colcon.colcon_core.package_identification:_identify(sim/teleop_core) by extensions ['ignore', 'ignore_ament_install']
[0.262s] Level 1:colcon.colcon_core.package_identification:_identify(sim/teleop_core) by extension 'ignore'
[0.262s] Level 1:colcon.colcon_core.package_identification:_identify(sim/teleop_core) by extension 'ignore_ament_install'
[0.262s] Level 1:colcon.colcon_core.package_identification:_identify(sim/teleop_core) by extensions ['colcon_pkg']
[0.262s] Level 1:colcon.colcon_core.package_identification:_identify(sim/teleop_core) by extension 'colcon_pkg'
[0.262s] Level 1:colcon.colcon_core.package_identification:_identify(sim/teleop_core) by extensions ['colcon_meta']
[0.262s] Level 1:colcon.colcon_core.package_identification:_identify(sim/teleop_core) by extension 'colcon_meta'
[0.262s] Level 1:colcon.colcon_core.package_identification:_identify(sim/teleop_core) by extensions ['ros']
[0.262s] Level 1:colcon.colcon_core.package_identification:_identify(sim/teleop_core) by extension 'ros'
[0.262s] DEBUG:colcon.colcon_core.package_identification:Package 'sim/teleop_core' with type 'ros.ament_python' and name 'teleop_core'
[0.262s] Level 1:colcon.colcon_core.package_identification:_identify(sim/virtual_joy) by extensions ['ignore', 'ignore_ament_install']
[0.262s] Level 1:colcon.colcon_core.package_identification:_identify(sim/virtual_joy) by extension 'ignore'
[0.262s] Level 1:colcon.colcon_core.package_identification:_identify(sim/virtual_joy) by extension 'ignore_ament_install'
[0.262s] Level 1:colcon.colcon_core.package_identification:_identify(sim/virtual_joy) by extensions ['colcon_pkg']
[0.262s] Level 1:colcon.colcon_core.package_identification:_identify(sim/virtual_joy) by extension 'colcon_pkg'
[0.263s] Level 1:colcon.colcon_core.package_identification:_identify(sim/virtual_joy) by extensions ['colcon_meta']
[0.263s] Level 1:colcon.colcon_core.package_identification:_identify(sim/virtual_joy) by extension 'colcon_meta'
[0.263s] Level 1:colcon.colcon_core.package_identification:_identify(sim/virtual_joy) by extensions ['ros']
[0.263s] Level 1:colcon.colcon_core.package_identification:_identify(sim/virtual_joy) by extension 'ros'
[0.263s] DEBUG:colcon.colcon_core.package_identification:Package 'sim/virtual_joy' with type 'ros.ament_python' and name 'virtual_joy'
[0.263s] Level 1:colcon.colcon_core.package_discovery:discover_packages(recursive) using defaults
[0.263s] Level 1:colcon.colcon_core.package_discovery:discover_packages(ignore) discover
[0.263s] Level 1:colcon.colcon_core.package_discovery:discover_packages(ignore) using defaults
[0.263s] Level 1:colcon.colcon_core.package_discovery:discover_packages(path) discover
[0.263s] Level 1:colcon.colcon_core.package_discovery:discover_packages(path) using defaults
[0.280s] INFO:colcon.colcon_core.package_selection:Skipping not selected package 'fake_rover_state_controller' in 'sim/fake_rover_state_controller'
[0.280s] INFO:colcon.colcon_core.package_selection:Skipping not selected package 'locomotion_core' in 'sim/locomotion_core'
[0.280s] INFO:colcon.colcon_core.package_selection:Skipping not selected package 'teleop_core' in 'sim/teleop_core'
[0.280s] INFO:colcon.colcon_core.package_selection:Skipping not selected package 'virtual_joy' in 'sim/virtual_joy'
[0.280s] Level 1:colcon.colcon_core.package_discovery:discover_packages(prefix_path) check parameters
[0.280s] Level 1:colcon.colcon_core.package_discovery:discover_packages(prefix_path) discover
[0.282s] DEBUG:colcon.colcon_installed_package_information.package_discovery:Found 5 installed packages in /home/neo/sim_ws/install
[0.283s] DEBUG:colcon.colcon_installed_package_information.package_discovery:Found 287 installed packages in /opt/ros/jazzy
[0.284s] Level 1:colcon.colcon_core.package_discovery:discover_packages(prefix_path) using defaults
[0.315s] Level 5:colcon.colcon_core.verb:set package 'rover_description' build argument 'cmake_args' from command line to 'None'
[0.315s] Level 5:colcon.colcon_core.verb:set package 'rover_description' build argument 'cmake_target' from command line to 'None'
[0.315s] Level 5:colcon.colcon_core.verb:set package 'rover_description' build argument 'cmake_target_skip_unavailable' from command line to 'False'
[0.315s] Level 5:colcon.colcon_core.verb:set package 'rover_description' build argument 'cmake_clean_cache' from command line to 'False'
[0.315s] Level 5:colcon.colcon_core.verb:set package 'rover_description' build argument 'cmake_clean_first' from command line to 'False'
[0.315s] Level 5:colcon.colcon_core.verb:set package 'rover_description' build argument 'cmake_force_configure' from command line to 'False'
[0.315s] Level 5:colcon.colcon_core.verb:set package 'rover_description' build argument 'ament_cmake_args' from command line to 'None'
[0.315s] Level 5:colcon.colcon_core.verb:set package 'rover_description' build argument 'catkin_cmake_args' from command line to 'None'
[0.315s] Level 5:colcon.colcon_core.verb:set package 'rover_description' build argument 'catkin_skip_building_tests' from command line to 'False'
[0.315s] DEBUG:colcon.colcon_core.verb:Building package 'rover_description' with the following arguments: {'ament_cmake_args': None, 'build_base': '/home/neo/sim_ws/build/rover_description', 'catkin_cmake_args': None, 'catkin_skip_building_tests': False, 'cmake_args': None, 'cmake_clean_cache': False, 'cmake_clean_first': False, 'cmake_force_configure': False, 'cmake_target': None, 'cmake_target_skip_unavailable': False, 'install_base': '/home/neo/sim_ws/install/rover_description', 'merge_install': False, 'path': '/home/neo/sim_ws/sim/rover_description', 'symlink_install': False, 'test_result_base': None}
[0.315s] INFO:colcon.colcon_core.executor:Executing jobs using 'parallel' executor
[0.317s] DEBUG:colcon.colcon_parallel_executor.executor.parallel:run_until_complete
[0.317s] INFO:colcon.colcon_ros.task.ament_cmake.build:Building ROS package in '/home/neo/sim_ws/sim/rover_description' with build type 'ament_cmake'
[0.317s] INFO:colcon.colcon_cmake.task.cmake.build:Building CMake package in '/home/neo/sim_ws/sim/rover_description'
[0.319s] INFO:colcon.colcon_core.plugin_system:Skipping extension 'colcon_core.shell.bat': Not used on non-Windows systems
[0.319s] INFO:colcon.colcon_core.shell:Skip shell extension 'powershell' for command environment: Not usable outside of PowerShell
[0.319s] DEBUG:colcon.colcon_core.shell:Skip shell extension 'dsv' for command environment
[0.328s] DEBUG:colcon.colcon_core.event_handler.log_command:Invoking command in '/home/neo/sim_ws/build/rover_description': CMAKE_PREFIX_PATH=${CMAKE_PREFIX_PATH}:/home/neo/sim_ws/install/virtual_joy:/home/neo/sim_ws/install/teleop_core:/home/neo/sim_ws/install/locomotion_core:/home/neo/sim_ws/install/fake_rover_state_controller:/opt/ros/jazzy DEBUGINFOD_URLS=https://debuginfod.ubuntu.com /usr/bin/cmake --build /home/neo/sim_ws/build/rover_description -- -j16 -l16
[0.359s] DEBUG:colcon.colcon_core.event_handler.log_command:Invoked command in '/home/neo/sim_ws/build/rover_description' returned '0': CMAKE_PREFIX_PATH=${CMAKE_PREFIX_PATH}:/home/neo/sim_ws/install/virtual_joy:/home/neo/sim_ws/install/teleop_core:/home/neo/sim_ws/install/locomotion_core:/home/neo/sim_ws/install/fake_rover_state_controller:/opt/ros/jazzy DEBUGINFOD_URLS=https://debuginfod.ubuntu.com /usr/bin/cmake --build /home/neo/sim_ws/build/rover_description -- -j16 -l16
[0.368s] DEBUG:colcon.colcon_core.event_handler.log_command:Invoking command in '/home/neo/sim_ws/build/rover_description': CMAKE_PREFIX_PATH=${CMAKE_PREFIX_PATH}:/home/neo/sim_ws/install/virtual_joy:/home/neo/sim_ws/install/teleop_core:/home/neo/sim_ws/install/locomotion_core:/home/neo/sim_ws/install/fake_rover_state_controller:/opt/ros/jazzy DEBUGINFOD_URLS=https://debuginfod.ubuntu.com /usr/bin/cmake --install /home/neo/sim_ws/build/rover_description
[0.386s] Level 1:colcon.colcon_core.environment:create_environment_scripts_only(rover_description)
[0.390s] DEBUG:colcon.colcon_core.event_handler.log_command:Invoked command in '/home/neo/sim_ws/build/rover_description' returned '0': CMAKE_PREFIX_PATH=${CMAKE_PREFIX_PATH}:/home/neo/sim_ws/install/virtual_joy:/home/neo/sim_ws/install/teleop_core:/home/neo/sim_ws/install/locomotion_core:/home/neo/sim_ws/install/fake_rover_state_controller:/opt/ros/jazzy DEBUGINFOD_URLS=https://debuginfod.ubuntu.com /usr/bin/cmake --install /home/neo/sim_ws/build/rover_description
[0.392s] Level 1:colcon.colcon_core.environment:checking '/home/neo/sim_ws/install/rover_description' for CMake module files
[0.392s] Level 1:colcon.colcon_core.environment:checking '/home/neo/sim_ws/install/rover_description' for CMake config files
[0.392s] Level 1:colcon.colcon_core.shell:create_environment_hook('rover_description', 'cmake_prefix_path')
[0.392s] INFO:colcon.colcon_core.shell:Creating environment hook '/home/neo/sim_ws/install/rover_description/share/rover_description/hook/cmake_prefix_path.ps1'
[0.393s] INFO:colcon.colcon_core.shell:Creating environment descriptor '/home/neo/sim_ws/install/rover_description/share/rover_description/hook/cmake_prefix_path.dsv'
[0.393s] INFO:colcon.colcon_core.shell:Creating environment hook '/home/neo/sim_ws/install/rover_description/share/rover_description/hook/cmake_prefix_path.sh'
[0.394s] Level 1:colcon.colcon_core.environment:checking '/home/neo/sim_ws/install/rover_description/bin'
[0.394s] Level 1:colcon.colcon_core.environment:checking '/home/neo/sim_ws/install/rover_description/lib/pkgconfig/rover_description.pc'
[0.394s] Level 1:colcon.colcon_core.environment:checking '/home/neo/sim_ws/install/rover_description/lib/python3.12/site-packages'
[0.394s] Level 1:colcon.colcon_core.environment:checking '/home/neo/sim_ws/install/rover_description/bin'
[0.395s] INFO:colcon.colcon_core.shell:Creating package script '/home/neo/sim_ws/install/rover_description/share/rover_description/package.ps1'
[0.395s] INFO:colcon.colcon_core.shell:Creating package descriptor '/home/neo/sim_ws/install/rover_description/share/rover_description/package.dsv'
[0.396s] INFO:colcon.colcon_core.shell:Creating package script '/home/neo/sim_ws/install/rover_description/share/rover_description/package.sh'
[0.396s] INFO:colcon.colcon_core.shell:Creating package script '/home/neo/sim_ws/install/rover_description/share/rover_description/package.bash'
[0.397s] INFO:colcon.colcon_core.shell:Creating package script '/home/neo/sim_ws/install/rover_description/share/rover_description/package.zsh'
[0.397s] Level 1:colcon.colcon_core.environment:create_file_with_runtime_dependencies(/home/neo/sim_ws/install/rover_description/share/colcon-core/packages/rover_description)
[0.398s] Level 1:colcon.colcon_core.environment:create_environment_scripts_only(rover_description)
[0.398s] Level 1:colcon.colcon_core.environment:checking '/home/neo/sim_ws/install/rover_description' for CMake module files
[0.398s] Level 1:colcon.colcon_core.environment:checking '/home/neo/sim_ws/install/rover_description' for CMake config files
[0.399s] Level 1:colcon.colcon_core.shell:create_environment_hook('rover_description', 'cmake_prefix_path')
[0.399s] INFO:colcon.colcon_core.shell:Creating environment hook '/home/neo/sim_ws/install/rover_description/share/rover_description/hook/cmake_prefix_path.ps1'
[0.399s] INFO:colcon.colcon_core.shell:Creating environment descriptor '/home/neo/sim_ws/install/rover_description/share/rover_description/hook/cmake_prefix_path.dsv'
[0.399s] INFO:colcon.colcon_core.shell:Creating environment hook '/home/neo/sim_ws/install/rover_description/share/rover_description/hook/cmake_prefix_path.sh'
[0.400s] Level 1:colcon.colcon_core.environment:checking '/home/neo/sim_ws/install/rover_description/bin'
[0.400s] Level 1:colcon.colcon_core.environment:checking '/home/neo/sim_ws/install/rover_description/lib/pkgconfig/rover_description.pc'
[0.400s] Level 1:colcon.colcon_core.environment:checking '/home/neo/sim_ws/install/rover_description/lib/python3.12/site-packages'
[0.400s] Level 1:colcon.colcon_core.environment:checking '/home/neo/sim_ws/install/rover_description/bin'
[0.400s] INFO:colcon.colcon_core.shell:Creating package script '/home/neo/sim_ws/install/rover_description/share/rover_description/package.ps1'
[0.401s] INFO:colcon.colcon_core.shell:Creating package descriptor '/home/neo/sim_ws/install/rover_description/share/rover_description/package.dsv'
[0.401s] INFO:colcon.colcon_core.shell:Creating package script '/home/neo/sim_ws/install/rover_description/share/rover_description/package.sh'
[0.401s] INFO:colcon.colcon_core.shell:Creating package script '/home/neo/sim_ws/install/rover_description/share/rover_description/package.bash'
[0.402s] INFO:colcon.colcon_core.shell:Creating package script '/home/neo/sim_ws/install/rover_description/share/rover_description/package.zsh'
[0.402s] Level 1:colcon.colcon_core.environment:create_file_with_runtime_dependencies(/home/neo/sim_ws/install/rover_description/share/colcon-core/packages/rover_description)
[0.402s] DEBUG:colcon.colcon_parallel_executor.executor.parallel:closing loop
[0.403s] DEBUG:colcon.colcon_parallel_executor.executor.parallel:loop closed
[0.403s] DEBUG:colcon.colcon_parallel_executor.executor.parallel:run_until_complete finished with '0'
[0.403s] DEBUG:colcon.colcon_core.event_reactor:joining thread
[0.455s] INFO:colcon.colcon_core.plugin_system:Skipping extension 'colcon_notification.desktop_notification.notify_send': Could not find 'notify-send'
[0.455s] INFO:colcon.colcon_core.plugin_system:Skipping extension 'colcon_notification.desktop_notification.terminal_notifier': Not used on non-Darwin systems
[0.455s] INFO:colcon.colcon_core.plugin_system:Skipping extension 'colcon_notification.desktop_notification.win32': Not used on non-Windows systems
[0.455s] INFO:colcon.colcon_notification.desktop_notification:Sending desktop notification using 'notify2'
[0.458s] DEBUG:colcon.colcon_notification.desktop_notification.notify2:Failed to initialize notify2: org.freedesktop.DBus.Error.ServiceUnknown: The name org.freedesktop.Notifications was not provided by any .service files
[0.459s] DEBUG:colcon.colcon_core.event_reactor:joined thread
[0.459s] INFO:colcon.colcon_core.shell:Creating prefix script '/home/neo/sim_ws/install/local_setup.ps1'
[0.461s] INFO:colcon.colcon_core.shell:Creating prefix util module '/home/neo/sim_ws/install/_local_setup_util_ps1.py'
[0.464s] INFO:colcon.colcon_core.shell:Creating prefix chain script '/home/neo/sim_ws/install/setup.ps1'
[0.465s] INFO:colcon.colcon_core.shell:Creating prefix script '/home/neo/sim_ws/install/local_setup.sh'
[0.466s] INFO:colcon.colcon_core.shell:Creating prefix util module '/home/neo/sim_ws/install/_local_setup_util_sh.py'
[0.467s] INFO:colcon.colcon_core.shell:Creating prefix chain script '/home/neo/sim_ws/install/setup.sh'
[0.468s] INFO:colcon.colcon_core.shell:Creating prefix script '/home/neo/sim_ws/install/local_setup.bash'
[0.468s] INFO:colcon.colcon_core.shell:Creating prefix chain script '/home/neo/sim_ws/install/setup.bash'
[0.469s] INFO:colcon.colcon_core.shell:Creating prefix script '/home/neo/sim_ws/install/local_setup.zsh'
[0.470s] INFO:colcon.colcon_core.shell:Creating prefix chain script '/home/neo/sim_ws/install/setup.zsh'
