running egg_info
creating ../../build/fake_rover_state_controller/fake_rover_state_controller.egg-info
writing ../../build/fake_rover_state_controller/fake_rover_state_controller.egg-info/PKG-INFO
writing dependency_links to ../../build/fake_rover_state_controller/fake_rover_state_controller.egg-info/dependency_links.txt
writing entry points to ../../build/fake_rover_state_controller/fake_rover_state_controller.egg-info/entry_points.txt
writing requirements to ../../build/fake_rover_state_controller/fake_rover_state_controller.egg-info/requires.txt
writing top-level names to ../../build/fake_rover_state_controller/fake_rover_state_controller.egg-info/top_level.txt
writing manifest file '../../build/fake_rover_state_controller/fake_rover_state_controller.egg-info/SOURCES.txt'
reading manifest file '../../build/fake_rover_state_controller/fake_rover_state_controller.egg-info/SOURCES.txt'
writing manifest file '../../build/fake_rover_state_controller/fake_rover_state_controller.egg-info/SOURCES.txt'
running build
running build_py
creating /home/neo/rover_sim/build/fake_rover_state_controller/build
creating /home/neo/rover_sim/build/fake_rover_state_controller/build/lib
creating /home/neo/rover_sim/build/fake_rover_state_controller/build/lib/fake_rover_state_controller
copying fake_rover_state_controller/teleop2jointstate.py -> /home/neo/rover_sim/build/fake_rover_state_controller/build/lib/fake_rover_state_controller
copying fake_rover_state_controller/__init__.py -> /home/neo/rover_sim/build/fake_rover_state_controller/build/lib/fake_rover_state_controller
running install
running install_lib
creating /home/neo/rover_sim/install/fake_rover_state_controller/lib/python3.12/site-packages/fake_rover_state_controller
copying /home/neo/rover_sim/build/fake_rover_state_controller/build/lib/fake_rover_state_controller/teleop2jointstate.py -> /home/neo/rover_sim/install/fake_rover_state_controller/lib/python3.12/site-packages/fake_rover_state_controller
copying /home/neo/rover_sim/build/fake_rover_state_controller/build/lib/fake_rover_state_controller/__init__.py -> /home/neo/rover_sim/install/fake_rover_state_controller/lib/python3.12/site-packages/fake_rover_state_controller
byte-compiling /home/neo/rover_sim/install/fake_rover_state_controller/lib/python3.12/site-packages/fake_rover_state_controller/teleop2jointstate.py to teleop2jointstate.cpython-312.pyc
byte-compiling /home/neo/rover_sim/install/fake_rover_state_controller/lib/python3.12/site-packages/fake_rover_state_controller/__init__.py to __init__.cpython-312.pyc
running install_data
running install_egg_info
Copying ../../build/fake_rover_state_controller/fake_rover_state_controller.egg-info to /home/neo/rover_sim/install/fake_rover_state_controller/lib/python3.12/site-packages/fake_rover_state_controller-0.0.0-py3.12.egg-info
running install_scripts
Installing teleop2js script to /home/neo/rover_sim/install/fake_rover_state_controller/lib/fake_rover_state_controller
writing list of installed files to '/home/neo/rover_sim/build/fake_rover_state_controller/install.log'
