[2.211s] Invoking command in '/home/neo/rover_sim/sim/fake_rover_state_controller': DEBUGINFOD_URLS=https://debuginfod.ubuntu.com PYTHONPATH=/home/neo/rover_sim/build/fake_rover_state_controller/prefix_override:/usr/lib/python3/dist-packages/colcon_core/task/python/colcon_distutils_commands:/home/neo/rover_sim/install/fake_rover_state_controller/lib/python3.12/site-packages:${PYTHONPATH} /usr/bin/python3 -W ignore:setup.py install is deprecated setup.py egg_info --egg-base ../../build/fake_rover_state_controller build --build-base /home/neo/rover_sim/build/fake_rover_state_controller/build install --record /home/neo/rover_sim/build/fake_rover_state_controller/install.log --single-version-externally-managed install_data
[2.811s] running egg_info
[2.811s] creating ../../build/fake_rover_state_controller/fake_rover_state_controller.egg-info
[2.856s] writing ../../build/fake_rover_state_controller/fake_rover_state_controller.egg-info/PKG-INFO
[2.856s] writing dependency_links to ../../build/fake_rover_state_controller/fake_rover_state_controller.egg-info/dependency_links.txt
[2.857s] writing entry points to ../../build/fake_rover_state_controller/fake_rover_state_controller.egg-info/entry_points.txt
[2.857s] writing requirements to ../../build/fake_rover_state_controller/fake_rover_state_controller.egg-info/requires.txt
[2.857s] writing top-level names to ../../build/fake_rover_state_controller/fake_rover_state_controller.egg-info/top_level.txt
[2.857s] writing manifest file '../../build/fake_rover_state_controller/fake_rover_state_controller.egg-info/SOURCES.txt'
[2.945s] reading manifest file '../../build/fake_rover_state_controller/fake_rover_state_controller.egg-info/SOURCES.txt'
[2.947s] writing manifest file '../../build/fake_rover_state_controller/fake_rover_state_controller.egg-info/SOURCES.txt'
[2.948s] running build
[2.948s] running build_py
[2.948s] creating /home/neo/rover_sim/build/fake_rover_state_controller/build
[2.948s] creating /home/neo/rover_sim/build/fake_rover_state_controller/build/lib
[2.949s] creating /home/neo/rover_sim/build/fake_rover_state_controller/build/lib/fake_rover_state_controller
[2.949s] copying fake_rover_state_controller/teleop2jointstate.py -> /home/neo/rover_sim/build/fake_rover_state_controller/build/lib/fake_rover_state_controller
[2.950s] copying fake_rover_state_controller/__init__.py -> /home/neo/rover_sim/build/fake_rover_state_controller/build/lib/fake_rover_state_controller
[2.950s] running install
[2.961s] running install_lib
[3.005s] creating /home/neo/rover_sim/install/fake_rover_state_controller/lib/python3.12/site-packages/fake_rover_state_controller
[3.005s] copying /home/neo/rover_sim/build/fake_rover_state_controller/build/lib/fake_rover_state_controller/teleop2jointstate.py -> /home/neo/rover_sim/install/fake_rover_state_controller/lib/python3.12/site-packages/fake_rover_state_controller
[3.006s] copying /home/neo/rover_sim/build/fake_rover_state_controller/build/lib/fake_rover_state_controller/__init__.py -> /home/neo/rover_sim/install/fake_rover_state_controller/lib/python3.12/site-packages/fake_rover_state_controller
[3.007s] byte-compiling /home/neo/rover_sim/install/fake_rover_state_controller/lib/python3.12/site-packages/fake_rover_state_controller/teleop2jointstate.py to teleop2jointstate.cpython-312.pyc
[3.008s] byte-compiling /home/neo/rover_sim/install/fake_rover_state_controller/lib/python3.12/site-packages/fake_rover_state_controller/__init__.py to __init__.cpython-312.pyc
[3.008s] running install_data
[3.009s] running install_egg_info
[3.057s] Copying ../../build/fake_rover_state_controller/fake_rover_state_controller.egg-info to /home/neo/rover_sim/install/fake_rover_state_controller/lib/python3.12/site-packages/fake_rover_state_controller-0.0.0-py3.12.egg-info
[3.059s] running install_scripts
[3.330s] Installing teleop2js script to /home/neo/rover_sim/install/fake_rover_state_controller/lib/fake_rover_state_controller
[3.333s] writing list of installed files to '/home/neo/rover_sim/build/fake_rover_state_controller/install.log'
[3.411s] Invoked command in '/home/neo/rover_sim/sim/fake_rover_state_controller' returned '0': DEBUGINFOD_URLS=https://debuginfod.ubuntu.com PYTHONPATH=/home/neo/rover_sim/build/fake_rover_state_controller/prefix_override:/usr/lib/python3/dist-packages/colcon_core/task/python/colcon_distutils_commands:/home/neo/rover_sim/install/fake_rover_state_controller/lib/python3.12/site-packages:${PYTHONPATH} /usr/bin/python3 -W ignore:setup.py install is deprecated setup.py egg_info --egg-base ../../build/fake_rover_state_controller build --build-base /home/neo/rover_sim/build/fake_rover_state_controller/build install --record /home/neo/rover_sim/build/fake_rover_state_controller/install.log --single-version-externally-managed install_data
