[1.414s] Invoking command in '/home/neo/sim_ws/sim/virtual_joy': DEBUGINFOD_URLS=https://debuginfod.ubuntu.com PYTHONPATH=/home/neo/sim_ws/build/virtual_joy/prefix_override:/usr/lib/python3/dist-packages/colcon_core/task/python/colcon_distutils_commands:/home/neo/sim_ws/install/virtual_joy/lib/python3.12/site-packages:${PYTHONPATH} /usr/bin/python3 -W ignore:setup.py install is deprecated -W ignore:easy_install command is deprecated setup.py egg_info --egg-base ../../build/virtual_joy build --build-base /home/neo/sim_ws/build/virtual_joy/build install --record /home/neo/sim_ws/build/virtual_joy/install.log --single-version-externally-managed install_data
[1.733s] running egg_info
[1.734s] creating ../../build/virtual_joy/virtual_joy.egg-info
[1.760s] writing ../../build/virtual_joy/virtual_joy.egg-info/PKG-INFO
[1.761s] writing dependency_links to ../../build/virtual_joy/virtual_joy.egg-info/dependency_links.txt
[1.761s] writing entry points to ../../build/virtual_joy/virtual_joy.egg-info/entry_points.txt
[1.761s] writing requirements to ../../build/virtual_joy/virtual_joy.egg-info/requires.txt
[1.761s] writing top-level names to ../../build/virtual_joy/virtual_joy.egg-info/top_level.txt
[1.761s] writing manifest file '../../build/virtual_joy/virtual_joy.egg-info/SOURCES.txt'
[1.809s] reading manifest file '../../build/virtual_joy/virtual_joy.egg-info/SOURCES.txt'
[1.809s] adding license file 'LICENSE'
[1.810s] writing manifest file '../../build/virtual_joy/virtual_joy.egg-info/SOURCES.txt'
[1.810s] running build
[1.810s] running build_py
[1.810s] creating /home/neo/sim_ws/build/virtual_joy/build
[1.810s] creating /home/neo/sim_ws/build/virtual_joy/build/lib
[1.811s] creating /home/neo/sim_ws/build/virtual_joy/build/lib/virtual_joy
[1.811s] copying virtual_joy/virtual_joy.py -> /home/neo/sim_ws/build/virtual_joy/build/lib/virtual_joy
[1.816s] copying virtual_joy/__init__.py -> /home/neo/sim_ws/build/virtual_joy/build/lib/virtual_joy
[1.817s] running install
[1.824s] running install_lib
[1.851s] creating /home/neo/sim_ws/install/virtual_joy/lib/python3.12/site-packages/virtual_joy
[1.851s] copying /home/neo/sim_ws/build/virtual_joy/build/lib/virtual_joy/virtual_joy.py -> /home/neo/sim_ws/install/virtual_joy/lib/python3.12/site-packages/virtual_joy
[1.851s] copying /home/neo/sim_ws/build/virtual_joy/build/lib/virtual_joy/__init__.py -> /home/neo/sim_ws/install/virtual_joy/lib/python3.12/site-packages/virtual_joy
[1.852s] byte-compiling /home/neo/sim_ws/install/virtual_joy/lib/python3.12/site-packages/virtual_joy/virtual_joy.py to virtual_joy.cpython-312.pyc
[1.853s] byte-compiling /home/neo/sim_ws/install/virtual_joy/lib/python3.12/site-packages/virtual_joy/__init__.py to __init__.cpython-312.pyc
[1.854s] running install_data
[1.854s] creating /home/neo/sim_ws/install/virtual_joy/share/ament_index
[1.854s] creating /home/neo/sim_ws/install/virtual_joy/share/ament_index/resource_index
[1.854s] creating /home/neo/sim_ws/install/virtual_joy/share/ament_index/resource_index/packages
[1.854s] copying resource/virtual_joy -> /home/neo/sim_ws/install/virtual_joy/share/ament_index/resource_index/packages
[1.854s] copying package.xml -> /home/neo/sim_ws/install/virtual_joy/share/virtual_joy
[1.855s] running install_egg_info
[1.880s] Copying ../../build/virtual_joy/virtual_joy.egg-info to /home/neo/sim_ws/install/virtual_joy/lib/python3.12/site-packages/virtual_joy-0.0.0-py3.12.egg-info
[1.881s] running install_scripts
[2.040s] Installing virtual_joy script to /home/neo/sim_ws/install/virtual_joy/lib/virtual_joy
[2.040s] writing list of installed files to '/home/neo/sim_ws/build/virtual_joy/install.log'
[2.082s] Invoked command in '/home/neo/sim_ws/sim/virtual_joy' returned '0': DEBUGINFOD_URLS=https://debuginfod.ubuntu.com PYTHONPATH=/home/neo/sim_ws/build/virtual_joy/prefix_override:/usr/lib/python3/dist-packages/colcon_core/task/python/colcon_distutils_commands:/home/neo/sim_ws/install/virtual_joy/lib/python3.12/site-packages:${PYTHONPATH} /usr/bin/python3 -W ignore:setup.py install is deprecated -W ignore:easy_install command is deprecated setup.py egg_info --egg-base ../../build/virtual_joy build --build-base /home/neo/sim_ws/build/virtual_joy/build install --record /home/neo/sim_ws/build/virtual_joy/install.log --single-version-externally-managed install_data
