[2.366s] Invoking command in '/home/neo/sim_ws/sim/virtual_joy': DEBUGINFOD_URLS=https://debuginfod.ubuntu.com PYTHONPATH=/home/neo/sim_ws/build/virtual_joy/prefix_override:/usr/lib/python3/dist-packages/colcon_core/task/python/colcon_distutils_commands:/home/neo/sim_ws/install/virtual_joy/lib/python3.12/site-packages:${PYTHONPATH} /usr/bin/python3 -W ignore:setup.py install is deprecated -W ignore:easy_install command is deprecated setup.py egg_info --egg-base ../../build/virtual_joy build --build-base /home/neo/sim_ws/build/virtual_joy/build install --record /home/neo/sim_ws/build/virtual_joy/install.log --single-version-externally-managed install_data
[2.888s] running egg_info
[2.889s] creating ../../build/virtual_joy/virtual_joy.egg-info
[2.944s] writing ../../build/virtual_joy/virtual_joy.egg-info/PKG-INFO
[2.944s] writing dependency_links to ../../build/virtual_joy/virtual_joy.egg-info/dependency_links.txt
[2.945s] writing entry points to ../../build/virtual_joy/virtual_joy.egg-info/entry_points.txt
[2.946s] writing requirements to ../../build/virtual_joy/virtual_joy.egg-info/requires.txt
[2.946s] writing top-level names to ../../build/virtual_joy/virtual_joy.egg-info/top_level.txt
[2.946s] writing manifest file '../../build/virtual_joy/virtual_joy.egg-info/SOURCES.txt'
[3.027s] reading manifest file '../../build/virtual_joy/virtual_joy.egg-info/SOURCES.txt'
[3.027s] adding license file 'LICENSE'
[3.028s] writing manifest file '../../build/virtual_joy/virtual_joy.egg-info/SOURCES.txt'
[3.029s] running build
[3.029s] running build_py
[3.029s] creating /home/neo/sim_ws/build/virtual_joy/build
[3.029s] creating /home/neo/sim_ws/build/virtual_joy/build/lib
[3.030s] creating /home/neo/sim_ws/build/virtual_joy/build/lib/virtual_joy
[3.030s] copying virtual_joy/__init__.py -> /home/neo/sim_ws/build/virtual_joy/build/lib/virtual_joy
[3.030s] copying virtual_joy/virtual_joy.py -> /home/neo/sim_ws/build/virtual_joy/build/lib/virtual_joy
[3.031s] running install
[3.043s] running install_lib
[3.080s] creating /home/neo/sim_ws/install/virtual_joy/lib/python3.12/site-packages/virtual_joy
[3.081s] copying /home/neo/sim_ws/build/virtual_joy/build/lib/virtual_joy/__init__.py -> /home/neo/sim_ws/install/virtual_joy/lib/python3.12/site-packages/virtual_joy
[3.082s] copying /home/neo/sim_ws/build/virtual_joy/build/lib/virtual_joy/virtual_joy.py -> /home/neo/sim_ws/install/virtual_joy/lib/python3.12/site-packages/virtual_joy
[3.082s] byte-compiling /home/neo/sim_ws/install/virtual_joy/lib/python3.12/site-packages/virtual_joy/__init__.py to __init__.cpython-312.pyc
[3.082s] byte-compiling /home/neo/sim_ws/install/virtual_joy/lib/python3.12/site-packages/virtual_joy/virtual_joy.py to virtual_joy.cpython-312.pyc
[3.085s] running install_data
[3.085s] creating /home/neo/sim_ws/install/virtual_joy/share/ament_index
[3.086s] creating /home/neo/sim_ws/install/virtual_joy/share/ament_index/resource_index
[3.087s] creating /home/neo/sim_ws/install/virtual_joy/share/ament_index/resource_index/packages
[3.088s] copying resource/virtual_joy -> /home/neo/sim_ws/install/virtual_joy/share/ament_index/resource_index/packages
[3.088s] copying package.xml -> /home/neo/sim_ws/install/virtual_joy/share/virtual_joy
[3.088s] running install_egg_info
[3.129s] Copying ../../build/virtual_joy/virtual_joy.egg-info to /home/neo/sim_ws/install/virtual_joy/lib/python3.12/site-packages/virtual_joy-0.0.0-py3.12.egg-info
[3.130s] running install_scripts
[3.365s] Installing virtual_joy script to /home/neo/sim_ws/install/virtual_joy/lib/virtual_joy
[3.365s] writing list of installed files to '/home/neo/sim_ws/build/virtual_joy/install.log'
[3.468s] Invoked command in '/home/neo/sim_ws/sim/virtual_joy' returned '0': DEBUGINFOD_URLS=https://debuginfod.ubuntu.com PYTHONPATH=/home/neo/sim_ws/build/virtual_joy/prefix_override:/usr/lib/python3/dist-packages/colcon_core/task/python/colcon_distutils_commands:/home/neo/sim_ws/install/virtual_joy/lib/python3.12/site-packages:${PYTHONPATH} /usr/bin/python3 -W ignore:setup.py install is deprecated -W ignore:easy_install command is deprecated setup.py egg_info --egg-base ../../build/virtual_joy build --build-base /home/neo/sim_ws/build/virtual_joy/build install --record /home/neo/sim_ws/build/virtual_joy/install.log --single-version-externally-managed install_data
