running egg_info
writing ../../build/virtual_joy/virtual_joy.egg-info/PKG-INFO
writing dependency_links to ../../build/virtual_joy/virtual_joy.egg-info/dependency_links.txt
writing entry points to ../../build/virtual_joy/virtual_joy.egg-info/entry_points.txt
writing requirements to ../../build/virtual_joy/virtual_joy.egg-info/requires.txt
writing top-level names to ../../build/virtual_joy/virtual_joy.egg-info/top_level.txt
reading manifest file '../../build/virtual_joy/virtual_joy.egg-info/SOURCES.txt'
adding license file 'LICENSE'
writing manifest file '../../build/virtual_joy/virtual_joy.egg-info/SOURCES.txt'
running build
running build_py
running install
running install_lib
running install_data
running install_egg_info
removing '/home/neo/sim_ws/install/virtual_joy/lib/python3.12/site-packages/virtual_joy-0.0.0-py3.12.egg-info' (and everything under it)
Copying ../../build/virtual_joy/virtual_joy.egg-info to /home/neo/sim_ws/install/virtual_joy/lib/python3.12/site-packages/virtual_joy-0.0.0-py3.12.egg-info
running install_scripts
Installing virtual_joy script to /home/neo/sim_ws/install/virtual_joy/lib/virtual_joy
writing list of installed files to '/home/neo/sim_ws/build/virtual_joy/install.log'
