[2.611s] Invoking command in '/home/neo/sim_ws/sim/teleop_core': DEBUGINFOD_URLS=https://debuginfod.ubuntu.com PYTHONPATH=/home/neo/sim_ws/build/teleop_core/prefix_override:/usr/lib/python3/dist-packages/colcon_core/task/python/colcon_distutils_commands:/home/neo/sim_ws/install/teleop_core/lib/python3.12/site-packages:${PYTHONPATH} /usr/bin/python3 -W ignore:setup.py install is deprecated -W ignore:easy_install command is deprecated setup.py egg_info --egg-base ../../build/teleop_core build --build-base /home/neo/sim_ws/build/teleop_core/build install --record /home/neo/sim_ws/build/teleop_core/install.log --single-version-externally-managed install_data
[3.420s] running egg_info
[3.464s] writing ../../build/teleop_core/teleop_core.egg-info/PKG-INFO
[3.466s] writing dependency_links to ../../build/teleop_core/teleop_core.egg-info/dependency_links.txt
[3.466s] writing entry points to ../../build/teleop_core/teleop_core.egg-info/entry_points.txt
[3.467s] writing requirements to ../../build/teleop_core/teleop_core.egg-info/requires.txt
[3.467s] writing top-level names to ../../build/teleop_core/teleop_core.egg-info/top_level.txt
[3.566s] reading manifest file '../../build/teleop_core/teleop_core.egg-info/SOURCES.txt'
[3.568s] writing manifest file '../../build/teleop_core/teleop_core.egg-info/SOURCES.txt'
[3.569s] running build
[3.569s] running build_py
[3.570s] running install
[3.592s] running install_lib
[3.646s] running install_data
[3.647s] running install_egg_info
[3.709s] removing '/home/neo/sim_ws/install/teleop_core/lib/python3.12/site-packages/teleop_core-0.0.0-py3.12.egg-info' (and everything under it)
[3.710s] Copying ../../build/teleop_core/teleop_core.egg-info to /home/neo/sim_ws/install/teleop_core/lib/python3.12/site-packages/teleop_core-0.0.0-py3.12.egg-info
[3.712s] running install_scripts
[4.015s] Installing rover2_joy script to /home/neo/sim_ws/install/teleop_core/lib/teleop_core
[4.016s] writing list of installed files to '/home/neo/sim_ws/build/teleop_core/install.log'
[4.080s] Invoked command in '/home/neo/sim_ws/sim/teleop_core' returned '0': DEBUGINFOD_URLS=https://debuginfod.ubuntu.com PYTHONPATH=/home/neo/sim_ws/build/teleop_core/prefix_override:/usr/lib/python3/dist-packages/colcon_core/task/python/colcon_distutils_commands:/home/neo/sim_ws/install/teleop_core/lib/python3.12/site-packages:${PYTHONPATH} /usr/bin/python3 -W ignore:setup.py install is deprecated -W ignore:easy_install command is deprecated setup.py egg_info --egg-base ../../build/teleop_core build --build-base /home/neo/sim_ws/build/teleop_core/build install --record /home/neo/sim_ws/build/teleop_core/install.log --single-version-externally-managed install_data
