[0.806s] Invoking command in '/home/neo/sim_ws/build/rover_description': CMAKE_PREFIX_PATH=${CMAKE_PREFIX_PATH}:/home/neo/sim_ws/install/teleop_core:/home/neo/sim_ws/install/locomotion_core:/home/neo/sim_ws/install/fake_rover_state_controller:/opt/ros/jazzy /usr/bin/cmake /home/neo/sim_ws/sim/rover_description -DCMAKE_INSTALL_PREFIX=/home/neo/sim_ws/install/rover_description
[0.836s] -- Found ament_cmake: 2.5.2 (/opt/ros/jazzy/share/ament_cmake/cmake)
[1.372s] -- Found xacro: 2.0.11 (/opt/ros/jazzy/share/xacro/cmake)
[1.379s] -- Found ament_lint_auto: 0.17.1 (/opt/ros/jazzy/share/ament_lint_auto/cmake)
[1.735s] -- Added test 'copyright' to check source files copyright and LICENSE
[1.741s] -- Added test 'flake8' to check Python code syntax and style conventions
[1.742s] -- Configured 'flake8' exclude dirs and/or files: 
[1.745s] -- Added test 'lint_cmake' to check CMake code style
[1.747s] -- Added test 'pep257' to check Python code against some of the docstring style conventions in PEP 257
[1.753s] -- Added test 'xmllint' to check XML markup files
[1.758s] -- Configuring done (0.9s)
[1.766s] -- Generating done (0.0s)
[1.770s] -- Build files have been written to: /home/neo/sim_ws/build/rover_description
[1.776s] Invoked command in '/home/neo/sim_ws/build/rover_description' returned '0': CMAKE_PREFIX_PATH=${CMAKE_PREFIX_PATH}:/home/neo/sim_ws/install/teleop_core:/home/neo/sim_ws/install/locomotion_core:/home/neo/sim_ws/install/fake_rover_state_controller:/opt/ros/jazzy /usr/bin/cmake /home/neo/sim_ws/sim/rover_description -DCMAKE_INSTALL_PREFIX=/home/neo/sim_ws/install/rover_description
[1.778s] Invoking command in '/home/neo/sim_ws/build/rover_description': CMAKE_PREFIX_PATH=${CMAKE_PREFIX_PATH}:/home/neo/sim_ws/install/teleop_core:/home/neo/sim_ws/install/locomotion_core:/home/neo/sim_ws/install/fake_rover_state_controller:/opt/ros/jazzy /usr/bin/cmake --build /home/neo/sim_ws/build/rover_description -- -j16 -l16
[1.830s] Invoked command in '/home/neo/sim_ws/build/rover_description' returned '0': CMAKE_PREFIX_PATH=${CMAKE_PREFIX_PATH}:/home/neo/sim_ws/install/teleop_core:/home/neo/sim_ws/install/locomotion_core:/home/neo/sim_ws/install/fake_rover_state_controller:/opt/ros/jazzy /usr/bin/cmake --build /home/neo/sim_ws/build/rover_description -- -j16 -l16
[1.847s] Invoking command in '/home/neo/sim_ws/build/rover_description': CMAKE_PREFIX_PATH=${CMAKE_PREFIX_PATH}:/home/neo/sim_ws/install/teleop_core:/home/neo/sim_ws/install/locomotion_core:/home/neo/sim_ws/install/fake_rover_state_controller:/opt/ros/jazzy /usr/bin/cmake --install /home/neo/sim_ws/build/rover_description
[1.858s] -- Install configuration: ""
[1.859s] -- Installing: /home/neo/sim_ws/install/rover_description/share/rover_description/src
[1.860s] -- Installing: /home/neo/sim_ws/install/rover_description/share/rover_description/src/description
[1.860s] -- Installing: /home/neo/sim_ws/install/rover_description/share/rover_description/src/description/base (copy).urdf
[1.861s] -- Installing: /home/neo/sim_ws/install/rover_description/share/rover_description/src/description/base.urdf
[1.863s] -- Installing: /home/neo/sim_ws/install/rover_description/share/rover_description/launch
[1.863s] -- Installing: /home/neo/sim_ws/install/rover_description/share/rover_description/launch/display.launch.py
[1.864s] -- Installing: /home/neo/sim_ws/install/rover_description/share/rover_description/rviz
[1.865s] -- Installing: /home/neo/sim_ws/install/rover_description/share/rover_description/rviz/urdf_config.rviz
[1.865s] -- Installing: /home/neo/sim_ws/install/rover_description/share/rover_description/config
[1.866s] -- Installing: /home/neo/sim_ws/install/rover_description/share/rover_description/config/nav2_params.yaml
[1.866s] -- Installing: /home/neo/sim_ws/install/rover_description/share/rover_description/config/ekf.yaml
[1.866s] -- Installing: /home/neo/sim_ws/install/rover_description/share/rover_description/world
[1.866s] -- Installing: /home/neo/sim_ws/install/rover_description/share/rover_description/world/my_world.sdf
[1.866s] -- Up-to-date: /home/neo/sim_ws/install/rover_description/share/rover_description//launch
[1.867s] -- Up-to-date: /home/neo/sim_ws/install/rover_description/share/rover_description//launch/display.launch.py
[1.867s] -- Installing: /home/neo/sim_ws/install/rover_description/share/rover_description//meshes
[1.867s] -- Installing: /home/neo/sim_ws/install/rover_description/share/rover_description//meshes/wheel_wcm.dae
[1.867s] -- Installing: /home/neo/sim_ws/install/rover_description/share/rover_description//meshes/rover_base.dae
[2.065s] -- Installing: /home/neo/sim_ws/install/rover_description/share/ament_index/resource_index/package_run_dependencies/rover_description
[2.066s] -- Installing: /home/neo/sim_ws/install/rover_description/share/ament_index/resource_index/parent_prefix_path/rover_description
[2.067s] -- Installing: /home/neo/sim_ws/install/rover_description/share/rover_description/environment/ament_prefix_path.sh
[2.068s] -- Installing: /home/neo/sim_ws/install/rover_description/share/rover_description/environment/ament_prefix_path.dsv
[2.068s] -- Installing: /home/neo/sim_ws/install/rover_description/share/rover_description/environment/path.sh
[2.068s] -- Installing: /home/neo/sim_ws/install/rover_description/share/rover_description/environment/path.dsv
[2.068s] -- Installing: /home/neo/sim_ws/install/rover_description/share/rover_description/local_setup.bash
[2.068s] -- Installing: /home/neo/sim_ws/install/rover_description/share/rover_description/local_setup.sh
[2.069s] -- Installing: /home/neo/sim_ws/install/rover_description/share/rover_description/local_setup.zsh
[2.070s] -- Installing: /home/neo/sim_ws/install/rover_description/share/rover_description/local_setup.dsv
[2.070s] -- Installing: /home/neo/sim_ws/install/rover_description/share/rover_description/package.dsv
[2.072s] -- Installing: /home/neo/sim_ws/install/rover_description/share/ament_index/resource_index/packages/rover_description
[2.073s] -- Installing: /home/neo/sim_ws/install/rover_description/share/rover_description/cmake/rover_descriptionConfig.cmake
[2.073s] -- Installing: /home/neo/sim_ws/install/rover_description/share/rover_description/cmake/rover_descriptionConfig-version.cmake
[2.076s] -- Installing: /home/neo/sim_ws/install/rover_description/share/rover_description/package.xml
[2.078s] Invoked command in '/home/neo/sim_ws/build/rover_description' returned '0': CMAKE_PREFIX_PATH=${CMAKE_PREFIX_PATH}:/home/neo/sim_ws/install/teleop_core:/home/neo/sim_ws/install/locomotion_core:/home/neo/sim_ws/install/fake_rover_state_controller:/opt/ros/jazzy /usr/bin/cmake --install /home/neo/sim_ws/build/rover_description
