[0.444s] Invoking command in '/home/neo/sim_ws/build/rover_description': CMAKE_PREFIX_PATH=${CMAKE_PREFIX_PATH}:/opt/ros/jazzy /usr/bin/cmake /home/neo/sim_ws/sim/rover_description -DCMAKE_INSTALL_PREFIX=/home/neo/sim_ws/install/rover_description
[0.737s] -- The C compiler identification is GNU 13.3.0
[1.177s] -- The CXX compiler identification is GNU 13.3.0
[1.465s] -- Detecting C compiler ABI info
[1.633s] -- Detecting C compiler ABI info - done
[1.641s] -- Check for working C compiler: /usr/bin/cc - skipped
[1.641s] -- Detecting C compile features
[1.642s] -- Detecting C compile features - done
[1.694s] -- Detecting CXX compiler ABI info
[1.869s] -- Detecting CXX compiler ABI info - done
[1.876s] -- Check for working CXX compiler: /usr/bin/c++ - skipped
[1.876s] -- Detecting CXX compile features
[1.877s] -- Detecting CXX compile features - done
[1.885s] -- Found ament_cmake: 2.5.2 (/opt/ros/jazzy/share/ament_cmake/cmake)
[2.042s] -- Found Python3: /usr/bin/python3 (found version "3.12.3") found components: Interpreter 
[5.418s] -- Configuring incomplete, errors occurred!
[5.418s] [31mCMake Error at CMakeLists.txt:20 (find_package):
[5.418s]   By not providing "Findxacro.cmake" in CMAKE_MODULE_PATH this project has
[5.418s]   asked CMake to find a package configuration file provided by "xacro", but
[5.418s]   CMake did not find one.
[5.418s] 
[5.418s]   Could not find a package configuration file provided by "xacro" with any of
[5.418s]   the following names:
[5.418s] 
[5.418s]     xacroConfig.cmake
[5.418s]     xacro-config.cmake
[5.418s] 
[5.418s]   Add the installation prefix of "xacro" to CMAKE_PREFIX_PATH or set
[5.418s]   "xacro_DIR" to a directory containing one of the above files.  If "xacro"
[5.418s]   provides a separate development package or SDK, be sure it has been
[5.418s]   installed.
[5.418s] 
[5.418s] [0m
[5.422s] Invoked command in '/home/neo/sim_ws/build/rover_description' returned '1': CMAKE_PREFIX_PATH=${CMAKE_PREFIX_PATH}:/opt/ros/jazzy /usr/bin/cmake /home/neo/sim_ws/sim/rover_description -DCMAKE_INSTALL_PREFIX=/home/neo/sim_ws/install/rover_description
