[1.715s] Invoking command in '/home/neo/sim_ws/sim/teleop_core': DEBUGINFOD_URLS=https://debuginfod.ubuntu.com PYTHONPATH=/home/neo/sim_ws/build/teleop_core/prefix_override:/usr/lib/python3/dist-packages/colcon_core/task/python/colcon_distutils_commands:/home/neo/sim_ws/install/teleop_core/lib/python3.12/site-packages:${PYTHONPATH} /usr/bin/python3 -W ignore:setup.py install is deprecated -W ignore:easy_install command is deprecated setup.py egg_info --egg-base ../../build/teleop_core build --build-base /home/neo/sim_ws/build/teleop_core/build install --record /home/neo/sim_ws/build/teleop_core/install.log --single-version-externally-managed install_data
[1.950s] running egg_info
[1.950s] creating ../../build/teleop_core/teleop_core.egg-info
[1.966s] writing ../../build/teleop_core/teleop_core.egg-info/PKG-INFO
[1.967s] writing dependency_links to ../../build/teleop_core/teleop_core.egg-info/dependency_links.txt
[1.967s] writing entry points to ../../build/teleop_core/teleop_core.egg-info/entry_points.txt
[1.967s] writing requirements to ../../build/teleop_core/teleop_core.egg-info/requires.txt
[1.967s] writing top-level names to ../../build/teleop_core/teleop_core.egg-info/top_level.txt
[1.967s] writing manifest file '../../build/teleop_core/teleop_core.egg-info/SOURCES.txt'
[2.001s] reading manifest file '../../build/teleop_core/teleop_core.egg-info/SOURCES.txt'
[2.002s] writing manifest file '../../build/teleop_core/teleop_core.egg-info/SOURCES.txt'
[2.003s] running build
[2.003s] running build_py
[2.003s] creating /home/neo/sim_ws/build/teleop_core/build
[2.003s] creating /home/neo/sim_ws/build/teleop_core/build/lib
[2.003s] creating /home/neo/sim_ws/build/teleop_core/build/lib/teleop_core
[2.003s] copying teleop_core/run_joy.py -> /home/neo/sim_ws/build/teleop_core/build/lib/teleop_core
[2.004s] copying teleop_core/__init__.py -> /home/neo/sim_ws/build/teleop_core/build/lib/teleop_core
[2.004s] running install
[2.011s] running install_lib
[2.028s] creating /home/neo/sim_ws/install/teleop_core/lib/python3.12/site-packages/teleop_core
[2.028s] copying /home/neo/sim_ws/build/teleop_core/build/lib/teleop_core/run_joy.py -> /home/neo/sim_ws/install/teleop_core/lib/python3.12/site-packages/teleop_core
[2.029s] copying /home/neo/sim_ws/build/teleop_core/build/lib/teleop_core/__init__.py -> /home/neo/sim_ws/install/teleop_core/lib/python3.12/site-packages/teleop_core
[2.029s] byte-compiling /home/neo/sim_ws/install/teleop_core/lib/python3.12/site-packages/teleop_core/run_joy.py to run_joy.cpython-312.pyc
[2.031s] byte-compiling /home/neo/sim_ws/install/teleop_core/lib/python3.12/site-packages/teleop_core/__init__.py to __init__.cpython-312.pyc
[2.031s] running install_data
[2.031s] copying resource/teleop_core -> /home/neo/sim_ws/install/teleop_core/share/ament_index/resource_index/packages
[2.031s] copying package.xml -> /home/neo/sim_ws/install/teleop_core/share/teleop_core
[2.032s] copying launch/teleop_node.launch.py -> /home/neo/sim_ws/install/teleop_core/share/teleop_core
[2.032s] running install_egg_info
[2.052s] Copying ../../build/teleop_core/teleop_core.egg-info to /home/neo/sim_ws/install/teleop_core/lib/python3.12/site-packages/teleop_core-0.0.0-py3.12.egg-info
[2.052s] running install_scripts
[2.175s] Installing rover2_joy script to /home/neo/sim_ws/install/teleop_core/lib/teleop_core
[2.176s] writing list of installed files to '/home/neo/sim_ws/build/teleop_core/install.log'
[2.209s] Invoked command in '/home/neo/sim_ws/sim/teleop_core' returned '0': DEBUGINFOD_URLS=https://debuginfod.ubuntu.com PYTHONPATH=/home/neo/sim_ws/build/teleop_core/prefix_override:/usr/lib/python3/dist-packages/colcon_core/task/python/colcon_distutils_commands:/home/neo/sim_ws/install/teleop_core/lib/python3.12/site-packages:${PYTHONPATH} /usr/bin/python3 -W ignore:setup.py install is deprecated -W ignore:easy_install command is deprecated setup.py egg_info --egg-base ../../build/teleop_core build --build-base /home/neo/sim_ws/build/teleop_core/build install --record /home/neo/sim_ws/build/teleop_core/install.log --single-version-externally-managed install_data
