[3.147s] Invoking command in '/home/neo/sim_ws/sim/locomotion_core': DEBUGINFOD_URLS=https://debuginfod.ubuntu.com PYTHONPATH=/home/neo/sim_ws/build/locomotion_core/prefix_override:/usr/lib/python3/dist-packages/colcon_core/task/python/colcon_distutils_commands:/home/neo/sim_ws/install/locomotion_core/lib/python3.12/site-packages:${PYTHONPATH} /usr/bin/python3 -W ignore:setup.py install is deprecated -W ignore:easy_install command is deprecated setup.py egg_info --egg-base ../../build/locomotion_core build --build-base /home/neo/sim_ws/build/locomotion_core/build install --record /home/neo/sim_ws/build/locomotion_core/install.log --single-version-externally-managed install_data
[3.782s] running egg_info
[3.825s] writing ../../build/locomotion_core/locomotion_core.egg-info/PKG-INFO
[3.826s] writing dependency_links to ../../build/locomotion_core/locomotion_core.egg-info/dependency_links.txt
[3.827s] writing entry points to ../../build/locomotion_core/locomotion_core.egg-info/entry_points.txt
[3.828s] writing requirements to ../../build/locomotion_core/locomotion_core.egg-info/requires.txt
[3.828s] writing top-level names to ../../build/locomotion_core/locomotion_core.egg-info/top_level.txt
[3.930s] reading manifest file '../../build/locomotion_core/locomotion_core.egg-info/SOURCES.txt'
[3.933s] writing manifest file '../../build/locomotion_core/locomotion_core.egg-info/SOURCES.txt'
[3.934s] running build
[3.935s] running build_py
[3.935s] running install
[3.952s] running install_lib
[4.003s] running install_data
[4.004s] running install_egg_info
[4.062s] removing '/home/neo/sim_ws/install/locomotion_core/lib/python3.12/site-packages/locomotion_core-0.0.0-py3.12.egg-info' (and everything under it)
[4.063s] Copying ../../build/locomotion_core/locomotion_core.egg-info to /home/neo/sim_ws/install/locomotion_core/lib/python3.12/site-packages/locomotion_core-0.0.0-py3.12.egg-info
[4.067s] running install_scripts
[4.417s] Installing cmd_roboteq script to /home/neo/sim_ws/install/locomotion_core/lib/locomotion_core
[4.418s] Installing en_service script to /home/neo/sim_ws/install/locomotion_core/lib/locomotion_core
[4.418s] Installing movebase_kinematics script to /home/neo/sim_ws/install/locomotion_core/lib/locomotion_core
[4.418s] Installing rover_enable script to /home/neo/sim_ws/install/locomotion_core/lib/locomotion_core
[4.419s] Installing rover_state_controller script to /home/neo/sim_ws/install/locomotion_core/lib/locomotion_core
[4.419s] writing list of installed files to '/home/neo/sim_ws/build/locomotion_core/install.log'
[4.488s] Invoked command in '/home/neo/sim_ws/sim/locomotion_core' returned '0': DEBUGINFOD_URLS=https://debuginfod.ubuntu.com PYTHONPATH=/home/neo/sim_ws/build/locomotion_core/prefix_override:/usr/lib/python3/dist-packages/colcon_core/task/python/colcon_distutils_commands:/home/neo/sim_ws/install/locomotion_core/lib/python3.12/site-packages:${PYTHONPATH} /usr/bin/python3 -W ignore:setup.py install is deprecated -W ignore:easy_install command is deprecated setup.py egg_info --egg-base ../../build/locomotion_core build --build-base /home/neo/sim_ws/build/locomotion_core/build install --record /home/neo/sim_ws/build/locomotion_core/install.log --single-version-externally-managed install_data
